2016-01-16 10:13:02,548 [1] Nut.Web.Framework.Logging.LoggingModule - Application started
2016-01-16 10:13:25,974 [8] Nut.Services.Localization.LocalizationService - Resource string (account.login.unsuccessful) is not found. Language ID = 1
2016-01-16 10:13:26,005 [8] Nut.Services.Localization.LocalizationService - Resource string (account.login.fields.username) is not found. Language ID = 1
2016-01-16 10:13:26,067 [8] Nut.Services.Localization.LocalizationService - Resource string (account.login.fields.username) is not found. Language ID = 1
2016-01-16 10:13:26,083 [8] Nut.Services.Localization.LocalizationService - Resource string (account.login.fields.password) is not found. Language ID = 1
2016-01-16 10:13:26,130 [8] Nut.Services.Localization.LocalizationService - Resource string (account.login.fields.password) is not found. Language ID = 1
2016-01-16 10:13:29,433 [7] Nut.Services.Localization.LocalizationService - Resource string (account.login.fields.username) is not found. Language ID = 1
2016-01-16 10:13:29,448 [7] Nut.Services.Localization.LocalizationService - Resource string (account.login.fields.password) is not found. Language ID = 1
2016-01-16 10:13:29,464 [7] Nut.Services.Localization.LocalizationService - Resource string (account.login.fields.rememberme) is not found. Language ID = 1
2016-01-16 10:13:32,933 [6] Nut.Services.Localization.LocalizationService - Resource string (admin.newcate) is not found. Language ID = 1
2016-01-16 10:13:40,386 [10] Nut.Services.Localization.LocalizationService - Resource string (admin.newcate) is not found. Language ID = 1
2016-01-16 10:13:42,502 [10] Nut.Services.Localization.LocalizationService - Resource string (admin.common.backtolist) is not found. Language ID = 1
2016-01-16 10:13:42,549 [10] Nut.Services.Localization.LocalizationService - Resource string (admin.appversion) is not found. Language ID = 1
2016-01-16 10:13:42,596 [10] Nut.Services.Localization.LocalizationService - Resource string (admin.appversions.fields.versionnum.required) is not found. Language ID = 1
2016-01-16 10:13:42,658 [10] Nut.Services.Localization.LocalizationService - Resource string (admin.appversions.fields.version.required) is not found. Language ID = 1
2016-01-16 10:13:42,674 [10] Nut.Services.Localization.LocalizationService - Resource string (admin.appversions.fields.downloadurl.required) is not found. Language ID = 1
2016-01-16 10:13:42,721 [10] Nut.Services.Localization.LocalizationService - Resource string (admin.appversions.fields.versionnum.required) is not found. Language ID = 1
2016-01-16 10:13:42,736 [10] Nut.Services.Localization.LocalizationService - Resource string (admin.appversions.fields.version.required) is not found. Language ID = 1
2016-01-16 10:13:42,752 [10] Nut.Services.Localization.LocalizationService - Resource string (admin.appversions.fields.downloadurl.required) is not found. Language ID = 1
2016-01-16 10:13:42,783 [10] Nut.Services.Localization.LocalizationService - Resource string (admin.appversions.fields.versionnum.required) is not found. Language ID = 1
2016-01-16 10:13:42,799 [10] Nut.Services.Localization.LocalizationService - Resource string (admin.appversions.fields.version.required) is not found. Language ID = 1
2016-01-16 10:13:42,814 [10] Nut.Services.Localization.LocalizationService - Resource string (admin.appversions.fields.downloadurl.required) is not found. Language ID = 1
2016-01-16 10:13:42,846 [10] Nut.Services.Localization.LocalizationService - Resource string (admin.appversions.fields.versionnum.required) is not found. Language ID = 1
2016-01-16 10:13:42,861 [10] Nut.Services.Localization.LocalizationService - Resource string (admin.appversions.fields.version.required) is not found. Language ID = 1
2016-01-16 10:13:42,877 [10] Nut.Services.Localization.LocalizationService - Resource string (admin.appversions.fields.downloadurl.required) is not found. Language ID = 1
2016-01-16 10:13:42,893 [10] Nut.Services.Localization.LocalizationService - Resource string (admin.appversions.fields.versionnum.required) is not found. Language ID = 1
2016-01-16 10:13:42,908 [10] Nut.Services.Localization.LocalizationService - Resource string (admin.appversions.fields.version.required) is not found. Language ID = 1
2016-01-16 10:13:42,924 [10] Nut.Services.Localization.LocalizationService - Resource string (admin.appversions.fields.downloadurl.required) is not found. Language ID = 1
2016-01-16 10:13:42,939 [10] Nut.Services.Localization.LocalizationService - Resource string (admin.appversions.fields.versionnum.required) is not found. Language ID = 1
2016-01-16 10:13:42,955 [10] Nut.Services.Localization.LocalizationService - Resource string (admin.appversions.fields.version.required) is not found. Language ID = 1
2016-01-16 10:13:42,971 [10] Nut.Services.Localization.LocalizationService - Resource string (admin.appversions.fields.downloadurl.required) is not found. Language ID = 1
2016-01-16 10:13:43,314 [10] Nut.Services.Localization.LocalizationService - Resource string (admin.appversions.fields.versionnum.required) is not found. Language ID = 1
2016-01-16 10:13:43,361 [10] Nut.Services.Localization.LocalizationService - Resource string (admin.appversions.fields.version.required) is not found. Language ID = 1
2016-01-16 10:13:43,377 [10] Nut.Services.Localization.LocalizationService - Resource string (admin.appversions.fields.downloadurl.required) is not found. Language ID = 1
2016-01-16 10:13:43,439 [10] Nut.Services.Localization.LocalizationService - Resource string (admin.appversions.fields.versionnum.required) is not found. Language ID = 1
2016-01-16 10:13:43,455 [10] Nut.Services.Localization.LocalizationService - Resource string (admin.appversions.fields.version.required) is not found. Language ID = 1
2016-01-16 10:13:43,471 [10] Nut.Services.Localization.LocalizationService - Resource string (admin.appversions.fields.downloadurl.required) is not found. Language ID = 1
2016-01-16 10:13:43,518 [10] Nut.Services.Localization.LocalizationService - Resource string (admin.newcate) is not found. Language ID = 1
2016-01-16 10:16:48,999 [16] Nut.Web.Framework.Logging.LoggingModule - Application started
2016-01-16 10:16:51,405 [5] Nut.Services.Localization.LocalizationService - Resource string (admin.common.backtolist) is not found. Language ID = 1
2016-01-16 10:16:51,452 [5] Nut.Services.Localization.LocalizationService - Resource string (admin.appversion) is not found. Language ID = 1
2016-01-16 10:16:51,561 [5] Nut.Services.Localization.LocalizationService - Resource string (admin.appversions.fields.versionnum.required) is not found. Language ID = 1
2016-01-16 10:16:51,593 [5] Nut.Services.Localization.LocalizationService - Resource string (admin.appversions.fields.version.required) is not found. Language ID = 1
2016-01-16 10:16:51,624 [5] Nut.Services.Localization.LocalizationService - Resource string (admin.appversions.fields.downloadurl.required) is not found. Language ID = 1
2016-01-16 10:16:51,655 [5] Nut.Services.Localization.LocalizationService - Resource string (admin.appversions.fields.versionnum.required) is not found. Language ID = 1
2016-01-16 10:16:51,671 [5] Nut.Services.Localization.LocalizationService - Resource string (admin.appversions.fields.version.required) is not found. Language ID = 1
2016-01-16 10:16:51,702 [5] Nut.Services.Localization.LocalizationService - Resource string (admin.appversions.fields.downloadurl.required) is not found. Language ID = 1
2016-01-16 10:16:52,093 [5] Nut.Services.Localization.LocalizationService - Resource string (admin.appversions.fields.versionnum.required) is not found. Language ID = 1
2016-01-16 10:16:52,108 [5] Nut.Services.Localization.LocalizationService - Resource string (admin.appversions.fields.version.required) is not found. Language ID = 1
2016-01-16 10:16:52,108 [5] Nut.Services.Localization.LocalizationService - Resource string (admin.appversions.fields.downloadurl.required) is not found. Language ID = 1
2016-01-16 10:16:52,186 [5] Nut.Services.Localization.LocalizationService - Resource string (admin.appversions.fields.versionnum.required) is not found. Language ID = 1
2016-01-16 10:16:52,186 [5] Nut.Services.Localization.LocalizationService - Resource string (admin.appversions.fields.version.required) is not found. Language ID = 1
2016-01-16 10:16:52,202 [5] Nut.Services.Localization.LocalizationService - Resource string (admin.appversions.fields.downloadurl.required) is not found. Language ID = 1
2016-01-16 10:16:52,218 [5] Nut.Services.Localization.LocalizationService - Resource string (admin.appversions.fields.versionnum.required) is not found. Language ID = 1
2016-01-16 10:16:52,218 [5] Nut.Services.Localization.LocalizationService - Resource string (admin.appversions.fields.version.required) is not found. Language ID = 1
2016-01-16 10:16:52,233 [5] Nut.Services.Localization.LocalizationService - Resource string (admin.appversions.fields.downloadurl.required) is not found. Language ID = 1
2016-01-16 10:16:52,249 [5] Nut.Services.Localization.LocalizationService - Resource string (admin.appversions.fields.versionnum.required) is not found. Language ID = 1
2016-01-16 10:16:52,249 [5] Nut.Services.Localization.LocalizationService - Resource string (admin.appversions.fields.version.required) is not found. Language ID = 1
2016-01-16 10:16:52,265 [5] Nut.Services.Localization.LocalizationService - Resource string (admin.appversions.fields.downloadurl.required) is not found. Language ID = 1
2016-01-16 10:16:52,280 [5] Nut.Services.Localization.LocalizationService - Resource string (admin.appversions.fields.versionnum.required) is not found. Language ID = 1
2016-01-16 10:16:52,296 [5] Nut.Services.Localization.LocalizationService - Resource string (admin.appversions.fields.version.required) is not found. Language ID = 1
2016-01-16 10:16:52,296 [5] Nut.Services.Localization.LocalizationService - Resource string (admin.appversions.fields.downloadurl.required) is not found. Language ID = 1
2016-01-16 10:16:52,343 [5] Nut.Services.Localization.LocalizationService - Resource string (admin.appversions.fields.versionnum.required) is not found. Language ID = 1
2016-01-16 10:16:52,358 [5] Nut.Services.Localization.LocalizationService - Resource string (admin.appversions.fields.version.required) is not found. Language ID = 1
2016-01-16 10:16:52,358 [5] Nut.Services.Localization.LocalizationService - Resource string (admin.appversions.fields.downloadurl.required) is not found. Language ID = 1
2016-01-16 10:16:54,931 [5] Nut.Services.Localization.LocalizationService - Resource string (admin.newcate) is not found. Language ID = 1
2016-01-16 10:18:08,143 [15] Nut.Services.Localization.LocalizationService - Resource string (admin.newcate) is not found. Language ID = 1
2016-01-16 10:24:29,509 [19] Nut.Services.Localization.LocalizationService - Resource string (admin.newcate) is not found. Language ID = 1
