2016-01-13 11:42:26,814 [1] Nut.Web.Framework.Logging.LoggingModule - Application started
2016-01-13 11:43:52,176 [5] Nut.Services.Localization.LocalizationService - Resource string (account.login.unsuccessful) is not found. Language ID = 1
2016-01-13 11:43:52,208 [5] Nut.Services.Localization.LocalizationService - Resource string (account.login.fields.username) is not found. Language ID = 1
2016-01-13 11:43:52,254 [5] Nut.Services.Localization.LocalizationService - Resource string (account.login.fields.username) is not found. Language ID = 1
2016-01-13 11:43:52,289 [5] Nut.Services.Localization.LocalizationService - Resource string (account.login.fields.password) is not found. Language ID = 1
2016-01-13 11:43:52,329 [5] Nut.Services.Localization.LocalizationService - Resource string (account.login.fields.password) is not found. Language ID = 1
2016-01-13 11:43:57,024 [10] Nut.Services.Localization.LocalizationService - Resource string (account.login.fields.username) is not found. Language ID = 1
2016-01-13 11:43:57,040 [10] Nut.Services.Localization.LocalizationService - Resource string (account.login.fields.password) is not found. Language ID = 1
2016-01-13 11:43:57,053 [10] Nut.Services.Localization.LocalizationService - Resource string (account.login.fields.rememberme) is not found. Language ID = 1
2016-01-13 11:47:13,134 [10] Nut.Services.Localization.LocalizationService - Resource string (admin.users.userroles.fields.name.required) is not found. Language ID = 1
2016-01-13 11:47:13,196 [10] Nut.Services.Localization.LocalizationService - Resource string (admin.users.userroles.fields.name.required) is not found. Language ID = 1
2016-01-13 11:47:13,227 [10] Nut.Services.Localization.LocalizationService - Resource string (admin.users.userroles.fields.name.required) is not found. Language ID = 1
2016-01-13 11:47:13,259 [10] Nut.Services.Localization.LocalizationService - Resource string (admin.users.userroles.fields.name.required) is not found. Language ID = 1
2016-01-13 11:47:13,274 [10] Nut.Services.Localization.LocalizationService - Resource string (admin.users.userroles.fields.name.required) is not found. Language ID = 1
2016-01-13 11:47:28,903 [14] Nut.Services.Localization.LocalizationService - Resource string (admin.users.userroles.fields.name.required) is not found. Language ID = 1
2016-01-13 11:47:28,934 [14] Nut.Services.Localization.LocalizationService - Resource string (admin.users.userroles.fields.name.required) is not found. Language ID = 1
2016-01-13 11:47:28,949 [14] Nut.Services.Localization.LocalizationService - Resource string (admin.users.userroles.fields.name.required) is not found. Language ID = 1
2016-01-13 11:47:28,965 [14] Nut.Services.Localization.LocalizationService - Resource string (admin.users.userroles.fields.name.required) is not found. Language ID = 1
2016-01-13 11:47:28,981 [14] Nut.Services.Localization.LocalizationService - Resource string (admin.users.userroles.fields.name.required) is not found. Language ID = 1
2016-01-13 11:47:46,754 [6] Nut.Services.Localization.LocalizationService - Resource string (admin.users.userroles.fields.name.required) is not found. Language ID = 1
2016-01-13 11:47:46,769 [6] Nut.Services.Localization.LocalizationService - Resource string (admin.users.userroles.fields.name.required) is not found. Language ID = 1
2016-01-13 11:47:46,785 [6] Nut.Services.Localization.LocalizationService - Resource string (admin.users.userroles.fields.name.required) is not found. Language ID = 1
2016-01-13 11:47:46,800 [6] Nut.Services.Localization.LocalizationService - Resource string (admin.users.userroles.fields.name.required) is not found. Language ID = 1
2016-01-13 11:47:46,816 [6] Nut.Services.Localization.LocalizationService - Resource string (admin.users.userroles.fields.name.required) is not found. Language ID = 1
2016-01-13 11:48:01,037 [14] Nut.Services.Localization.LocalizationService - Resource string (admin.users.userroles.fields.name.required) is not found. Language ID = 1
2016-01-13 11:48:01,068 [14] Nut.Services.Localization.LocalizationService - Resource string (admin.users.userroles.fields.name.required) is not found. Language ID = 1
2016-01-13 11:48:01,084 [14] Nut.Services.Localization.LocalizationService - Resource string (admin.users.userroles.fields.name.required) is not found. Language ID = 1
2016-01-13 11:48:01,100 [14] Nut.Services.Localization.LocalizationService - Resource string (admin.users.userroles.fields.name.required) is not found. Language ID = 1
2016-01-13 11:48:01,115 [14] Nut.Services.Localization.LocalizationService - Resource string (admin.users.userroles.fields.name.required) is not found. Language ID = 1
2016-01-13 11:50:05,324 [8] Nut.Services.Localization.LocalizationService - Resource string (admin.users.userroles.fields.name.required) is not found. Language ID = 1
2016-01-13 11:50:05,339 [8] Nut.Services.Localization.LocalizationService - Resource string (admin.users.userroles.fields.name.required) is not found. Language ID = 1
2016-01-13 11:50:05,355 [8] Nut.Services.Localization.LocalizationService - Resource string (admin.users.userroles.fields.name.required) is not found. Language ID = 1
2016-01-13 11:50:05,355 [8] Nut.Services.Localization.LocalizationService - Resource string (admin.users.userroles.fields.name.required) is not found. Language ID = 1
2016-01-13 11:50:05,370 [8] Nut.Services.Localization.LocalizationService - Resource string (admin.users.userroles.fields.name.required) is not found. Language ID = 1
2016-01-13 11:50:05,386 [8] Nut.Services.Localization.LocalizationService - Resource string (admin.users.userroles.fields.name.required) is not found. Language ID = 1
2016-01-13 11:50:05,386 [8] Nut.Services.Localization.LocalizationService - Resource string (admin.users.userroles.fields.name.required) is not found. Language ID = 1
2016-01-13 11:50:05,402 [8] Nut.Services.Localization.LocalizationService - Resource string (admin.users.userroles.fields.name.required) is not found. Language ID = 1
2016-01-13 11:50:05,402 [8] Nut.Services.Localization.LocalizationService - Resource string (admin.users.userroles.fields.name.required) is not found. Language ID = 1
2016-01-13 11:50:05,417 [8] Nut.Services.Localization.LocalizationService - Resource string (admin.users.userroles.fields.name.required) is not found. Language ID = 1
2016-01-13 11:50:05,464 [8] Nut.Services.Localization.LocalizationService - Resource string (admin.users.userroles.fields.name.required) is not found. Language ID = 1
2016-01-13 11:50:05,495 [8] Nut.Services.Localization.LocalizationService - Resource string (admin.users.userroles.fields.name.required) is not found. Language ID = 1
2016-01-13 11:50:05,511 [8] Nut.Services.Localization.LocalizationService - Resource string (admin.users.userroles.fields.name.required) is not found. Language ID = 1
2016-01-13 11:50:05,527 [8] Nut.Services.Localization.LocalizationService - Resource string (admin.users.userroles.fields.name.required) is not found. Language ID = 1
2016-01-13 11:50:05,558 [8] Nut.Services.Localization.LocalizationService - Resource string (admin.users.userroles.fields.name.required) is not found. Language ID = 1
2016-01-13 13:47:59,613 [23] Nut.Web.Framework.Logging.LoggingModule - Application started
2016-01-13 13:48:15,706 [8] Nut.Services.Localization.LocalizationService - Resource string (account.login.unsuccessful) is not found. Language ID = 1
2016-01-13 13:48:15,750 [8] Nut.Services.Localization.LocalizationService - Resource string (account.login.fields.username) is not found. Language ID = 1
2016-01-13 13:48:15,814 [8] Nut.Services.Localization.LocalizationService - Resource string (account.login.fields.username) is not found. Language ID = 1
2016-01-13 13:48:15,837 [8] Nut.Services.Localization.LocalizationService - Resource string (account.login.fields.password) is not found. Language ID = 1
2016-01-13 13:48:15,867 [8] Nut.Services.Localization.LocalizationService - Resource string (account.login.fields.password) is not found. Language ID = 1
2016-01-13 13:48:19,466 [5] Nut.Services.Localization.LocalizationService - Resource string (account.login.fields.username) is not found. Language ID = 1
2016-01-13 13:48:19,477 [5] Nut.Services.Localization.LocalizationService - Resource string (account.login.fields.password) is not found. Language ID = 1
2016-01-13 13:48:19,487 [5] Nut.Services.Localization.LocalizationService - Resource string (account.login.fields.rememberme) is not found. Language ID = 1
2016-01-13 13:52:13,565 [1] Nut.Web.Framework.Logging.LoggingModule - Application started
2016-01-13 13:52:17,224 [7] Nut.Services.Localization.LocalizationService - Resource string (account.login.unsuccessful) is not found. Language ID = 1
2016-01-13 13:52:17,253 [7] Nut.Services.Localization.LocalizationService - Resource string (account.login.fields.username) is not found. Language ID = 1
2016-01-13 13:52:17,296 [7] Nut.Services.Localization.LocalizationService - Resource string (account.login.fields.username) is not found. Language ID = 1
2016-01-13 13:52:17,312 [7] Nut.Services.Localization.LocalizationService - Resource string (account.login.fields.password) is not found. Language ID = 1
2016-01-13 13:52:17,345 [7] Nut.Services.Localization.LocalizationService - Resource string (account.login.fields.password) is not found. Language ID = 1
2016-01-13 13:52:20,866 [7] Nut.Services.Localization.LocalizationService - Resource string (account.login.fields.username) is not found. Language ID = 1
2016-01-13 13:52:20,906 [7] Nut.Services.Localization.LocalizationService - Resource string (account.login.fields.password) is not found. Language ID = 1
2016-01-13 13:52:20,924 [7] Nut.Services.Localization.LocalizationService - Resource string (account.login.fields.rememberme) is not found. Language ID = 1
2016-01-13 13:54:58,408 [14] Nut.Web.Framework.Logging.LoggingModule - Application started
2016-01-13 13:56:40,921 [14] Nut.Web.Framework.Logging.LoggingModule - Application started
2016-01-13 13:56:44,263 [7] Nut.Services.Localization.LocalizationService - Resource string (account.login.unsuccessful) is not found. Language ID = 1
2016-01-13 13:56:44,294 [7] Nut.Services.Localization.LocalizationService - Resource string (account.login.fields.username) is not found. Language ID = 1
2016-01-13 13:56:44,337 [7] Nut.Services.Localization.LocalizationService - Resource string (account.login.fields.username) is not found. Language ID = 1
2016-01-13 13:56:44,354 [7] Nut.Services.Localization.LocalizationService - Resource string (account.login.fields.password) is not found. Language ID = 1
2016-01-13 13:56:44,385 [7] Nut.Services.Localization.LocalizationService - Resource string (account.login.fields.password) is not found. Language ID = 1
2016-01-13 13:56:47,821 [11] Nut.Services.Localization.LocalizationService - Resource string (account.login.fields.username) is not found. Language ID = 1
2016-01-13 13:56:47,833 [11] Nut.Services.Localization.LocalizationService - Resource string (account.login.fields.password) is not found. Language ID = 1
2016-01-13 13:56:47,845 [11] Nut.Services.Localization.LocalizationService - Resource string (account.login.fields.rememberme) is not found. Language ID = 1
2016-01-13 13:57:10,489 [1] Nut.Web.Framework.Logging.LoggingModule - Application started
2016-01-13 13:57:21,501 [7] Nut.Services.Localization.LocalizationService - Resource string (account.login.unsuccessful) is not found. Language ID = 1
2016-01-13 13:57:21,546 [7] Nut.Services.Localization.LocalizationService - Resource string (account.login.fields.username) is not found. Language ID = 1
2016-01-13 13:57:21,610 [7] Nut.Services.Localization.LocalizationService - Resource string (account.login.fields.username) is not found. Language ID = 1
2016-01-13 13:57:21,651 [7] Nut.Services.Localization.LocalizationService - Resource string (account.login.fields.password) is not found. Language ID = 1
2016-01-13 13:57:21,692 [7] Nut.Services.Localization.LocalizationService - Resource string (account.login.fields.password) is not found. Language ID = 1
2016-01-13 13:57:24,501 [5] Nut.Services.Localization.LocalizationService - Resource string (account.login.fields.username) is not found. Language ID = 1
2016-01-13 13:57:24,514 [5] Nut.Services.Localization.LocalizationService - Resource string (account.login.fields.password) is not found. Language ID = 1
2016-01-13 13:57:24,527 [5] Nut.Services.Localization.LocalizationService - Resource string (account.login.fields.rememberme) is not found. Language ID = 1
2016-01-13 13:57:51,407 [15] Nut.Web.Framework.Logging.LoggingModule - Application started
2016-01-13 14:07:07,378 [1] Nut.Web.Framework.Logging.LoggingModule - Application started
2016-01-13 14:07:11,920 [6] Nut.Services.Localization.LocalizationService - Resource string (account.login.unsuccessful) is not found. Language ID = 1
2016-01-13 14:07:11,958 [6] Nut.Services.Localization.LocalizationService - Resource string (account.login.fields.username) is not found. Language ID = 1
2016-01-13 14:07:12,014 [6] Nut.Services.Localization.LocalizationService - Resource string (account.login.fields.username) is not found. Language ID = 1
2016-01-13 14:07:12,030 [6] Nut.Services.Localization.LocalizationService - Resource string (account.login.fields.password) is not found. Language ID = 1
2016-01-13 14:07:12,064 [6] Nut.Services.Localization.LocalizationService - Resource string (account.login.fields.password) is not found. Language ID = 1
2016-01-13 14:07:14,952 [7] Nut.Services.Localization.LocalizationService - Resource string (account.login.fields.username) is not found. Language ID = 1
2016-01-13 14:07:14,985 [7] Nut.Services.Localization.LocalizationService - Resource string (account.login.fields.password) is not found. Language ID = 1
2016-01-13 14:07:15,004 [7] Nut.Services.Localization.LocalizationService - Resource string (account.login.fields.rememberme) is not found. Language ID = 1
2016-01-13 14:08:22,581 [7] Nut.Web.Framework.Logging.LoggingModule - The view 'List' or its master was not found or no view engine supports the searched locations. The following locations were searched:
~/Themes/DefaultClean/Views/AppVersion/List.cshtml
~/Themes/DefaultClean/Views/Shared/List.cshtml
~/Views/AppVersion/List.cshtml
~/Views/Shared/List.cshtml
~/Administration/Views/AppVersion/List.cshtml
~/Administration/Views/Shared/List.cshtml
2016-01-13 14:12:27,910 [7] Nut.Web.Framework.Logging.LoggingModule - Application started
2016-01-13 14:12:29,133 [8] Nut.Web.Framework.Logging.LoggingModule - The view 'List' or its master was not found or no view engine supports the searched locations. The following locations were searched:
~/Themes/DefaultClean/Views/AppVersion/List.cshtml
~/Themes/DefaultClean/Views/Shared/List.cshtml
~/Views/AppVersion/List.cshtml
~/Views/Shared/List.cshtml
~/Administration/Views/AppVersion/List.cshtml
~/Administration/Views/Shared/List.cshtml
2016-01-13 14:18:32,748 [7] Nut.Web.Framework.Logging.LoggingModule - Application started
2016-01-13 14:18:33,974 [18] Nut.Web.Framework.Logging.LoggingModule - The view 'Nut.Plugin.APP.Version.Views.AppVersion.List' or its master was not found or no view engine supports the searched locations. The following locations were searched:
~/Themes/DefaultClean/Views/AppVersion/Nut.Plugin.APP.Version.Views.AppVersion.List.cshtml
~/Themes/DefaultClean/Views/Shared/Nut.Plugin.APP.Version.Views.AppVersion.List.cshtml
~/Views/AppVersion/Nut.Plugin.APP.Version.Views.AppVersion.List.cshtml
~/Views/Shared/Nut.Plugin.APP.Version.Views.AppVersion.List.cshtml
~/Administration/Views/AppVersion/Nut.Plugin.APP.Version.Views.AppVersion.List.cshtml
~/Administration/Views/Shared/Nut.Plugin.APP.Version.Views.AppVersion.List.cshtml
2016-01-13 14:19:40,152 [19] Nut.Web.Framework.Logging.LoggingModule - The view 'Nut.Plugin.APP.Version.Views.AppVersion.List' or its master was not found or no view engine supports the searched locations. The following locations were searched:
~/Themes/DefaultClean/Views/AppVersion/Nut.Plugin.APP.Version.Views.AppVersion.List.cshtml
~/Themes/DefaultClean/Views/Shared/Nut.Plugin.APP.Version.Views.AppVersion.List.cshtml
~/Views/AppVersion/Nut.Plugin.APP.Version.Views.AppVersion.List.cshtml
~/Views/Shared/Nut.Plugin.APP.Version.Views.AppVersion.List.cshtml
~/Administration/Views/AppVersion/Nut.Plugin.APP.Version.Views.AppVersion.List.cshtml
~/Administration/Views/Shared/Nut.Plugin.APP.Version.Views.AppVersion.List.cshtml
2016-01-13 14:19:55,295 [22] Nut.Services.Localization.LocalizationService - Resource string (account.login.unsuccessful) is not found. Language ID = 1
2016-01-13 14:19:55,327 [22] Nut.Services.Localization.LocalizationService - Resource string (account.login.fields.username) is not found. Language ID = 1
2016-01-13 14:19:55,380 [22] Nut.Services.Localization.LocalizationService - Resource string (account.login.fields.username) is not found. Language ID = 1
2016-01-13 14:19:55,399 [22] Nut.Services.Localization.LocalizationService - Resource string (account.login.fields.password) is not found. Language ID = 1
2016-01-13 14:19:55,430 [22] Nut.Services.Localization.LocalizationService - Resource string (account.login.fields.password) is not found. Language ID = 1
2016-01-13 14:19:58,245 [21] Nut.Services.Localization.LocalizationService - Resource string (account.login.fields.username) is not found. Language ID = 1
2016-01-13 14:19:58,259 [21] Nut.Services.Localization.LocalizationService - Resource string (account.login.fields.password) is not found. Language ID = 1
2016-01-13 14:19:58,283 [21] Nut.Services.Localization.LocalizationService - Resource string (account.login.fields.rememberme) is not found. Language ID = 1
2016-01-13 14:20:18,379 [22] Nut.Web.Framework.Logging.LoggingModule - The view 'Nut.Plugin.APP.Version.Views.AppVersion.List' or its master was not found or no view engine supports the searched locations. The following locations were searched:
~/Themes/DefaultClean/Views/AppVersion/Nut.Plugin.APP.Version.Views.AppVersion.List.cshtml
~/Themes/DefaultClean/Views/Shared/Nut.Plugin.APP.Version.Views.AppVersion.List.cshtml
~/Views/AppVersion/Nut.Plugin.APP.Version.Views.AppVersion.List.cshtml
~/Views/Shared/Nut.Plugin.APP.Version.Views.AppVersion.List.cshtml
~/Administration/Views/AppVersion/Nut.Plugin.APP.Version.Views.AppVersion.List.cshtml
~/Administration/Views/Shared/Nut.Plugin.APP.Version.Views.AppVersion.List.cshtml
2016-01-13 14:21:12,614 [1] Nut.Web.Framework.Logging.LoggingModule - Application started
2016-01-13 14:21:19,022 [7] Nut.Services.Localization.LocalizationService - Resource string (account.login.unsuccessful) is not found. Language ID = 1
2016-01-13 14:21:19,052 [7] Nut.Services.Localization.LocalizationService - Resource string (account.login.fields.username) is not found. Language ID = 1
2016-01-13 14:21:19,105 [7] Nut.Services.Localization.LocalizationService - Resource string (account.login.fields.username) is not found. Language ID = 1
2016-01-13 14:21:19,123 [7] Nut.Services.Localization.LocalizationService - Resource string (account.login.fields.password) is not found. Language ID = 1
2016-01-13 14:21:19,160 [7] Nut.Services.Localization.LocalizationService - Resource string (account.login.fields.password) is not found. Language ID = 1
2016-01-13 14:21:22,062 [9] Nut.Services.Localization.LocalizationService - Resource string (account.login.fields.username) is not found. Language ID = 1
2016-01-13 14:21:22,075 [9] Nut.Services.Localization.LocalizationService - Resource string (account.login.fields.password) is not found. Language ID = 1
2016-01-13 14:21:22,085 [9] Nut.Services.Localization.LocalizationService - Resource string (account.login.fields.rememberme) is not found. Language ID = 1
2016-01-13 14:22:31,385 [1] Nut.Web.Framework.Logging.LoggingModule - Application started
2016-01-13 14:22:55,656 [5] Nut.Services.Localization.LocalizationService - Resource string (account.login.unsuccessful) is not found. Language ID = 1
2016-01-13 14:22:55,738 [5] Nut.Services.Localization.LocalizationService - Resource string (account.login.fields.username) is not found. Language ID = 1
2016-01-13 14:22:55,830 [5] Nut.Services.Localization.LocalizationService - Resource string (account.login.fields.username) is not found. Language ID = 1
2016-01-13 14:22:56,009 [5] Nut.Services.Localization.LocalizationService - Resource string (account.login.fields.password) is not found. Language ID = 1
2016-01-13 14:22:56,101 [5] Nut.Services.Localization.LocalizationService - Resource string (account.login.fields.password) is not found. Language ID = 1
2016-01-13 14:23:02,569 [5] Nut.Services.Localization.LocalizationService - Resource string (account.login.fields.username) is not found. Language ID = 1
2016-01-13 14:23:02,747 [5] Nut.Services.Localization.LocalizationService - Resource string (account.login.fields.password) is not found. Language ID = 1
2016-01-13 14:23:02,813 [5] Nut.Services.Localization.LocalizationService - Resource string (account.login.fields.rememberme) is not found. Language ID = 1
2016-01-13 14:23:27,803 [7] Nut.Web.Framework.Logging.LoggingModule - E:\Nut.NET\src\Presentation\Nut.Web\Plugins\APP.Version\Views\AppVersion\List.cshtml(17): error CS0103: The name 'T' does not exist in the current context
2016-01-13 14:25:12,657 [1] Nut.Web.Framework.Logging.LoggingModule - Application started
2016-01-13 14:25:20,623 [6] Nut.Services.Localization.LocalizationService - Resource string (account.login.unsuccessful) is not found. Language ID = 1
2016-01-13 14:25:20,748 [6] Nut.Services.Localization.LocalizationService - Resource string (account.login.fields.username) is not found. Language ID = 1
2016-01-13 14:25:20,835 [6] Nut.Services.Localization.LocalizationService - Resource string (account.login.fields.username) is not found. Language ID = 1
2016-01-13 14:25:21,001 [6] Nut.Services.Localization.LocalizationService - Resource string (account.login.fields.password) is not found. Language ID = 1
2016-01-13 14:25:21,055 [6] Nut.Services.Localization.LocalizationService - Resource string (account.login.fields.password) is not found. Language ID = 1
2016-01-13 14:25:24,998 [5] Nut.Services.Localization.LocalizationService - Resource string (account.login.fields.username) is not found. Language ID = 1
2016-01-13 14:25:25,038 [5] Nut.Services.Localization.LocalizationService - Resource string (account.login.fields.password) is not found. Language ID = 1
2016-01-13 14:25:25,112 [5] Nut.Services.Localization.LocalizationService - Resource string (account.login.fields.rememberme) is not found. Language ID = 1
2016-01-13 14:25:46,687 [8] Nut.Web.Framework.Logging.LoggingModule - E:\Nut.NET\src\Presentation\Nut.Web\Plugins\APP.Version\Views\AppVersion\List.cshtml(17): error CS0103: The name 'T' does not exist in the current context
2016-01-13 14:27:25,961 [1] Nut.Web.Framework.Logging.LoggingModule - Application started
2016-01-13 14:27:34,418 [8] Nut.Services.Localization.LocalizationService - Resource string (account.login.unsuccessful) is not found. Language ID = 1
2016-01-13 14:27:34,447 [8] Nut.Services.Localization.LocalizationService - Resource string (account.login.fields.username) is not found. Language ID = 1
2016-01-13 14:27:34,506 [8] Nut.Services.Localization.LocalizationService - Resource string (account.login.fields.username) is not found. Language ID = 1
2016-01-13 14:27:34,529 [8] Nut.Services.Localization.LocalizationService - Resource string (account.login.fields.password) is not found. Language ID = 1
2016-01-13 14:27:34,578 [8] Nut.Services.Localization.LocalizationService - Resource string (account.login.fields.password) is not found. Language ID = 1
2016-01-13 14:27:38,197 [6] Nut.Services.Localization.LocalizationService - Resource string (account.login.fields.username) is not found. Language ID = 1
2016-01-13 14:27:38,219 [6] Nut.Services.Localization.LocalizationService - Resource string (account.login.fields.password) is not found. Language ID = 1
2016-01-13 14:27:38,242 [6] Nut.Services.Localization.LocalizationService - Resource string (account.login.fields.rememberme) is not found. Language ID = 1
2016-01-13 14:27:46,600 [7] Nut.Web.Framework.Logging.LoggingModule - E:\Nut.NET\src\Presentation\Nut.Web\Plugins\APP.Version\Views\AppVersion\List.cshtml(17): error CS0103: The name 'T' does not exist in the current context
2016-01-13 14:28:07,730 [8] Nut.Web.Framework.Logging.LoggingModule - E:\Nut.NET\src\Presentation\Nut.Web\Plugins\APP.Version\Views\AppVersion\List.cshtml(17): error CS0103: The name 'T' does not exist in the current context
2016-01-13 14:28:08,775 [9] Nut.Web.Framework.Logging.LoggingModule - E:\Nut.NET\src\Presentation\Nut.Web\Plugins\APP.Version\Views\AppVersion\List.cshtml(17): error CS0103: The name 'T' does not exist in the current context
2016-01-13 14:28:09,716 [8] Nut.Web.Framework.Logging.LoggingModule - E:\Nut.NET\src\Presentation\Nut.Web\Plugins\APP.Version\Views\AppVersion\List.cshtml(17): error CS0103: The name 'T' does not exist in the current context
2016-01-13 14:28:10,321 [7] Nut.Web.Framework.Logging.LoggingModule - E:\Nut.NET\src\Presentation\Nut.Web\Plugins\APP.Version\Views\AppVersion\List.cshtml(17): error CS0103: The name 'T' does not exist in the current context
2016-01-13 14:28:10,856 [9] Nut.Web.Framework.Logging.LoggingModule - E:\Nut.NET\src\Presentation\Nut.Web\Plugins\APP.Version\Views\AppVersion\List.cshtml(17): error CS0103: The name 'T' does not exist in the current context
2016-01-13 14:28:11,317 [8] Nut.Web.Framework.Logging.LoggingModule - E:\Nut.NET\src\Presentation\Nut.Web\Plugins\APP.Version\Views\AppVersion\List.cshtml(17): error CS0103: The name 'T' does not exist in the current context
2016-01-13 14:28:11,641 [6] Nut.Web.Framework.Logging.LoggingModule - E:\Nut.NET\src\Presentation\Nut.Web\Plugins\APP.Version\Views\AppVersion\List.cshtml(17): error CS0103: The name 'T' does not exist in the current context
2016-01-13 14:28:11,875 [9] Nut.Web.Framework.Logging.LoggingModule - E:\Nut.NET\src\Presentation\Nut.Web\Plugins\APP.Version\Views\AppVersion\List.cshtml(17): error CS0103: The name 'T' does not exist in the current context
2016-01-13 14:28:12,088 [7] Nut.Web.Framework.Logging.LoggingModule - E:\Nut.NET\src\Presentation\Nut.Web\Plugins\APP.Version\Views\AppVersion\List.cshtml(17): error CS0103: The name 'T' does not exist in the current context
2016-01-13 14:28:12,284 [5] Nut.Web.Framework.Logging.LoggingModule - E:\Nut.NET\src\Presentation\Nut.Web\Plugins\APP.Version\Views\AppVersion\List.cshtml(17): error CS0103: The name 'T' does not exist in the current context
2016-01-13 14:28:12,475 [9] Nut.Web.Framework.Logging.LoggingModule - E:\Nut.NET\src\Presentation\Nut.Web\Plugins\APP.Version\Views\AppVersion\List.cshtml(17): error CS0103: The name 'T' does not exist in the current context
2016-01-13 14:28:12,677 [6] Nut.Web.Framework.Logging.LoggingModule - E:\Nut.NET\src\Presentation\Nut.Web\Plugins\APP.Version\Views\AppVersion\List.cshtml(17): error CS0103: The name 'T' does not exist in the current context
2016-01-13 14:28:12,892 [5] Nut.Web.Framework.Logging.LoggingModule - E:\Nut.NET\src\Presentation\Nut.Web\Plugins\APP.Version\Views\AppVersion\List.cshtml(17): error CS0103: The name 'T' does not exist in the current context
2016-01-13 14:28:13,106 [9] Nut.Web.Framework.Logging.LoggingModule - E:\Nut.NET\src\Presentation\Nut.Web\Plugins\APP.Version\Views\AppVersion\List.cshtml(17): error CS0103: The name 'T' does not exist in the current context
2016-01-13 14:28:13,560 [8] Nut.Web.Framework.Logging.LoggingModule - E:\Nut.NET\src\Presentation\Nut.Web\Plugins\APP.Version\Views\AppVersion\List.cshtml(17): error CS0103: The name 'T' does not exist in the current context
2016-01-13 14:28:13,787 [5] Nut.Web.Framework.Logging.LoggingModule - E:\Nut.NET\src\Presentation\Nut.Web\Plugins\APP.Version\Views\AppVersion\List.cshtml(17): error CS0103: The name 'T' does not exist in the current context
2016-01-13 14:28:14,045 [9] Nut.Web.Framework.Logging.LoggingModule - E:\Nut.NET\src\Presentation\Nut.Web\Plugins\APP.Version\Views\AppVersion\List.cshtml(17): error CS0103: The name 'T' does not exist in the current context
2016-01-13 14:28:14,244 [8] Nut.Web.Framework.Logging.LoggingModule - E:\Nut.NET\src\Presentation\Nut.Web\Plugins\APP.Version\Views\AppVersion\List.cshtml(17): error CS0103: The name 'T' does not exist in the current context
2016-01-13 14:28:14,451 [5] Nut.Web.Framework.Logging.LoggingModule - E:\Nut.NET\src\Presentation\Nut.Web\Plugins\APP.Version\Views\AppVersion\List.cshtml(17): error CS0103: The name 'T' does not exist in the current context
2016-01-13 14:28:14,681 [7] Nut.Web.Framework.Logging.LoggingModule - E:\Nut.NET\src\Presentation\Nut.Web\Plugins\APP.Version\Views\AppVersion\List.cshtml(17): error CS0103: The name 'T' does not exist in the current context
2016-01-13 14:28:14,914 [8] Nut.Web.Framework.Logging.LoggingModule - E:\Nut.NET\src\Presentation\Nut.Web\Plugins\APP.Version\Views\AppVersion\List.cshtml(17): error CS0103: The name 'T' does not exist in the current context
2016-01-13 14:28:15,140 [5] Nut.Web.Framework.Logging.LoggingModule - E:\Nut.NET\src\Presentation\Nut.Web\Plugins\APP.Version\Views\AppVersion\List.cshtml(17): error CS0103: The name 'T' does not exist in the current context
2016-01-13 14:28:15,374 [6] Nut.Web.Framework.Logging.LoggingModule - E:\Nut.NET\src\Presentation\Nut.Web\Plugins\APP.Version\Views\AppVersion\List.cshtml(17): error CS0103: The name 'T' does not exist in the current context
2016-01-13 14:28:15,619 [8] Nut.Web.Framework.Logging.LoggingModule - E:\Nut.NET\src\Presentation\Nut.Web\Plugins\APP.Version\Views\AppVersion\List.cshtml(17): error CS0103: The name 'T' does not exist in the current context
2016-01-13 14:28:15,843 [5] Nut.Web.Framework.Logging.LoggingModule - E:\Nut.NET\src\Presentation\Nut.Web\Plugins\APP.Version\Views\AppVersion\List.cshtml(17): error CS0103: The name 'T' does not exist in the current context
2016-01-13 14:28:16,062 [9] Nut.Web.Framework.Logging.LoggingModule - E:\Nut.NET\src\Presentation\Nut.Web\Plugins\APP.Version\Views\AppVersion\List.cshtml(17): error CS0103: The name 'T' does not exist in the current context
2016-01-13 14:28:16,267 [6] Nut.Web.Framework.Logging.LoggingModule - E:\Nut.NET\src\Presentation\Nut.Web\Plugins\APP.Version\Views\AppVersion\List.cshtml(17): error CS0103: The name 'T' does not exist in the current context
2016-01-13 14:28:16,494 [7] Nut.Web.Framework.Logging.LoggingModule - E:\Nut.NET\src\Presentation\Nut.Web\Plugins\APP.Version\Views\AppVersion\List.cshtml(17): error CS0103: The name 'T' does not exist in the current context
2016-01-13 14:28:16,705 [8] Nut.Web.Framework.Logging.LoggingModule - E:\Nut.NET\src\Presentation\Nut.Web\Plugins\APP.Version\Views\AppVersion\List.cshtml(17): error CS0103: The name 'T' does not exist in the current context
2016-01-13 14:28:16,898 [6] Nut.Web.Framework.Logging.LoggingModule - E:\Nut.NET\src\Presentation\Nut.Web\Plugins\APP.Version\Views\AppVersion\List.cshtml(17): error CS0103: The name 'T' does not exist in the current context
2016-01-13 14:28:17,120 [5] Nut.Web.Framework.Logging.LoggingModule - E:\Nut.NET\src\Presentation\Nut.Web\Plugins\APP.Version\Views\AppVersion\List.cshtml(17): error CS0103: The name 'T' does not exist in the current context
2016-01-13 14:28:17,338 [7] Nut.Web.Framework.Logging.LoggingModule - E:\Nut.NET\src\Presentation\Nut.Web\Plugins\APP.Version\Views\AppVersion\List.cshtml(17): error CS0103: The name 'T' does not exist in the current context
2016-01-13 14:28:17,568 [5] Nut.Web.Framework.Logging.LoggingModule - E:\Nut.NET\src\Presentation\Nut.Web\Plugins\APP.Version\Views\AppVersion\List.cshtml(17): error CS0103: The name 'T' does not exist in the current context
2016-01-13 14:28:18,910 [7] Nut.Web.Framework.Logging.LoggingModule - E:\Nut.NET\src\Presentation\Nut.Web\Plugins\APP.Version\Views\AppVersion\List.cshtml(17): error CS0103: The name 'T' does not exist in the current context
2016-01-13 14:28:18,910 [9] Nut.Web.Framework.Logging.LoggingModule - E:\Nut.NET\src\Presentation\Nut.Web\Plugins\APP.Version\Views\AppVersion\List.cshtml(17): error CS0103: The name 'T' does not exist in the current context
2016-01-13 14:28:18,911 [8] Nut.Web.Framework.Logging.LoggingModule - E:\Nut.NET\src\Presentation\Nut.Web\Plugins\APP.Version\Views\AppVersion\List.cshtml(17): error CS0103: The name 'T' does not exist in the current context
2016-01-13 14:28:18,911 [5] Nut.Web.Framework.Logging.LoggingModule - E:\Nut.NET\src\Presentation\Nut.Web\Plugins\APP.Version\Views\AppVersion\List.cshtml(17): error CS0103: The name 'T' does not exist in the current context
2016-01-13 14:28:19,014 [8] Nut.Web.Framework.Logging.LoggingModule - E:\Nut.NET\src\Presentation\Nut.Web\Plugins\APP.Version\Views\AppVersion\List.cshtml(17): error CS0103: The name 'T' does not exist in the current context
2016-01-13 14:28:19,023 [7] Nut.Web.Framework.Logging.LoggingModule - E:\Nut.NET\src\Presentation\Nut.Web\Plugins\APP.Version\Views\AppVersion\List.cshtml(17): error CS0103: The name 'T' does not exist in the current context
2016-01-13 14:28:19,118 [5] Nut.Web.Framework.Logging.LoggingModule - E:\Nut.NET\src\Presentation\Nut.Web\Plugins\APP.Version\Views\AppVersion\List.cshtml(17): error CS0103: The name 'T' does not exist in the current context
2016-01-13 14:28:19,320 [7] Nut.Web.Framework.Logging.LoggingModule - E:\Nut.NET\src\Presentation\Nut.Web\Plugins\APP.Version\Views\AppVersion\List.cshtml(17): error CS0103: The name 'T' does not exist in the current context
2016-01-13 14:28:19,523 [5] Nut.Web.Framework.Logging.LoggingModule - E:\Nut.NET\src\Presentation\Nut.Web\Plugins\APP.Version\Views\AppVersion\List.cshtml(17): error CS0103: The name 'T' does not exist in the current context
2016-01-13 14:28:19,720 [9] Nut.Web.Framework.Logging.LoggingModule - E:\Nut.NET\src\Presentation\Nut.Web\Plugins\APP.Version\Views\AppVersion\List.cshtml(17): error CS0103: The name 'T' does not exist in the current context
2016-01-13 14:28:19,909 [8] Nut.Web.Framework.Logging.LoggingModule - E:\Nut.NET\src\Presentation\Nut.Web\Plugins\APP.Version\Views\AppVersion\List.cshtml(17): error CS0103: The name 'T' does not exist in the current context
2016-01-13 14:29:08,277 [14] Nut.Web.Framework.Logging.LoggingModule - Application started
2016-01-13 14:29:16,492 [12] Nut.Services.Localization.LocalizationService - Resource string (account.login.unsuccessful) is not found. Language ID = 1
2016-01-13 14:29:16,521 [12] Nut.Services.Localization.LocalizationService - Resource string (account.login.fields.username) is not found. Language ID = 1
2016-01-13 14:29:16,577 [12] Nut.Services.Localization.LocalizationService - Resource string (account.login.fields.username) is not found. Language ID = 1
2016-01-13 14:29:16,597 [12] Nut.Services.Localization.LocalizationService - Resource string (account.login.fields.password) is not found. Language ID = 1
2016-01-13 14:29:16,650 [12] Nut.Services.Localization.LocalizationService - Resource string (account.login.fields.password) is not found. Language ID = 1
2016-01-13 14:29:19,675 [7] Nut.Services.Localization.LocalizationService - Resource string (account.login.fields.username) is not found. Language ID = 1
2016-01-13 14:29:19,707 [7] Nut.Services.Localization.LocalizationService - Resource string (account.login.fields.password) is not found. Language ID = 1
2016-01-13 14:29:19,731 [7] Nut.Services.Localization.LocalizationService - Resource string (account.login.fields.rememberme) is not found. Language ID = 1
2016-01-13 14:34:24,538 [16] Nut.Web.Framework.Logging.LoggingModule - Application started
2016-01-13 14:34:44,902 [7] Nut.Services.Localization.LocalizationService - Resource string (account.login.unsuccessful) is not found. Language ID = 1
2016-01-13 14:34:44,938 [7] Nut.Services.Localization.LocalizationService - Resource string (account.login.fields.username) is not found. Language ID = 1
2016-01-13 14:34:44,995 [7] Nut.Services.Localization.LocalizationService - Resource string (account.login.fields.username) is not found. Language ID = 1
2016-01-13 14:34:45,012 [7] Nut.Services.Localization.LocalizationService - Resource string (account.login.fields.password) is not found. Language ID = 1
2016-01-13 14:34:45,040 [7] Nut.Services.Localization.LocalizationService - Resource string (account.login.fields.password) is not found. Language ID = 1
2016-01-13 14:34:48,333 [7] Nut.Services.Localization.LocalizationService - Resource string (account.login.fields.username) is not found. Language ID = 1
2016-01-13 14:34:48,344 [7] Nut.Services.Localization.LocalizationService - Resource string (account.login.fields.password) is not found. Language ID = 1
2016-01-13 14:34:48,354 [7] Nut.Services.Localization.LocalizationService - Resource string (account.login.fields.rememberme) is not found. Language ID = 1
2016-01-13 14:34:56,683 [12] Nut.Services.Localization.LocalizationService - Resource string (admin.users.fields.departmentsname) is not found. Language ID = 1
2016-01-13 14:36:15,977 [12] Nut.Services.Localization.LocalizationService - Resource string (admin.configuration.languages.edit) is not found. Language ID = 2
2016-01-13 14:36:16,002 [12] Nut.Services.Localization.LocalizationService - Resource string (admin.configuration.languages.edit) is not found. Language ID = 2
2016-01-13 14:36:16,035 [12] Nut.Services.Localization.LocalizationService - Resource string (admin.configuration.languages.backtolist) is not found. Language ID = 2
2016-01-13 14:36:16,052 [12] Nut.Services.Localization.LocalizationService - Resource string (admin.users.userroles) is not found. Language ID = 2
2016-01-13 14:36:16,070 [12] Nut.Services.Localization.LocalizationService - Resource string (admin.configuration.languages.fields.name.required) is not found. Language ID = 2
2016-01-13 14:36:16,104 [12] Nut.Services.Localization.LocalizationService - Resource string (admin.configuration.languages.fields.languageculture.validation) is not found. Language ID = 2
2016-01-13 14:36:16,116 [12] Nut.Services.Localization.LocalizationService - Resource string (admin.configuration.languages.fields.uniqueseocode.required) is not found. Language ID = 2
2016-01-13 14:36:16,127 [12] Nut.Services.Localization.LocalizationService - Resource string (admin.configuration.languages.fields.uniqueseocode.length) is not found. Language ID = 2
2016-01-13 14:36:16,137 [12] Nut.Services.Localization.LocalizationService - Resource string (admin.configuration.languages.fields.name) is not found. Language ID = 2
2016-01-13 14:36:16,146 [12] Nut.Services.Localization.LocalizationService - Resource string (admin.configuration.languages.fields.name) is not found. Language ID = 2
2016-01-13 14:36:16,156 [12] Nut.Services.Localization.LocalizationService - Resource string (admin.configuration.languages.fields.name.required) is not found. Language ID = 2
2016-01-13 14:36:16,182 [12] Nut.Services.Localization.LocalizationService - Resource string (admin.configuration.languages.fields.languageculture.validation) is not found. Language ID = 2
2016-01-13 14:36:16,200 [12] Nut.Services.Localization.LocalizationService - Resource string (admin.configuration.languages.fields.uniqueseocode.required) is not found. Language ID = 2
2016-01-13 14:36:16,217 [12] Nut.Services.Localization.LocalizationService - Resource string (admin.configuration.languages.fields.uniqueseocode.length) is not found. Language ID = 2
2016-01-13 14:36:16,237 [12] Nut.Services.Localization.LocalizationService - Resource string (admin.configuration.languages.fields.name) is not found. Language ID = 2
2016-01-13 14:36:16,261 [12] Nut.Services.Localization.LocalizationService - Resource string (admin.configuration.languages.fields.languageculture) is not found. Language ID = 2
2016-01-13 14:36:16,282 [12] Nut.Services.Localization.LocalizationService - Resource string (admin.configuration.languages.fields.languageculture) is not found. Language ID = 2
2016-01-13 14:36:16,304 [12] Nut.Services.Localization.LocalizationService - Resource string (admin.configuration.languages.fields.name.required) is not found. Language ID = 2
2016-01-13 14:36:16,317 [12] Nut.Services.Localization.LocalizationService - Resource string (admin.configuration.languages.fields.languageculture.validation) is not found. Language ID = 2
2016-01-13 14:36:16,330 [12] Nut.Services.Localization.LocalizationService - Resource string (admin.configuration.languages.fields.uniqueseocode.required) is not found. Language ID = 2
2016-01-13 14:36:16,339 [12] Nut.Services.Localization.LocalizationService - Resource string (admin.configuration.languages.fields.uniqueseocode.length) is not found. Language ID = 2
2016-01-13 14:36:16,347 [12] Nut.Services.Localization.LocalizationService - Resource string (admin.configuration.languages.fields.languageculture) is not found. Language ID = 2
2016-01-13 14:36:16,358 [12] Nut.Services.Localization.LocalizationService - Resource string (admin.configuration.languages.fields.uniqueseocode) is not found. Language ID = 2
2016-01-13 14:36:16,366 [12] Nut.Services.Localization.LocalizationService - Resource string (admin.configuration.languages.fields.uniqueseocode) is not found. Language ID = 2
2016-01-13 14:36:16,375 [12] Nut.Services.Localization.LocalizationService - Resource string (admin.configuration.languages.fields.name.required) is not found. Language ID = 2
2016-01-13 14:36:16,383 [12] Nut.Services.Localization.LocalizationService - Resource string (admin.configuration.languages.fields.languageculture.validation) is not found. Language ID = 2
2016-01-13 14:36:16,393 [12] Nut.Services.Localization.LocalizationService - Resource string (admin.configuration.languages.fields.uniqueseocode.required) is not found. Language ID = 2
2016-01-13 14:36:16,402 [12] Nut.Services.Localization.LocalizationService - Resource string (admin.configuration.languages.fields.uniqueseocode.length) is not found. Language ID = 2
2016-01-13 14:36:16,411 [12] Nut.Services.Localization.LocalizationService - Resource string (admin.configuration.languages.fields.uniqueseocode) is not found. Language ID = 2
2016-01-13 14:36:16,421 [12] Nut.Services.Localization.LocalizationService - Resource string (admin.configuration.languages.fields.flagimagefilename) is not found. Language ID = 2
2016-01-13 14:36:16,428 [12] Nut.Services.Localization.LocalizationService - Resource string (admin.configuration.languages.fields.flagimagefilename) is not found. Language ID = 2
2016-01-13 14:36:16,437 [12] Nut.Services.Localization.LocalizationService - Resource string (admin.configuration.languages.fields.name.required) is not found. Language ID = 2
2016-01-13 14:36:16,447 [12] Nut.Services.Localization.LocalizationService - Resource string (admin.configuration.languages.fields.languageculture.validation) is not found. Language ID = 2
2016-01-13 14:36:16,456 [12] Nut.Services.Localization.LocalizationService - Resource string (admin.configuration.languages.fields.uniqueseocode.required) is not found. Language ID = 2
2016-01-13 14:36:16,465 [12] Nut.Services.Localization.LocalizationService - Resource string (admin.configuration.languages.fields.uniqueseocode.length) is not found. Language ID = 2
2016-01-13 14:36:16,474 [12] Nut.Services.Localization.LocalizationService - Resource string (admin.configuration.languages.fields.flagimagefilename) is not found. Language ID = 2
2016-01-13 14:36:16,485 [12] Nut.Services.Localization.LocalizationService - Resource string (admin.common.show) is not found. Language ID = 2
2016-01-13 14:36:16,497 [12] Nut.Services.Localization.LocalizationService - Resource string (admin.common.hide) is not found. Language ID = 2
2016-01-13 14:36:16,504 [12] Nut.Services.Localization.LocalizationService - Resource string (admin.common.show) is not found. Language ID = 2
2016-01-13 14:36:16,520 [12] Nut.Services.Localization.LocalizationService - Resource string (admin.configuration.languages.fields.rtl) is not found. Language ID = 2
2016-01-13 14:36:16,529 [12] Nut.Services.Localization.LocalizationService - Resource string (admin.configuration.languages.fields.rtl) is not found. Language ID = 2
2016-01-13 14:36:16,539 [12] Nut.Services.Localization.LocalizationService - Resource string (admin.configuration.languages.fields.name.required) is not found. Language ID = 2
2016-01-13 14:36:16,549 [12] Nut.Services.Localization.LocalizationService - Resource string (admin.configuration.languages.fields.languageculture.validation) is not found. Language ID = 2
2016-01-13 14:36:16,559 [12] Nut.Services.Localization.LocalizationService - Resource string (admin.configuration.languages.fields.uniqueseocode.required) is not found. Language ID = 2
2016-01-13 14:36:16,566 [12] Nut.Services.Localization.LocalizationService - Resource string (admin.configuration.languages.fields.uniqueseocode.length) is not found. Language ID = 2
2016-01-13 14:36:16,575 [12] Nut.Services.Localization.LocalizationService - Resource string (admin.configuration.languages.fields.rtl) is not found. Language ID = 2
2016-01-13 14:36:16,605 [12] Nut.Services.Localization.LocalizationService - Resource string (admin.configuration.languages.fields.published) is not found. Language ID = 2
2016-01-13 14:36:16,619 [12] Nut.Services.Localization.LocalizationService - Resource string (admin.configuration.languages.fields.published) is not found. Language ID = 2
2016-01-13 14:36:16,637 [12] Nut.Services.Localization.LocalizationService - Resource string (admin.configuration.languages.fields.name.required) is not found. Language ID = 2
2016-01-13 14:36:16,659 [12] Nut.Services.Localization.LocalizationService - Resource string (admin.configuration.languages.fields.languageculture.validation) is not found. Language ID = 2
2016-01-13 14:36:16,684 [12] Nut.Services.Localization.LocalizationService - Resource string (admin.configuration.languages.fields.uniqueseocode.required) is not found. Language ID = 2
2016-01-13 14:36:16,709 [12] Nut.Services.Localization.LocalizationService - Resource string (admin.configuration.languages.fields.uniqueseocode.length) is not found. Language ID = 2
2016-01-13 14:36:16,726 [12] Nut.Services.Localization.LocalizationService - Resource string (admin.configuration.languages.fields.published) is not found. Language ID = 2
2016-01-13 14:36:16,747 [12] Nut.Services.Localization.LocalizationService - Resource string (admin.configuration.languages.fields.displayorder) is not found. Language ID = 2
2016-01-13 14:36:16,755 [12] Nut.Services.Localization.LocalizationService - Resource string (admin.configuration.languages.fields.displayorder) is not found. Language ID = 2
2016-01-13 14:36:16,765 [12] Nut.Services.Localization.LocalizationService - Resource string (admin.configuration.languages.fields.name.required) is not found. Language ID = 2
2016-01-13 14:36:16,775 [12] Nut.Services.Localization.LocalizationService - Resource string (admin.configuration.languages.fields.languageculture.validation) is not found. Language ID = 2
2016-01-13 14:36:16,811 [12] Nut.Services.Localization.LocalizationService - Resource string (admin.configuration.languages.fields.uniqueseocode.required) is not found. Language ID = 2
2016-01-13 14:36:16,841 [12] Nut.Services.Localization.LocalizationService - Resource string (admin.configuration.languages.fields.uniqueseocode.length) is not found. Language ID = 2
2016-01-13 14:36:16,874 [12] Nut.Services.Localization.LocalizationService - Resource string (admin.configuration.languages.fields.displayorder) is not found. Language ID = 2
2016-01-13 14:36:16,907 [12] Nut.Services.Localization.LocalizationService - Resource string (admin.configuration.languages.fields.limitedtostores) is not found. Language ID = 2
2016-01-13 14:36:16,931 [12] Nut.Services.Localization.LocalizationService - Resource string (admin.configuration.languages.fields.limitedtostores) is not found. Language ID = 2
2016-01-13 14:36:16,950 [12] Nut.Services.Localization.LocalizationService - Resource string (admin.configuration.languages.fields.name.required) is not found. Language ID = 2
2016-01-13 14:36:16,970 [12] Nut.Services.Localization.LocalizationService - Resource string (admin.configuration.languages.fields.languageculture.validation) is not found. Language ID = 2
2016-01-13 14:36:16,989 [12] Nut.Services.Localization.LocalizationService - Resource string (admin.configuration.languages.fields.uniqueseocode.required) is not found. Language ID = 2
2016-01-13 14:36:17,012 [12] Nut.Services.Localization.LocalizationService - Resource string (admin.configuration.languages.fields.uniqueseocode.length) is not found. Language ID = 2
2016-01-13 14:36:17,030 [12] Nut.Services.Localization.LocalizationService - Resource string (admin.configuration.languages.fields.limitedtostores) is not found. Language ID = 2
2016-01-13 14:36:17,050 [12] Nut.Services.Localization.LocalizationService - Resource string (admin.configuration.languages.fields.availablestores) is not found. Language ID = 2
2016-01-13 14:36:17,075 [12] Nut.Services.Localization.LocalizationService - Resource string (admin.common.save) is not found. Language ID = 2
2016-01-13 14:36:17,085 [12] Nut.Services.Localization.LocalizationService - Resource string (admin.common.savecontinue) is not found. Language ID = 2
2016-01-13 14:36:17,101 [12] Nut.Services.Localization.LocalizationService - Resource string (admin.configuration.languages.import) is not found. Language ID = 2
2016-01-13 14:36:17,111 [12] Nut.Services.Localization.LocalizationService - Resource string (admin.configuration.languages.export) is not found. Language ID = 2
2016-01-13 14:36:17,121 [12] Nut.Services.Localization.LocalizationService - Resource string (admin.pagetitle) is not found. Language ID = 2
2016-01-13 14:36:17,144 [12] Nut.Services.Localization.LocalizationService - Resource string (admin.home) is not found. Language ID = 2
2016-01-13 14:36:17,168 [12] Nut.Services.Localization.LocalizationService - Resource string (admin.users) is not found. Language ID = 2
2016-01-13 14:36:17,188 [12] Nut.Services.Localization.LocalizationService - Resource string (admin.users.departments) is not found. Language ID = 2
2016-01-13 14:36:17,208 [12] Nut.Services.Localization.LocalizationService - Resource string (admin.users) is not found. Language ID = 2
2016-01-13 14:36:17,242 [12] Nut.Services.Localization.LocalizationService - Resource string (admin.users.userroles) is not found. Language ID = 2
2016-01-13 14:36:17,265 [12] Nut.Services.Localization.LocalizationService - Resource string (admin.users.onlineusers) is not found. Language ID = 2
2016-01-13 14:36:17,286 [12] Nut.Services.Localization.LocalizationService - Resource string (admin.configuration.settings) is not found. Language ID = 2
2016-01-13 14:36:17,311 [12] Nut.Services.Localization.LocalizationService - Resource string (admin.configuration.settings.allsettings) is not found. Language ID = 2
2016-01-13 14:36:17,331 [12] Nut.Services.Localization.LocalizationService - Resource string (admin.configuration.languages) is not found. Language ID = 2
2016-01-13 14:36:17,342 [12] Nut.Services.Localization.LocalizationService - Resource string (admin.configuration.acl) is not found. Language ID = 2
2016-01-13 14:36:17,352 [12] Nut.Services.Localization.LocalizationService - Resource string (admin.configuration.plugins) is not found. Language ID = 2
2016-01-13 14:36:17,361 [12] Nut.Services.Localization.LocalizationService - Resource string (admin.system) is not found. Language ID = 2
2016-01-13 14:36:17,371 [12] Nut.Services.Localization.LocalizationService - Resource string (admin.configuration.activitylog.activitylogtype) is not found. Language ID = 2
2016-01-13 14:36:17,380 [12] Nut.Services.Localization.LocalizationService - Resource string (admin.configuration.activitylog.activitylog) is not found. Language ID = 2
2016-01-13 14:36:17,392 [12] Nut.Services.Localization.LocalizationService - Resource string (admin.system.scheduletasks) is not found. Language ID = 2
2016-01-13 14:36:17,401 [12] Nut.Services.Localization.LocalizationService - Resource string (admin.common.welcome) is not found. Language ID = 2
2016-01-13 14:36:17,419 [12] Nut.Services.Localization.LocalizationService - Resource string (admin.users.changepassword) is not found. Language ID = 2
2016-01-13 14:36:17,429 [12] Nut.Services.Localization.LocalizationService - Resource string (admin.header.restartapplication) is not found. Language ID = 2
2016-01-13 14:36:17,439 [12] Nut.Services.Localization.LocalizationService - Resource string (admin.users.logout) is not found. Language ID = 2
2016-01-13 14:36:17,449 [12] Nut.Services.Localization.LocalizationService - Resource string (menu) is not found. Language ID = 2
2016-01-13 14:36:17,459 [12] Nut.Services.Localization.LocalizationService - Resource string (common.home) is not found. Language ID = 2
2016-01-13 14:36:17,479 [12] Nut.Services.Localization.LocalizationService - Resource string (admin.configuration.settings) is not found. Language ID = 2
2016-01-13 14:36:17,495 [12] Nut.Services.Localization.LocalizationService - Resource string (admin.configuration.languages.import) is not found. Language ID = 2
2016-01-13 14:36:17,507 [12] Nut.Services.Localization.LocalizationService - Resource string (admin.configuration.languages.xmlfile) is not found. Language ID = 2
2016-01-13 14:36:17,518 [12] Nut.Services.Localization.LocalizationService - Resource string (admin.configuration.languages.xmlfile.note1) is not found. Language ID = 2
2016-01-13 14:36:17,529 [12] Nut.Services.Localization.LocalizationService - Resource string (admin.configuration.languages.xmlfile.note2) is not found. Language ID = 2
2016-01-13 14:36:17,537 [12] Nut.Services.Localization.LocalizationService - Resource string (admin.configuration.languages.import) is not found. Language ID = 2
2016-01-13 14:37:01,770 [15] Nut.Services.Localization.LocalizationService - Resource string (admin.configuration.languages.edit) is not found. Language ID = 2
2016-01-13 14:37:01,786 [15] Nut.Services.Localization.LocalizationService - Resource string (admin.configuration.languages.edit) is not found. Language ID = 2
2016-01-13 14:37:01,802 [15] Nut.Services.Localization.LocalizationService - Resource string (admin.users.userroles) is not found. Language ID = 2
2016-01-13 14:37:01,911 [15] Nut.Services.Localization.LocalizationService - Resource string (admin.home) is not found. Language ID = 2
2016-01-13 14:37:01,942 [15] Nut.Services.Localization.LocalizationService - Resource string (admin.users) is not found. Language ID = 2
2016-01-13 14:37:01,974 [15] Nut.Services.Localization.LocalizationService - Resource string (admin.users.departments) is not found. Language ID = 2
2016-01-13 14:37:01,989 [15] Nut.Services.Localization.LocalizationService - Resource string (admin.users) is not found. Language ID = 2
2016-01-13 14:37:02,005 [15] Nut.Services.Localization.LocalizationService - Resource string (admin.users.userroles) is not found. Language ID = 2
2016-01-13 14:37:02,036 [15] Nut.Services.Localization.LocalizationService - Resource string (admin.users.onlineusers) is not found. Language ID = 2
2016-01-13 14:37:02,114 [15] Nut.Services.Localization.LocalizationService - Resource string (admin.common.welcome) is not found. Language ID = 2
2016-01-13 14:37:02,130 [15] Nut.Services.Localization.LocalizationService - Resource string (admin.users.changepassword) is not found. Language ID = 2
2016-01-13 14:37:02,224 [15] Nut.Services.Localization.LocalizationService - Resource string (admin.users.logout) is not found. Language ID = 2
2016-01-13 14:37:06,332 [7] Nut.Services.Localization.LocalizationService - Resource string (admin.home) is not found. Language ID = 2
2016-01-13 14:37:06,379 [7] Nut.Services.Localization.LocalizationService - Resource string (admin.home) is not found. Language ID = 2
2016-01-13 14:37:06,394 [7] Nut.Services.Localization.LocalizationService - Resource string (admin.users) is not found. Language ID = 2
2016-01-13 14:37:06,410 [7] Nut.Services.Localization.LocalizationService - Resource string (admin.users.departments) is not found. Language ID = 2
2016-01-13 14:37:06,410 [7] Nut.Services.Localization.LocalizationService - Resource string (admin.users) is not found. Language ID = 2
2016-01-13 14:37:06,426 [7] Nut.Services.Localization.LocalizationService - Resource string (admin.users.userroles) is not found. Language ID = 2
2016-01-13 14:37:06,441 [7] Nut.Services.Localization.LocalizationService - Resource string (admin.users.onlineusers) is not found. Language ID = 2
2016-01-13 14:37:06,488 [7] Nut.Services.Localization.LocalizationService - Resource string (admin.common.welcome) is not found. Language ID = 2
2016-01-13 14:37:06,504 [7] Nut.Services.Localization.LocalizationService - Resource string (admin.users.changepassword) is not found. Language ID = 2
2016-01-13 14:37:06,519 [7] Nut.Services.Localization.LocalizationService - Resource string (admin.users.logout) is not found. Language ID = 2
2016-01-13 14:37:09,273 [15] Nut.Services.Localization.LocalizationService - Resource string (admin.home) is not found. Language ID = 2
2016-01-13 14:37:09,289 [15] Nut.Services.Localization.LocalizationService - Resource string (admin.users) is not found. Language ID = 2
2016-01-13 14:37:09,305 [15] Nut.Services.Localization.LocalizationService - Resource string (admin.users.departments) is not found. Language ID = 2
2016-01-13 14:37:09,320 [15] Nut.Services.Localization.LocalizationService - Resource string (admin.users) is not found. Language ID = 2
2016-01-13 14:37:09,336 [15] Nut.Services.Localization.LocalizationService - Resource string (admin.users.userroles) is not found. Language ID = 2
2016-01-13 14:37:09,352 [15] Nut.Services.Localization.LocalizationService - Resource string (admin.users.onlineusers) is not found. Language ID = 2
2016-01-13 14:37:09,414 [15] Nut.Services.Localization.LocalizationService - Resource string (admin.common.welcome) is not found. Language ID = 2
2016-01-13 14:37:09,414 [15] Nut.Services.Localization.LocalizationService - Resource string (admin.users.changepassword) is not found. Language ID = 2
2016-01-13 14:37:09,445 [15] Nut.Services.Localization.LocalizationService - Resource string (admin.users.logout) is not found. Language ID = 2
2016-01-13 14:37:21,496 [5] Nut.Services.Localization.LocalizationService - Resource string (admin.home) is not found. Language ID = 2
2016-01-13 14:37:21,496 [5] Nut.Services.Localization.LocalizationService - Resource string (admin.users) is not found. Language ID = 2
2016-01-13 14:37:21,512 [5] Nut.Services.Localization.LocalizationService - Resource string (admin.users.departments) is not found. Language ID = 2
2016-01-13 14:37:21,527 [5] Nut.Services.Localization.LocalizationService - Resource string (admin.users) is not found. Language ID = 2
2016-01-13 14:37:21,543 [5] Nut.Services.Localization.LocalizationService - Resource string (admin.users.userroles) is not found. Language ID = 2
2016-01-13 14:37:21,559 [5] Nut.Services.Localization.LocalizationService - Resource string (admin.users.onlineusers) is not found. Language ID = 2
2016-01-13 14:37:21,606 [5] Nut.Services.Localization.LocalizationService - Resource string (admin.common.welcome) is not found. Language ID = 2
2016-01-13 14:37:21,637 [5] Nut.Services.Localization.LocalizationService - Resource string (admin.users.changepassword) is not found. Language ID = 2
2016-01-13 14:37:21,668 [5] Nut.Services.Localization.LocalizationService - Resource string (admin.users.logout) is not found. Language ID = 2
2016-01-13 14:37:25,385 [6] Nut.Services.Localization.LocalizationService - Resource string (admin.home) is not found. Language ID = 2
2016-01-13 14:37:25,432 [6] Nut.Services.Localization.LocalizationService - Resource string (admin.home) is not found. Language ID = 2
2016-01-13 14:37:25,448 [6] Nut.Services.Localization.LocalizationService - Resource string (admin.users) is not found. Language ID = 2
2016-01-13 14:37:25,463 [6] Nut.Services.Localization.LocalizationService - Resource string (admin.users.departments) is not found. Language ID = 2
2016-01-13 14:37:25,479 [6] Nut.Services.Localization.LocalizationService - Resource string (admin.users) is not found. Language ID = 2
2016-01-13 14:37:25,495 [6] Nut.Services.Localization.LocalizationService - Resource string (admin.users.userroles) is not found. Language ID = 2
2016-01-13 14:37:25,510 [6] Nut.Services.Localization.LocalizationService - Resource string (admin.users.onlineusers) is not found. Language ID = 2
2016-01-13 14:37:25,557 [6] Nut.Services.Localization.LocalizationService - Resource string (admin.common.welcome) is not found. Language ID = 2
2016-01-13 14:37:25,573 [6] Nut.Services.Localization.LocalizationService - Resource string (admin.users.changepassword) is not found. Language ID = 2
2016-01-13 14:37:25,604 [6] Nut.Services.Localization.LocalizationService - Resource string (admin.users.logout) is not found. Language ID = 2
2016-01-13 14:37:28,779 [19] Nut.Services.Localization.LocalizationService - Resource string (admin.users) is not found. Language ID = 2
2016-01-13 14:37:28,810 [19] Nut.Services.Localization.LocalizationService - Resource string (admin.home) is not found. Language ID = 2
2016-01-13 14:37:28,810 [19] Nut.Services.Localization.LocalizationService - Resource string (admin.users) is not found. Language ID = 2
2016-01-13 14:37:28,826 [19] Nut.Services.Localization.LocalizationService - Resource string (admin.users) is not found. Language ID = 2
2016-01-13 14:37:28,857 [19] Nut.Services.Localization.LocalizationService - Resource string (admin.users.users.list.userroles) is not found. Language ID = 2
2016-01-13 14:37:28,857 [19] Nut.Services.Localization.LocalizationService - Resource string (admin.users.users.list.userroles) is not found. Language ID = 2
2016-01-13 14:37:28,873 [19] Nut.Services.Localization.LocalizationService - Resource string (admin.users.users.list.searchemail) is not found. Language ID = 2
2016-01-13 14:37:28,888 [19] Nut.Services.Localization.LocalizationService - Resource string (admin.users.users.list.searchemail) is not found. Language ID = 2
2016-01-13 14:37:28,935 [19] Nut.Services.Localization.LocalizationService - Resource string (admin.users.users.list.searchemail) is not found. Language ID = 2
2016-01-13 14:37:28,966 [19] Nut.Services.Localization.LocalizationService - Resource string (admin.users.users.list.searchusername) is not found. Language ID = 2
2016-01-13 14:37:28,982 [19] Nut.Services.Localization.LocalizationService - Resource string (admin.users.users.list.searchusername) is not found. Language ID = 2
2016-01-13 14:37:28,998 [19] Nut.Services.Localization.LocalizationService - Resource string (admin.users.users.list.searchusername) is not found. Language ID = 2
2016-01-13 14:37:29,029 [19] Nut.Services.Localization.LocalizationService - Resource string (admin.users.users.list.departments) is not found. Language ID = 2
2016-01-13 14:37:29,045 [19] Nut.Services.Localization.LocalizationService - Resource string (admin.users.users.list.departments) is not found. Language ID = 2
2016-01-13 14:37:29,060 [19] Nut.Services.Localization.LocalizationService - Resource string (admin.users.users.list.departments) is not found. Language ID = 2
2016-01-13 14:37:29,076 [19] Nut.Services.Localization.LocalizationService - Resource string (admin.users.fields.username) is not found. Language ID = 2
2016-01-13 14:37:29,091 [19] Nut.Services.Localization.LocalizationService - Resource string (admin.users.fields.departmentsname) is not found. Language ID = 2
2016-01-13 14:37:29,107 [19] Nut.Services.Localization.LocalizationService - Resource string (admin.users.fields.email) is not found. Language ID = 2
2016-01-13 14:37:29,123 [19] Nut.Services.Localization.LocalizationService - Resource string (admin.users.fields.active) is not found. Language ID = 2
2016-01-13 14:37:29,138 [19] Nut.Services.Localization.LocalizationService - Resource string (admin.users.users.list.userroles) is not found. Language ID = 2
2016-01-13 14:37:29,154 [19] Nut.Services.Localization.LocalizationService - Resource string (admin.home) is not found. Language ID = 2
2016-01-13 14:37:29,216 [19] Nut.Services.Localization.LocalizationService - Resource string (admin.users) is not found. Language ID = 2
2016-01-13 14:37:29,232 [19] Nut.Services.Localization.LocalizationService - Resource string (admin.users.departments) is not found. Language ID = 2
2016-01-13 14:37:29,263 [19] Nut.Services.Localization.LocalizationService - Resource string (admin.users) is not found. Language ID = 2
2016-01-13 14:37:29,295 [19] Nut.Services.Localization.LocalizationService - Resource string (admin.users.userroles) is not found. Language ID = 2
2016-01-13 14:37:29,310 [19] Nut.Services.Localization.LocalizationService - Resource string (admin.users.onlineusers) is not found. Language ID = 2
2016-01-13 14:37:29,357 [19] Nut.Services.Localization.LocalizationService - Resource string (admin.common.welcome) is not found. Language ID = 2
2016-01-13 14:37:29,373 [19] Nut.Services.Localization.LocalizationService - Resource string (admin.users.changepassword) is not found. Language ID = 2
2016-01-13 14:37:29,404 [19] Nut.Services.Localization.LocalizationService - Resource string (admin.users.logout) is not found. Language ID = 2
2016-01-13 14:37:30,326 [15] Nut.Services.Localization.LocalizationService - Resource string (admin.users.users.list.userroles) is not found. Language ID = 2
2016-01-13 14:37:30,326 [15] Nut.Services.Localization.LocalizationService - Resource string (admin.users.users.list.userroles) is not found. Language ID = 2
2016-01-13 14:37:30,341 [15] Nut.Services.Localization.LocalizationService - Resource string (admin.users.users.list.searchusername) is not found. Language ID = 2
2016-01-13 14:37:30,373 [15] Nut.Services.Localization.LocalizationService - Resource string (admin.users.users.list.searchemail) is not found. Language ID = 2
2016-01-13 14:37:30,388 [15] Nut.Services.Localization.LocalizationService - Resource string (admin.users.users.list.departments) is not found. Language ID = 2
2016-01-13 14:37:30,388 [15] Nut.Services.Localization.LocalizationService - Resource string (admin.users.users.list.departments) is not found. Language ID = 2
2016-01-13 14:37:33,214 [13] Nut.Services.Localization.LocalizationService - Resource string (admin.home) is not found. Language ID = 2
2016-01-13 14:37:33,261 [13] Nut.Services.Localization.LocalizationService - Resource string (admin.home) is not found. Language ID = 2
2016-01-13 14:37:33,261 [13] Nut.Services.Localization.LocalizationService - Resource string (admin.users) is not found. Language ID = 2
2016-01-13 14:37:33,277 [13] Nut.Services.Localization.LocalizationService - Resource string (admin.users.departments) is not found. Language ID = 2
2016-01-13 14:37:33,293 [13] Nut.Services.Localization.LocalizationService - Resource string (admin.users) is not found. Language ID = 2
2016-01-13 14:37:33,308 [13] Nut.Services.Localization.LocalizationService - Resource string (admin.users.userroles) is not found. Language ID = 2
2016-01-13 14:37:33,324 [13] Nut.Services.Localization.LocalizationService - Resource string (admin.users.onlineusers) is not found. Language ID = 2
2016-01-13 14:37:33,371 [13] Nut.Services.Localization.LocalizationService - Resource string (admin.common.welcome) is not found. Language ID = 2
2016-01-13 14:37:33,386 [13] Nut.Services.Localization.LocalizationService - Resource string (admin.users.changepassword) is not found. Language ID = 2
2016-01-13 14:37:33,402 [13] Nut.Services.Localization.LocalizationService - Resource string (admin.users.logout) is not found. Language ID = 2
2016-01-13 14:37:35,768 [9] Nut.Services.Localization.LocalizationService - Resource string (admin.home) is not found. Language ID = 2
2016-01-13 14:37:35,831 [9] Nut.Services.Localization.LocalizationService - Resource string (admin.home) is not found. Language ID = 2
2016-01-13 14:37:35,846 [9] Nut.Services.Localization.LocalizationService - Resource string (admin.users) is not found. Language ID = 2
2016-01-13 14:37:35,862 [9] Nut.Services.Localization.LocalizationService - Resource string (admin.users.departments) is not found. Language ID = 2
2016-01-13 14:37:35,878 [9] Nut.Services.Localization.LocalizationService - Resource string (admin.users) is not found. Language ID = 2
2016-01-13 14:37:35,878 [9] Nut.Services.Localization.LocalizationService - Resource string (admin.users.userroles) is not found. Language ID = 2
2016-01-13 14:37:35,893 [9] Nut.Services.Localization.LocalizationService - Resource string (admin.users.onlineusers) is not found. Language ID = 2
2016-01-13 14:37:35,956 [9] Nut.Services.Localization.LocalizationService - Resource string (admin.common.welcome) is not found. Language ID = 2
2016-01-13 14:37:35,956 [9] Nut.Services.Localization.LocalizationService - Resource string (admin.users.changepassword) is not found. Language ID = 2
2016-01-13 14:37:35,987 [9] Nut.Services.Localization.LocalizationService - Resource string (admin.users.logout) is not found. Language ID = 2
2016-01-13 14:37:43,838 [13] Nut.Services.Localization.LocalizationService - Resource string (admin.home) is not found. Language ID = 2
2016-01-13 14:37:43,931 [13] Nut.Services.Localization.LocalizationService - Resource string (admin.home) is not found. Language ID = 2
2016-01-13 14:37:43,947 [13] Nut.Services.Localization.LocalizationService - Resource string (admin.users) is not found. Language ID = 2
2016-01-13 14:37:43,963 [13] Nut.Services.Localization.LocalizationService - Resource string (admin.users.departments) is not found. Language ID = 2
2016-01-13 14:37:43,963 [13] Nut.Services.Localization.LocalizationService - Resource string (admin.users) is not found. Language ID = 2
2016-01-13 14:37:43,978 [13] Nut.Services.Localization.LocalizationService - Resource string (admin.users.userroles) is not found. Language ID = 2
2016-01-13 14:37:43,994 [13] Nut.Services.Localization.LocalizationService - Resource string (admin.users.onlineusers) is not found. Language ID = 2
2016-01-13 14:37:44,041 [13] Nut.Services.Localization.LocalizationService - Resource string (admin.common.welcome) is not found. Language ID = 2
2016-01-13 14:37:44,056 [13] Nut.Services.Localization.LocalizationService - Resource string (admin.users.changepassword) is not found. Language ID = 2
2016-01-13 14:37:44,072 [13] Nut.Services.Localization.LocalizationService - Resource string (admin.users.logout) is not found. Language ID = 2
2016-01-13 14:37:49,774 [15] Nut.Services.Localization.LocalizationService - Resource string (admin.home) is not found. Language ID = 2
2016-01-13 14:37:49,821 [15] Nut.Services.Localization.LocalizationService - Resource string (admin.home) is not found. Language ID = 2
2016-01-13 14:37:49,836 [15] Nut.Services.Localization.LocalizationService - Resource string (admin.users) is not found. Language ID = 2
2016-01-13 14:37:49,852 [15] Nut.Services.Localization.LocalizationService - Resource string (admin.users.departments) is not found. Language ID = 2
2016-01-13 14:37:49,867 [15] Nut.Services.Localization.LocalizationService - Resource string (admin.users) is not found. Language ID = 2
2016-01-13 14:37:49,883 [15] Nut.Services.Localization.LocalizationService - Resource string (admin.users.userroles) is not found. Language ID = 2
2016-01-13 14:37:49,899 [15] Nut.Services.Localization.LocalizationService - Resource string (admin.users.onlineusers) is not found. Language ID = 2
2016-01-13 14:37:49,946 [15] Nut.Services.Localization.LocalizationService - Resource string (admin.common.welcome) is not found. Language ID = 2
2016-01-13 14:37:49,961 [15] Nut.Services.Localization.LocalizationService - Resource string (admin.users.changepassword) is not found. Language ID = 2
2016-01-13 14:37:49,977 [15] Nut.Services.Localization.LocalizationService - Resource string (admin.users.logout) is not found. Language ID = 2
2016-01-13 14:37:53,393 [6] Nut.Services.Localization.LocalizationService - Resource string (admin.configuration.languages.edit) is not found. Language ID = 2
2016-01-13 14:37:53,393 [6] Nut.Services.Localization.LocalizationService - Resource string (admin.configuration.languages.edit) is not found. Language ID = 2
2016-01-13 14:37:53,409 [6] Nut.Services.Localization.LocalizationService - Resource string (admin.users.userroles) is not found. Language ID = 2
2016-01-13 14:37:53,534 [6] Nut.Services.Localization.LocalizationService - Resource string (admin.home) is not found. Language ID = 2
2016-01-13 14:37:53,549 [6] Nut.Services.Localization.LocalizationService - Resource string (admin.users) is not found. Language ID = 2
2016-01-13 14:37:53,565 [6] Nut.Services.Localization.LocalizationService - Resource string (admin.users.departments) is not found. Language ID = 2
2016-01-13 14:37:53,565 [6] Nut.Services.Localization.LocalizationService - Resource string (admin.users) is not found. Language ID = 2
2016-01-13 14:37:53,596 [6] Nut.Services.Localization.LocalizationService - Resource string (admin.users.userroles) is not found. Language ID = 2
2016-01-13 14:37:53,627 [6] Nut.Services.Localization.LocalizationService - Resource string (admin.users.onlineusers) is not found. Language ID = 2
2016-01-13 14:37:53,690 [6] Nut.Services.Localization.LocalizationService - Resource string (admin.common.welcome) is not found. Language ID = 2
2016-01-13 14:37:53,721 [6] Nut.Services.Localization.LocalizationService - Resource string (admin.users.changepassword) is not found. Language ID = 2
2016-01-13 14:37:53,737 [6] Nut.Services.Localization.LocalizationService - Resource string (admin.users.logout) is not found. Language ID = 2
