2016-01-21 11:35:21,405 [1] Nut.Web.Framework.Logging.LoggingModule - Application started
2016-01-21 16:58:09,672 [1] Nut.Web.Framework.Logging.LoggingModule - Application started
2016-01-21 17:03:42,730 [1] Nut.Web.Framework.Logging.LoggingModule - Application started
2016-01-21 17:04:26,823 [11] Nut.Services.Localization.LocalizationService - Resource string (pagetitle.pagenotfound) is not found. Language ID = 3
2016-01-21 17:04:54,715 [11] Nut.Services.Localization.LocalizationService - Resource string (pagetitle.pagenotfound) is not found. Language ID = 3
2016-01-21 17:05:07,213 [7] Nut.Services.Localization.LocalizationService - Resource string (pagetitle.pagenotfound) is not found. Language ID = 3
2016-01-21 17:18:38,439 [1] Nut.Web.Framework.Logging.LoggingModule - Application started
2016-01-21 17:19:03,651 [14] Nut.Services.Localization.LocalizationService - Resource string (pagetitle.login) is not found. Language ID = 3
2016-01-21 17:19:03,721 [14] Nut.Services.Localization.LocalizationService - Resource string (account.login.unsuccessful) is not found. Language ID = 3
2016-01-21 17:19:03,763 [14] Nut.Services.Localization.LocalizationService - Resource string (account.login.fields.username) is not found. Language ID = 3
2016-01-21 17:19:03,833 [14] Nut.Services.Localization.LocalizationService - Resource string (account.login.fields.username) is not found. Language ID = 3
2016-01-21 17:19:03,869 [14] Nut.Services.Localization.LocalizationService - Resource string (account.login.fields.password) is not found. Language ID = 3
2016-01-21 17:19:03,929 [14] Nut.Services.Localization.LocalizationService - Resource string (account.login.fields.password) is not found. Language ID = 3
2016-01-21 17:19:12,287 [19] Nut.Services.Localization.LocalizationService - Resource string (account.login.fields.username) is not found. Language ID = 3
2016-01-21 17:19:12,310 [19] Nut.Services.Localization.LocalizationService - Resource string (account.login.fields.password) is not found. Language ID = 3
2016-01-21 17:19:12,333 [19] Nut.Services.Localization.LocalizationService - Resource string (account.login.fields.rememberme) is not found. Language ID = 3
2016-01-21 17:19:22,769 [21] Nut.Services.Localization.LocalizationService - Resource string (admin.common.success) is not found. Language ID = 1
2016-01-21 17:19:22,801 [21] Nut.Services.Localization.LocalizationService - Resource string (admin.common.error) is not found. Language ID = 1
2016-01-21 17:19:22,846 [21] Nut.Services.Localization.LocalizationService - Resource string (admin.users.fields.departmentsname) is not found. Language ID = 1
2016-01-21 17:19:28,456 [14] Nut.Services.Localization.LocalizationService - Resource string (admin.department.notparentdepartment) is not found. Language ID = 1
2016-01-21 17:19:28,618 [14] Nut.Services.Localization.LocalizationService - Resource string (admin.departments.fields.name.required) is not found. Language ID = 1
2016-01-21 17:19:28,663 [14] Nut.Services.Localization.LocalizationService - Resource string (admin.common.lengthvalidation) is not found. Language ID = 1
2016-01-21 17:19:28,692 [14] Nut.Services.Localization.LocalizationService - Resource string (admin.departments.fields.code.required) is not found. Language ID = 1
2016-01-21 17:19:28,702 [14] Nut.Services.Localization.LocalizationService - Resource string (admin.common.lengthvalidation) is not found. Language ID = 1
2016-01-21 17:19:28,733 [14] Nut.Services.Localization.LocalizationService - Resource string (admin.departments.fields.storeid.required) is not found. Language ID = 1
2016-01-21 17:19:28,775 [14] Nut.Services.Localization.LocalizationService - Resource string (admin.departments.fields.name.required) is not found. Language ID = 1
2016-01-21 17:19:28,784 [14] Nut.Services.Localization.LocalizationService - Resource string (admin.common.lengthvalidation) is not found. Language ID = 1
2016-01-21 17:19:28,794 [14] Nut.Services.Localization.LocalizationService - Resource string (admin.departments.fields.code.required) is not found. Language ID = 1
2016-01-21 17:19:28,802 [14] Nut.Services.Localization.LocalizationService - Resource string (admin.common.lengthvalidation) is not found. Language ID = 1
2016-01-21 17:19:28,811 [14] Nut.Services.Localization.LocalizationService - Resource string (admin.departments.fields.storeid.required) is not found. Language ID = 1
2016-01-21 17:19:28,841 [14] Nut.Services.Localization.LocalizationService - Resource string (admin.departments.fields.name.required) is not found. Language ID = 1
2016-01-21 17:19:28,850 [14] Nut.Services.Localization.LocalizationService - Resource string (admin.common.lengthvalidation) is not found. Language ID = 1
2016-01-21 17:19:28,860 [14] Nut.Services.Localization.LocalizationService - Resource string (admin.departments.fields.code.required) is not found. Language ID = 1
2016-01-21 17:19:28,870 [14] Nut.Services.Localization.LocalizationService - Resource string (admin.common.lengthvalidation) is not found. Language ID = 1
2016-01-21 17:19:28,880 [14] Nut.Services.Localization.LocalizationService - Resource string (admin.departments.fields.storeid.required) is not found. Language ID = 1
2016-01-21 17:19:28,923 [14] Nut.Services.Localization.LocalizationService - Resource string (admin.departments.fields.name.required) is not found. Language ID = 1
2016-01-21 17:19:28,932 [14] Nut.Services.Localization.LocalizationService - Resource string (admin.common.lengthvalidation) is not found. Language ID = 1
2016-01-21 17:19:28,941 [14] Nut.Services.Localization.LocalizationService - Resource string (admin.departments.fields.code.required) is not found. Language ID = 1
2016-01-21 17:19:28,951 [14] Nut.Services.Localization.LocalizationService - Resource string (admin.common.lengthvalidation) is not found. Language ID = 1
2016-01-21 17:19:28,960 [14] Nut.Services.Localization.LocalizationService - Resource string (admin.departments.fields.storeid.required) is not found. Language ID = 1
2016-01-21 17:19:28,988 [14] Nut.Services.Localization.LocalizationService - Resource string (admin.departments.fields.name.required) is not found. Language ID = 1
2016-01-21 17:19:28,998 [14] Nut.Services.Localization.LocalizationService - Resource string (admin.common.lengthvalidation) is not found. Language ID = 1
2016-01-21 17:19:29,008 [14] Nut.Services.Localization.LocalizationService - Resource string (admin.departments.fields.code.required) is not found. Language ID = 1
2016-01-21 17:19:29,019 [14] Nut.Services.Localization.LocalizationService - Resource string (admin.common.lengthvalidation) is not found. Language ID = 1
2016-01-21 17:19:29,029 [14] Nut.Services.Localization.LocalizationService - Resource string (admin.departments.fields.storeid.required) is not found. Language ID = 1
2016-01-21 17:19:29,058 [14] Nut.Services.Localization.LocalizationService - Resource string (admin.departments.fields.name.required) is not found. Language ID = 1
2016-01-21 17:19:29,068 [14] Nut.Services.Localization.LocalizationService - Resource string (admin.common.lengthvalidation) is not found. Language ID = 1
2016-01-21 17:19:29,078 [14] Nut.Services.Localization.LocalizationService - Resource string (admin.departments.fields.code.required) is not found. Language ID = 1
2016-01-21 17:19:29,088 [14] Nut.Services.Localization.LocalizationService - Resource string (admin.common.lengthvalidation) is not found. Language ID = 1
2016-01-21 17:19:29,098 [14] Nut.Services.Localization.LocalizationService - Resource string (admin.departments.fields.storeid.required) is not found. Language ID = 1
2016-01-21 17:19:29,582 [14] Nut.Services.Localization.LocalizationService - Resource string (admin.departments.fields.name.required) is not found. Language ID = 1
2016-01-21 17:19:29,595 [14] Nut.Services.Localization.LocalizationService - Resource string (admin.common.lengthvalidation) is not found. Language ID = 1
2016-01-21 17:19:29,605 [14] Nut.Services.Localization.LocalizationService - Resource string (admin.departments.fields.code.required) is not found. Language ID = 1
2016-01-21 17:19:29,613 [14] Nut.Services.Localization.LocalizationService - Resource string (admin.common.lengthvalidation) is not found. Language ID = 1
2016-01-21 17:19:29,621 [14] Nut.Services.Localization.LocalizationService - Resource string (admin.departments.fields.storeid.required) is not found. Language ID = 1
2016-01-21 17:19:29,758 [14] Nut.Services.Localization.LocalizationService - Resource string (admin.departments.fields.name.required) is not found. Language ID = 1
2016-01-21 17:19:29,767 [14] Nut.Services.Localization.LocalizationService - Resource string (admin.common.lengthvalidation) is not found. Language ID = 1
2016-01-21 17:19:29,777 [14] Nut.Services.Localization.LocalizationService - Resource string (admin.departments.fields.code.required) is not found. Language ID = 1
2016-01-21 17:19:29,788 [14] Nut.Services.Localization.LocalizationService - Resource string (admin.common.lengthvalidation) is not found. Language ID = 1
2016-01-21 17:19:29,799 [14] Nut.Services.Localization.LocalizationService - Resource string (admin.departments.fields.storeid.required) is not found. Language ID = 1
2016-01-21 17:19:36,313 [14] Nut.Services.Localization.LocalizationService - Resource string (admin.department.notparentdepartment) is not found. Language ID = 1
2016-01-21 17:19:36,414 [14] Nut.Services.Localization.LocalizationService - Resource string (admin.departments.fields.name.required) is not found. Language ID = 1
2016-01-21 17:19:36,451 [14] Nut.Services.Localization.LocalizationService - Resource string (admin.common.lengthvalidation) is not found. Language ID = 1
2016-01-21 17:19:36,479 [14] Nut.Services.Localization.LocalizationService - Resource string (admin.departments.fields.code.required) is not found. Language ID = 1
2016-01-21 17:19:36,489 [14] Nut.Services.Localization.LocalizationService - Resource string (admin.common.lengthvalidation) is not found. Language ID = 1
2016-01-21 17:19:36,515 [14] Nut.Services.Localization.LocalizationService - Resource string (admin.departments.fields.storeid.required) is not found. Language ID = 1
2016-01-21 17:19:36,544 [14] Nut.Services.Localization.LocalizationService - Resource string (admin.departments.fields.name.required) is not found. Language ID = 1
2016-01-21 17:19:36,554 [14] Nut.Services.Localization.LocalizationService - Resource string (admin.common.lengthvalidation) is not found. Language ID = 1
2016-01-21 17:19:36,562 [14] Nut.Services.Localization.LocalizationService - Resource string (admin.departments.fields.code.required) is not found. Language ID = 1
2016-01-21 17:19:36,571 [14] Nut.Services.Localization.LocalizationService - Resource string (admin.common.lengthvalidation) is not found. Language ID = 1
2016-01-21 17:19:36,580 [14] Nut.Services.Localization.LocalizationService - Resource string (admin.departments.fields.storeid.required) is not found. Language ID = 1
2016-01-21 17:19:36,606 [14] Nut.Services.Localization.LocalizationService - Resource string (admin.departments.fields.name.required) is not found. Language ID = 1
2016-01-21 17:19:36,616 [14] Nut.Services.Localization.LocalizationService - Resource string (admin.common.lengthvalidation) is not found. Language ID = 1
2016-01-21 17:19:36,625 [14] Nut.Services.Localization.LocalizationService - Resource string (admin.departments.fields.code.required) is not found. Language ID = 1
2016-01-21 17:19:36,634 [14] Nut.Services.Localization.LocalizationService - Resource string (admin.common.lengthvalidation) is not found. Language ID = 1
2016-01-21 17:19:36,644 [14] Nut.Services.Localization.LocalizationService - Resource string (admin.departments.fields.storeid.required) is not found. Language ID = 1
2016-01-21 17:19:36,671 [14] Nut.Services.Localization.LocalizationService - Resource string (admin.departments.fields.name.required) is not found. Language ID = 1
2016-01-21 17:19:36,681 [14] Nut.Services.Localization.LocalizationService - Resource string (admin.common.lengthvalidation) is not found. Language ID = 1
2016-01-21 17:19:36,690 [14] Nut.Services.Localization.LocalizationService - Resource string (admin.departments.fields.code.required) is not found. Language ID = 1
2016-01-21 17:19:36,700 [14] Nut.Services.Localization.LocalizationService - Resource string (admin.common.lengthvalidation) is not found. Language ID = 1
2016-01-21 17:19:36,708 [14] Nut.Services.Localization.LocalizationService - Resource string (admin.departments.fields.storeid.required) is not found. Language ID = 1
2016-01-21 17:19:36,734 [14] Nut.Services.Localization.LocalizationService - Resource string (admin.departments.fields.name.required) is not found. Language ID = 1
2016-01-21 17:19:36,743 [14] Nut.Services.Localization.LocalizationService - Resource string (admin.common.lengthvalidation) is not found. Language ID = 1
2016-01-21 17:19:36,753 [14] Nut.Services.Localization.LocalizationService - Resource string (admin.departments.fields.code.required) is not found. Language ID = 1
2016-01-21 17:19:36,762 [14] Nut.Services.Localization.LocalizationService - Resource string (admin.common.lengthvalidation) is not found. Language ID = 1
2016-01-21 17:19:36,772 [14] Nut.Services.Localization.LocalizationService - Resource string (admin.departments.fields.storeid.required) is not found. Language ID = 1
2016-01-21 17:19:36,800 [14] Nut.Services.Localization.LocalizationService - Resource string (admin.departments.fields.name.required) is not found. Language ID = 1
2016-01-21 17:19:36,819 [14] Nut.Services.Localization.LocalizationService - Resource string (admin.common.lengthvalidation) is not found. Language ID = 1
2016-01-21 17:19:36,830 [14] Nut.Services.Localization.LocalizationService - Resource string (admin.departments.fields.code.required) is not found. Language ID = 1
2016-01-21 17:19:36,840 [14] Nut.Services.Localization.LocalizationService - Resource string (admin.common.lengthvalidation) is not found. Language ID = 1
2016-01-21 17:19:36,850 [14] Nut.Services.Localization.LocalizationService - Resource string (admin.departments.fields.storeid.required) is not found. Language ID = 1
2016-01-21 17:19:36,902 [14] Nut.Services.Localization.LocalizationService - Resource string (admin.departments.fields.name.required) is not found. Language ID = 1
2016-01-21 17:19:36,913 [14] Nut.Services.Localization.LocalizationService - Resource string (admin.common.lengthvalidation) is not found. Language ID = 1
2016-01-21 17:19:36,922 [14] Nut.Services.Localization.LocalizationService - Resource string (admin.departments.fields.code.required) is not found. Language ID = 1
2016-01-21 17:19:36,932 [14] Nut.Services.Localization.LocalizationService - Resource string (admin.common.lengthvalidation) is not found. Language ID = 1
2016-01-21 17:19:36,942 [14] Nut.Services.Localization.LocalizationService - Resource string (admin.departments.fields.storeid.required) is not found. Language ID = 1
2016-01-21 17:19:37,074 [14] Nut.Services.Localization.LocalizationService - Resource string (admin.departments.fields.name.required) is not found. Language ID = 1
2016-01-21 17:19:37,085 [14] Nut.Services.Localization.LocalizationService - Resource string (admin.common.lengthvalidation) is not found. Language ID = 1
2016-01-21 17:19:37,096 [14] Nut.Services.Localization.LocalizationService - Resource string (admin.departments.fields.code.required) is not found. Language ID = 1
2016-01-21 17:19:37,108 [14] Nut.Services.Localization.LocalizationService - Resource string (admin.common.lengthvalidation) is not found. Language ID = 1
2016-01-21 17:19:37,117 [14] Nut.Services.Localization.LocalizationService - Resource string (admin.departments.fields.storeid.required) is not found. Language ID = 1
2016-01-21 17:19:56,283 [14] Nut.Services.Localization.LocalizationService - Resource string (admin.departments.fields.name.required) is not found. Language ID = 1
2016-01-21 17:19:56,312 [14] Nut.Services.Localization.LocalizationService - Resource string (admin.common.lengthvalidation) is not found. Language ID = 1
2016-01-21 17:19:56,339 [14] Nut.Services.Localization.LocalizationService - Resource string (admin.departments.fields.code.required) is not found. Language ID = 1
2016-01-21 17:19:56,349 [14] Nut.Services.Localization.LocalizationService - Resource string (admin.common.lengthvalidation) is not found. Language ID = 1
2016-01-21 17:19:56,378 [14] Nut.Services.Localization.LocalizationService - Resource string (admin.departments.fields.storeid.required) is not found. Language ID = 1
2016-01-21 17:19:56,387 [14] Nut.Services.Localization.LocalizationService - Resource string (admin.departments.fields.name.required) is not found. Language ID = 1
2016-01-21 17:19:56,424 [14] Nut.Services.Localization.LocalizationService - Resource string (admin.common.lengthvalidation) is not found. Language ID = 1
2016-01-21 17:19:56,439 [14] Nut.Services.Localization.LocalizationService - Resource string (admin.departments.fields.code.required) is not found. Language ID = 1
2016-01-21 17:19:56,460 [14] Nut.Services.Localization.LocalizationService - Resource string (admin.common.lengthvalidation) is not found. Language ID = 1
2016-01-21 17:19:56,485 [14] Nut.Services.Localization.LocalizationService - Resource string (admin.departments.fields.storeid.required) is not found. Language ID = 1
2016-01-21 17:19:56,502 [14] Nut.Services.Localization.LocalizationService - Resource string (admin.departments.fields.name.required) is not found. Language ID = 1
2016-01-21 17:19:56,523 [14] Nut.Services.Localization.LocalizationService - Resource string (admin.common.lengthvalidation) is not found. Language ID = 1
2016-01-21 17:19:56,539 [14] Nut.Services.Localization.LocalizationService - Resource string (admin.departments.fields.code.required) is not found. Language ID = 1
2016-01-21 17:19:56,557 [14] Nut.Services.Localization.LocalizationService - Resource string (admin.common.lengthvalidation) is not found. Language ID = 1
2016-01-21 17:19:56,566 [14] Nut.Services.Localization.LocalizationService - Resource string (admin.departments.fields.storeid.required) is not found. Language ID = 1
2016-01-21 17:19:56,576 [14] Nut.Services.Localization.LocalizationService - Resource string (admin.departments.fields.name.required) is not found. Language ID = 1
2016-01-21 17:19:56,602 [14] Nut.Services.Localization.LocalizationService - Resource string (admin.common.lengthvalidation) is not found. Language ID = 1
2016-01-21 17:19:56,644 [14] Nut.Services.Localization.LocalizationService - Resource string (admin.departments.fields.code.required) is not found. Language ID = 1
2016-01-21 17:19:56,669 [14] Nut.Services.Localization.LocalizationService - Resource string (admin.common.lengthvalidation) is not found. Language ID = 1
2016-01-21 17:19:56,695 [14] Nut.Services.Localization.LocalizationService - Resource string (admin.departments.fields.storeid.required) is not found. Language ID = 1
2016-01-21 17:19:56,718 [14] Nut.Services.Localization.LocalizationService - Resource string (admin.departments.fields.name.required) is not found. Language ID = 1
2016-01-21 17:19:56,735 [14] Nut.Services.Localization.LocalizationService - Resource string (admin.common.lengthvalidation) is not found. Language ID = 1
2016-01-21 17:19:56,753 [14] Nut.Services.Localization.LocalizationService - Resource string (admin.departments.fields.code.required) is not found. Language ID = 1
2016-01-21 17:19:56,761 [14] Nut.Services.Localization.LocalizationService - Resource string (admin.common.lengthvalidation) is not found. Language ID = 1
2016-01-21 17:19:56,770 [14] Nut.Services.Localization.LocalizationService - Resource string (admin.departments.fields.storeid.required) is not found. Language ID = 1
2016-01-21 17:19:56,779 [14] Nut.Services.Localization.LocalizationService - Resource string (admin.departments.fields.name.required) is not found. Language ID = 1
2016-01-21 17:19:56,787 [14] Nut.Services.Localization.LocalizationService - Resource string (admin.common.lengthvalidation) is not found. Language ID = 1
2016-01-21 17:19:56,798 [14] Nut.Services.Localization.LocalizationService - Resource string (admin.departments.fields.code.required) is not found. Language ID = 1
2016-01-21 17:19:56,807 [14] Nut.Services.Localization.LocalizationService - Resource string (admin.common.lengthvalidation) is not found. Language ID = 1
2016-01-21 17:19:56,817 [14] Nut.Services.Localization.LocalizationService - Resource string (admin.departments.fields.storeid.required) is not found. Language ID = 1
2016-01-21 17:19:56,826 [14] Nut.Services.Localization.LocalizationService - Resource string (admin.departments.fields.name.required) is not found. Language ID = 1
2016-01-21 17:19:56,837 [14] Nut.Services.Localization.LocalizationService - Resource string (admin.common.lengthvalidation) is not found. Language ID = 1
2016-01-21 17:19:56,847 [14] Nut.Services.Localization.LocalizationService - Resource string (admin.departments.fields.code.required) is not found. Language ID = 1
2016-01-21 17:19:56,858 [14] Nut.Services.Localization.LocalizationService - Resource string (admin.common.lengthvalidation) is not found. Language ID = 1
2016-01-21 17:19:56,867 [14] Nut.Services.Localization.LocalizationService - Resource string (admin.departments.fields.storeid.required) is not found. Language ID = 1
2016-01-21 17:19:56,877 [14] Nut.Services.Localization.LocalizationService - Resource string (admin.departments.fields.name.required) is not found. Language ID = 1
2016-01-21 17:19:56,886 [14] Nut.Services.Localization.LocalizationService - Resource string (admin.common.lengthvalidation) is not found. Language ID = 1
2016-01-21 17:19:56,896 [14] Nut.Services.Localization.LocalizationService - Resource string (admin.departments.fields.code.required) is not found. Language ID = 1
2016-01-21 17:19:56,906 [14] Nut.Services.Localization.LocalizationService - Resource string (admin.common.lengthvalidation) is not found. Language ID = 1
2016-01-21 17:19:56,916 [14] Nut.Services.Localization.LocalizationService - Resource string (admin.departments.fields.storeid.required) is not found. Language ID = 1
2016-01-21 17:19:56,928 [14] Nut.Services.Localization.LocalizationService - Resource string (admin.departments.fields.name.required) is not found. Language ID = 1
2016-01-21 17:19:56,937 [14] Nut.Services.Localization.LocalizationService - Resource string (admin.common.lengthvalidation) is not found. Language ID = 1
2016-01-21 17:19:56,947 [14] Nut.Services.Localization.LocalizationService - Resource string (admin.departments.fields.code.required) is not found. Language ID = 1
2016-01-21 17:19:56,957 [14] Nut.Services.Localization.LocalizationService - Resource string (admin.common.lengthvalidation) is not found. Language ID = 1
2016-01-21 17:19:56,967 [14] Nut.Services.Localization.LocalizationService - Resource string (admin.departments.fields.storeid.required) is not found. Language ID = 1
2016-01-21 17:19:56,979 [14] Nut.Services.Localization.LocalizationService - Resource string (admin.departments.fields.name.required) is not found. Language ID = 1
2016-01-21 17:19:57,131 [14] Nut.Services.Localization.LocalizationService - Resource string (admin.common.lengthvalidation) is not found. Language ID = 1
2016-01-21 17:19:57,142 [14] Nut.Services.Localization.LocalizationService - Resource string (admin.departments.fields.code.required) is not found. Language ID = 1
2016-01-21 17:19:57,151 [14] Nut.Services.Localization.LocalizationService - Resource string (admin.common.lengthvalidation) is not found. Language ID = 1
2016-01-21 17:19:57,163 [14] Nut.Services.Localization.LocalizationService - Resource string (admin.departments.fields.storeid.required) is not found. Language ID = 1
2016-01-21 17:19:57,172 [14] Nut.Services.Localization.LocalizationService - Resource string (admin.departments.fields.name.required) is not found. Language ID = 1
2016-01-21 17:19:57,182 [14] Nut.Services.Localization.LocalizationService - Resource string (admin.common.lengthvalidation) is not found. Language ID = 1
2016-01-21 17:19:57,194 [14] Nut.Services.Localization.LocalizationService - Resource string (admin.departments.fields.code.required) is not found. Language ID = 1
2016-01-21 17:19:57,205 [14] Nut.Services.Localization.LocalizationService - Resource string (admin.common.lengthvalidation) is not found. Language ID = 1
2016-01-21 17:19:57,215 [14] Nut.Services.Localization.LocalizationService - Resource string (admin.departments.fields.storeid.required) is not found. Language ID = 1
2016-01-21 17:19:57,226 [14] Nut.Services.Localization.LocalizationService - Resource string (admin.departments.fields.name.required) is not found. Language ID = 1
2016-01-21 17:19:57,236 [14] Nut.Services.Localization.LocalizationService - Resource string (admin.common.lengthvalidation) is not found. Language ID = 1
2016-01-21 17:19:57,245 [14] Nut.Services.Localization.LocalizationService - Resource string (admin.departments.fields.code.required) is not found. Language ID = 1
2016-01-21 17:19:57,256 [14] Nut.Services.Localization.LocalizationService - Resource string (admin.common.lengthvalidation) is not found. Language ID = 1
2016-01-21 17:19:57,266 [14] Nut.Services.Localization.LocalizationService - Resource string (admin.departments.fields.storeid.required) is not found. Language ID = 1
2016-01-21 17:19:57,275 [14] Nut.Services.Localization.LocalizationService - Resource string (admin.departments.fields.name.required) is not found. Language ID = 1
2016-01-21 17:19:57,284 [14] Nut.Services.Localization.LocalizationService - Resource string (admin.common.lengthvalidation) is not found. Language ID = 1
2016-01-21 17:19:57,293 [14] Nut.Services.Localization.LocalizationService - Resource string (admin.departments.fields.code.required) is not found. Language ID = 1
2016-01-21 17:19:57,303 [14] Nut.Services.Localization.LocalizationService - Resource string (admin.common.lengthvalidation) is not found. Language ID = 1
2016-01-21 17:19:57,312 [14] Nut.Services.Localization.LocalizationService - Resource string (admin.departments.fields.storeid.required) is not found. Language ID = 1
2016-01-21 17:19:57,322 [14] Nut.Services.Localization.LocalizationService - Resource string (admin.departments.fields.name.required) is not found. Language ID = 1
2016-01-21 17:19:57,332 [14] Nut.Services.Localization.LocalizationService - Resource string (admin.common.lengthvalidation) is not found. Language ID = 1
2016-01-21 17:19:57,344 [14] Nut.Services.Localization.LocalizationService - Resource string (admin.departments.fields.code.required) is not found. Language ID = 1
2016-01-21 17:19:57,353 [14] Nut.Services.Localization.LocalizationService - Resource string (admin.common.lengthvalidation) is not found. Language ID = 1
2016-01-21 17:19:57,362 [14] Nut.Services.Localization.LocalizationService - Resource string (admin.departments.fields.storeid.required) is not found. Language ID = 1
2016-01-21 17:19:57,372 [14] Nut.Services.Localization.LocalizationService - Resource string (admin.departments.fields.name.required) is not found. Language ID = 1
2016-01-21 17:19:57,382 [14] Nut.Services.Localization.LocalizationService - Resource string (admin.common.lengthvalidation) is not found. Language ID = 1
2016-01-21 17:19:57,391 [14] Nut.Services.Localization.LocalizationService - Resource string (admin.departments.fields.code.required) is not found. Language ID = 1
2016-01-21 17:19:57,421 [14] Nut.Services.Localization.LocalizationService - Resource string (admin.common.lengthvalidation) is not found. Language ID = 1
2016-01-21 17:19:57,437 [14] Nut.Services.Localization.LocalizationService - Resource string (admin.departments.fields.storeid.required) is not found. Language ID = 1
2016-01-21 17:19:57,623 [14] Nut.Services.Localization.LocalizationService - Resource string (admin.departments.updated) is not found. Language ID = 1
2016-01-21 17:20:01,572 [21] Nut.Services.Localization.LocalizationService - Resource string (admin.department.notparentdepartment) is not found. Language ID = 1
2016-01-21 17:20:01,666 [21] Nut.Services.Localization.LocalizationService - Resource string (admin.departments.fields.name.required) is not found. Language ID = 1
2016-01-21 17:20:01,701 [21] Nut.Services.Localization.LocalizationService - Resource string (admin.common.lengthvalidation) is not found. Language ID = 1
2016-01-21 17:20:01,745 [21] Nut.Services.Localization.LocalizationService - Resource string (admin.departments.fields.code.required) is not found. Language ID = 1
2016-01-21 17:20:01,764 [21] Nut.Services.Localization.LocalizationService - Resource string (admin.common.lengthvalidation) is not found. Language ID = 1
2016-01-21 17:20:01,805 [21] Nut.Services.Localization.LocalizationService - Resource string (admin.departments.fields.storeid.required) is not found. Language ID = 1
2016-01-21 17:20:01,841 [21] Nut.Services.Localization.LocalizationService - Resource string (admin.departments.fields.name.required) is not found. Language ID = 1
2016-01-21 17:20:01,852 [21] Nut.Services.Localization.LocalizationService - Resource string (admin.common.lengthvalidation) is not found. Language ID = 1
2016-01-21 17:20:01,862 [21] Nut.Services.Localization.LocalizationService - Resource string (admin.departments.fields.code.required) is not found. Language ID = 1
2016-01-21 17:20:01,871 [21] Nut.Services.Localization.LocalizationService - Resource string (admin.common.lengthvalidation) is not found. Language ID = 1
2016-01-21 17:20:01,881 [21] Nut.Services.Localization.LocalizationService - Resource string (admin.departments.fields.storeid.required) is not found. Language ID = 1
2016-01-21 17:20:01,909 [21] Nut.Services.Localization.LocalizationService - Resource string (admin.departments.fields.name.required) is not found. Language ID = 1
2016-01-21 17:20:01,919 [21] Nut.Services.Localization.LocalizationService - Resource string (admin.common.lengthvalidation) is not found. Language ID = 1
2016-01-21 17:20:01,931 [21] Nut.Services.Localization.LocalizationService - Resource string (admin.departments.fields.code.required) is not found. Language ID = 1
2016-01-21 17:20:01,943 [21] Nut.Services.Localization.LocalizationService - Resource string (admin.common.lengthvalidation) is not found. Language ID = 1
2016-01-21 17:20:01,953 [21] Nut.Services.Localization.LocalizationService - Resource string (admin.departments.fields.storeid.required) is not found. Language ID = 1
2016-01-21 17:20:01,977 [21] Nut.Services.Localization.LocalizationService - Resource string (admin.departments.fields.name.required) is not found. Language ID = 1
2016-01-21 17:20:01,987 [21] Nut.Services.Localization.LocalizationService - Resource string (admin.common.lengthvalidation) is not found. Language ID = 1
2016-01-21 17:20:01,997 [21] Nut.Services.Localization.LocalizationService - Resource string (admin.departments.fields.code.required) is not found. Language ID = 1
2016-01-21 17:20:02,009 [21] Nut.Services.Localization.LocalizationService - Resource string (admin.common.lengthvalidation) is not found. Language ID = 1
2016-01-21 17:20:02,020 [21] Nut.Services.Localization.LocalizationService - Resource string (admin.departments.fields.storeid.required) is not found. Language ID = 1
2016-01-21 17:20:02,048 [21] Nut.Services.Localization.LocalizationService - Resource string (admin.departments.fields.name.required) is not found. Language ID = 1
2016-01-21 17:20:02,058 [21] Nut.Services.Localization.LocalizationService - Resource string (admin.common.lengthvalidation) is not found. Language ID = 1
2016-01-21 17:20:02,068 [21] Nut.Services.Localization.LocalizationService - Resource string (admin.departments.fields.code.required) is not found. Language ID = 1
2016-01-21 17:20:02,078 [21] Nut.Services.Localization.LocalizationService - Resource string (admin.common.lengthvalidation) is not found. Language ID = 1
2016-01-21 17:20:02,088 [21] Nut.Services.Localization.LocalizationService - Resource string (admin.departments.fields.storeid.required) is not found. Language ID = 1
2016-01-21 17:20:02,115 [21] Nut.Services.Localization.LocalizationService - Resource string (admin.departments.fields.name.required) is not found. Language ID = 1
2016-01-21 17:20:02,125 [21] Nut.Services.Localization.LocalizationService - Resource string (admin.common.lengthvalidation) is not found. Language ID = 1
2016-01-21 17:20:02,135 [21] Nut.Services.Localization.LocalizationService - Resource string (admin.departments.fields.code.required) is not found. Language ID = 1
2016-01-21 17:20:02,145 [21] Nut.Services.Localization.LocalizationService - Resource string (admin.common.lengthvalidation) is not found. Language ID = 1
2016-01-21 17:20:02,155 [21] Nut.Services.Localization.LocalizationService - Resource string (admin.departments.fields.storeid.required) is not found. Language ID = 1
2016-01-21 17:20:02,229 [21] Nut.Services.Localization.LocalizationService - Resource string (admin.departments.fields.name.required) is not found. Language ID = 1
2016-01-21 17:20:02,742 [21] Nut.Services.Localization.LocalizationService - Resource string (admin.common.lengthvalidation) is not found. Language ID = 1
2016-01-21 17:20:02,761 [21] Nut.Services.Localization.LocalizationService - Resource string (admin.departments.fields.code.required) is not found. Language ID = 1
2016-01-21 17:20:02,778 [21] Nut.Services.Localization.LocalizationService - Resource string (admin.common.lengthvalidation) is not found. Language ID = 1
2016-01-21 17:20:02,792 [21] Nut.Services.Localization.LocalizationService - Resource string (admin.departments.fields.storeid.required) is not found. Language ID = 1
2016-01-21 17:20:03,343 [21] Nut.Services.Localization.LocalizationService - Resource string (admin.departments.fields.name.required) is not found. Language ID = 1
2016-01-21 17:20:03,354 [21] Nut.Services.Localization.LocalizationService - Resource string (admin.common.lengthvalidation) is not found. Language ID = 1
2016-01-21 17:20:03,365 [21] Nut.Services.Localization.LocalizationService - Resource string (admin.departments.fields.code.required) is not found. Language ID = 1
2016-01-21 17:20:03,375 [21] Nut.Services.Localization.LocalizationService - Resource string (admin.common.lengthvalidation) is not found. Language ID = 1
2016-01-21 17:20:03,386 [21] Nut.Services.Localization.LocalizationService - Resource string (admin.departments.fields.storeid.required) is not found. Language ID = 1
