2016-01-12 11:44:03,918 [1] Nut.Web.Framework.Logging.LoggingModule - Application started
2016-01-12 11:44:12,418 [10] Nut.Services.Localization.LocalizationService - Resource string (account.login.unsuccessful) is not found. Language ID = 1
2016-01-12 11:44:12,465 [10] Nut.Services.Localization.LocalizationService - Resource string (account.login.fields.username) is not found. Language ID = 1
2016-01-12 11:44:12,512 [10] Nut.Services.Localization.LocalizationService - Resource string (account.login.fields.username) is not found. Language ID = 1
2016-01-12 11:44:12,528 [10] Nut.Services.Localization.LocalizationService - Resource string (account.login.fields.password) is not found. Language ID = 1
2016-01-12 11:44:12,575 [10] Nut.Services.Localization.LocalizationService - Resource string (account.login.fields.password) is not found. Language ID = 1
2016-01-12 11:44:16,281 [11] Nut.Services.Localization.LocalizationService - Resource string (account.login.fields.username) is not found. Language ID = 1
2016-01-12 11:44:16,297 [11] Nut.Services.Localization.LocalizationService - Resource string (account.login.fields.password) is not found. Language ID = 1
2016-01-12 11:44:16,297 [11] Nut.Services.Localization.LocalizationService - Resource string (account.login.fields.rememberme) is not found. Language ID = 1
2016-01-12 11:59:53,155 [1] Nut.Web.Framework.Logging.LoggingModule - Application started
2016-01-12 11:59:57,334 [6] Nut.Services.Localization.LocalizationService - Resource string (account.login.unsuccessful) is not found. Language ID = 1
2016-01-12 11:59:57,458 [6] Nut.Services.Localization.LocalizationService - Resource string (account.login.fields.username) is not found. Language ID = 1
2016-01-12 11:59:57,544 [6] Nut.Services.Localization.LocalizationService - Resource string (account.login.fields.username) is not found. Language ID = 1
2016-01-12 11:59:57,719 [6] Nut.Services.Localization.LocalizationService - Resource string (account.login.fields.password) is not found. Language ID = 1
2016-01-12 11:59:57,801 [6] Nut.Services.Localization.LocalizationService - Resource string (account.login.fields.password) is not found. Language ID = 1
2016-01-12 12:00:02,182 [6] Nut.Services.Localization.LocalizationService - Resource string (account.login.fields.username) is not found. Language ID = 1
2016-01-12 12:00:02,297 [6] Nut.Services.Localization.LocalizationService - Resource string (account.login.fields.password) is not found. Language ID = 1
2016-01-12 12:00:02,360 [6] Nut.Services.Localization.LocalizationService - Resource string (account.login.fields.rememberme) is not found. Language ID = 1
2016-01-12 13:58:39,491 [1] Nut.Web.Framework.Logging.LoggingModule - Application started
2016-01-12 13:59:39,976 [1] Nut.Web.Framework.Logging.LoggingModule - Application started
2016-01-12 13:59:50,385 [5] Nut.Services.Localization.LocalizationService - Resource string (account.login.unsuccessful) is not found. Language ID = 1
2016-01-12 13:59:50,607 [5] Nut.Services.Localization.LocalizationService - Resource string (account.login.fields.username) is not found. Language ID = 1
2016-01-12 13:59:50,682 [5] Nut.Services.Localization.LocalizationService - Resource string (account.login.fields.username) is not found. Language ID = 1
2016-01-12 13:59:50,789 [5] Nut.Services.Localization.LocalizationService - Resource string (account.login.fields.password) is not found. Language ID = 1
2016-01-12 13:59:50,856 [5] Nut.Services.Localization.LocalizationService - Resource string (account.login.fields.password) is not found. Language ID = 1
2016-01-12 13:59:56,189 [6] Nut.Services.Localization.LocalizationService - Resource string (account.login.fields.username) is not found. Language ID = 1
2016-01-12 13:59:56,246 [6] Nut.Services.Localization.LocalizationService - Resource string (account.login.fields.password) is not found. Language ID = 1
2016-01-12 13:59:56,288 [6] Nut.Services.Localization.LocalizationService - Resource string (account.login.fields.rememberme) is not found. Language ID = 1
2016-01-12 14:01:16,491 [1] Nut.Web.Framework.Logging.LoggingModule - Application started
2016-01-12 14:01:22,578 [5] Nut.Services.Localization.LocalizationService - Resource string (account.login.unsuccessful) is not found. Language ID = 1
2016-01-12 14:01:22,659 [5] Nut.Services.Localization.LocalizationService - Resource string (account.login.fields.username) is not found. Language ID = 1
2016-01-12 14:01:22,821 [5] Nut.Services.Localization.LocalizationService - Resource string (account.login.fields.username) is not found. Language ID = 1
2016-01-12 14:01:22,982 [5] Nut.Services.Localization.LocalizationService - Resource string (account.login.fields.password) is not found. Language ID = 1
2016-01-12 14:01:23,047 [5] Nut.Services.Localization.LocalizationService - Resource string (account.login.fields.password) is not found. Language ID = 1
2016-01-12 14:01:27,602 [6] Nut.Services.Localization.LocalizationService - Resource string (account.login.fields.username) is not found. Language ID = 1
2016-01-12 14:01:27,674 [6] Nut.Services.Localization.LocalizationService - Resource string (account.login.fields.password) is not found. Language ID = 1
2016-01-12 14:01:27,719 [6] Nut.Services.Localization.LocalizationService - Resource string (account.login.fields.rememberme) is not found. Language ID = 1
2016-01-12 14:07:24,259 [1] Nut.Web.Framework.Logging.LoggingModule - Application started
2016-01-12 14:07:29,862 [9] Nut.Services.Localization.LocalizationService - Resource string (account.login.unsuccessful) is not found. Language ID = 1
2016-01-12 14:07:29,935 [9] Nut.Services.Localization.LocalizationService - Resource string (account.login.fields.username) is not found. Language ID = 1
2016-01-12 14:07:30,000 [9] Nut.Services.Localization.LocalizationService - Resource string (account.login.fields.username) is not found. Language ID = 1
2016-01-12 14:07:30,056 [9] Nut.Services.Localization.LocalizationService - Resource string (account.login.fields.password) is not found. Language ID = 1
2016-01-12 14:07:30,101 [9] Nut.Services.Localization.LocalizationService - Resource string (account.login.fields.password) is not found. Language ID = 1
2016-01-12 14:07:33,215 [8] Nut.Services.Localization.LocalizationService - Resource string (account.login.fields.username) is not found. Language ID = 1
2016-01-12 14:07:33,239 [8] Nut.Services.Localization.LocalizationService - Resource string (account.login.fields.password) is not found. Language ID = 1
2016-01-12 14:07:33,253 [8] Nut.Services.Localization.LocalizationService - Resource string (account.login.fields.rememberme) is not found. Language ID = 1
2016-01-12 14:10:39,910 [18] Nut.Web.Framework.Logging.LoggingModule - Application started
2016-01-12 14:16:31,982 [18] Nut.Web.Framework.Logging.LoggingModule - Application started
2016-01-12 14:16:40,734 [18] Nut.Web.Framework.Logging.LoggingModule - Application started
