2016-01-11 13:50:17,522 [1] Nut.Web.Framework.Logging.LoggingModule - Application started
2016-01-11 13:50:25,147 [8] Nut.Services.Localization.LocalizationService - Resource string (account.login.unsuccessful) is not found. Language ID = 1
2016-01-11 13:50:25,178 [8] Nut.Services.Localization.LocalizationService - Resource string (account.login.fields.username) is not found. Language ID = 1
2016-01-11 13:50:25,241 [8] Nut.Services.Localization.LocalizationService - Resource string (account.login.fields.username) is not found. Language ID = 1
2016-01-11 13:50:25,256 [8] Nut.Services.Localization.LocalizationService - Resource string (account.login.fields.password) is not found. Language ID = 1
2016-01-11 13:50:25,288 [8] Nut.Services.Localization.LocalizationService - Resource string (account.login.fields.password) is not found. Language ID = 1
2016-01-11 13:50:29,062 [6] Nut.Services.Localization.LocalizationService - Resource string (account.login.fields.username) is not found. Language ID = 1
2016-01-11 13:50:29,078 [6] Nut.Services.Localization.LocalizationService - Resource string (account.login.fields.password) is not found. Language ID = 1
2016-01-11 13:50:29,094 [6] Nut.Services.Localization.LocalizationService - Resource string (account.login.fields.rememberme) is not found. Language ID = 1
2016-01-11 13:50:41,369 [8] Nut.Services.Localization.LocalizationService - Resource string (admin.department.notparentdepartment) is not found. Language ID = 1
2016-01-11 13:50:41,401 [8] Nut.Services.Localization.LocalizationService - Resource string (admin.common.choose) is not found. Language ID = 1
2016-01-11 13:50:41,494 [8] Nut.Services.Localization.LocalizationService - Resource string (admin.departments.fields.name.required) is not found. Language ID = 1
2016-01-11 13:50:41,526 [8] Nut.Services.Localization.LocalizationService - Resource string (admin.common.lengthvalidation) is not found. Language ID = 1
2016-01-11 13:50:41,541 [8] Nut.Services.Localization.LocalizationService - Resource string (admin.departments.fields.code.required) is not found. Language ID = 1
2016-01-11 13:50:41,541 [8] Nut.Services.Localization.LocalizationService - Resource string (admin.common.lengthvalidation) is not found. Language ID = 1
2016-01-11 13:50:41,573 [8] Nut.Services.Localization.LocalizationService - Resource string (admin.departments.fields.storeid.required) is not found. Language ID = 1
2016-01-11 13:50:41,604 [8] Nut.Services.Localization.LocalizationService - Resource string (admin.departments.fields.name.required) is not found. Language ID = 1
2016-01-11 13:50:41,635 [8] Nut.Services.Localization.LocalizationService - Resource string (admin.common.lengthvalidation) is not found. Language ID = 1
2016-01-11 13:50:41,635 [8] Nut.Services.Localization.LocalizationService - Resource string (admin.departments.fields.code.required) is not found. Language ID = 1
2016-01-11 13:50:41,651 [8] Nut.Services.Localization.LocalizationService - Resource string (admin.common.lengthvalidation) is not found. Language ID = 1
2016-01-11 13:50:41,682 [8] Nut.Services.Localization.LocalizationService - Resource string (admin.departments.fields.storeid.required) is not found. Language ID = 1
2016-01-11 13:50:41,713 [8] Nut.Services.Localization.LocalizationService - Resource string (admin.departments.fields.name.required) is not found. Language ID = 1
2016-01-11 13:50:41,729 [8] Nut.Services.Localization.LocalizationService - Resource string (admin.common.lengthvalidation) is not found. Language ID = 1
2016-01-11 13:50:41,744 [8] Nut.Services.Localization.LocalizationService - Resource string (admin.departments.fields.code.required) is not found. Language ID = 1
2016-01-11 13:50:41,744 [8] Nut.Services.Localization.LocalizationService - Resource string (admin.common.lengthvalidation) is not found. Language ID = 1
2016-01-11 13:50:41,760 [8] Nut.Services.Localization.LocalizationService - Resource string (admin.departments.fields.storeid.required) is not found. Language ID = 1
2016-01-11 13:50:41,776 [8] Nut.Services.Localization.LocalizationService - Resource string (admin.departments.fields.name.required) is not found. Language ID = 1
2016-01-11 13:50:41,791 [8] Nut.Services.Localization.LocalizationService - Resource string (admin.common.lengthvalidation) is not found. Language ID = 1
2016-01-11 13:50:41,807 [8] Nut.Services.Localization.LocalizationService - Resource string (admin.departments.fields.code.required) is not found. Language ID = 1
2016-01-11 13:50:41,807 [8] Nut.Services.Localization.LocalizationService - Resource string (admin.common.lengthvalidation) is not found. Language ID = 1
2016-01-11 13:50:41,823 [8] Nut.Services.Localization.LocalizationService - Resource string (admin.departments.fields.storeid.required) is not found. Language ID = 1
2016-01-11 13:50:41,838 [8] Nut.Services.Localization.LocalizationService - Resource string (admin.departments.fields.name.required) is not found. Language ID = 1
2016-01-11 13:50:41,854 [8] Nut.Services.Localization.LocalizationService - Resource string (admin.common.lengthvalidation) is not found. Language ID = 1
2016-01-11 13:50:41,854 [8] Nut.Services.Localization.LocalizationService - Resource string (admin.departments.fields.code.required) is not found. Language ID = 1
2016-01-11 13:50:41,869 [8] Nut.Services.Localization.LocalizationService - Resource string (admin.common.lengthvalidation) is not found. Language ID = 1
2016-01-11 13:50:41,869 [8] Nut.Services.Localization.LocalizationService - Resource string (admin.departments.fields.storeid.required) is not found. Language ID = 1
2016-01-11 13:50:41,885 [8] Nut.Services.Localization.LocalizationService - Resource string (admin.departments.fields.name.required) is not found. Language ID = 1
2016-01-11 13:50:41,901 [8] Nut.Services.Localization.LocalizationService - Resource string (admin.common.lengthvalidation) is not found. Language ID = 1
2016-01-11 13:50:41,901 [8] Nut.Services.Localization.LocalizationService - Resource string (admin.departments.fields.code.required) is not found. Language ID = 1
2016-01-11 13:50:41,916 [8] Nut.Services.Localization.LocalizationService - Resource string (admin.common.lengthvalidation) is not found. Language ID = 1
2016-01-11 13:50:41,916 [8] Nut.Services.Localization.LocalizationService - Resource string (admin.departments.fields.storeid.required) is not found. Language ID = 1
2016-01-11 13:50:41,948 [8] Nut.Services.Localization.LocalizationService - Resource string (admin.departments.fields.name.required) is not found. Language ID = 1
2016-01-11 13:50:41,948 [8] Nut.Services.Localization.LocalizationService - Resource string (admin.common.lengthvalidation) is not found. Language ID = 1
2016-01-11 13:50:41,963 [8] Nut.Services.Localization.LocalizationService - Resource string (admin.departments.fields.code.required) is not found. Language ID = 1
2016-01-11 13:50:41,963 [8] Nut.Services.Localization.LocalizationService - Resource string (admin.common.lengthvalidation) is not found. Language ID = 1
2016-01-11 13:50:41,979 [8] Nut.Services.Localization.LocalizationService - Resource string (admin.departments.fields.storeid.required) is not found. Language ID = 1
2016-01-11 13:50:42,198 [8] Nut.Services.Localization.LocalizationService - Resource string (admin.departments.fields.name.required) is not found. Language ID = 1
2016-01-11 13:50:42,213 [8] Nut.Services.Localization.LocalizationService - Resource string (admin.common.lengthvalidation) is not found. Language ID = 1
2016-01-11 13:50:42,213 [8] Nut.Services.Localization.LocalizationService - Resource string (admin.departments.fields.code.required) is not found. Language ID = 1
2016-01-11 13:50:42,229 [8] Nut.Services.Localization.LocalizationService - Resource string (admin.common.lengthvalidation) is not found. Language ID = 1
2016-01-11 13:50:42,245 [8] Nut.Services.Localization.LocalizationService - Resource string (admin.departments.fields.storeid.required) is not found. Language ID = 1
2016-01-11 13:57:00,083 [20] Nut.Web.Framework.Logging.LoggingModule - Application started
2016-01-11 13:57:00,928 [10] Nut.Services.Localization.LocalizationService - Resource string (admin.department.notparentdepartment) is not found. Language ID = 1
2016-01-11 13:57:00,958 [10] Nut.Services.Localization.LocalizationService - Resource string (admin.common.choose) is not found. Language ID = 1
2016-01-11 13:57:02,194 [10] Nut.Services.Localization.LocalizationService - Resource string (admin.departments.fields.name.required) is not found. Language ID = 1
2016-01-11 13:57:02,226 [10] Nut.Services.Localization.LocalizationService - Resource string (admin.common.lengthvalidation) is not found. Language ID = 1
2016-01-11 13:57:02,241 [10] Nut.Services.Localization.LocalizationService - Resource string (admin.departments.fields.code.required) is not found. Language ID = 1
2016-01-11 13:57:02,249 [10] Nut.Services.Localization.LocalizationService - Resource string (admin.common.lengthvalidation) is not found. Language ID = 1
2016-01-11 13:57:02,266 [10] Nut.Services.Localization.LocalizationService - Resource string (admin.departments.fields.storeid.required) is not found. Language ID = 1
2016-01-11 13:57:02,516 [10] Nut.Services.Localization.LocalizationService - Resource string (admin.departments.fields.name.required) is not found. Language ID = 1
2016-01-11 13:57:02,525 [10] Nut.Services.Localization.LocalizationService - Resource string (admin.common.lengthvalidation) is not found. Language ID = 1
2016-01-11 13:57:02,535 [10] Nut.Services.Localization.LocalizationService - Resource string (admin.departments.fields.code.required) is not found. Language ID = 1
2016-01-11 13:57:02,544 [10] Nut.Services.Localization.LocalizationService - Resource string (admin.common.lengthvalidation) is not found. Language ID = 1
2016-01-11 13:57:02,553 [10] Nut.Services.Localization.LocalizationService - Resource string (admin.departments.fields.storeid.required) is not found. Language ID = 1
2016-01-11 13:57:02,601 [10] Nut.Services.Localization.LocalizationService - Resource string (admin.departments.fields.name.required) is not found. Language ID = 1
2016-01-11 13:57:02,623 [10] Nut.Services.Localization.LocalizationService - Resource string (admin.common.lengthvalidation) is not found. Language ID = 1
2016-01-11 13:57:02,641 [10] Nut.Services.Localization.LocalizationService - Resource string (admin.departments.fields.code.required) is not found. Language ID = 1
2016-01-11 13:57:02,664 [10] Nut.Services.Localization.LocalizationService - Resource string (admin.common.lengthvalidation) is not found. Language ID = 1
2016-01-11 13:57:02,693 [10] Nut.Services.Localization.LocalizationService - Resource string (admin.departments.fields.storeid.required) is not found. Language ID = 1
2016-01-11 13:57:02,745 [10] Nut.Services.Localization.LocalizationService - Resource string (admin.departments.fields.name.required) is not found. Language ID = 1
2016-01-11 13:57:02,757 [10] Nut.Services.Localization.LocalizationService - Resource string (admin.common.lengthvalidation) is not found. Language ID = 1
2016-01-11 13:57:02,765 [10] Nut.Services.Localization.LocalizationService - Resource string (admin.departments.fields.code.required) is not found. Language ID = 1
2016-01-11 13:57:02,774 [10] Nut.Services.Localization.LocalizationService - Resource string (admin.common.lengthvalidation) is not found. Language ID = 1
2016-01-11 13:57:02,783 [10] Nut.Services.Localization.LocalizationService - Resource string (admin.departments.fields.storeid.required) is not found. Language ID = 1
2016-01-11 13:57:02,812 [10] Nut.Services.Localization.LocalizationService - Resource string (admin.departments.fields.name.required) is not found. Language ID = 1
2016-01-11 13:57:02,823 [10] Nut.Services.Localization.LocalizationService - Resource string (admin.common.lengthvalidation) is not found. Language ID = 1
2016-01-11 13:57:02,849 [10] Nut.Services.Localization.LocalizationService - Resource string (admin.departments.fields.code.required) is not found. Language ID = 1
2016-01-11 13:57:02,859 [10] Nut.Services.Localization.LocalizationService - Resource string (admin.common.lengthvalidation) is not found. Language ID = 1
2016-01-11 13:57:02,867 [10] Nut.Services.Localization.LocalizationService - Resource string (admin.departments.fields.storeid.required) is not found. Language ID = 1
2016-01-11 13:57:02,884 [10] Nut.Services.Localization.LocalizationService - Resource string (admin.departments.fields.name.required) is not found. Language ID = 1
2016-01-11 13:57:02,892 [10] Nut.Services.Localization.LocalizationService - Resource string (admin.common.lengthvalidation) is not found. Language ID = 1
2016-01-11 13:57:02,901 [10] Nut.Services.Localization.LocalizationService - Resource string (admin.departments.fields.code.required) is not found. Language ID = 1
2016-01-11 13:57:02,909 [10] Nut.Services.Localization.LocalizationService - Resource string (admin.common.lengthvalidation) is not found. Language ID = 1
2016-01-11 13:57:02,918 [10] Nut.Services.Localization.LocalizationService - Resource string (admin.departments.fields.storeid.required) is not found. Language ID = 1
2016-01-11 13:57:02,937 [10] Nut.Services.Localization.LocalizationService - Resource string (admin.departments.fields.name.required) is not found. Language ID = 1
2016-01-11 13:57:02,946 [10] Nut.Services.Localization.LocalizationService - Resource string (admin.common.lengthvalidation) is not found. Language ID = 1
2016-01-11 13:57:02,955 [10] Nut.Services.Localization.LocalizationService - Resource string (admin.departments.fields.code.required) is not found. Language ID = 1
2016-01-11 13:57:02,964 [10] Nut.Services.Localization.LocalizationService - Resource string (admin.common.lengthvalidation) is not found. Language ID = 1
2016-01-11 13:57:02,974 [10] Nut.Services.Localization.LocalizationService - Resource string (admin.departments.fields.storeid.required) is not found. Language ID = 1
2016-01-11 13:57:03,235 [10] Nut.Services.Localization.LocalizationService - Resource string (admin.departments.fields.name.required) is not found. Language ID = 1
2016-01-11 13:57:03,246 [10] Nut.Services.Localization.LocalizationService - Resource string (admin.common.lengthvalidation) is not found. Language ID = 1
2016-01-11 13:57:03,256 [10] Nut.Services.Localization.LocalizationService - Resource string (admin.departments.fields.code.required) is not found. Language ID = 1
2016-01-11 13:57:03,265 [10] Nut.Services.Localization.LocalizationService - Resource string (admin.common.lengthvalidation) is not found. Language ID = 1
2016-01-11 13:57:03,275 [10] Nut.Services.Localization.LocalizationService - Resource string (admin.departments.fields.storeid.required) is not found. Language ID = 1
