2016-01-14 13:48:48,971 [1] Nut.Web.Framework.Logging.LoggingModule - Application started
2016-01-14 13:48:53,096 [9] Nut.Services.Localization.LocalizationService - Resource string (account.login.unsuccessful) is not found. Language ID = 1
2016-01-14 13:48:53,126 [9] Nut.Services.Localization.LocalizationService - Resource string (account.login.fields.username) is not found. Language ID = 1
2016-01-14 13:48:53,171 [9] Nut.Services.Localization.LocalizationService - Resource string (account.login.fields.username) is not found. Language ID = 1
2016-01-14 13:48:53,193 [9] Nut.Services.Localization.LocalizationService - Resource string (account.login.fields.password) is not found. Language ID = 1
2016-01-14 13:48:53,236 [9] Nut.Services.Localization.LocalizationService - Resource string (account.login.fields.password) is not found. Language ID = 1
2016-01-14 13:48:56,411 [8] Nut.Services.Localization.LocalizationService - Resource string (account.login.fields.username) is not found. Language ID = 1
2016-01-14 13:48:56,423 [8] Nut.Services.Localization.LocalizationService - Resource string (account.login.fields.password) is not found. Language ID = 1
2016-01-14 13:48:56,435 [8] Nut.Services.Localization.LocalizationService - Resource string (account.login.fields.rememberme) is not found. Language ID = 1
2016-01-14 13:49:00,576 [7] Nut.Services.Localization.LocalizationService - Resource string (admin.app) is not found. Language ID = 1
2016-01-14 13:49:00,609 [7] Nut.Services.Localization.LocalizationService - Resource string (admin.appversions) is not found. Language ID = 1
2016-01-14 13:49:11,149 [9] Nut.Services.Localization.LocalizationService - Resource string (admin.app) is not found. Language ID = 1
2016-01-14 13:49:11,160 [9] Nut.Services.Localization.LocalizationService - Resource string (admin.appversions) is not found. Language ID = 1
2016-01-14 13:49:17,726 [6] Nut.Services.Localization.LocalizationService - Resource string (admin.app) is not found. Language ID = 1
2016-01-14 13:49:17,740 [6] Nut.Services.Localization.LocalizationService - Resource string (admin.appversions) is not found. Language ID = 1
2016-01-14 13:49:40,592 [1] Nut.Web.Framework.Logging.LoggingModule - Application started
2016-01-14 13:49:59,862 [7] Nut.Services.Localization.LocalizationService - Resource string (account.login.unsuccessful) is not found. Language ID = 1
2016-01-14 13:49:59,899 [7] Nut.Services.Localization.LocalizationService - Resource string (account.login.fields.username) is not found. Language ID = 1
2016-01-14 13:49:59,961 [7] Nut.Services.Localization.LocalizationService - Resource string (account.login.fields.username) is not found. Language ID = 1
2016-01-14 13:49:59,993 [7] Nut.Services.Localization.LocalizationService - Resource string (account.login.fields.password) is not found. Language ID = 1
2016-01-14 13:50:00,044 [7] Nut.Services.Localization.LocalizationService - Resource string (account.login.fields.password) is not found. Language ID = 1
2016-01-14 13:50:02,741 [8] Nut.Services.Localization.LocalizationService - Resource string (account.login.fields.username) is not found. Language ID = 1
2016-01-14 13:50:02,772 [8] Nut.Services.Localization.LocalizationService - Resource string (account.login.fields.password) is not found. Language ID = 1
2016-01-14 13:50:02,797 [8] Nut.Services.Localization.LocalizationService - Resource string (account.login.fields.rememberme) is not found. Language ID = 1
2016-01-14 13:50:05,163 [10] Nut.Services.Localization.LocalizationService - Resource string (admin.app) is not found. Language ID = 1
2016-01-14 13:50:05,186 [10] Nut.Services.Localization.LocalizationService - Resource string (admin.appversions) is not found. Language ID = 1
2016-01-14 13:50:09,408 [10] Nut.Services.Localization.LocalizationService - Resource string (admin.app) is not found. Language ID = 1
2016-01-14 13:50:09,421 [10] Nut.Services.Localization.LocalizationService - Resource string (admin.appversions) is not found. Language ID = 1
2016-01-14 13:50:49,771 [9] Nut.Services.Localization.LocalizationService - Resource string (admin.app) is not found. Language ID = 1
2016-01-14 13:50:49,787 [9] Nut.Services.Localization.LocalizationService - Resource string (admin.appversions) is not found. Language ID = 1
2016-01-14 13:50:56,079 [9] Nut.Services.Localization.LocalizationService - Resource string (admin.app) is not found. Language ID = 1
2016-01-14 13:50:56,096 [9] Nut.Services.Localization.LocalizationService - Resource string (admin.appversions) is not found. Language ID = 1
2016-01-14 13:53:10,398 [1] Nut.Web.Framework.Logging.LoggingModule - Application started
2016-01-14 13:53:12,336 [9] Nut.Services.Localization.LocalizationService - Resource string (admin.appversions) is not found. Language ID = 1
2016-01-14 13:53:12,414 [9] Nut.Services.Localization.LocalizationService - Resource string (admin.appversions) is not found. Language ID = 1
2016-01-14 13:53:12,414 [9] Nut.Services.Localization.LocalizationService - Resource string (admin.appversions) is not found. Language ID = 1
2016-01-14 13:53:15,414 [9] Nut.Services.Localization.LocalizationService - Resource string (admin.app) is not found. Language ID = 1
2016-01-14 13:53:15,430 [9] Nut.Services.Localization.LocalizationService - Resource string (admin.appversions) is not found. Language ID = 1
2016-01-14 13:56:19,074 [1] Nut.Web.Framework.Logging.LoggingModule - Application started
2016-01-14 13:56:21,712 [7] Nut.Services.Localization.LocalizationService - Resource string (admin.appversions) is not found. Language ID = 1
2016-01-14 13:56:21,771 [7] Nut.Services.Localization.LocalizationService - Resource string (admin.appversions) is not found. Language ID = 1
2016-01-14 13:56:21,779 [7] Nut.Services.Localization.LocalizationService - Resource string (admin.appversions) is not found. Language ID = 1
2016-01-14 13:56:24,863 [7] Nut.Services.Localization.LocalizationService - Resource string (admin.app) is not found. Language ID = 1
2016-01-14 13:56:24,879 [7] Nut.Services.Localization.LocalizationService - Resource string (admin.appversions) is not found. Language ID = 1
2016-01-14 13:56:49,465 [9] Nut.Services.Localization.LocalizationService - Resource string (admin.appversion.addnew) is not found. Language ID = 1
2016-01-14 13:56:49,477 [9] Nut.Services.Localization.LocalizationService - Resource string (admin.appversion.addnew) is not found. Language ID = 1
2016-01-14 13:56:49,489 [9] Nut.Services.Localization.LocalizationService - Resource string (admin.common.backtolist) is not found. Language ID = 1
2016-01-14 13:56:49,520 [9] Nut.Services.Localization.LocalizationService - Resource string (admin.appversion) is not found. Language ID = 1
2016-01-14 13:56:49,587 [9] Nut.Services.Localization.LocalizationService - Resource string (admin.appversions.fields.versionnum.required) is not found. Language ID = 1
2016-01-14 13:56:49,631 [9] Nut.Services.Localization.LocalizationService - Resource string (admin.appversions.fields.version.required) is not found. Language ID = 1
2016-01-14 13:56:49,647 [9] Nut.Services.Localization.LocalizationService - Resource string (admin.appversions.fields.downloadurl.required) is not found. Language ID = 1
2016-01-14 13:56:49,683 [9] Nut.Services.Localization.LocalizationService - Resource string (admin.appversions.fields.versionnum.required) is not found. Language ID = 1
2016-01-14 13:56:49,693 [9] Nut.Services.Localization.LocalizationService - Resource string (admin.appversions.fields.version.required) is not found. Language ID = 1
2016-01-14 13:56:49,704 [9] Nut.Services.Localization.LocalizationService - Resource string (admin.appversions.fields.downloadurl.required) is not found. Language ID = 1
2016-01-14 13:56:49,761 [9] Nut.Services.Localization.LocalizationService - Resource string (admin.appversions.fields.versionnum.required) is not found. Language ID = 1
2016-01-14 13:56:49,774 [9] Nut.Services.Localization.LocalizationService - Resource string (admin.appversions.fields.version.required) is not found. Language ID = 1
2016-01-14 13:56:49,786 [9] Nut.Services.Localization.LocalizationService - Resource string (admin.appversions.fields.downloadurl.required) is not found. Language ID = 1
2016-01-14 13:56:49,836 [9] Nut.Services.Localization.LocalizationService - Resource string (admin.appversions.fields.versionnum.required) is not found. Language ID = 1
2016-01-14 13:56:49,847 [9] Nut.Services.Localization.LocalizationService - Resource string (admin.appversions.fields.version.required) is not found. Language ID = 1
2016-01-14 13:56:49,858 [9] Nut.Services.Localization.LocalizationService - Resource string (admin.appversions.fields.downloadurl.required) is not found. Language ID = 1
2016-01-14 13:56:49,879 [9] Nut.Services.Localization.LocalizationService - Resource string (admin.appversions.fields.versionnum.required) is not found. Language ID = 1
2016-01-14 13:56:49,890 [9] Nut.Services.Localization.LocalizationService - Resource string (admin.appversions.fields.version.required) is not found. Language ID = 1
2016-01-14 13:56:49,900 [9] Nut.Services.Localization.LocalizationService - Resource string (admin.appversions.fields.downloadurl.required) is not found. Language ID = 1
2016-01-14 13:56:49,961 [9] Nut.Services.Localization.LocalizationService - Resource string (admin.appversions.fields.versionnum.required) is not found. Language ID = 1
2016-01-14 13:56:49,994 [9] Nut.Services.Localization.LocalizationService - Resource string (admin.appversions.fields.version.required) is not found. Language ID = 1
2016-01-14 13:56:50,015 [9] Nut.Services.Localization.LocalizationService - Resource string (admin.appversions.fields.downloadurl.required) is not found. Language ID = 1
2016-01-14 13:56:50,035 [9] Nut.Services.Localization.LocalizationService - Resource string (admin.appversions.fields.versionnum.required) is not found. Language ID = 1
2016-01-14 13:56:50,048 [9] Nut.Services.Localization.LocalizationService - Resource string (admin.appversions.fields.version.required) is not found. Language ID = 1
2016-01-14 13:56:50,061 [9] Nut.Services.Localization.LocalizationService - Resource string (admin.appversions.fields.downloadurl.required) is not found. Language ID = 1
2016-01-14 13:56:50,102 [9] Nut.Services.Localization.LocalizationService - Resource string (admin.appversions.fields.versionnum.required) is not found. Language ID = 1
2016-01-14 13:56:50,114 [9] Nut.Services.Localization.LocalizationService - Resource string (admin.appversions.fields.version.required) is not found. Language ID = 1
2016-01-14 13:56:50,126 [9] Nut.Services.Localization.LocalizationService - Resource string (admin.appversions.fields.downloadurl.required) is not found. Language ID = 1
2016-01-14 13:56:50,243 [9] Nut.Services.Localization.LocalizationService - Resource string (admin.app) is not found. Language ID = 1
2016-01-14 13:56:50,277 [9] Nut.Services.Localization.LocalizationService - Resource string (admin.appversions) is not found. Language ID = 1
2016-01-14 13:56:57,302 [10] Nut.Services.Localization.LocalizationService - Resource string (admin.appversions.fields.versionnum.required) is not found. Language ID = 1
2016-01-14 13:56:57,335 [10] Nut.Services.Localization.LocalizationService - Resource string (admin.appversions.fields.version.required) is not found. Language ID = 1
2016-01-14 13:56:57,358 [10] Nut.Services.Localization.LocalizationService - Resource string (admin.appversions.fields.downloadurl.required) is not found. Language ID = 1
2016-01-14 13:56:57,374 [10] Nut.Services.Localization.LocalizationService - Resource string (admin.appversions.fields.versionnum.required) is not found. Language ID = 1
2016-01-14 13:56:57,392 [10] Nut.Services.Localization.LocalizationService - Resource string (admin.appversions.fields.version.required) is not found. Language ID = 1
2016-01-14 13:56:57,407 [10] Nut.Services.Localization.LocalizationService - Resource string (admin.appversions.fields.downloadurl.required) is not found. Language ID = 1
2016-01-14 13:56:57,415 [10] Nut.Services.Localization.LocalizationService - Resource string (admin.appversions.fields.versionnum.required) is not found. Language ID = 1
2016-01-14 13:56:57,424 [10] Nut.Services.Localization.LocalizationService - Resource string (admin.appversions.fields.version.required) is not found. Language ID = 1
2016-01-14 13:56:57,431 [10] Nut.Services.Localization.LocalizationService - Resource string (admin.appversions.fields.downloadurl.required) is not found. Language ID = 1
2016-01-14 13:56:57,440 [10] Nut.Services.Localization.LocalizationService - Resource string (admin.appversions.fields.versionnum.required) is not found. Language ID = 1
2016-01-14 13:56:57,448 [10] Nut.Services.Localization.LocalizationService - Resource string (admin.appversions.fields.version.required) is not found. Language ID = 1
2016-01-14 13:56:57,456 [10] Nut.Services.Localization.LocalizationService - Resource string (admin.appversions.fields.downloadurl.required) is not found. Language ID = 1
2016-01-14 13:56:57,469 [10] Nut.Services.Localization.LocalizationService - Resource string (admin.appversions.fields.versionnum.required) is not found. Language ID = 1
2016-01-14 13:56:57,477 [10] Nut.Services.Localization.LocalizationService - Resource string (admin.appversions.fields.version.required) is not found. Language ID = 1
2016-01-14 13:56:57,486 [10] Nut.Services.Localization.LocalizationService - Resource string (admin.appversions.fields.downloadurl.required) is not found. Language ID = 1
2016-01-14 13:56:57,494 [10] Nut.Services.Localization.LocalizationService - Resource string (admin.appversions.fields.versionnum.required) is not found. Language ID = 1
2016-01-14 13:56:57,502 [10] Nut.Services.Localization.LocalizationService - Resource string (admin.appversions.fields.version.required) is not found. Language ID = 1
2016-01-14 13:56:57,510 [10] Nut.Services.Localization.LocalizationService - Resource string (admin.appversions.fields.downloadurl.required) is not found. Language ID = 1
2016-01-14 13:56:57,519 [10] Nut.Services.Localization.LocalizationService - Resource string (admin.appversions.fields.versionnum.required) is not found. Language ID = 1
2016-01-14 13:56:57,528 [10] Nut.Services.Localization.LocalizationService - Resource string (admin.appversions.fields.version.required) is not found. Language ID = 1
2016-01-14 13:56:57,536 [10] Nut.Services.Localization.LocalizationService - Resource string (admin.appversions.fields.downloadurl.required) is not found. Language ID = 1
2016-01-14 13:56:57,544 [10] Nut.Services.Localization.LocalizationService - Resource string (admin.appversions.fields.versionnum.required) is not found. Language ID = 1
2016-01-14 13:56:57,553 [10] Nut.Services.Localization.LocalizationService - Resource string (admin.appversions.fields.version.required) is not found. Language ID = 1
2016-01-14 13:56:57,561 [10] Nut.Services.Localization.LocalizationService - Resource string (admin.appversions.fields.downloadurl.required) is not found. Language ID = 1
2016-01-14 13:56:57,570 [10] Nut.Services.Localization.LocalizationService - Resource string (admin.appversions.fields.versionnum.required) is not found. Language ID = 1
2016-01-14 13:56:57,578 [10] Nut.Services.Localization.LocalizationService - Resource string (admin.appversions.fields.version.required) is not found. Language ID = 1
2016-01-14 13:56:57,586 [10] Nut.Services.Localization.LocalizationService - Resource string (admin.appversions.fields.downloadurl.required) is not found. Language ID = 1
2016-01-14 13:56:57,595 [10] Nut.Services.Localization.LocalizationService - Resource string (admin.appversions.fields.versionnum.required) is not found. Language ID = 1
2016-01-14 13:56:57,603 [10] Nut.Services.Localization.LocalizationService - Resource string (admin.appversions.fields.version.required) is not found. Language ID = 1
2016-01-14 13:56:57,612 [10] Nut.Services.Localization.LocalizationService - Resource string (admin.appversions.fields.downloadurl.required) is not found. Language ID = 1
2016-01-14 13:56:57,620 [10] Nut.Services.Localization.LocalizationService - Resource string (admin.appversions.fields.versionnum.required) is not found. Language ID = 1
2016-01-14 13:56:57,629 [10] Nut.Services.Localization.LocalizationService - Resource string (admin.appversions.fields.version.required) is not found. Language ID = 1
2016-01-14 13:56:57,638 [10] Nut.Services.Localization.LocalizationService - Resource string (admin.appversions.fields.downloadurl.required) is not found. Language ID = 1
2016-01-14 13:56:57,646 [10] Nut.Services.Localization.LocalizationService - Resource string (admin.appversions.fields.versionnum.required) is not found. Language ID = 1
2016-01-14 13:56:57,654 [10] Nut.Services.Localization.LocalizationService - Resource string (admin.appversions.fields.version.required) is not found. Language ID = 1
2016-01-14 13:56:57,663 [10] Nut.Services.Localization.LocalizationService - Resource string (admin.appversions.fields.downloadurl.required) is not found. Language ID = 1
2016-01-14 13:56:57,671 [10] Nut.Services.Localization.LocalizationService - Resource string (admin.appversions.fields.versionnum.required) is not found. Language ID = 1
2016-01-14 13:56:57,680 [10] Nut.Services.Localization.LocalizationService - Resource string (admin.appversions.fields.version.required) is not found. Language ID = 1
2016-01-14 13:56:57,688 [10] Nut.Services.Localization.LocalizationService - Resource string (admin.appversions.fields.downloadurl.required) is not found. Language ID = 1
2016-01-14 13:56:57,697 [10] Nut.Services.Localization.LocalizationService - Resource string (admin.appversions.fields.versionnum.required) is not found. Language ID = 1
2016-01-14 13:56:57,705 [10] Nut.Services.Localization.LocalizationService - Resource string (admin.appversions.fields.version.required) is not found. Language ID = 1
2016-01-14 13:56:57,713 [10] Nut.Services.Localization.LocalizationService - Resource string (admin.appversions.fields.downloadurl.required) is not found. Language ID = 1
2016-01-14 13:56:57,749 [10] Nut.Services.Localization.LocalizationService - Resource string (admin.appversion.addnew) is not found. Language ID = 1
2016-01-14 13:56:57,758 [10] Nut.Services.Localization.LocalizationService - Resource string (admin.appversion.addnew) is not found. Language ID = 1
2016-01-14 13:56:57,769 [10] Nut.Services.Localization.LocalizationService - Resource string (admin.common.backtolist) is not found. Language ID = 1
2016-01-14 13:56:57,783 [10] Nut.Services.Localization.LocalizationService - Resource string (admin.appversion) is not found. Language ID = 1
2016-01-14 13:56:57,794 [10] Nut.Services.Localization.LocalizationService - Resource string (admin.appversions.fields.versionnum.required) is not found. Language ID = 1
2016-01-14 13:56:57,804 [10] Nut.Services.Localization.LocalizationService - Resource string (admin.appversions.fields.version.required) is not found. Language ID = 1
2016-01-14 13:56:57,812 [10] Nut.Services.Localization.LocalizationService - Resource string (admin.appversions.fields.downloadurl.required) is not found. Language ID = 1
2016-01-14 13:56:57,821 [10] Nut.Services.Localization.LocalizationService - Resource string (admin.appversions.fields.versionnum.required) is not found. Language ID = 1
2016-01-14 13:56:57,830 [10] Nut.Services.Localization.LocalizationService - Resource string (admin.appversions.fields.version.required) is not found. Language ID = 1
2016-01-14 13:56:57,838 [10] Nut.Services.Localization.LocalizationService - Resource string (admin.appversions.fields.downloadurl.required) is not found. Language ID = 1
2016-01-14 13:56:57,847 [10] Nut.Services.Localization.LocalizationService - Resource string (admin.appversions.fields.versionnum.required) is not found. Language ID = 1
2016-01-14 13:56:57,856 [10] Nut.Services.Localization.LocalizationService - Resource string (admin.appversions.fields.version.required) is not found. Language ID = 1
2016-01-14 13:56:57,865 [10] Nut.Services.Localization.LocalizationService - Resource string (admin.appversions.fields.downloadurl.required) is not found. Language ID = 1
2016-01-14 13:56:57,875 [10] Nut.Services.Localization.LocalizationService - Resource string (admin.appversions.fields.versionnum.required) is not found. Language ID = 1
2016-01-14 13:56:57,884 [10] Nut.Services.Localization.LocalizationService - Resource string (admin.appversions.fields.version.required) is not found. Language ID = 1
2016-01-14 13:56:57,894 [10] Nut.Services.Localization.LocalizationService - Resource string (admin.appversions.fields.downloadurl.required) is not found. Language ID = 1
2016-01-14 13:56:57,903 [10] Nut.Services.Localization.LocalizationService - Resource string (admin.appversions.fields.versionnum.required) is not found. Language ID = 1
2016-01-14 13:56:57,911 [10] Nut.Services.Localization.LocalizationService - Resource string (admin.appversions.fields.version.required) is not found. Language ID = 1
2016-01-14 13:56:57,920 [10] Nut.Services.Localization.LocalizationService - Resource string (admin.appversions.fields.downloadurl.required) is not found. Language ID = 1
2016-01-14 13:56:57,953 [10] Nut.Services.Localization.LocalizationService - Resource string (admin.appversions.fields.versionnum.required) is not found. Language ID = 1
2016-01-14 13:56:57,971 [10] Nut.Services.Localization.LocalizationService - Resource string (admin.appversions.fields.version.required) is not found. Language ID = 1
2016-01-14 13:56:57,990 [10] Nut.Services.Localization.LocalizationService - Resource string (admin.appversions.fields.downloadurl.required) is not found. Language ID = 1
2016-01-14 13:56:58,007 [10] Nut.Services.Localization.LocalizationService - Resource string (admin.appversions.fields.versionnum.required) is not found. Language ID = 1
2016-01-14 13:56:58,033 [10] Nut.Services.Localization.LocalizationService - Resource string (admin.appversions.fields.version.required) is not found. Language ID = 1
2016-01-14 13:56:58,054 [10] Nut.Services.Localization.LocalizationService - Resource string (admin.appversions.fields.downloadurl.required) is not found. Language ID = 1
2016-01-14 13:56:58,076 [10] Nut.Services.Localization.LocalizationService - Resource string (admin.appversions.fields.versionnum.required) is not found. Language ID = 1
2016-01-14 13:56:58,095 [10] Nut.Services.Localization.LocalizationService - Resource string (admin.appversions.fields.version.required) is not found. Language ID = 1
2016-01-14 13:56:58,104 [10] Nut.Services.Localization.LocalizationService - Resource string (admin.appversions.fields.downloadurl.required) is not found. Language ID = 1
2016-01-14 13:56:58,157 [10] Nut.Services.Localization.LocalizationService - Resource string (admin.app) is not found. Language ID = 1
2016-01-14 13:56:58,169 [10] Nut.Services.Localization.LocalizationService - Resource string (admin.appversions) is not found. Language ID = 1
2016-01-14 13:57:22,051 [8] Nut.Services.Localization.LocalizationService - Resource string (admin.appversions.fields.versionnum.required) is not found. Language ID = 1
2016-01-14 13:57:22,074 [8] Nut.Services.Localization.LocalizationService - Resource string (admin.appversions.fields.version.required) is not found. Language ID = 1
2016-01-14 13:57:22,094 [8] Nut.Services.Localization.LocalizationService - Resource string (admin.appversions.fields.downloadurl.required) is not found. Language ID = 1
2016-01-14 13:57:22,108 [8] Nut.Services.Localization.LocalizationService - Resource string (admin.appversions.fields.versionnum.required) is not found. Language ID = 1
2016-01-14 13:57:22,119 [8] Nut.Services.Localization.LocalizationService - Resource string (admin.appversions.fields.version.required) is not found. Language ID = 1
2016-01-14 13:57:22,128 [8] Nut.Services.Localization.LocalizationService - Resource string (admin.appversions.fields.downloadurl.required) is not found. Language ID = 1
2016-01-14 13:57:22,137 [8] Nut.Services.Localization.LocalizationService - Resource string (admin.appversions.fields.versionnum.required) is not found. Language ID = 1
2016-01-14 13:57:22,146 [8] Nut.Services.Localization.LocalizationService - Resource string (admin.appversions.fields.version.required) is not found. Language ID = 1
2016-01-14 13:57:22,155 [8] Nut.Services.Localization.LocalizationService - Resource string (admin.appversions.fields.downloadurl.required) is not found. Language ID = 1
2016-01-14 13:57:22,164 [8] Nut.Services.Localization.LocalizationService - Resource string (admin.appversions.fields.versionnum.required) is not found. Language ID = 1
2016-01-14 13:57:22,174 [8] Nut.Services.Localization.LocalizationService - Resource string (admin.appversions.fields.version.required) is not found. Language ID = 1
2016-01-14 13:57:22,185 [8] Nut.Services.Localization.LocalizationService - Resource string (admin.appversions.fields.downloadurl.required) is not found. Language ID = 1
2016-01-14 13:57:22,196 [8] Nut.Services.Localization.LocalizationService - Resource string (admin.appversions.fields.versionnum.required) is not found. Language ID = 1
2016-01-14 13:57:22,205 [8] Nut.Services.Localization.LocalizationService - Resource string (admin.appversions.fields.version.required) is not found. Language ID = 1
2016-01-14 13:57:22,215 [8] Nut.Services.Localization.LocalizationService - Resource string (admin.appversions.fields.downloadurl.required) is not found. Language ID = 1
2016-01-14 13:57:22,223 [8] Nut.Services.Localization.LocalizationService - Resource string (admin.appversions.fields.versionnum.required) is not found. Language ID = 1
2016-01-14 13:57:22,273 [8] Nut.Services.Localization.LocalizationService - Resource string (admin.appversions.fields.version.required) is not found. Language ID = 1
2016-01-14 13:57:22,292 [8] Nut.Services.Localization.LocalizationService - Resource string (admin.appversions.fields.downloadurl.required) is not found. Language ID = 1
2016-01-14 13:57:22,359 [8] Nut.Services.Localization.LocalizationService - Resource string (admin.appversions.fields.versionnum.required) is not found. Language ID = 1
2016-01-14 13:57:22,376 [8] Nut.Services.Localization.LocalizationService - Resource string (admin.appversions.fields.version.required) is not found. Language ID = 1
2016-01-14 13:57:22,391 [8] Nut.Services.Localization.LocalizationService - Resource string (admin.appversions.fields.downloadurl.required) is not found. Language ID = 1
2016-01-14 13:57:22,402 [8] Nut.Services.Localization.LocalizationService - Resource string (admin.appversions.fields.versionnum.required) is not found. Language ID = 1
2016-01-14 13:57:22,411 [8] Nut.Services.Localization.LocalizationService - Resource string (admin.appversions.fields.version.required) is not found. Language ID = 1
2016-01-14 13:57:22,421 [8] Nut.Services.Localization.LocalizationService - Resource string (admin.appversions.fields.downloadurl.required) is not found. Language ID = 1
2016-01-14 13:57:22,433 [8] Nut.Services.Localization.LocalizationService - Resource string (admin.appversions.fields.versionnum.required) is not found. Language ID = 1
2016-01-14 13:57:22,443 [8] Nut.Services.Localization.LocalizationService - Resource string (admin.appversions.fields.version.required) is not found. Language ID = 1
2016-01-14 13:57:22,453 [8] Nut.Services.Localization.LocalizationService - Resource string (admin.appversions.fields.downloadurl.required) is not found. Language ID = 1
2016-01-14 13:57:22,463 [8] Nut.Services.Localization.LocalizationService - Resource string (admin.appversions.fields.versionnum.required) is not found. Language ID = 1
2016-01-14 13:57:22,472 [8] Nut.Services.Localization.LocalizationService - Resource string (admin.appversions.fields.version.required) is not found. Language ID = 1
2016-01-14 13:57:22,481 [8] Nut.Services.Localization.LocalizationService - Resource string (admin.appversions.fields.downloadurl.required) is not found. Language ID = 1
2016-01-14 13:57:22,490 [8] Nut.Services.Localization.LocalizationService - Resource string (admin.appversions.fields.versionnum.required) is not found. Language ID = 1
2016-01-14 13:57:22,518 [8] Nut.Services.Localization.LocalizationService - Resource string (admin.appversions.fields.version.required) is not found. Language ID = 1
2016-01-14 13:57:22,526 [8] Nut.Services.Localization.LocalizationService - Resource string (admin.appversions.fields.downloadurl.required) is not found. Language ID = 1
2016-01-14 13:57:22,535 [8] Nut.Services.Localization.LocalizationService - Resource string (admin.appversions.fields.versionnum.required) is not found. Language ID = 1
2016-01-14 13:57:22,545 [8] Nut.Services.Localization.LocalizationService - Resource string (admin.appversions.fields.version.required) is not found. Language ID = 1
2016-01-14 13:57:22,556 [8] Nut.Services.Localization.LocalizationService - Resource string (admin.appversions.fields.downloadurl.required) is not found. Language ID = 1
2016-01-14 13:57:22,566 [8] Nut.Services.Localization.LocalizationService - Resource string (admin.appversions.fields.versionnum.required) is not found. Language ID = 1
2016-01-14 13:57:22,577 [8] Nut.Services.Localization.LocalizationService - Resource string (admin.appversions.fields.version.required) is not found. Language ID = 1
2016-01-14 13:57:22,587 [8] Nut.Services.Localization.LocalizationService - Resource string (admin.appversions.fields.downloadurl.required) is not found. Language ID = 1
2016-01-14 13:57:22,602 [8] Nut.Services.Localization.LocalizationService - Resource string (admin.appversions.fields.versionnum.required) is not found. Language ID = 1
2016-01-14 13:57:22,611 [8] Nut.Services.Localization.LocalizationService - Resource string (admin.appversions.fields.version.required) is not found. Language ID = 1
2016-01-14 13:57:22,619 [8] Nut.Services.Localization.LocalizationService - Resource string (admin.appversions.fields.downloadurl.required) is not found. Language ID = 1
2016-01-14 13:57:24,366 [8] Nut.Services.Localization.LocalizationService - Resource string (admin.appversion.addnew) is not found. Language ID = 1
2016-01-14 13:57:24,388 [8] Nut.Services.Localization.LocalizationService - Resource string (admin.appversion.addnew) is not found. Language ID = 1
2016-01-14 13:57:24,405 [8] Nut.Services.Localization.LocalizationService - Resource string (admin.common.backtolist) is not found. Language ID = 1
2016-01-14 13:57:24,421 [8] Nut.Services.Localization.LocalizationService - Resource string (admin.appversion) is not found. Language ID = 1
2016-01-14 13:57:24,589 [8] Nut.Web.Framework.Logging.LoggingModule - E:\Nut.NET\src\Presentation\Nut.Web\Administration\Views\AppVersion\_CreateOrUpdate.cshtml(45): error CS1026: ) expected
2016-01-14 13:57:24,606 [8] Nut.Web.Framework.Logging.LoggingModule - E:\Nut.NET\src\Presentation\Nut.Web\Administration\Views\AppVersion\_CreateOrUpdate.cshtml(45): error CS1026: ) expected
2016-01-14 13:57:31,959 [15] Nut.Services.Localization.LocalizationService - Resource string (admin.appversions.fields.versionnum.required) is not found. Language ID = 1
2016-01-14 13:57:31,980 [15] Nut.Services.Localization.LocalizationService - Resource string (admin.appversions.fields.version.required) is not found. Language ID = 1
2016-01-14 13:57:32,005 [15] Nut.Services.Localization.LocalizationService - Resource string (admin.appversions.fields.downloadurl.required) is not found. Language ID = 1
2016-01-14 13:57:32,033 [15] Nut.Services.Localization.LocalizationService - Resource string (admin.appversions.fields.versionnum.required) is not found. Language ID = 1
2016-01-14 13:57:32,058 [15] Nut.Services.Localization.LocalizationService - Resource string (admin.appversions.fields.version.required) is not found. Language ID = 1
2016-01-14 13:57:32,077 [15] Nut.Services.Localization.LocalizationService - Resource string (admin.appversions.fields.downloadurl.required) is not found. Language ID = 1
2016-01-14 13:57:32,091 [15] Nut.Services.Localization.LocalizationService - Resource string (admin.appversions.fields.versionnum.required) is not found. Language ID = 1
2016-01-14 13:57:32,102 [15] Nut.Services.Localization.LocalizationService - Resource string (admin.appversions.fields.version.required) is not found. Language ID = 1
2016-01-14 13:57:32,113 [15] Nut.Services.Localization.LocalizationService - Resource string (admin.appversions.fields.downloadurl.required) is not found. Language ID = 1
2016-01-14 13:57:32,121 [15] Nut.Services.Localization.LocalizationService - Resource string (admin.appversions.fields.versionnum.required) is not found. Language ID = 1
2016-01-14 13:57:32,130 [15] Nut.Services.Localization.LocalizationService - Resource string (admin.appversions.fields.version.required) is not found. Language ID = 1
2016-01-14 13:57:32,139 [15] Nut.Services.Localization.LocalizationService - Resource string (admin.appversions.fields.downloadurl.required) is not found. Language ID = 1
2016-01-14 13:57:32,149 [15] Nut.Services.Localization.LocalizationService - Resource string (admin.appversions.fields.versionnum.required) is not found. Language ID = 1
2016-01-14 13:57:32,158 [15] Nut.Services.Localization.LocalizationService - Resource string (admin.appversions.fields.version.required) is not found. Language ID = 1
2016-01-14 13:57:32,167 [15] Nut.Services.Localization.LocalizationService - Resource string (admin.appversions.fields.downloadurl.required) is not found. Language ID = 1
2016-01-14 13:57:32,178 [15] Nut.Services.Localization.LocalizationService - Resource string (admin.appversions.fields.versionnum.required) is not found. Language ID = 1
2016-01-14 13:57:32,187 [15] Nut.Services.Localization.LocalizationService - Resource string (admin.appversions.fields.version.required) is not found. Language ID = 1
2016-01-14 13:57:32,199 [15] Nut.Services.Localization.LocalizationService - Resource string (admin.appversions.fields.downloadurl.required) is not found. Language ID = 1
2016-01-14 13:57:32,207 [15] Nut.Services.Localization.LocalizationService - Resource string (admin.appversions.fields.versionnum.required) is not found. Language ID = 1
2016-01-14 13:57:32,216 [15] Nut.Services.Localization.LocalizationService - Resource string (admin.appversions.fields.version.required) is not found. Language ID = 1
2016-01-14 13:57:32,225 [15] Nut.Services.Localization.LocalizationService - Resource string (admin.appversions.fields.downloadurl.required) is not found. Language ID = 1
2016-01-14 13:57:32,234 [15] Nut.Services.Localization.LocalizationService - Resource string (admin.appversions.fields.versionnum.required) is not found. Language ID = 1
2016-01-14 13:57:32,251 [15] Nut.Services.Localization.LocalizationService - Resource string (admin.appversions.fields.version.required) is not found. Language ID = 1
2016-01-14 13:57:32,267 [15] Nut.Services.Localization.LocalizationService - Resource string (admin.appversions.fields.downloadurl.required) is not found. Language ID = 1
2016-01-14 13:57:32,285 [15] Nut.Services.Localization.LocalizationService - Resource string (admin.appversions.fields.versionnum.required) is not found. Language ID = 1
2016-01-14 13:57:32,306 [15] Nut.Services.Localization.LocalizationService - Resource string (admin.appversions.fields.version.required) is not found. Language ID = 1
2016-01-14 13:57:32,331 [15] Nut.Services.Localization.LocalizationService - Resource string (admin.appversions.fields.downloadurl.required) is not found. Language ID = 1
2016-01-14 13:57:32,350 [15] Nut.Services.Localization.LocalizationService - Resource string (admin.appversions.fields.versionnum.required) is not found. Language ID = 1
2016-01-14 13:57:32,364 [15] Nut.Services.Localization.LocalizationService - Resource string (admin.appversions.fields.version.required) is not found. Language ID = 1
2016-01-14 13:57:32,378 [15] Nut.Services.Localization.LocalizationService - Resource string (admin.appversions.fields.downloadurl.required) is not found. Language ID = 1
2016-01-14 13:57:32,388 [15] Nut.Services.Localization.LocalizationService - Resource string (admin.appversions.fields.versionnum.required) is not found. Language ID = 1
2016-01-14 13:57:32,396 [15] Nut.Services.Localization.LocalizationService - Resource string (admin.appversions.fields.version.required) is not found. Language ID = 1
2016-01-14 13:57:32,404 [15] Nut.Services.Localization.LocalizationService - Resource string (admin.appversions.fields.downloadurl.required) is not found. Language ID = 1
2016-01-14 13:57:32,415 [15] Nut.Services.Localization.LocalizationService - Resource string (admin.appversions.fields.versionnum.required) is not found. Language ID = 1
2016-01-14 13:57:32,426 [15] Nut.Services.Localization.LocalizationService - Resource string (admin.appversions.fields.version.required) is not found. Language ID = 1
2016-01-14 13:57:32,436 [15] Nut.Services.Localization.LocalizationService - Resource string (admin.appversions.fields.downloadurl.required) is not found. Language ID = 1
2016-01-14 13:57:32,445 [15] Nut.Services.Localization.LocalizationService - Resource string (admin.appversions.fields.versionnum.required) is not found. Language ID = 1
2016-01-14 13:57:32,455 [15] Nut.Services.Localization.LocalizationService - Resource string (admin.appversions.fields.version.required) is not found. Language ID = 1
2016-01-14 13:57:32,464 [15] Nut.Services.Localization.LocalizationService - Resource string (admin.appversions.fields.downloadurl.required) is not found. Language ID = 1
2016-01-14 13:57:32,474 [15] Nut.Services.Localization.LocalizationService - Resource string (admin.appversions.fields.versionnum.required) is not found. Language ID = 1
2016-01-14 13:57:32,482 [15] Nut.Services.Localization.LocalizationService - Resource string (admin.appversions.fields.version.required) is not found. Language ID = 1
2016-01-14 13:57:32,493 [15] Nut.Services.Localization.LocalizationService - Resource string (admin.appversions.fields.downloadurl.required) is not found. Language ID = 1
2016-01-14 13:57:32,507 [15] Nut.Services.Localization.LocalizationService - Resource string (admin.appversion.addnew) is not found. Language ID = 1
2016-01-14 13:57:32,517 [15] Nut.Services.Localization.LocalizationService - Resource string (admin.appversion.addnew) is not found. Language ID = 1
2016-01-14 13:57:32,529 [15] Nut.Services.Localization.LocalizationService - Resource string (admin.common.backtolist) is not found. Language ID = 1
2016-01-14 13:57:32,543 [15] Nut.Services.Localization.LocalizationService - Resource string (admin.appversion) is not found. Language ID = 1
2016-01-14 13:57:32,959 [15] Nut.Services.Localization.LocalizationService - Resource string (admin.appversions.fields.versionnum.required) is not found. Language ID = 1
2016-01-14 13:57:32,982 [15] Nut.Services.Localization.LocalizationService - Resource string (admin.appversions.fields.version.required) is not found. Language ID = 1
2016-01-14 13:57:33,009 [15] Nut.Services.Localization.LocalizationService - Resource string (admin.appversions.fields.downloadurl.required) is not found. Language ID = 1
2016-01-14 13:57:33,035 [15] Nut.Services.Localization.LocalizationService - Resource string (admin.appversions.fields.versionnum.required) is not found. Language ID = 1
2016-01-14 13:57:33,051 [15] Nut.Services.Localization.LocalizationService - Resource string (admin.appversions.fields.version.required) is not found. Language ID = 1
2016-01-14 13:57:33,072 [15] Nut.Services.Localization.LocalizationService - Resource string (admin.appversions.fields.downloadurl.required) is not found. Language ID = 1
2016-01-14 13:57:33,089 [15] Nut.Services.Localization.LocalizationService - Resource string (admin.appversions.fields.versionnum.required) is not found. Language ID = 1
2016-01-14 13:57:33,101 [15] Nut.Services.Localization.LocalizationService - Resource string (admin.appversions.fields.version.required) is not found. Language ID = 1
2016-01-14 13:57:33,112 [15] Nut.Services.Localization.LocalizationService - Resource string (admin.appversions.fields.downloadurl.required) is not found. Language ID = 1
2016-01-14 13:57:33,123 [15] Nut.Services.Localization.LocalizationService - Resource string (admin.appversions.fields.versionnum.required) is not found. Language ID = 1
2016-01-14 13:57:33,135 [15] Nut.Services.Localization.LocalizationService - Resource string (admin.appversions.fields.version.required) is not found. Language ID = 1
2016-01-14 13:57:33,146 [15] Nut.Services.Localization.LocalizationService - Resource string (admin.appversions.fields.downloadurl.required) is not found. Language ID = 1
2016-01-14 13:57:33,156 [15] Nut.Services.Localization.LocalizationService - Resource string (admin.appversions.fields.versionnum.required) is not found. Language ID = 1
2016-01-14 13:57:33,166 [15] Nut.Services.Localization.LocalizationService - Resource string (admin.appversions.fields.version.required) is not found. Language ID = 1
2016-01-14 13:57:33,175 [15] Nut.Services.Localization.LocalizationService - Resource string (admin.appversions.fields.downloadurl.required) is not found. Language ID = 1
2016-01-14 13:57:33,185 [15] Nut.Services.Localization.LocalizationService - Resource string (admin.appversions.fields.versionnum.required) is not found. Language ID = 1
2016-01-14 13:57:33,195 [15] Nut.Services.Localization.LocalizationService - Resource string (admin.appversions.fields.version.required) is not found. Language ID = 1
2016-01-14 13:57:33,204 [15] Nut.Services.Localization.LocalizationService - Resource string (admin.appversions.fields.downloadurl.required) is not found. Language ID = 1
2016-01-14 13:57:33,218 [15] Nut.Services.Localization.LocalizationService - Resource string (admin.appversions.fields.versionnum.required) is not found. Language ID = 1
2016-01-14 13:57:33,228 [15] Nut.Services.Localization.LocalizationService - Resource string (admin.appversions.fields.version.required) is not found. Language ID = 1
2016-01-14 13:57:33,237 [15] Nut.Services.Localization.LocalizationService - Resource string (admin.appversions.fields.downloadurl.required) is not found. Language ID = 1
2016-01-14 13:57:33,264 [15] Nut.Services.Localization.LocalizationService - Resource string (admin.appversions.fields.versionnum.required) is not found. Language ID = 1
2016-01-14 13:57:33,285 [15] Nut.Services.Localization.LocalizationService - Resource string (admin.appversions.fields.version.required) is not found. Language ID = 1
2016-01-14 13:57:33,319 [15] Nut.Services.Localization.LocalizationService - Resource string (admin.appversions.fields.downloadurl.required) is not found. Language ID = 1
2016-01-14 13:57:33,392 [15] Nut.Services.Localization.LocalizationService - Resource string (admin.app) is not found. Language ID = 1
2016-01-14 13:57:33,413 [15] Nut.Services.Localization.LocalizationService - Resource string (admin.appversions) is not found. Language ID = 1
2016-01-14 13:58:15,181 [10] Nut.Services.Localization.LocalizationService - Resource string (admin.appversions.fields.versionnum.required) is not found. Language ID = 1
2016-01-14 13:58:15,196 [10] Nut.Services.Localization.LocalizationService - Resource string (admin.appversions.fields.version.required) is not found. Language ID = 1
2016-01-14 13:58:15,210 [10] Nut.Services.Localization.LocalizationService - Resource string (admin.appversions.fields.downloadurl.required) is not found. Language ID = 1
2016-01-14 13:58:15,220 [10] Nut.Services.Localization.LocalizationService - Resource string (admin.appversions.fields.versionnum.required) is not found. Language ID = 1
2016-01-14 13:58:15,230 [10] Nut.Services.Localization.LocalizationService - Resource string (admin.appversions.fields.version.required) is not found. Language ID = 1
2016-01-14 13:58:15,243 [10] Nut.Services.Localization.LocalizationService - Resource string (admin.appversions.fields.downloadurl.required) is not found. Language ID = 1
2016-01-14 13:58:15,273 [10] Nut.Services.Localization.LocalizationService - Resource string (admin.appversions.fields.versionnum.required) is not found. Language ID = 1
2016-01-14 13:58:15,288 [10] Nut.Services.Localization.LocalizationService - Resource string (admin.appversions.fields.version.required) is not found. Language ID = 1
2016-01-14 13:58:15,338 [10] Nut.Services.Localization.LocalizationService - Resource string (admin.appversions.fields.downloadurl.required) is not found. Language ID = 1
2016-01-14 13:58:15,363 [10] Nut.Services.Localization.LocalizationService - Resource string (admin.appversions.fields.versionnum.required) is not found. Language ID = 1
2016-01-14 13:58:15,383 [10] Nut.Services.Localization.LocalizationService - Resource string (admin.appversions.fields.version.required) is not found. Language ID = 1
2016-01-14 13:58:15,395 [10] Nut.Services.Localization.LocalizationService - Resource string (admin.appversions.fields.downloadurl.required) is not found. Language ID = 1
2016-01-14 13:58:15,407 [10] Nut.Services.Localization.LocalizationService - Resource string (admin.appversions.fields.versionnum.required) is not found. Language ID = 1
2016-01-14 13:58:15,418 [10] Nut.Services.Localization.LocalizationService - Resource string (admin.appversions.fields.version.required) is not found. Language ID = 1
2016-01-14 13:58:15,427 [10] Nut.Services.Localization.LocalizationService - Resource string (admin.appversions.fields.downloadurl.required) is not found. Language ID = 1
2016-01-14 13:58:15,436 [10] Nut.Services.Localization.LocalizationService - Resource string (admin.appversions.fields.versionnum.required) is not found. Language ID = 1
2016-01-14 13:58:15,444 [10] Nut.Services.Localization.LocalizationService - Resource string (admin.appversions.fields.version.required) is not found. Language ID = 1
2016-01-14 13:58:15,454 [10] Nut.Services.Localization.LocalizationService - Resource string (admin.appversions.fields.downloadurl.required) is not found. Language ID = 1
2016-01-14 13:58:15,466 [10] Nut.Services.Localization.LocalizationService - Resource string (admin.appversions.fields.versionnum.required) is not found. Language ID = 1
2016-01-14 13:58:15,477 [10] Nut.Services.Localization.LocalizationService - Resource string (admin.appversions.fields.version.required) is not found. Language ID = 1
2016-01-14 13:58:15,487 [10] Nut.Services.Localization.LocalizationService - Resource string (admin.appversions.fields.downloadurl.required) is not found. Language ID = 1
2016-01-14 13:58:15,499 [10] Nut.Services.Localization.LocalizationService - Resource string (admin.appversions.fields.versionnum.required) is not found. Language ID = 1
2016-01-14 13:58:15,508 [10] Nut.Services.Localization.LocalizationService - Resource string (admin.appversions.fields.version.required) is not found. Language ID = 1
2016-01-14 13:58:15,518 [10] Nut.Services.Localization.LocalizationService - Resource string (admin.appversions.fields.downloadurl.required) is not found. Language ID = 1
2016-01-14 13:58:15,527 [10] Nut.Services.Localization.LocalizationService - Resource string (admin.appversions.fields.versionnum.required) is not found. Language ID = 1
2016-01-14 13:58:15,537 [10] Nut.Services.Localization.LocalizationService - Resource string (admin.appversions.fields.version.required) is not found. Language ID = 1
2016-01-14 13:58:15,546 [10] Nut.Services.Localization.LocalizationService - Resource string (admin.appversions.fields.downloadurl.required) is not found. Language ID = 1
2016-01-14 13:58:15,558 [10] Nut.Services.Localization.LocalizationService - Resource string (admin.appversions.fields.versionnum.required) is not found. Language ID = 1
2016-01-14 13:58:15,567 [10] Nut.Services.Localization.LocalizationService - Resource string (admin.appversions.fields.version.required) is not found. Language ID = 1
2016-01-14 13:58:15,577 [10] Nut.Services.Localization.LocalizationService - Resource string (admin.appversions.fields.downloadurl.required) is not found. Language ID = 1
2016-01-14 13:58:15,664 [10] Nut.Services.Localization.LocalizationService - Resource string (activitylog.addnewappversion) is not found. Language ID = 1
2016-01-14 13:58:15,710 [10] Nut.Services.Localization.LocalizationService - Resource string (admin.catalog.attributes.appversions.added) is not found. Language ID = 1
2016-01-14 13:58:15,786 [7] Nut.Services.Localization.LocalizationService - Resource string (admin.appversions) is not found. Language ID = 1
2016-01-14 13:58:15,814 [7] Nut.Services.Localization.LocalizationService - Resource string (admin.appversions) is not found. Language ID = 1
2016-01-14 13:58:15,825 [7] Nut.Services.Localization.LocalizationService - Resource string (admin.appversions) is not found. Language ID = 1
2016-01-14 13:58:15,921 [7] Nut.Services.Localization.LocalizationService - Resource string (admin.app) is not found. Language ID = 1
2016-01-14 13:58:15,934 [7] Nut.Services.Localization.LocalizationService - Resource string (admin.appversions) is not found. Language ID = 1
2016-01-14 14:02:50,483 [14] Nut.Services.Localization.LocalizationService - Resource string (admin.app) is not found. Language ID = 1
2016-01-14 14:03:06,969 [14] Nut.Services.Localization.LocalizationService - Resource string (admin.app) is not found. Language ID = 1
2016-01-14 14:03:18,296 [22] Nut.Services.Localization.LocalizationService - Resource string (admin.app) is not found. Language ID = 1
2016-01-14 14:05:19,448 [22] Nut.Web.Framework.Logging.LoggingModule - Application started
2016-01-14 14:05:25,878 [16] Nut.Services.Localization.LocalizationService - Resource string (admin.app) is not found. Language ID = 1
2016-01-14 14:06:21,893 [23] Nut.Services.Localization.LocalizationService - Resource string (account.login.unsuccessful) is not found. Language ID = 1
2016-01-14 14:06:21,916 [23] Nut.Services.Localization.LocalizationService - Resource string (account.login.fields.username) is not found. Language ID = 1
2016-01-14 14:06:21,959 [23] Nut.Services.Localization.LocalizationService - Resource string (account.login.fields.username) is not found. Language ID = 1
2016-01-14 14:06:21,987 [23] Nut.Services.Localization.LocalizationService - Resource string (account.login.fields.password) is not found. Language ID = 1
2016-01-14 14:06:22,023 [23] Nut.Services.Localization.LocalizationService - Resource string (account.login.fields.password) is not found. Language ID = 1
2016-01-14 14:06:25,220 [9] Nut.Services.Localization.LocalizationService - Resource string (account.login.fields.username) is not found. Language ID = 1
2016-01-14 14:06:25,237 [9] Nut.Services.Localization.LocalizationService - Resource string (account.login.fields.password) is not found. Language ID = 1
2016-01-14 14:06:25,252 [9] Nut.Services.Localization.LocalizationService - Resource string (account.login.fields.rememberme) is not found. Language ID = 1
2016-01-14 14:06:25,922 [24] Nut.Services.Localization.LocalizationService - Resource string (admin.app) is not found. Language ID = 1
2016-01-14 14:06:29,751 [16] Nut.Services.Localization.LocalizationService - Resource string (admin.app) is not found. Language ID = 1
2016-01-14 14:07:05,390 [24] Nut.Services.Localization.LocalizationService - Resource string (admin.common.backtolist) is not found. Language ID = 1
2016-01-14 14:07:05,433 [24] Nut.Services.Localization.LocalizationService - Resource string (admin.appversion) is not found. Language ID = 1
2016-01-14 14:07:05,493 [24] Nut.Services.Localization.LocalizationService - Resource string (admin.appversions.fields.versionnum.required) is not found. Language ID = 1
2016-01-14 14:07:05,531 [24] Nut.Services.Localization.LocalizationService - Resource string (admin.appversions.fields.version.required) is not found. Language ID = 1
2016-01-14 14:07:05,556 [24] Nut.Services.Localization.LocalizationService - Resource string (admin.appversions.fields.downloadurl.required) is not found. Language ID = 1
2016-01-14 14:07:05,590 [24] Nut.Services.Localization.LocalizationService - Resource string (admin.appversions.fields.versionnum.required) is not found. Language ID = 1
2016-01-14 14:07:05,601 [24] Nut.Services.Localization.LocalizationService - Resource string (admin.appversions.fields.version.required) is not found. Language ID = 1
2016-01-14 14:07:05,614 [24] Nut.Services.Localization.LocalizationService - Resource string (admin.appversions.fields.downloadurl.required) is not found. Language ID = 1
2016-01-14 14:07:05,636 [24] Nut.Services.Localization.LocalizationService - Resource string (admin.appversions.fields.versionnum.required) is not found. Language ID = 1
2016-01-14 14:07:05,649 [24] Nut.Services.Localization.LocalizationService - Resource string (admin.appversions.fields.version.required) is not found. Language ID = 1
2016-01-14 14:07:05,660 [24] Nut.Services.Localization.LocalizationService - Resource string (admin.appversions.fields.downloadurl.required) is not found. Language ID = 1
2016-01-14 14:07:05,700 [24] Nut.Services.Localization.LocalizationService - Resource string (admin.appversions.fields.versionnum.required) is not found. Language ID = 1
2016-01-14 14:07:05,712 [24] Nut.Services.Localization.LocalizationService - Resource string (admin.appversions.fields.version.required) is not found. Language ID = 1
2016-01-14 14:07:05,723 [24] Nut.Services.Localization.LocalizationService - Resource string (admin.appversions.fields.downloadurl.required) is not found. Language ID = 1
2016-01-14 14:07:05,740 [24] Nut.Services.Localization.LocalizationService - Resource string (admin.appversions.fields.versionnum.required) is not found. Language ID = 1
2016-01-14 14:07:05,751 [24] Nut.Services.Localization.LocalizationService - Resource string (admin.appversions.fields.version.required) is not found. Language ID = 1
2016-01-14 14:07:05,763 [24] Nut.Services.Localization.LocalizationService - Resource string (admin.appversions.fields.downloadurl.required) is not found. Language ID = 1
2016-01-14 14:07:05,784 [24] Nut.Services.Localization.LocalizationService - Resource string (admin.appversions.fields.versionnum.required) is not found. Language ID = 1
2016-01-14 14:07:05,796 [24] Nut.Services.Localization.LocalizationService - Resource string (admin.appversions.fields.version.required) is not found. Language ID = 1
2016-01-14 14:07:05,813 [24] Nut.Services.Localization.LocalizationService - Resource string (admin.appversions.fields.downloadurl.required) is not found. Language ID = 1
2016-01-14 14:07:05,833 [24] Nut.Services.Localization.LocalizationService - Resource string (admin.appversions.fields.versionnum.required) is not found. Language ID = 1
2016-01-14 14:07:05,844 [24] Nut.Services.Localization.LocalizationService - Resource string (admin.appversions.fields.version.required) is not found. Language ID = 1
2016-01-14 14:07:05,855 [24] Nut.Services.Localization.LocalizationService - Resource string (admin.appversions.fields.downloadurl.required) is not found. Language ID = 1
2016-01-14 14:07:05,889 [24] Nut.Services.Localization.LocalizationService - Resource string (admin.appversions.fields.versionnum.required) is not found. Language ID = 1
2016-01-14 14:07:05,906 [24] Nut.Services.Localization.LocalizationService - Resource string (admin.appversions.fields.version.required) is not found. Language ID = 1
2016-01-14 14:07:05,916 [24] Nut.Services.Localization.LocalizationService - Resource string (admin.appversions.fields.downloadurl.required) is not found. Language ID = 1
2016-01-14 14:07:08,959 [24] Nut.Services.Localization.LocalizationService - Resource string (admin.appversions.fields.versionnum.required) is not found. Language ID = 1
2016-01-14 14:07:08,979 [24] Nut.Services.Localization.LocalizationService - Resource string (admin.appversions.fields.version.required) is not found. Language ID = 1
2016-01-14 14:07:08,999 [24] Nut.Services.Localization.LocalizationService - Resource string (admin.appversions.fields.downloadurl.required) is not found. Language ID = 1
2016-01-14 14:07:09,012 [24] Nut.Services.Localization.LocalizationService - Resource string (admin.appversions.fields.versionnum.required) is not found. Language ID = 1
2016-01-14 14:07:09,022 [24] Nut.Services.Localization.LocalizationService - Resource string (admin.appversions.fields.version.required) is not found. Language ID = 1
2016-01-14 14:07:09,035 [24] Nut.Services.Localization.LocalizationService - Resource string (admin.appversions.fields.downloadurl.required) is not found. Language ID = 1
2016-01-14 14:07:09,047 [24] Nut.Services.Localization.LocalizationService - Resource string (admin.appversions.fields.versionnum.required) is not found. Language ID = 1
2016-01-14 14:07:09,060 [24] Nut.Services.Localization.LocalizationService - Resource string (admin.appversions.fields.version.required) is not found. Language ID = 1
2016-01-14 14:07:09,070 [24] Nut.Services.Localization.LocalizationService - Resource string (admin.appversions.fields.downloadurl.required) is not found. Language ID = 1
2016-01-14 14:07:09,081 [24] Nut.Services.Localization.LocalizationService - Resource string (admin.appversions.fields.versionnum.required) is not found. Language ID = 1
2016-01-14 14:07:09,092 [24] Nut.Services.Localization.LocalizationService - Resource string (admin.appversions.fields.version.required) is not found. Language ID = 1
2016-01-14 14:07:09,104 [24] Nut.Services.Localization.LocalizationService - Resource string (admin.appversions.fields.downloadurl.required) is not found. Language ID = 1
2016-01-14 14:07:09,115 [24] Nut.Services.Localization.LocalizationService - Resource string (admin.appversions.fields.versionnum.required) is not found. Language ID = 1
2016-01-14 14:07:09,125 [24] Nut.Services.Localization.LocalizationService - Resource string (admin.appversions.fields.version.required) is not found. Language ID = 1
2016-01-14 14:07:09,147 [24] Nut.Services.Localization.LocalizationService - Resource string (admin.appversions.fields.downloadurl.required) is not found. Language ID = 1
2016-01-14 14:07:09,160 [24] Nut.Services.Localization.LocalizationService - Resource string (admin.appversions.fields.versionnum.required) is not found. Language ID = 1
2016-01-14 14:07:09,172 [24] Nut.Services.Localization.LocalizationService - Resource string (admin.appversions.fields.version.required) is not found. Language ID = 1
2016-01-14 14:07:09,183 [24] Nut.Services.Localization.LocalizationService - Resource string (admin.appversions.fields.downloadurl.required) is not found. Language ID = 1
2016-01-14 14:07:09,194 [24] Nut.Services.Localization.LocalizationService - Resource string (admin.appversions.fields.versionnum.required) is not found. Language ID = 1
2016-01-14 14:07:09,205 [24] Nut.Services.Localization.LocalizationService - Resource string (admin.appversions.fields.version.required) is not found. Language ID = 1
2016-01-14 14:07:09,216 [24] Nut.Services.Localization.LocalizationService - Resource string (admin.appversions.fields.downloadurl.required) is not found. Language ID = 1
2016-01-14 14:07:09,226 [24] Nut.Services.Localization.LocalizationService - Resource string (admin.appversions.fields.versionnum.required) is not found. Language ID = 1
2016-01-14 14:07:09,238 [24] Nut.Services.Localization.LocalizationService - Resource string (admin.appversions.fields.version.required) is not found. Language ID = 1
2016-01-14 14:07:09,251 [24] Nut.Services.Localization.LocalizationService - Resource string (admin.appversions.fields.downloadurl.required) is not found. Language ID = 1
2016-01-14 14:07:09,262 [24] Nut.Services.Localization.LocalizationService - Resource string (admin.appversions.fields.versionnum.required) is not found. Language ID = 1
2016-01-14 14:07:09,275 [24] Nut.Services.Localization.LocalizationService - Resource string (admin.appversions.fields.version.required) is not found. Language ID = 1
2016-01-14 14:07:09,315 [24] Nut.Services.Localization.LocalizationService - Resource string (admin.appversions.fields.downloadurl.required) is not found. Language ID = 1
2016-01-14 14:07:09,338 [24] Nut.Services.Localization.LocalizationService - Resource string (admin.appversions.fields.versionnum.required) is not found. Language ID = 1
2016-01-14 14:07:09,363 [24] Nut.Services.Localization.LocalizationService - Resource string (admin.appversions.fields.version.required) is not found. Language ID = 1
2016-01-14 14:07:09,383 [24] Nut.Services.Localization.LocalizationService - Resource string (admin.appversions.fields.downloadurl.required) is not found. Language ID = 1
2016-01-14 14:07:09,442 [24] Nut.Services.Localization.LocalizationService - Resource string (activitylog.editappversion) is not found. Language ID = 1
2016-01-14 14:07:09,467 [24] Nut.Services.Localization.LocalizationService - Resource string (admin.appversions.updated) is not found. Language ID = 1
2016-01-14 14:07:13,066 [25] Nut.Services.Localization.LocalizationService - Resource string (activitylog.deleteappversion) is not found. Language ID = 1
2016-01-14 14:07:13,084 [25] Nut.Services.Localization.LocalizationService - Resource string (admin.users.userroles.deleted) is not found. Language ID = 1
2016-01-14 14:22:43,488 [1] Nut.Web.Framework.Logging.LoggingModule - Application started
2016-01-14 14:22:47,551 [9] Nut.Services.Localization.LocalizationService - Resource string (account.login.unsuccessful) is not found. Language ID = 1
2016-01-14 14:22:47,598 [9] Nut.Services.Localization.LocalizationService - Resource string (account.login.fields.username) is not found. Language ID = 1
2016-01-14 14:22:47,660 [9] Nut.Services.Localization.LocalizationService - Resource string (account.login.fields.username) is not found. Language ID = 1
2016-01-14 14:22:47,693 [9] Nut.Services.Localization.LocalizationService - Resource string (account.login.fields.password) is not found. Language ID = 1
2016-01-14 14:22:47,724 [9] Nut.Services.Localization.LocalizationService - Resource string (account.login.fields.password) is not found. Language ID = 1
2016-01-14 14:22:51,140 [7] Nut.Services.Localization.LocalizationService - Resource string (account.login.fields.username) is not found. Language ID = 1
2016-01-14 14:22:51,156 [7] Nut.Services.Localization.LocalizationService - Resource string (account.login.fields.password) is not found. Language ID = 1
2016-01-14 14:22:51,171 [7] Nut.Services.Localization.LocalizationService - Resource string (account.login.fields.rememberme) is not found. Language ID = 1
2016-01-14 14:22:59,782 [7] Nut.Services.Localization.LocalizationService - Resource string (admin.users.fields.departmentsname) is not found. Language ID = 1
2016-01-14 14:29:18,993 [14] Nut.Services.Localization.LocalizationService - Resource string (admin.users.fields.departmentsname) is not found. Language ID = 1
2016-01-14 14:29:40,646 [14] Nut.Services.Localization.LocalizationService - Resource string (admin.users.fields.departmentsname) is not found. Language ID = 1
2016-01-14 16:53:07,341 [13] Nut.Web.Framework.Logging.LoggingModule - Application started
2016-01-14 16:53:14,179 [22] Nut.Services.Localization.LocalizationService - Resource string (account.login.unsuccessful) is not found. Language ID = 1
2016-01-14 16:53:14,221 [22] Nut.Services.Localization.LocalizationService - Resource string (account.login.fields.username) is not found. Language ID = 1
2016-01-14 16:53:14,332 [22] Nut.Services.Localization.LocalizationService - Resource string (account.login.fields.username) is not found. Language ID = 1
2016-01-14 16:53:14,377 [22] Nut.Services.Localization.LocalizationService - Resource string (account.login.fields.password) is not found. Language ID = 1
2016-01-14 16:53:14,436 [22] Nut.Services.Localization.LocalizationService - Resource string (account.login.fields.password) is not found. Language ID = 1
2016-01-14 16:53:29,233 [17] Nut.Services.Localization.LocalizationService - Resource string (account.login.fields.username) is not found. Language ID = 1
2016-01-14 16:53:29,278 [17] Nut.Services.Localization.LocalizationService - Resource string (account.login.fields.password) is not found. Language ID = 1
2016-01-14 16:53:29,320 [17] Nut.Services.Localization.LocalizationService - Resource string (account.login.fields.rememberme) is not found. Language ID = 1
2016-01-14 16:53:35,522 [22] Nut.Services.Localization.LocalizationService - Resource string (admin.newcate) is not found. Language ID = 1
2016-01-14 16:53:48,026 [21] Nut.Services.Localization.LocalizationService - Resource string (admin.newcate) is not found. Language ID = 1
2016-01-14 16:53:54,583 [17] Nut.Services.Localization.LocalizationService - Resource string (admin.newcate) is not found. Language ID = 1
2016-01-14 16:58:28,112 [1] Nut.Web.Framework.Logging.LoggingModule - Application started
2016-01-14 16:58:41,588 [8] Nut.Services.Localization.LocalizationService - Resource string (account.login.unsuccessful) is not found. Language ID = 1
2016-01-14 16:58:41,632 [8] Nut.Services.Localization.LocalizationService - Resource string (account.login.fields.username) is not found. Language ID = 1
2016-01-14 16:58:41,719 [8] Nut.Services.Localization.LocalizationService - Resource string (account.login.fields.username) is not found. Language ID = 1
2016-01-14 16:58:41,755 [8] Nut.Services.Localization.LocalizationService - Resource string (account.login.fields.password) is not found. Language ID = 1
2016-01-14 16:58:41,820 [8] Nut.Services.Localization.LocalizationService - Resource string (account.login.fields.password) is not found. Language ID = 1
2016-01-14 16:58:45,957 [7] Nut.Services.Localization.LocalizationService - Resource string (account.login.fields.username) is not found. Language ID = 1
2016-01-14 16:58:45,983 [7] Nut.Services.Localization.LocalizationService - Resource string (account.login.fields.password) is not found. Language ID = 1
2016-01-14 16:58:46,008 [7] Nut.Services.Localization.LocalizationService - Resource string (account.login.fields.rememberme) is not found. Language ID = 1
2016-01-14 16:58:50,220 [8] Nut.Services.Localization.LocalizationService - Resource string (admin.newcate) is not found. Language ID = 1
2016-01-14 16:58:56,077 [6] Nut.Services.Localization.LocalizationService - Resource string (admin.newcates) is not found. Language ID = 1
2016-01-14 16:58:56,111 [6] Nut.Services.Localization.LocalizationService - Resource string (admin.newcates) is not found. Language ID = 1
2016-01-14 16:58:56,127 [6] Nut.Services.Localization.LocalizationService - Resource string (admin.newcates) is not found. Language ID = 1
2016-01-14 16:58:56,158 [6] Nut.Services.Localization.LocalizationService - Resource string (admin.newcates.fields.id) is not found. Language ID = 1
2016-01-14 16:58:56,225 [6] Nut.Services.Localization.LocalizationService - Resource string (admin.newcates.fields.name) is not found. Language ID = 1
2016-01-14 16:58:56,254 [6] Nut.Services.Localization.LocalizationService - Resource string (admin.newcates.fields.displayorder) is not found. Language ID = 1
2016-01-14 16:58:56,278 [6] Nut.Services.Localization.LocalizationService - Resource string (admin.newcates.fields.remark) is not found. Language ID = 1
2016-01-14 16:58:56,402 [6] Nut.Services.Localization.LocalizationService - Resource string (admin.newcate) is not found. Language ID = 1
2016-01-14 17:01:39,356 [1] Nut.Web.Framework.Logging.LoggingModule - Application started
2016-01-14 17:01:59,687 [1] Nut.Web.Framework.Logging.LoggingModule - Application started
2016-01-14 17:02:02,605 [8] Nut.Services.Localization.LocalizationService - Resource string (account.login.unsuccessful) is not found. Language ID = 1
2016-01-14 17:02:02,667 [8] Nut.Services.Localization.LocalizationService - Resource string (account.login.fields.username) is not found. Language ID = 1
2016-01-14 17:02:02,755 [8] Nut.Services.Localization.LocalizationService - Resource string (account.login.fields.username) is not found. Language ID = 1
2016-01-14 17:02:02,795 [8] Nut.Services.Localization.LocalizationService - Resource string (account.login.fields.password) is not found. Language ID = 1
2016-01-14 17:02:02,858 [8] Nut.Services.Localization.LocalizationService - Resource string (account.login.fields.password) is not found. Language ID = 1
2016-01-14 17:02:06,307 [8] Nut.Services.Localization.LocalizationService - Resource string (account.login.fields.username) is not found. Language ID = 1
2016-01-14 17:02:06,330 [8] Nut.Services.Localization.LocalizationService - Resource string (account.login.fields.password) is not found. Language ID = 1
2016-01-14 17:02:06,351 [8] Nut.Services.Localization.LocalizationService - Resource string (account.login.fields.rememberme) is not found. Language ID = 1
2016-01-14 17:02:10,180 [7] Nut.Services.Localization.LocalizationService - Resource string (admin.newcate) is not found. Language ID = 1
2016-01-14 17:02:15,049 [6] Nut.Services.Localization.LocalizationService - Resource string (admin.newcates) is not found. Language ID = 1
2016-01-14 17:02:15,076 [6] Nut.Services.Localization.LocalizationService - Resource string (admin.newcates) is not found. Language ID = 1
2016-01-14 17:02:15,091 [6] Nut.Services.Localization.LocalizationService - Resource string (admin.newcates) is not found. Language ID = 1
2016-01-14 17:02:15,111 [6] Nut.Services.Localization.LocalizationService - Resource string (admin.newcates.fields.id) is not found. Language ID = 1
2016-01-14 17:02:15,131 [6] Nut.Services.Localization.LocalizationService - Resource string (admin.newcates.fields.name) is not found. Language ID = 1
2016-01-14 17:02:15,165 [6] Nut.Services.Localization.LocalizationService - Resource string (admin.newcates.fields.displayorder) is not found. Language ID = 1
2016-01-14 17:02:15,185 [6] Nut.Services.Localization.LocalizationService - Resource string (admin.newcates.fields.remark) is not found. Language ID = 1
2016-01-14 17:02:15,257 [6] Nut.Services.Localization.LocalizationService - Resource string (admin.newcate) is not found. Language ID = 1
2016-01-14 17:02:20,346 [8] Nut.Services.Localization.LocalizationService - Resource string (admin.newcates) is not found. Language ID = 1
2016-01-14 17:02:20,379 [8] Nut.Services.Localization.LocalizationService - Resource string (admin.newcates) is not found. Language ID = 1
2016-01-14 17:02:20,398 [8] Nut.Services.Localization.LocalizationService - Resource string (admin.newcates) is not found. Language ID = 1
2016-01-14 17:02:20,434 [8] Nut.Services.Localization.LocalizationService - Resource string (admin.newcates.fields.id) is not found. Language ID = 1
2016-01-14 17:02:20,460 [8] Nut.Services.Localization.LocalizationService - Resource string (admin.newcates.fields.name) is not found. Language ID = 1
2016-01-14 17:02:20,488 [8] Nut.Services.Localization.LocalizationService - Resource string (admin.newcates.fields.displayorder) is not found. Language ID = 1
2016-01-14 17:02:20,512 [8] Nut.Services.Localization.LocalizationService - Resource string (admin.newcates.fields.remark) is not found. Language ID = 1
2016-01-14 17:02:20,616 [8] Nut.Services.Localization.LocalizationService - Resource string (admin.newcate) is not found. Language ID = 1
2016-01-14 17:02:23,246 [10] Nut.Services.Localization.LocalizationService - Resource string (admin.newcate.addnew) is not found. Language ID = 1
2016-01-14 17:02:23,267 [10] Nut.Services.Localization.LocalizationService - Resource string (admin.newcate.addnew) is not found. Language ID = 1
2016-01-14 17:02:23,290 [10] Nut.Services.Localization.LocalizationService - Resource string (admin.common.backtolist) is not found. Language ID = 1
2016-01-14 17:02:23,328 [10] Nut.Services.Localization.LocalizationService - Resource string (admin.newcate) is not found. Language ID = 1
2016-01-14 17:02:23,395 [10] Nut.Services.Localization.LocalizationService - Resource string (admin.newcates.fields.name.required) is not found. Language ID = 1
2016-01-14 17:02:23,454 [10] Nut.Services.Localization.LocalizationService - Resource string (admin.newcates.fields.name) is not found. Language ID = 1
2016-01-14 17:02:23,474 [10] Nut.Services.Localization.LocalizationService - Resource string (admin.newcates.fields.name) is not found. Language ID = 1
2016-01-14 17:02:23,499 [10] Nut.Services.Localization.LocalizationService - Resource string (admin.newcates.fields.name.required) is not found. Language ID = 1
2016-01-14 17:02:23,533 [10] Nut.Services.Localization.LocalizationService - Resource string (admin.newcates.fields.name) is not found. Language ID = 1
2016-01-14 17:02:23,583 [10] Nut.Services.Localization.LocalizationService - Resource string (admin.newcates.fields.displayorder) is not found. Language ID = 1
2016-01-14 17:02:23,625 [10] Nut.Services.Localization.LocalizationService - Resource string (admin.newcates.fields.displayorder) is not found. Language ID = 1
2016-01-14 17:02:23,660 [10] Nut.Services.Localization.LocalizationService - Resource string (admin.newcates.fields.name.required) is not found. Language ID = 1
2016-01-14 17:02:23,699 [10] Nut.Services.Localization.LocalizationService - Resource string (admin.newcates.fields.displayorder) is not found. Language ID = 1
2016-01-14 17:02:23,726 [10] Nut.Services.Localization.LocalizationService - Resource string (admin.newcates.fields.remark) is not found. Language ID = 1
2016-01-14 17:02:23,745 [10] Nut.Services.Localization.LocalizationService - Resource string (admin.newcates.fields.remark) is not found. Language ID = 1
2016-01-14 17:02:23,764 [10] Nut.Services.Localization.LocalizationService - Resource string (admin.newcates.fields.name.required) is not found. Language ID = 1
2016-01-14 17:02:23,790 [10] Nut.Services.Localization.LocalizationService - Resource string (admin.newcates.fields.remark) is not found. Language ID = 1
2016-01-14 17:02:23,921 [10] Nut.Services.Localization.LocalizationService - Resource string (admin.newcate) is not found. Language ID = 1
2016-01-14 17:02:26,683 [8] Nut.Services.Localization.LocalizationService - Resource string (admin.newcates.fields.name) is not found. Language ID = 1
2016-01-14 17:02:26,705 [8] Nut.Services.Localization.LocalizationService - Resource string (admin.newcates.fields.displayorder) is not found. Language ID = 1
2016-01-14 17:02:26,729 [8] Nut.Services.Localization.LocalizationService - Resource string (admin.newcates.fields.remark) is not found. Language ID = 1
2016-01-14 17:02:26,759 [8] Nut.Services.Localization.LocalizationService - Resource string (admin.newcates.fields.name.required) is not found. Language ID = 1
2016-01-14 17:02:26,779 [8] Nut.Services.Localization.LocalizationService - Resource string (admin.newcates.fields.name.required) is not found. Language ID = 1
2016-01-14 17:02:26,795 [8] Nut.Services.Localization.LocalizationService - Resource string (admin.newcates.fields.name.required) is not found. Language ID = 1
2016-01-14 17:02:26,813 [8] Nut.Services.Localization.LocalizationService - Resource string (admin.newcates.fields.name.required) is not found. Language ID = 1
2016-01-14 17:02:26,830 [8] Nut.Services.Localization.LocalizationService - Resource string (admin.newcates.fields.name.required) is not found. Language ID = 1
2016-01-14 17:02:26,874 [8] Nut.Services.Localization.LocalizationService - Resource string (admin.newcates.fields.name.required) is not found. Language ID = 1
2016-01-14 17:02:26,900 [8] Nut.Services.Localization.LocalizationService - Resource string (admin.newcates.fields.name.required) is not found. Language ID = 1
2016-01-14 17:02:26,926 [8] Nut.Services.Localization.LocalizationService - Resource string (admin.newcates.fields.name.required) is not found. Language ID = 1
2016-01-14 17:02:26,977 [8] Nut.Services.Localization.LocalizationService - Resource string (admin.newcate.addnew) is not found. Language ID = 1
2016-01-14 17:02:27,000 [8] Nut.Services.Localization.LocalizationService - Resource string (admin.newcate.addnew) is not found. Language ID = 1
2016-01-14 17:02:27,020 [8] Nut.Services.Localization.LocalizationService - Resource string (admin.common.backtolist) is not found. Language ID = 1
2016-01-14 17:02:27,043 [8] Nut.Services.Localization.LocalizationService - Resource string (admin.newcate) is not found. Language ID = 1
2016-01-14 17:02:27,069 [8] Nut.Services.Localization.LocalizationService - Resource string (admin.newcates.fields.name.required) is not found. Language ID = 1
2016-01-14 17:02:27,087 [8] Nut.Services.Localization.LocalizationService - Resource string (admin.newcates.fields.name) is not found. Language ID = 1
2016-01-14 17:02:27,107 [8] Nut.Services.Localization.LocalizationService - Resource string (admin.newcates.fields.name) is not found. Language ID = 1
2016-01-14 17:02:27,142 [8] Nut.Services.Localization.LocalizationService - Resource string (admin.newcates.fields.name.required) is not found. Language ID = 1
2016-01-14 17:02:27,163 [8] Nut.Services.Localization.LocalizationService - Resource string (admin.newcates.fields.name) is not found. Language ID = 1
2016-01-14 17:02:27,181 [8] Nut.Services.Localization.LocalizationService - Resource string (admin.newcates.fields.displayorder) is not found. Language ID = 1
2016-01-14 17:02:27,198 [8] Nut.Services.Localization.LocalizationService - Resource string (admin.newcates.fields.displayorder) is not found. Language ID = 1
2016-01-14 17:02:27,220 [8] Nut.Services.Localization.LocalizationService - Resource string (admin.newcates.fields.name.required) is not found. Language ID = 1
2016-01-14 17:02:27,256 [8] Nut.Services.Localization.LocalizationService - Resource string (admin.newcates.fields.displayorder) is not found. Language ID = 1
2016-01-14 17:02:27,274 [8] Nut.Services.Localization.LocalizationService - Resource string (admin.newcates.fields.remark) is not found. Language ID = 1
2016-01-14 17:02:27,291 [8] Nut.Services.Localization.LocalizationService - Resource string (admin.newcates.fields.remark) is not found. Language ID = 1
2016-01-14 17:02:27,308 [8] Nut.Services.Localization.LocalizationService - Resource string (admin.newcates.fields.name.required) is not found. Language ID = 1
2016-01-14 17:02:27,325 [8] Nut.Services.Localization.LocalizationService - Resource string (admin.newcates.fields.remark) is not found. Language ID = 1
2016-01-14 17:02:27,429 [8] Nut.Services.Localization.LocalizationService - Resource string (admin.newcate) is not found. Language ID = 1
2016-01-14 17:02:50,307 [7] Nut.Services.Localization.LocalizationService - Resource string (admin.newcates.fields.name) is not found. Language ID = 1
2016-01-14 17:02:50,331 [7] Nut.Services.Localization.LocalizationService - Resource string (admin.newcates.fields.displayorder) is not found. Language ID = 1
2016-01-14 17:02:50,354 [7] Nut.Services.Localization.LocalizationService - Resource string (admin.newcates.fields.remark) is not found. Language ID = 1
2016-01-14 17:02:50,380 [7] Nut.Services.Localization.LocalizationService - Resource string (admin.newcates.fields.name.required) is not found. Language ID = 1
2016-01-14 17:02:50,399 [7] Nut.Services.Localization.LocalizationService - Resource string (admin.newcates.fields.name.required) is not found. Language ID = 1
2016-01-14 17:02:50,418 [7] Nut.Services.Localization.LocalizationService - Resource string (admin.newcates.fields.name.required) is not found. Language ID = 1
2016-01-14 17:02:50,437 [7] Nut.Services.Localization.LocalizationService - Resource string (admin.newcates.fields.name.required) is not found. Language ID = 1
2016-01-14 17:02:50,456 [7] Nut.Services.Localization.LocalizationService - Resource string (admin.newcates.fields.name.required) is not found. Language ID = 1
2016-01-14 17:02:50,551 [7] Nut.Services.Localization.LocalizationService - Resource string (admin.newcates.fields.name.required) is not found. Language ID = 1
2016-01-14 17:02:50,578 [7] Nut.Services.Localization.LocalizationService - Resource string (admin.newcates.fields.name.required) is not found. Language ID = 1
2016-01-14 17:02:50,636 [7] Nut.Services.Localization.LocalizationService - Resource string (activitylog.addnewnewcate) is not found. Language ID = 1
2016-01-14 17:02:50,667 [7] Nut.Services.Localization.LocalizationService - Resource string (admin.catalog.attributes.newcates.added) is not found. Language ID = 1
2016-01-14 17:02:50,736 [10] Nut.Services.Localization.LocalizationService - Resource string (admin.newcates) is not found. Language ID = 1
2016-01-14 17:02:50,769 [10] Nut.Services.Localization.LocalizationService - Resource string (admin.newcates) is not found. Language ID = 1
2016-01-14 17:02:50,787 [10] Nut.Services.Localization.LocalizationService - Resource string (admin.newcates) is not found. Language ID = 1
2016-01-14 17:02:50,817 [10] Nut.Services.Localization.LocalizationService - Resource string (admin.newcates.fields.id) is not found. Language ID = 1
2016-01-14 17:02:50,842 [10] Nut.Services.Localization.LocalizationService - Resource string (admin.newcates.fields.name) is not found. Language ID = 1
2016-01-14 17:02:50,918 [10] Nut.Services.Localization.LocalizationService - Resource string (admin.newcates.fields.displayorder) is not found. Language ID = 1
2016-01-14 17:02:50,962 [10] Nut.Services.Localization.LocalizationService - Resource string (admin.newcates.fields.remark) is not found. Language ID = 1
2016-01-14 17:02:51,110 [10] Nut.Services.Localization.LocalizationService - Resource string (admin.newcate) is not found. Language ID = 1
2016-01-14 17:02:56,136 [7] Nut.Services.Localization.LocalizationService - Resource string (admin.newcate.edit) is not found. Language ID = 1
2016-01-14 17:02:56,156 [7] Nut.Services.Localization.LocalizationService - Resource string (admin.newcate.edit) is not found. Language ID = 1
2016-01-14 17:02:56,177 [7] Nut.Services.Localization.LocalizationService - Resource string (admin.common.backtolist) is not found. Language ID = 1
2016-01-14 17:02:56,201 [7] Nut.Services.Localization.LocalizationService - Resource string (admin.newcate) is not found. Language ID = 1
2016-01-14 17:02:56,227 [7] Nut.Services.Localization.LocalizationService - Resource string (admin.newcates.fields.name.required) is not found. Language ID = 1
2016-01-14 17:02:56,254 [7] Nut.Services.Localization.LocalizationService - Resource string (admin.newcates.fields.name) is not found. Language ID = 1
2016-01-14 17:02:56,274 [7] Nut.Services.Localization.LocalizationService - Resource string (admin.newcates.fields.name) is not found. Language ID = 1
2016-01-14 17:02:56,295 [7] Nut.Services.Localization.LocalizationService - Resource string (admin.newcates.fields.name.required) is not found. Language ID = 1
2016-01-14 17:02:56,315 [7] Nut.Services.Localization.LocalizationService - Resource string (admin.newcates.fields.name) is not found. Language ID = 1
2016-01-14 17:02:56,347 [7] Nut.Services.Localization.LocalizationService - Resource string (admin.newcates.fields.displayorder) is not found. Language ID = 1
2016-01-14 17:02:56,365 [7] Nut.Services.Localization.LocalizationService - Resource string (admin.newcates.fields.displayorder) is not found. Language ID = 1
2016-01-14 17:02:56,388 [7] Nut.Services.Localization.LocalizationService - Resource string (admin.newcates.fields.name.required) is not found. Language ID = 1
2016-01-14 17:02:56,407 [7] Nut.Services.Localization.LocalizationService - Resource string (admin.newcates.fields.displayorder) is not found. Language ID = 1
2016-01-14 17:02:56,432 [7] Nut.Services.Localization.LocalizationService - Resource string (admin.newcates.fields.remark) is not found. Language ID = 1
2016-01-14 17:02:56,453 [7] Nut.Services.Localization.LocalizationService - Resource string (admin.newcates.fields.remark) is not found. Language ID = 1
2016-01-14 17:02:56,470 [7] Nut.Services.Localization.LocalizationService - Resource string (admin.newcates.fields.name.required) is not found. Language ID = 1
2016-01-14 17:02:56,488 [7] Nut.Services.Localization.LocalizationService - Resource string (admin.newcates.fields.remark) is not found. Language ID = 1
2016-01-14 17:02:56,634 [7] Nut.Services.Localization.LocalizationService - Resource string (admin.newcate) is not found. Language ID = 1
2016-01-14 17:02:59,581 [10] Nut.Services.Localization.LocalizationService - Resource string (admin.newcates.fields.name) is not found. Language ID = 1
2016-01-14 17:02:59,617 [10] Nut.Services.Localization.LocalizationService - Resource string (admin.newcates.fields.displayorder) is not found. Language ID = 1
2016-01-14 17:02:59,648 [10] Nut.Services.Localization.LocalizationService - Resource string (admin.newcates.fields.remark) is not found. Language ID = 1
2016-01-14 17:02:59,688 [10] Nut.Services.Localization.LocalizationService - Resource string (admin.newcates.fields.name.required) is not found. Language ID = 1
2016-01-14 17:02:59,705 [10] Nut.Services.Localization.LocalizationService - Resource string (admin.newcates.fields.name.required) is not found. Language ID = 1
2016-01-14 17:02:59,725 [10] Nut.Services.Localization.LocalizationService - Resource string (admin.newcates.fields.name.required) is not found. Language ID = 1
2016-01-14 17:02:59,742 [10] Nut.Services.Localization.LocalizationService - Resource string (admin.newcates.fields.name.required) is not found. Language ID = 1
2016-01-14 17:02:59,763 [10] Nut.Services.Localization.LocalizationService - Resource string (admin.newcates.fields.name.required) is not found. Language ID = 1
2016-01-14 17:02:59,783 [10] Nut.Services.Localization.LocalizationService - Resource string (admin.newcates.fields.name.required) is not found. Language ID = 1
2016-01-14 17:02:59,800 [10] Nut.Services.Localization.LocalizationService - Resource string (admin.newcates.fields.name.required) is not found. Language ID = 1
2016-01-14 17:02:59,847 [10] Nut.Services.Localization.LocalizationService - Resource string (activitylog.editnewcate) is not found. Language ID = 1
2016-01-14 17:02:59,883 [10] Nut.Services.Localization.LocalizationService - Resource string (admin.newcates.updated) is not found. Language ID = 1
2016-01-14 17:02:59,972 [9] Nut.Services.Localization.LocalizationService - Resource string (admin.newcates) is not found. Language ID = 1
2016-01-14 17:03:00,046 [9] Nut.Services.Localization.LocalizationService - Resource string (admin.newcates) is not found. Language ID = 1
2016-01-14 17:03:00,069 [9] Nut.Services.Localization.LocalizationService - Resource string (admin.newcates) is not found. Language ID = 1
2016-01-14 17:03:00,109 [9] Nut.Services.Localization.LocalizationService - Resource string (admin.newcates.fields.id) is not found. Language ID = 1
2016-01-14 17:03:00,133 [9] Nut.Services.Localization.LocalizationService - Resource string (admin.newcates.fields.name) is not found. Language ID = 1
2016-01-14 17:03:00,162 [9] Nut.Services.Localization.LocalizationService - Resource string (admin.newcates.fields.displayorder) is not found. Language ID = 1
2016-01-14 17:03:00,184 [9] Nut.Services.Localization.LocalizationService - Resource string (admin.newcates.fields.remark) is not found. Language ID = 1
2016-01-14 17:03:00,298 [9] Nut.Services.Localization.LocalizationService - Resource string (admin.newcate) is not found. Language ID = 1
2016-01-14 17:03:07,492 [8] Nut.Services.Localization.LocalizationService - Resource string (activitylog.deletenewcate) is not found. Language ID = 1
2016-01-14 17:03:07,524 [8] Nut.Services.Localization.LocalizationService - Resource string (admin.newcates.deleted) is not found. Language ID = 1
2016-01-14 17:03:07,784 [10] Nut.Services.Localization.LocalizationService - Resource string (admin.newcates) is not found. Language ID = 1
2016-01-14 17:03:07,833 [10] Nut.Services.Localization.LocalizationService - Resource string (admin.newcates) is not found. Language ID = 1
2016-01-14 17:03:07,852 [10] Nut.Services.Localization.LocalizationService - Resource string (admin.newcates) is not found. Language ID = 1
2016-01-14 17:03:07,918 [10] Nut.Services.Localization.LocalizationService - Resource string (admin.newcates.fields.id) is not found. Language ID = 1
2016-01-14 17:03:07,983 [10] Nut.Services.Localization.LocalizationService - Resource string (admin.newcates.fields.name) is not found. Language ID = 1
2016-01-14 17:03:08,018 [10] Nut.Services.Localization.LocalizationService - Resource string (admin.newcates.fields.displayorder) is not found. Language ID = 1
2016-01-14 17:03:08,059 [10] Nut.Services.Localization.LocalizationService - Resource string (admin.newcates.fields.remark) is not found. Language ID = 1
2016-01-14 17:03:08,190 [10] Nut.Services.Localization.LocalizationService - Resource string (admin.newcate) is not found. Language ID = 1
