2016-01-15 10:39:50,532 [1] Nut.Web.Framework.Logging.LoggingModule - Application started
2016-01-15 10:40:08,601 [8] Nut.Services.Localization.LocalizationService - Resource string (account.login.unsuccessful) is not found. Language ID = 1
2016-01-15 10:40:08,648 [8] Nut.Services.Localization.LocalizationService - Resource string (account.login.fields.username) is not found. Language ID = 1
2016-01-15 10:40:08,710 [8] Nut.Services.Localization.LocalizationService - Resource string (account.login.fields.username) is not found. Language ID = 1
2016-01-15 10:40:08,741 [8] Nut.Services.Localization.LocalizationService - Resource string (account.login.fields.password) is not found. Language ID = 1
2016-01-15 10:40:08,773 [8] Nut.Services.Localization.LocalizationService - Resource string (account.login.fields.password) is not found. Language ID = 1
2016-01-15 10:40:25,150 [7] Nut.Services.Localization.LocalizationService - Resource string (account.login.fields.username) is not found. Language ID = 1
2016-01-15 10:40:25,166 [7] Nut.Services.Localization.LocalizationService - Resource string (account.login.fields.password) is not found. Language ID = 1
2016-01-15 10:40:25,197 [7] Nut.Services.Localization.LocalizationService - Resource string (account.login.fields.rememberme) is not found. Language ID = 1
2016-01-15 10:40:30,004 [8] Nut.Services.Localization.LocalizationService - Resource string (admin.newcate) is not found. Language ID = 1
2016-01-15 10:40:34,448 [9] Nut.Services.Localization.LocalizationService - Resource string (admin.newcate) is not found. Language ID = 1
2016-01-15 10:40:37,258 [9] Nut.Services.Localization.LocalizationService - Resource string (admin.common.backtolist) is not found. Language ID = 1
2016-01-15 10:40:37,274 [9] Nut.Services.Localization.LocalizationService - Resource string (admin.appversion) is not found. Language ID = 1
2016-01-15 10:40:37,461 [9] Nut.Web.Framework.Logging.LoggingModule - E:\Nut.NET\src\Presentation\Nut.Web\Administration\Views\AppVersion\_CreateOrUpdate.cshtml(36): error CS1061: 'AppVersionModel' does not contain a definition for 'DownloadURL' and no extension method 'DownloadURL' accepting a first argument of type 'AppVersionModel' could be found (are you missing a using directive or an assembly reference?)
2016-01-15 10:40:37,492 [9] Nut.Web.Framework.Logging.LoggingModule - E:\Nut.NET\src\Presentation\Nut.Web\Administration\Views\AppVersion\_CreateOrUpdate.cshtml(36): error CS1061: 'AppVersionModel' does not contain a definition for 'DownloadURL' and no extension method 'DownloadURL' accepting a first argument of type 'AppVersionModel' could be found (are you missing a using directive or an assembly reference?)
2016-01-15 10:41:00,200 [10] Nut.Services.Localization.LocalizationService - Resource string (admin.common.backtolist) is not found. Language ID = 1
2016-01-15 10:41:00,216 [10] Nut.Services.Localization.LocalizationService - Resource string (admin.appversion) is not found. Language ID = 1
2016-01-15 10:41:01,529 [10] Nut.Services.Localization.LocalizationService - Resource string (admin.appversions.fields.versionnum.required) is not found. Language ID = 1
2016-01-15 10:41:01,560 [10] Nut.Services.Localization.LocalizationService - Resource string (admin.appversions.fields.version.required) is not found. Language ID = 1
2016-01-15 10:41:01,576 [10] Nut.Services.Localization.LocalizationService - Resource string (admin.appversions.fields.downloadurl.required) is not found. Language ID = 1
2016-01-15 10:41:01,622 [10] Nut.Services.Localization.LocalizationService - Resource string (admin.appversions.fields.versionnum.required) is not found. Language ID = 1
2016-01-15 10:41:01,622 [10] Nut.Services.Localization.LocalizationService - Resource string (admin.appversions.fields.version.required) is not found. Language ID = 1
2016-01-15 10:41:01,654 [10] Nut.Services.Localization.LocalizationService - Resource string (admin.appversions.fields.downloadurl.required) is not found. Language ID = 1
2016-01-15 10:41:01,669 [10] Nut.Services.Localization.LocalizationService - Resource string (admin.appversions.fields.versionnum.required) is not found. Language ID = 1
2016-01-15 10:41:01,685 [10] Nut.Services.Localization.LocalizationService - Resource string (admin.appversions.fields.version.required) is not found. Language ID = 1
2016-01-15 10:41:01,701 [10] Nut.Services.Localization.LocalizationService - Resource string (admin.appversions.fields.downloadurl.required) is not found. Language ID = 1
2016-01-15 10:41:01,747 [10] Nut.Services.Localization.LocalizationService - Resource string (admin.appversions.fields.versionnum.required) is not found. Language ID = 1
2016-01-15 10:41:01,763 [10] Nut.Services.Localization.LocalizationService - Resource string (admin.appversions.fields.version.required) is not found. Language ID = 1
2016-01-15 10:41:01,779 [10] Nut.Services.Localization.LocalizationService - Resource string (admin.appversions.fields.downloadurl.required) is not found. Language ID = 1
2016-01-15 10:41:01,810 [10] Nut.Services.Localization.LocalizationService - Resource string (admin.appversions.fields.versionnum.required) is not found. Language ID = 1
2016-01-15 10:41:01,826 [10] Nut.Services.Localization.LocalizationService - Resource string (admin.appversions.fields.version.required) is not found. Language ID = 1
2016-01-15 10:41:01,841 [10] Nut.Services.Localization.LocalizationService - Resource string (admin.appversions.fields.downloadurl.required) is not found. Language ID = 1
2016-01-15 10:41:01,857 [10] Nut.Services.Localization.LocalizationService - Resource string (admin.appversions.fields.versionnum.required) is not found. Language ID = 1
2016-01-15 10:41:01,872 [10] Nut.Services.Localization.LocalizationService - Resource string (admin.appversions.fields.version.required) is not found. Language ID = 1
2016-01-15 10:41:01,872 [10] Nut.Services.Localization.LocalizationService - Resource string (admin.appversions.fields.downloadurl.required) is not found. Language ID = 1
2016-01-15 10:41:02,253 [10] Nut.Web.Framework.Logging.LoggingModule - The requested service 'Nut.Services.Media.IDownloadService' has not been registered. To avoid this exception, either register a component to provide the service, check for service registration using IsRegistered(), or use the ResolveOptional() method to resolve an optional dependency.
2016-01-15 10:41:02,268 [10] Nut.Web.Framework.Logging.LoggingModule - The requested service 'Nut.Services.Media.IDownloadService' has not been registered. To avoid this exception, either register a component to provide the service, check for service registration using IsRegistered(), or use the ResolveOptional() method to resolve an optional dependency.
2016-01-15 10:41:53,096 [12] Nut.Web.Framework.Logging.LoggingModule - Application started
2016-01-15 10:42:16,551 [7] Nut.Services.Localization.LocalizationService - Resource string (account.login.unsuccessful) is not found. Language ID = 1
2016-01-15 10:42:16,582 [7] Nut.Services.Localization.LocalizationService - Resource string (account.login.fields.username) is not found. Language ID = 1
2016-01-15 10:42:16,644 [7] Nut.Services.Localization.LocalizationService - Resource string (account.login.fields.username) is not found. Language ID = 1
2016-01-15 10:42:16,676 [7] Nut.Services.Localization.LocalizationService - Resource string (account.login.fields.password) is not found. Language ID = 1
2016-01-15 10:42:16,707 [7] Nut.Services.Localization.LocalizationService - Resource string (account.login.fields.password) is not found. Language ID = 1
2016-01-15 10:42:19,765 [7] Nut.Services.Localization.LocalizationService - Resource string (account.login.fields.username) is not found. Language ID = 1
2016-01-15 10:42:19,765 [7] Nut.Services.Localization.LocalizationService - Resource string (account.login.fields.password) is not found. Language ID = 1
2016-01-15 10:42:19,780 [7] Nut.Services.Localization.LocalizationService - Resource string (account.login.fields.rememberme) is not found. Language ID = 1
2016-01-15 10:42:23,928 [8] Nut.Services.Localization.LocalizationService - Resource string (admin.newcate) is not found. Language ID = 1
2016-01-15 10:42:27,150 [9] Nut.Services.Localization.LocalizationService - Resource string (admin.newcate) is not found. Language ID = 1
2016-01-15 10:42:29,771 [9] Nut.Services.Localization.LocalizationService - Resource string (admin.common.backtolist) is not found. Language ID = 1
2016-01-15 10:42:29,803 [9] Nut.Services.Localization.LocalizationService - Resource string (admin.appversion) is not found. Language ID = 1
2016-01-15 10:42:29,834 [9] Nut.Services.Localization.LocalizationService - Resource string (admin.appversions.fields.versionnum.required) is not found. Language ID = 1
2016-01-15 10:42:29,865 [9] Nut.Services.Localization.LocalizationService - Resource string (admin.appversions.fields.version.required) is not found. Language ID = 1
2016-01-15 10:42:29,865 [9] Nut.Services.Localization.LocalizationService - Resource string (admin.appversions.fields.downloadurl.required) is not found. Language ID = 1
2016-01-15 10:42:29,896 [9] Nut.Services.Localization.LocalizationService - Resource string (admin.appversions.fields.versionnum.required) is not found. Language ID = 1
2016-01-15 10:42:29,912 [9] Nut.Services.Localization.LocalizationService - Resource string (admin.appversions.fields.version.required) is not found. Language ID = 1
2016-01-15 10:42:29,922 [9] Nut.Services.Localization.LocalizationService - Resource string (admin.appversions.fields.downloadurl.required) is not found. Language ID = 1
2016-01-15 10:42:29,950 [9] Nut.Services.Localization.LocalizationService - Resource string (admin.appversions.fields.versionnum.required) is not found. Language ID = 1
2016-01-15 10:42:29,965 [9] Nut.Services.Localization.LocalizationService - Resource string (admin.appversions.fields.version.required) is not found. Language ID = 1
2016-01-15 10:42:29,965 [9] Nut.Services.Localization.LocalizationService - Resource string (admin.appversions.fields.downloadurl.required) is not found. Language ID = 1
2016-01-15 10:42:29,996 [9] Nut.Services.Localization.LocalizationService - Resource string (admin.appversions.fields.versionnum.required) is not found. Language ID = 1
2016-01-15 10:42:29,996 [9] Nut.Services.Localization.LocalizationService - Resource string (admin.appversions.fields.version.required) is not found. Language ID = 1
2016-01-15 10:42:30,012 [9] Nut.Services.Localization.LocalizationService - Resource string (admin.appversions.fields.downloadurl.required) is not found. Language ID = 1
2016-01-15 10:42:30,028 [9] Nut.Services.Localization.LocalizationService - Resource string (admin.appversions.fields.versionnum.required) is not found. Language ID = 1
2016-01-15 10:42:30,043 [9] Nut.Services.Localization.LocalizationService - Resource string (admin.appversions.fields.version.required) is not found. Language ID = 1
2016-01-15 10:42:30,043 [9] Nut.Services.Localization.LocalizationService - Resource string (admin.appversions.fields.downloadurl.required) is not found. Language ID = 1
2016-01-15 10:42:30,059 [9] Nut.Services.Localization.LocalizationService - Resource string (admin.appversions.fields.versionnum.required) is not found. Language ID = 1
2016-01-15 10:42:30,075 [9] Nut.Services.Localization.LocalizationService - Resource string (admin.appversions.fields.version.required) is not found. Language ID = 1
2016-01-15 10:42:30,090 [9] Nut.Services.Localization.LocalizationService - Resource string (admin.appversions.fields.downloadurl.required) is not found. Language ID = 1
2016-01-15 10:42:30,387 [9] Nut.Services.Localization.LocalizationService - Resource string (admin.appversions.fields.versionnum.required) is not found. Language ID = 1
2016-01-15 10:42:30,418 [9] Nut.Services.Localization.LocalizationService - Resource string (admin.appversions.fields.version.required) is not found. Language ID = 1
2016-01-15 10:42:30,434 [9] Nut.Services.Localization.LocalizationService - Resource string (admin.appversions.fields.downloadurl.required) is not found. Language ID = 1
2016-01-15 10:42:30,528 [9] Nut.Services.Localization.LocalizationService - Resource string (admin.appversions.fields.versionnum.required) is not found. Language ID = 1
2016-01-15 10:42:30,528 [9] Nut.Services.Localization.LocalizationService - Resource string (admin.appversions.fields.version.required) is not found. Language ID = 1
2016-01-15 10:42:30,559 [9] Nut.Services.Localization.LocalizationService - Resource string (admin.appversions.fields.downloadurl.required) is not found. Language ID = 1
2016-01-15 10:42:30,637 [9] Nut.Services.Localization.LocalizationService - Resource string (admin.newcate) is not found. Language ID = 1
2016-01-15 10:46:22,393 [20] Nut.Services.Localization.LocalizationService - Resource string (admin.common.backtolist) is not found. Language ID = 1
2016-01-15 10:46:22,424 [20] Nut.Services.Localization.LocalizationService - Resource string (admin.appversion) is not found. Language ID = 1
2016-01-15 10:46:22,440 [20] Nut.Services.Localization.LocalizationService - Resource string (admin.appversions.fields.versionnum.required) is not found. Language ID = 1
2016-01-15 10:46:22,456 [20] Nut.Services.Localization.LocalizationService - Resource string (admin.appversions.fields.version.required) is not found. Language ID = 1
2016-01-15 10:46:22,456 [20] Nut.Services.Localization.LocalizationService - Resource string (admin.appversions.fields.downloadurl.required) is not found. Language ID = 1
2016-01-15 10:46:22,471 [20] Nut.Services.Localization.LocalizationService - Resource string (admin.appversions.fields.versionnum.required) is not found. Language ID = 1
2016-01-15 10:46:22,487 [20] Nut.Services.Localization.LocalizationService - Resource string (admin.appversions.fields.version.required) is not found. Language ID = 1
2016-01-15 10:46:22,487 [20] Nut.Services.Localization.LocalizationService - Resource string (admin.appversions.fields.downloadurl.required) is not found. Language ID = 1
2016-01-15 10:46:22,503 [20] Nut.Services.Localization.LocalizationService - Resource string (admin.appversions.fields.versionnum.required) is not found. Language ID = 1
2016-01-15 10:46:22,518 [20] Nut.Services.Localization.LocalizationService - Resource string (admin.appversions.fields.version.required) is not found. Language ID = 1
2016-01-15 10:46:22,534 [20] Nut.Services.Localization.LocalizationService - Resource string (admin.appversions.fields.downloadurl.required) is not found. Language ID = 1
2016-01-15 10:46:22,549 [20] Nut.Services.Localization.LocalizationService - Resource string (admin.appversions.fields.versionnum.required) is not found. Language ID = 1
2016-01-15 10:46:22,565 [20] Nut.Services.Localization.LocalizationService - Resource string (admin.appversions.fields.version.required) is not found. Language ID = 1
2016-01-15 10:46:22,581 [20] Nut.Services.Localization.LocalizationService - Resource string (admin.appversions.fields.downloadurl.required) is not found. Language ID = 1
2016-01-15 10:46:22,596 [20] Nut.Services.Localization.LocalizationService - Resource string (admin.appversions.fields.versionnum.required) is not found. Language ID = 1
2016-01-15 10:46:22,628 [20] Nut.Services.Localization.LocalizationService - Resource string (admin.appversions.fields.version.required) is not found. Language ID = 1
2016-01-15 10:46:22,659 [20] Nut.Services.Localization.LocalizationService - Resource string (admin.appversions.fields.downloadurl.required) is not found. Language ID = 1
2016-01-15 10:46:22,690 [20] Nut.Services.Localization.LocalizationService - Resource string (admin.appversions.fields.versionnum.required) is not found. Language ID = 1
2016-01-15 10:46:22,706 [20] Nut.Services.Localization.LocalizationService - Resource string (admin.appversions.fields.version.required) is not found. Language ID = 1
2016-01-15 10:46:22,706 [20] Nut.Services.Localization.LocalizationService - Resource string (admin.appversions.fields.downloadurl.required) is not found. Language ID = 1
2016-01-15 10:46:23,956 [20] Nut.Services.Localization.LocalizationService - Resource string (admin.appversions.fields.versionnum.required) is not found. Language ID = 1
2016-01-15 10:46:23,971 [20] Nut.Services.Localization.LocalizationService - Resource string (admin.appversions.fields.version.required) is not found. Language ID = 1
2016-01-15 10:46:23,987 [20] Nut.Services.Localization.LocalizationService - Resource string (admin.appversions.fields.downloadurl.required) is not found. Language ID = 1
2016-01-15 10:46:24,081 [20] Nut.Services.Localization.LocalizationService - Resource string (admin.appversions.fields.versionnum.required) is not found. Language ID = 1
2016-01-15 10:46:24,096 [20] Nut.Services.Localization.LocalizationService - Resource string (admin.appversions.fields.version.required) is not found. Language ID = 1
2016-01-15 10:46:24,112 [20] Nut.Services.Localization.LocalizationService - Resource string (admin.appversions.fields.downloadurl.required) is not found. Language ID = 1
2016-01-15 10:46:24,175 [20] Nut.Services.Localization.LocalizationService - Resource string (admin.newcate) is not found. Language ID = 1
2016-01-15 10:47:11,984 [7] Nut.Services.Localization.LocalizationService - Resource string (admin.common.backtolist) is not found. Language ID = 1
2016-01-15 10:47:12,000 [7] Nut.Services.Localization.LocalizationService - Resource string (admin.appversion) is not found. Language ID = 1
2016-01-15 10:47:12,031 [7] Nut.Services.Localization.LocalizationService - Resource string (admin.appversions.fields.versionnum.required) is not found. Language ID = 1
2016-01-15 10:47:12,046 [7] Nut.Services.Localization.LocalizationService - Resource string (admin.appversions.fields.version.required) is not found. Language ID = 1
2016-01-15 10:47:12,062 [7] Nut.Services.Localization.LocalizationService - Resource string (admin.appversions.fields.downloadurl.required) is not found. Language ID = 1
2016-01-15 10:47:12,078 [7] Nut.Services.Localization.LocalizationService - Resource string (admin.appversions.fields.versionnum.required) is not found. Language ID = 1
2016-01-15 10:47:12,093 [7] Nut.Services.Localization.LocalizationService - Resource string (admin.appversions.fields.version.required) is not found. Language ID = 1
2016-01-15 10:47:12,093 [7] Nut.Services.Localization.LocalizationService - Resource string (admin.appversions.fields.downloadurl.required) is not found. Language ID = 1
2016-01-15 10:47:12,109 [7] Nut.Services.Localization.LocalizationService - Resource string (admin.appversions.fields.versionnum.required) is not found. Language ID = 1
2016-01-15 10:47:12,109 [7] Nut.Services.Localization.LocalizationService - Resource string (admin.appversions.fields.version.required) is not found. Language ID = 1
2016-01-15 10:47:12,125 [7] Nut.Services.Localization.LocalizationService - Resource string (admin.appversions.fields.downloadurl.required) is not found. Language ID = 1
2016-01-15 10:47:12,156 [7] Nut.Services.Localization.LocalizationService - Resource string (admin.appversions.fields.versionnum.required) is not found. Language ID = 1
2016-01-15 10:47:12,171 [7] Nut.Services.Localization.LocalizationService - Resource string (admin.appversions.fields.version.required) is not found. Language ID = 1
2016-01-15 10:47:12,187 [7] Nut.Services.Localization.LocalizationService - Resource string (admin.appversions.fields.downloadurl.required) is not found. Language ID = 1
2016-01-15 10:47:12,218 [7] Nut.Services.Localization.LocalizationService - Resource string (admin.appversions.fields.versionnum.required) is not found. Language ID = 1
2016-01-15 10:47:12,250 [7] Nut.Services.Localization.LocalizationService - Resource string (admin.appversions.fields.version.required) is not found. Language ID = 1
2016-01-15 10:47:12,265 [7] Nut.Services.Localization.LocalizationService - Resource string (admin.appversions.fields.downloadurl.required) is not found. Language ID = 1
2016-01-15 10:47:12,281 [7] Nut.Services.Localization.LocalizationService - Resource string (admin.appversions.fields.versionnum.required) is not found. Language ID = 1
2016-01-15 10:47:12,296 [7] Nut.Services.Localization.LocalizationService - Resource string (admin.appversions.fields.version.required) is not found. Language ID = 1
2016-01-15 10:47:12,312 [7] Nut.Services.Localization.LocalizationService - Resource string (admin.appversions.fields.downloadurl.required) is not found. Language ID = 1
2016-01-15 10:47:13,609 [7] Nut.Services.Localization.LocalizationService - Resource string (admin.appversions.fields.versionnum.required) is not found. Language ID = 1
2016-01-15 10:47:13,625 [7] Nut.Services.Localization.LocalizationService - Resource string (admin.appversions.fields.version.required) is not found. Language ID = 1
2016-01-15 10:47:13,640 [7] Nut.Services.Localization.LocalizationService - Resource string (admin.appversions.fields.downloadurl.required) is not found. Language ID = 1
2016-01-15 10:47:13,703 [7] Nut.Services.Localization.LocalizationService - Resource string (admin.appversions.fields.versionnum.required) is not found. Language ID = 1
2016-01-15 10:47:13,718 [7] Nut.Services.Localization.LocalizationService - Resource string (admin.appversions.fields.version.required) is not found. Language ID = 1
2016-01-15 10:47:13,734 [7] Nut.Services.Localization.LocalizationService - Resource string (admin.appversions.fields.downloadurl.required) is not found. Language ID = 1
2016-01-15 10:47:13,843 [7] Nut.Services.Localization.LocalizationService - Resource string (admin.newcate) is not found. Language ID = 1
2016-01-15 10:49:16,109 [23] Nut.Services.Localization.LocalizationService - Resource string (admin.common.backtolist) is not found. Language ID = 1
2016-01-15 10:49:16,125 [23] Nut.Services.Localization.LocalizationService - Resource string (admin.appversion) is not found. Language ID = 1
2016-01-15 10:49:16,156 [23] Nut.Services.Localization.LocalizationService - Resource string (admin.appversions.fields.versionnum.required) is not found. Language ID = 1
2016-01-15 10:49:16,171 [23] Nut.Services.Localization.LocalizationService - Resource string (admin.appversions.fields.version.required) is not found. Language ID = 1
2016-01-15 10:49:16,218 [23] Nut.Services.Localization.LocalizationService - Resource string (admin.appversions.fields.downloadurl.required) is not found. Language ID = 1
2016-01-15 10:49:16,234 [23] Nut.Services.Localization.LocalizationService - Resource string (admin.appversions.fields.versionnum.required) is not found. Language ID = 1
2016-01-15 10:49:16,250 [23] Nut.Services.Localization.LocalizationService - Resource string (admin.appversions.fields.version.required) is not found. Language ID = 1
2016-01-15 10:49:16,265 [23] Nut.Services.Localization.LocalizationService - Resource string (admin.appversions.fields.downloadurl.required) is not found. Language ID = 1
2016-01-15 10:49:16,281 [23] Nut.Services.Localization.LocalizationService - Resource string (admin.appversions.fields.versionnum.required) is not found. Language ID = 1
2016-01-15 10:49:16,312 [23] Nut.Services.Localization.LocalizationService - Resource string (admin.appversions.fields.version.required) is not found. Language ID = 1
2016-01-15 10:49:16,328 [23] Nut.Services.Localization.LocalizationService - Resource string (admin.appversions.fields.downloadurl.required) is not found. Language ID = 1
2016-01-15 10:49:16,343 [23] Nut.Services.Localization.LocalizationService - Resource string (admin.appversions.fields.versionnum.required) is not found. Language ID = 1
2016-01-15 10:49:16,375 [23] Nut.Services.Localization.LocalizationService - Resource string (admin.appversions.fields.version.required) is not found. Language ID = 1
2016-01-15 10:49:16,390 [23] Nut.Services.Localization.LocalizationService - Resource string (admin.appversions.fields.downloadurl.required) is not found. Language ID = 1
2016-01-15 10:49:16,406 [23] Nut.Services.Localization.LocalizationService - Resource string (admin.appversions.fields.versionnum.required) is not found. Language ID = 1
2016-01-15 10:49:16,421 [23] Nut.Services.Localization.LocalizationService - Resource string (admin.appversions.fields.version.required) is not found. Language ID = 1
2016-01-15 10:49:16,437 [23] Nut.Services.Localization.LocalizationService - Resource string (admin.appversions.fields.downloadurl.required) is not found. Language ID = 1
2016-01-15 10:49:16,468 [23] Nut.Services.Localization.LocalizationService - Resource string (admin.appversions.fields.versionnum.required) is not found. Language ID = 1
2016-01-15 10:49:16,484 [23] Nut.Services.Localization.LocalizationService - Resource string (admin.appversions.fields.version.required) is not found. Language ID = 1
2016-01-15 10:49:16,500 [23] Nut.Services.Localization.LocalizationService - Resource string (admin.appversions.fields.downloadurl.required) is not found. Language ID = 1
2016-01-15 10:49:17,771 [23] Nut.Services.Localization.LocalizationService - Resource string (admin.appversions.fields.versionnum.required) is not found. Language ID = 1
2016-01-15 10:49:17,787 [23] Nut.Services.Localization.LocalizationService - Resource string (admin.appversions.fields.version.required) is not found. Language ID = 1
2016-01-15 10:49:17,802 [23] Nut.Services.Localization.LocalizationService - Resource string (admin.appversions.fields.downloadurl.required) is not found. Language ID = 1
2016-01-15 10:49:17,849 [23] Nut.Services.Localization.LocalizationService - Resource string (admin.appversions.fields.versionnum.required) is not found. Language ID = 1
2016-01-15 10:49:17,865 [23] Nut.Services.Localization.LocalizationService - Resource string (admin.appversions.fields.version.required) is not found. Language ID = 1
2016-01-15 10:49:17,896 [23] Nut.Services.Localization.LocalizationService - Resource string (admin.appversions.fields.downloadurl.required) is not found. Language ID = 1
2016-01-15 10:49:17,959 [23] Nut.Services.Localization.LocalizationService - Resource string (admin.newcate) is not found. Language ID = 1
2016-01-15 10:49:33,657 [20] Nut.Services.Localization.LocalizationService - Resource string (admin.appversions.fields.versionnum.required) is not found. Language ID = 1
2016-01-15 10:49:33,673 [20] Nut.Services.Localization.LocalizationService - Resource string (admin.appversions.fields.version.required) is not found. Language ID = 1
2016-01-15 10:49:33,704 [20] Nut.Services.Localization.LocalizationService - Resource string (admin.appversions.fields.downloadurl.required) is not found. Language ID = 1
2016-01-15 10:49:33,720 [20] Nut.Services.Localization.LocalizationService - Resource string (admin.appversions.fields.versionnum.required) is not found. Language ID = 1
2016-01-15 10:49:33,751 [20] Nut.Services.Localization.LocalizationService - Resource string (admin.appversions.fields.version.required) is not found. Language ID = 1
2016-01-15 10:49:33,766 [20] Nut.Services.Localization.LocalizationService - Resource string (admin.appversions.fields.downloadurl.required) is not found. Language ID = 1
2016-01-15 10:49:33,782 [20] Nut.Services.Localization.LocalizationService - Resource string (admin.appversions.fields.versionnum.required) is not found. Language ID = 1
2016-01-15 10:49:33,798 [20] Nut.Services.Localization.LocalizationService - Resource string (admin.appversions.fields.version.required) is not found. Language ID = 1
2016-01-15 10:49:33,813 [20] Nut.Services.Localization.LocalizationService - Resource string (admin.appversions.fields.downloadurl.required) is not found. Language ID = 1
2016-01-15 10:49:33,829 [20] Nut.Services.Localization.LocalizationService - Resource string (admin.appversions.fields.versionnum.required) is not found. Language ID = 1
2016-01-15 10:49:33,845 [20] Nut.Services.Localization.LocalizationService - Resource string (admin.appversions.fields.version.required) is not found. Language ID = 1
2016-01-15 10:49:33,860 [20] Nut.Services.Localization.LocalizationService - Resource string (admin.appversions.fields.downloadurl.required) is not found. Language ID = 1
2016-01-15 10:49:33,876 [20] Nut.Services.Localization.LocalizationService - Resource string (admin.appversions.fields.versionnum.required) is not found. Language ID = 1
2016-01-15 10:49:33,891 [20] Nut.Services.Localization.LocalizationService - Resource string (admin.appversions.fields.version.required) is not found. Language ID = 1
2016-01-15 10:49:33,907 [20] Nut.Services.Localization.LocalizationService - Resource string (admin.appversions.fields.downloadurl.required) is not found. Language ID = 1
2016-01-15 10:49:33,937 [20] Nut.Services.Localization.LocalizationService - Resource string (admin.appversions.fields.versionnum.required) is not found. Language ID = 1
2016-01-15 10:49:33,946 [20] Nut.Services.Localization.LocalizationService - Resource string (admin.appversions.fields.version.required) is not found. Language ID = 1
2016-01-15 10:49:33,961 [20] Nut.Services.Localization.LocalizationService - Resource string (admin.appversions.fields.downloadurl.required) is not found. Language ID = 1
2016-01-15 10:49:33,992 [20] Nut.Services.Localization.LocalizationService - Resource string (admin.appversions.fields.versionnum.required) is not found. Language ID = 1
2016-01-15 10:49:34,008 [20] Nut.Services.Localization.LocalizationService - Resource string (admin.appversions.fields.version.required) is not found. Language ID = 1
2016-01-15 10:49:34,008 [20] Nut.Services.Localization.LocalizationService - Resource string (admin.appversions.fields.downloadurl.required) is not found. Language ID = 1
2016-01-15 10:49:34,024 [20] Nut.Services.Localization.LocalizationService - Resource string (admin.appversions.fields.versionnum.required) is not found. Language ID = 1
2016-01-15 10:49:34,039 [20] Nut.Services.Localization.LocalizationService - Resource string (admin.appversions.fields.version.required) is not found. Language ID = 1
2016-01-15 10:49:34,055 [20] Nut.Services.Localization.LocalizationService - Resource string (admin.appversions.fields.downloadurl.required) is not found. Language ID = 1
2016-01-15 10:49:34,055 [20] Nut.Services.Localization.LocalizationService - Resource string (admin.appversions.fields.versionnum.required) is not found. Language ID = 1
2016-01-15 10:49:34,071 [20] Nut.Services.Localization.LocalizationService - Resource string (admin.appversions.fields.version.required) is not found. Language ID = 1
2016-01-15 10:49:34,086 [20] Nut.Services.Localization.LocalizationService - Resource string (admin.appversions.fields.downloadurl.required) is not found. Language ID = 1
2016-01-15 10:49:34,102 [20] Nut.Services.Localization.LocalizationService - Resource string (admin.appversions.fields.versionnum.required) is not found. Language ID = 1
2016-01-15 10:49:34,102 [20] Nut.Services.Localization.LocalizationService - Resource string (admin.appversions.fields.version.required) is not found. Language ID = 1
2016-01-15 10:49:34,117 [20] Nut.Services.Localization.LocalizationService - Resource string (admin.appversions.fields.downloadurl.required) is not found. Language ID = 1
2016-01-15 10:49:34,149 [20] Nut.Services.Localization.LocalizationService - Resource string (activitylog.addnewappversion) is not found. Language ID = 1
2016-01-15 10:49:34,180 [20] Nut.Services.Localization.LocalizationService - Resource string (admin.catalog.attributes.appversions.added) is not found. Language ID = 1
2016-01-15 10:49:34,383 [23] Nut.Services.Localization.LocalizationService - Resource string (admin.newcate) is not found. Language ID = 1
2016-01-15 10:49:54,030 [11] Nut.Services.Localization.LocalizationService - Resource string (admin.newcate) is not found. Language ID = 1
2016-01-15 10:49:57,250 [23] Nut.Services.Localization.LocalizationService - Resource string (admin.common.backtolist) is not found. Language ID = 1
2016-01-15 10:49:57,282 [23] Nut.Services.Localization.LocalizationService - Resource string (admin.appversion) is not found. Language ID = 1
2016-01-15 10:49:57,297 [23] Nut.Services.Localization.LocalizationService - Resource string (admin.appversions.fields.versionnum.required) is not found. Language ID = 1
2016-01-15 10:49:57,313 [23] Nut.Services.Localization.LocalizationService - Resource string (admin.appversions.fields.version.required) is not found. Language ID = 1
2016-01-15 10:49:57,344 [23] Nut.Services.Localization.LocalizationService - Resource string (admin.appversions.fields.downloadurl.required) is not found. Language ID = 1
2016-01-15 10:49:57,360 [23] Nut.Services.Localization.LocalizationService - Resource string (admin.appversions.fields.versionnum.required) is not found. Language ID = 1
2016-01-15 10:49:57,375 [23] Nut.Services.Localization.LocalizationService - Resource string (admin.appversions.fields.version.required) is not found. Language ID = 1
2016-01-15 10:49:57,391 [23] Nut.Services.Localization.LocalizationService - Resource string (admin.appversions.fields.downloadurl.required) is not found. Language ID = 1
2016-01-15 10:49:57,407 [23] Nut.Services.Localization.LocalizationService - Resource string (admin.appversions.fields.versionnum.required) is not found. Language ID = 1
2016-01-15 10:49:57,407 [23] Nut.Services.Localization.LocalizationService - Resource string (admin.appversions.fields.version.required) is not found. Language ID = 1
2016-01-15 10:49:57,422 [23] Nut.Services.Localization.LocalizationService - Resource string (admin.appversions.fields.downloadurl.required) is not found. Language ID = 1
2016-01-15 10:49:57,438 [23] Nut.Services.Localization.LocalizationService - Resource string (admin.appversions.fields.versionnum.required) is not found. Language ID = 1
2016-01-15 10:49:57,453 [23] Nut.Services.Localization.LocalizationService - Resource string (admin.appversions.fields.version.required) is not found. Language ID = 1
2016-01-15 10:49:57,469 [23] Nut.Services.Localization.LocalizationService - Resource string (admin.appversions.fields.downloadurl.required) is not found. Language ID = 1
2016-01-15 10:49:57,485 [23] Nut.Services.Localization.LocalizationService - Resource string (admin.appversions.fields.versionnum.required) is not found. Language ID = 1
2016-01-15 10:49:57,500 [23] Nut.Services.Localization.LocalizationService - Resource string (admin.appversions.fields.version.required) is not found. Language ID = 1
2016-01-15 10:49:57,516 [23] Nut.Services.Localization.LocalizationService - Resource string (admin.appversions.fields.downloadurl.required) is not found. Language ID = 1
2016-01-15 10:49:57,532 [23] Nut.Services.Localization.LocalizationService - Resource string (admin.appversions.fields.versionnum.required) is not found. Language ID = 1
2016-01-15 10:49:57,547 [23] Nut.Services.Localization.LocalizationService - Resource string (admin.appversions.fields.version.required) is not found. Language ID = 1
2016-01-15 10:49:57,547 [23] Nut.Services.Localization.LocalizationService - Resource string (admin.appversions.fields.downloadurl.required) is not found. Language ID = 1
2016-01-15 10:49:57,594 [23] Nut.Services.Localization.LocalizationService - Resource string (admin.appversions.fields.versionnum.required) is not found. Language ID = 1
2016-01-15 10:49:57,625 [23] Nut.Services.Localization.LocalizationService - Resource string (admin.appversions.fields.version.required) is not found. Language ID = 1
2016-01-15 10:49:57,641 [23] Nut.Services.Localization.LocalizationService - Resource string (admin.appversions.fields.downloadurl.required) is not found. Language ID = 1
2016-01-15 10:49:57,703 [23] Nut.Services.Localization.LocalizationService - Resource string (admin.appversions.fields.versionnum.required) is not found. Language ID = 1
2016-01-15 10:49:57,719 [23] Nut.Services.Localization.LocalizationService - Resource string (admin.appversions.fields.version.required) is not found. Language ID = 1
2016-01-15 10:49:57,750 [23] Nut.Services.Localization.LocalizationService - Resource string (admin.appversions.fields.downloadurl.required) is not found. Language ID = 1
2016-01-15 10:49:57,860 [23] Nut.Services.Localization.LocalizationService - Resource string (admin.newcate) is not found. Language ID = 1
2016-01-15 10:50:36,013 [20] Nut.Services.Localization.LocalizationService - Resource string (admin.newcate) is not found. Language ID = 1
2016-01-15 10:51:37,392 [20] Nut.Services.Localization.LocalizationService - Resource string (admin.common.backtolist) is not found. Language ID = 1
2016-01-15 10:51:37,424 [20] Nut.Services.Localization.LocalizationService - Resource string (admin.appversion) is not found. Language ID = 1
2016-01-15 10:51:37,455 [20] Nut.Services.Localization.LocalizationService - Resource string (admin.appversions.fields.versionnum.required) is not found. Language ID = 1
2016-01-15 10:51:37,486 [20] Nut.Services.Localization.LocalizationService - Resource string (admin.appversions.fields.version.required) is not found. Language ID = 1
2016-01-15 10:51:37,517 [20] Nut.Services.Localization.LocalizationService - Resource string (admin.appversions.fields.downloadurl.required) is not found. Language ID = 1
2016-01-15 10:51:37,533 [20] Nut.Services.Localization.LocalizationService - Resource string (admin.appversions.fields.versionnum.required) is not found. Language ID = 1
2016-01-15 10:51:37,549 [20] Nut.Services.Localization.LocalizationService - Resource string (admin.appversions.fields.version.required) is not found. Language ID = 1
2016-01-15 10:51:37,564 [20] Nut.Services.Localization.LocalizationService - Resource string (admin.appversions.fields.downloadurl.required) is not found. Language ID = 1
2016-01-15 10:51:37,580 [20] Nut.Services.Localization.LocalizationService - Resource string (admin.appversions.fields.versionnum.required) is not found. Language ID = 1
2016-01-15 10:51:37,580 [20] Nut.Services.Localization.LocalizationService - Resource string (admin.appversions.fields.version.required) is not found. Language ID = 1
2016-01-15 10:51:37,595 [20] Nut.Services.Localization.LocalizationService - Resource string (admin.appversions.fields.downloadurl.required) is not found. Language ID = 1
2016-01-15 10:51:37,611 [20] Nut.Services.Localization.LocalizationService - Resource string (admin.appversions.fields.versionnum.required) is not found. Language ID = 1
2016-01-15 10:51:37,611 [20] Nut.Services.Localization.LocalizationService - Resource string (admin.appversions.fields.version.required) is not found. Language ID = 1
2016-01-15 10:51:37,627 [20] Nut.Services.Localization.LocalizationService - Resource string (admin.appversions.fields.downloadurl.required) is not found. Language ID = 1
2016-01-15 10:51:37,642 [20] Nut.Services.Localization.LocalizationService - Resource string (admin.appversions.fields.versionnum.required) is not found. Language ID = 1
2016-01-15 10:51:37,642 [20] Nut.Services.Localization.LocalizationService - Resource string (admin.appversions.fields.version.required) is not found. Language ID = 1
2016-01-15 10:51:37,658 [20] Nut.Services.Localization.LocalizationService - Resource string (admin.appversions.fields.downloadurl.required) is not found. Language ID = 1
2016-01-15 10:51:37,674 [20] Nut.Services.Localization.LocalizationService - Resource string (admin.appversions.fields.versionnum.required) is not found. Language ID = 1
2016-01-15 10:51:37,689 [20] Nut.Services.Localization.LocalizationService - Resource string (admin.appversions.fields.version.required) is not found. Language ID = 1
2016-01-15 10:51:37,689 [20] Nut.Services.Localization.LocalizationService - Resource string (admin.appversions.fields.downloadurl.required) is not found. Language ID = 1
2016-01-15 10:51:37,720 [20] Nut.Services.Localization.LocalizationService - Resource string (admin.appversions.fields.versionnum.required) is not found. Language ID = 1
2016-01-15 10:51:37,736 [20] Nut.Services.Localization.LocalizationService - Resource string (admin.appversions.fields.version.required) is not found. Language ID = 1
2016-01-15 10:51:37,752 [20] Nut.Services.Localization.LocalizationService - Resource string (admin.appversions.fields.downloadurl.required) is not found. Language ID = 1
2016-01-15 10:51:37,845 [20] Nut.Services.Localization.LocalizationService - Resource string (admin.appversions.fields.versionnum.required) is not found. Language ID = 1
2016-01-15 10:51:37,861 [20] Nut.Services.Localization.LocalizationService - Resource string (admin.appversions.fields.version.required) is not found. Language ID = 1
2016-01-15 10:51:37,877 [20] Nut.Services.Localization.LocalizationService - Resource string (admin.appversions.fields.downloadurl.required) is not found. Language ID = 1
2016-01-15 10:51:37,961 [20] Nut.Services.Localization.LocalizationService - Resource string (admin.newcate) is not found. Language ID = 1
2016-01-15 10:51:50,492 [23] Nut.Services.Localization.LocalizationService - Resource string (admin.newcate) is not found. Language ID = 1
2016-01-15 15:22:38,449 [1] Nut.Web.Framework.Logging.LoggingModule - Application started
2016-01-15 15:22:42,248 [7] Nut.Services.Localization.LocalizationService - Resource string (account.login.unsuccessful) is not found. Language ID = 1
2016-01-15 15:22:42,311 [7] Nut.Services.Localization.LocalizationService - Resource string (account.login.fields.username) is not found. Language ID = 1
2016-01-15 15:22:42,373 [7] Nut.Services.Localization.LocalizationService - Resource string (account.login.fields.username) is not found. Language ID = 1
2016-01-15 15:22:42,405 [7] Nut.Services.Localization.LocalizationService - Resource string (account.login.fields.password) is not found. Language ID = 1
2016-01-15 15:22:42,451 [7] Nut.Services.Localization.LocalizationService - Resource string (account.login.fields.password) is not found. Language ID = 1
2016-01-15 15:22:45,748 [8] Nut.Services.Localization.LocalizationService - Resource string (account.login.fields.username) is not found. Language ID = 1
2016-01-15 15:22:45,764 [8] Nut.Services.Localization.LocalizationService - Resource string (account.login.fields.password) is not found. Language ID = 1
2016-01-15 15:22:45,780 [8] Nut.Services.Localization.LocalizationService - Resource string (account.login.fields.rememberme) is not found. Language ID = 1
2016-01-15 15:22:49,467 [7] Nut.Services.Localization.LocalizationService - Resource string (admin.newcate) is not found. Language ID = 1
2016-01-15 15:22:55,093 [8] Nut.Services.Localization.LocalizationService - Resource string (admin.newcate) is not found. Language ID = 1
2016-01-15 15:22:57,327 [8] Nut.Services.Localization.LocalizationService - Resource string (admin.common.backtolist) is not found. Language ID = 1
2016-01-15 15:22:57,437 [8] Nut.Services.Localization.LocalizationService - Resource string (admin.appversion) is not found. Language ID = 1
2016-01-15 15:22:57,468 [8] Nut.Services.Localization.LocalizationService - Resource string (admin.appversions.fields.versionnum.required) is not found. Language ID = 1
2016-01-15 15:22:57,515 [8] Nut.Services.Localization.LocalizationService - Resource string (admin.appversions.fields.version.required) is not found. Language ID = 1
2016-01-15 15:22:57,530 [8] Nut.Services.Localization.LocalizationService - Resource string (admin.appversions.fields.downloadurl.required) is not found. Language ID = 1
2016-01-15 15:22:57,577 [8] Nut.Services.Localization.LocalizationService - Resource string (admin.appversions.fields.versionnum.required) is not found. Language ID = 1
2016-01-15 15:22:57,608 [8] Nut.Services.Localization.LocalizationService - Resource string (admin.appversions.fields.version.required) is not found. Language ID = 1
2016-01-15 15:22:57,624 [8] Nut.Services.Localization.LocalizationService - Resource string (admin.appversions.fields.downloadurl.required) is not found. Language ID = 1
2016-01-15 15:22:57,952 [8] Nut.Web.Framework.Logging.LoggingModule - The requested service 'Nut.Services.Media.IPictureService' has not been registered. To avoid this exception, either register a component to provide the service, check for service registration using IsRegistered(), or use the ResolveOptional() method to resolve an optional dependency.
2016-01-15 15:22:57,968 [8] Nut.Web.Framework.Logging.LoggingModule - The requested service 'Nut.Services.Media.IPictureService' has not been registered. To avoid this exception, either register a component to provide the service, check for service registration using IsRegistered(), or use the ResolveOptional() method to resolve an optional dependency.
2016-01-15 15:23:31,214 [15] Nut.Web.Framework.Logging.LoggingModule - Application started
2016-01-15 15:23:33,120 [10] Nut.Services.Localization.LocalizationService - Resource string (admin.common.backtolist) is not found. Language ID = 1
2016-01-15 15:23:33,151 [10] Nut.Services.Localization.LocalizationService - Resource string (admin.appversion) is not found. Language ID = 1
2016-01-15 15:23:33,245 [10] Nut.Services.Localization.LocalizationService - Resource string (admin.appversions.fields.versionnum.required) is not found. Language ID = 1
2016-01-15 15:23:33,276 [10] Nut.Services.Localization.LocalizationService - Resource string (admin.appversions.fields.version.required) is not found. Language ID = 1
2016-01-15 15:23:33,292 [10] Nut.Services.Localization.LocalizationService - Resource string (admin.appversions.fields.downloadurl.required) is not found. Language ID = 1
2016-01-15 15:23:33,307 [10] Nut.Services.Localization.LocalizationService - Resource string (admin.appversions.fields.versionnum.required) is not found. Language ID = 1
2016-01-15 15:23:33,323 [10] Nut.Services.Localization.LocalizationService - Resource string (admin.appversions.fields.version.required) is not found. Language ID = 1
2016-01-15 15:23:33,339 [10] Nut.Services.Localization.LocalizationService - Resource string (admin.appversions.fields.downloadurl.required) is not found. Language ID = 1
2016-01-15 15:23:33,745 [10] Nut.Services.Localization.LocalizationService - Resource string (admin.appversions.fields.versionnum.required) is not found. Language ID = 1
2016-01-15 15:23:33,761 [10] Nut.Services.Localization.LocalizationService - Resource string (admin.appversions.fields.version.required) is not found. Language ID = 1
2016-01-15 15:23:33,776 [10] Nut.Services.Localization.LocalizationService - Resource string (admin.appversions.fields.downloadurl.required) is not found. Language ID = 1
2016-01-15 15:23:33,854 [10] Nut.Services.Localization.LocalizationService - Resource string (admin.appversions.fields.versionnum.required) is not found. Language ID = 1
2016-01-15 15:23:33,870 [10] Nut.Services.Localization.LocalizationService - Resource string (admin.appversions.fields.version.required) is not found. Language ID = 1
2016-01-15 15:23:33,886 [10] Nut.Services.Localization.LocalizationService - Resource string (admin.appversions.fields.downloadurl.required) is not found. Language ID = 1
2016-01-15 15:23:33,917 [10] Nut.Services.Localization.LocalizationService - Resource string (admin.appversions.fields.versionnum.required) is not found. Language ID = 1
2016-01-15 15:23:33,932 [10] Nut.Services.Localization.LocalizationService - Resource string (admin.appversions.fields.version.required) is not found. Language ID = 1
2016-01-15 15:23:33,948 [10] Nut.Services.Localization.LocalizationService - Resource string (admin.appversions.fields.downloadurl.required) is not found. Language ID = 1
2016-01-15 15:23:33,964 [10] Nut.Services.Localization.LocalizationService - Resource string (admin.appversions.fields.versionnum.required) is not found. Language ID = 1
2016-01-15 15:23:33,979 [10] Nut.Services.Localization.LocalizationService - Resource string (admin.appversions.fields.version.required) is not found. Language ID = 1
2016-01-15 15:23:34,011 [10] Nut.Services.Localization.LocalizationService - Resource string (admin.appversions.fields.downloadurl.required) is not found. Language ID = 1
2016-01-15 15:23:34,042 [10] Nut.Services.Localization.LocalizationService - Resource string (admin.appversions.fields.versionnum.required) is not found. Language ID = 1
2016-01-15 15:23:34,057 [10] Nut.Services.Localization.LocalizationService - Resource string (admin.appversions.fields.version.required) is not found. Language ID = 1
2016-01-15 15:23:34,073 [10] Nut.Services.Localization.LocalizationService - Resource string (admin.appversions.fields.downloadurl.required) is not found. Language ID = 1
2016-01-15 15:23:34,120 [10] Nut.Services.Localization.LocalizationService - Resource string (admin.appversions.fields.versionnum.required) is not found. Language ID = 1
2016-01-15 15:23:34,136 [10] Nut.Services.Localization.LocalizationService - Resource string (admin.appversions.fields.version.required) is not found. Language ID = 1
2016-01-15 15:23:34,151 [10] Nut.Services.Localization.LocalizationService - Resource string (admin.appversions.fields.downloadurl.required) is not found. Language ID = 1
2016-01-15 15:23:37,042 [10] Nut.Services.Localization.LocalizationService - Resource string (admin.newcate) is not found. Language ID = 1
2016-01-15 15:24:12,216 [10] Nut.Web.Framework.Logging.LoggingModule - An error occurred while updating the entries. See the inner exception for details.
2016-01-15 15:24:12,231 [10] Nut.Web.Framework.Logging.LoggingModule - An error occurred while updating the entries. See the inner exception for details.
2016-01-15 15:24:43,236 [1] Nut.Web.Framework.Logging.LoggingModule - Application started
2016-01-15 15:24:47,455 [5] Nut.Services.Localization.LocalizationService - Resource string (account.login.unsuccessful) is not found. Language ID = 1
2016-01-15 15:24:47,580 [5] Nut.Services.Localization.LocalizationService - Resource string (account.login.fields.username) is not found. Language ID = 1
2016-01-15 15:24:47,658 [5] Nut.Services.Localization.LocalizationService - Resource string (account.login.fields.username) is not found. Language ID = 1
2016-01-15 15:24:47,814 [5] Nut.Services.Localization.LocalizationService - Resource string (account.login.fields.password) is not found. Language ID = 1
2016-01-15 15:24:47,892 [5] Nut.Services.Localization.LocalizationService - Resource string (account.login.fields.password) is not found. Language ID = 1
2016-01-15 15:24:51,322 [5] Nut.Services.Localization.LocalizationService - Resource string (account.login.fields.username) is not found. Language ID = 1
2016-01-15 15:24:51,400 [5] Nut.Services.Localization.LocalizationService - Resource string (account.login.fields.password) is not found. Language ID = 1
2016-01-15 15:24:51,463 [5] Nut.Services.Localization.LocalizationService - Resource string (account.login.fields.rememberme) is not found. Language ID = 1
2016-01-15 15:24:57,182 [5] Nut.Services.Localization.LocalizationService - Resource string (admin.newcate) is not found. Language ID = 1
2016-01-15 15:25:14,192 [5] Nut.Services.Localization.LocalizationService - Resource string (admin.newcate) is not found. Language ID = 1
2016-01-15 15:25:17,332 [7] Nut.Services.Localization.LocalizationService - Resource string (admin.common.backtolist) is not found. Language ID = 1
2016-01-15 15:25:17,442 [7] Nut.Services.Localization.LocalizationService - Resource string (admin.appversion) is not found. Language ID = 1
2016-01-15 15:25:17,567 [7] Nut.Services.Localization.LocalizationService - Resource string (admin.appversions.fields.versionnum.required) is not found. Language ID = 1
2016-01-15 15:25:17,707 [7] Nut.Services.Localization.LocalizationService - Resource string (admin.appversions.fields.version.required) is not found. Language ID = 1
2016-01-15 15:25:17,785 [7] Nut.Services.Localization.LocalizationService - Resource string (admin.appversions.fields.downloadurl.required) is not found. Language ID = 1
2016-01-15 15:25:17,895 [7] Nut.Services.Localization.LocalizationService - Resource string (admin.appversions.fields.versionnum.required) is not found. Language ID = 1
2016-01-15 15:25:17,942 [7] Nut.Services.Localization.LocalizationService - Resource string (admin.appversions.fields.version.required) is not found. Language ID = 1
2016-01-15 15:25:17,973 [7] Nut.Services.Localization.LocalizationService - Resource string (admin.appversions.fields.downloadurl.required) is not found. Language ID = 1
2016-01-15 15:25:18,411 [7] Nut.Services.Localization.LocalizationService - Resource string (admin.appversions.fields.versionnum.required) is not found. Language ID = 1
2016-01-15 15:25:18,489 [7] Nut.Services.Localization.LocalizationService - Resource string (admin.appversions.fields.version.required) is not found. Language ID = 1
2016-01-15 15:25:18,520 [7] Nut.Services.Localization.LocalizationService - Resource string (admin.appversions.fields.downloadurl.required) is not found. Language ID = 1
2016-01-15 15:25:19,082 [7] Nut.Services.Localization.LocalizationService - Resource string (admin.appversions.fields.versionnum.required) is not found. Language ID = 1
2016-01-15 15:25:19,145 [7] Nut.Services.Localization.LocalizationService - Resource string (admin.appversions.fields.version.required) is not found. Language ID = 1
2016-01-15 15:25:19,176 [7] Nut.Services.Localization.LocalizationService - Resource string (admin.appversions.fields.downloadurl.required) is not found. Language ID = 1
2016-01-15 15:25:19,254 [7] Nut.Services.Localization.LocalizationService - Resource string (admin.appversions.fields.versionnum.required) is not found. Language ID = 1
2016-01-15 15:25:19,332 [7] Nut.Services.Localization.LocalizationService - Resource string (admin.appversions.fields.version.required) is not found. Language ID = 1
2016-01-15 15:25:19,364 [7] Nut.Services.Localization.LocalizationService - Resource string (admin.appversions.fields.downloadurl.required) is not found. Language ID = 1
2016-01-15 15:25:19,489 [7] Nut.Services.Localization.LocalizationService - Resource string (admin.appversions.fields.versionnum.required) is not found. Language ID = 1
2016-01-15 15:25:19,551 [7] Nut.Services.Localization.LocalizationService - Resource string (admin.appversions.fields.version.required) is not found. Language ID = 1
2016-01-15 15:25:19,598 [7] Nut.Services.Localization.LocalizationService - Resource string (admin.appversions.fields.downloadurl.required) is not found. Language ID = 1
2016-01-15 15:25:19,676 [7] Nut.Services.Localization.LocalizationService - Resource string (admin.appversions.fields.versionnum.required) is not found. Language ID = 1
2016-01-15 15:25:19,770 [7] Nut.Services.Localization.LocalizationService - Resource string (admin.appversions.fields.version.required) is not found. Language ID = 1
2016-01-15 15:25:19,817 [7] Nut.Services.Localization.LocalizationService - Resource string (admin.appversions.fields.downloadurl.required) is not found. Language ID = 1
2016-01-15 15:25:20,176 [7] Nut.Services.Localization.LocalizationService - Resource string (admin.appversions.fields.versionnum.required) is not found. Language ID = 1
2016-01-15 15:25:20,207 [7] Nut.Services.Localization.LocalizationService - Resource string (admin.appversions.fields.version.required) is not found. Language ID = 1
2016-01-15 15:25:20,254 [7] Nut.Services.Localization.LocalizationService - Resource string (admin.appversions.fields.downloadurl.required) is not found. Language ID = 1
2016-01-15 15:25:21,239 [7] Nut.Services.Localization.LocalizationService - Resource string (admin.newcate) is not found. Language ID = 1
2016-01-15 15:47:00,220 [1] Nut.Web.Framework.Logging.LoggingModule - Application started
2016-01-15 15:47:05,351 [5] Nut.Services.Localization.LocalizationService - Resource string (account.login.unsuccessful) is not found. Language ID = 1
2016-01-15 15:47:05,460 [5] Nut.Services.Localization.LocalizationService - Resource string (account.login.fields.username) is not found. Language ID = 1
2016-01-15 15:47:05,570 [5] Nut.Services.Localization.LocalizationService - Resource string (account.login.fields.username) is not found. Language ID = 1
2016-01-15 15:47:05,741 [5] Nut.Services.Localization.LocalizationService - Resource string (account.login.fields.password) is not found. Language ID = 1
2016-01-15 15:47:05,820 [5] Nut.Services.Localization.LocalizationService - Resource string (account.login.fields.password) is not found. Language ID = 1
2016-01-15 15:47:09,438 [5] Nut.Services.Localization.LocalizationService - Resource string (account.login.fields.username) is not found. Language ID = 1
2016-01-15 15:47:09,516 [5] Nut.Services.Localization.LocalizationService - Resource string (account.login.fields.password) is not found. Language ID = 1
2016-01-15 15:47:09,578 [5] Nut.Services.Localization.LocalizationService - Resource string (account.login.fields.rememberme) is not found. Language ID = 1
2016-01-15 15:47:16,016 [7] Nut.Services.Localization.LocalizationService - Resource string (admin.newcate) is not found. Language ID = 1
2016-01-15 15:47:22,454 [7] Nut.Services.Localization.LocalizationService - Resource string (admin.newcate) is not found. Language ID = 1
2016-01-15 15:47:25,751 [5] Nut.Services.Localization.LocalizationService - Resource string (admin.common.backtolist) is not found. Language ID = 1
2016-01-15 15:47:25,860 [5] Nut.Services.Localization.LocalizationService - Resource string (admin.appversion) is not found. Language ID = 1
2016-01-15 15:47:26,048 [5] Nut.Services.Localization.LocalizationService - Resource string (admin.appversions.fields.versionnum.required) is not found. Language ID = 1
2016-01-15 15:47:26,157 [5] Nut.Services.Localization.LocalizationService - Resource string (admin.appversions.fields.version.required) is not found. Language ID = 1
2016-01-15 15:47:26,423 [5] Nut.Services.Localization.LocalizationService - Resource string (admin.appversions.fields.downloadurl.required) is not found. Language ID = 1
2016-01-15 15:47:26,532 [5] Nut.Services.Localization.LocalizationService - Resource string (admin.appversions.fields.versionnum.required) is not found. Language ID = 1
2016-01-15 15:47:26,563 [5] Nut.Services.Localization.LocalizationService - Resource string (admin.appversions.fields.version.required) is not found. Language ID = 1
2016-01-15 15:47:26,626 [5] Nut.Services.Localization.LocalizationService - Resource string (admin.appversions.fields.downloadurl.required) is not found. Language ID = 1
2016-01-15 15:47:27,188 [5] Nut.Services.Localization.LocalizationService - Resource string (admin.appversions.fields.versionnum.required) is not found. Language ID = 1
2016-01-15 15:47:27,267 [5] Nut.Services.Localization.LocalizationService - Resource string (admin.appversions.fields.version.required) is not found. Language ID = 1
2016-01-15 15:47:27,313 [5] Nut.Services.Localization.LocalizationService - Resource string (admin.appversions.fields.downloadurl.required) is not found. Language ID = 1
2016-01-15 15:47:27,798 [5] Nut.Services.Localization.LocalizationService - Resource string (admin.appversions.fields.versionnum.required) is not found. Language ID = 1
2016-01-15 15:47:27,845 [5] Nut.Services.Localization.LocalizationService - Resource string (admin.appversions.fields.version.required) is not found. Language ID = 1
2016-01-15 15:47:27,938 [5] Nut.Services.Localization.LocalizationService - Resource string (admin.appversions.fields.downloadurl.required) is not found. Language ID = 1
2016-01-15 15:47:28,032 [5] Nut.Services.Localization.LocalizationService - Resource string (admin.appversions.fields.versionnum.required) is not found. Language ID = 1
2016-01-15 15:47:28,079 [5] Nut.Services.Localization.LocalizationService - Resource string (admin.appversions.fields.version.required) is not found. Language ID = 1
2016-01-15 15:47:28,142 [5] Nut.Services.Localization.LocalizationService - Resource string (admin.appversions.fields.downloadurl.required) is not found. Language ID = 1
2016-01-15 15:47:28,235 [5] Nut.Services.Localization.LocalizationService - Resource string (admin.appversions.fields.versionnum.required) is not found. Language ID = 1
2016-01-15 15:47:28,282 [5] Nut.Services.Localization.LocalizationService - Resource string (admin.appversions.fields.version.required) is not found. Language ID = 1
2016-01-15 15:47:28,345 [5] Nut.Services.Localization.LocalizationService - Resource string (admin.appversions.fields.downloadurl.required) is not found. Language ID = 1
2016-01-15 15:47:28,423 [5] Nut.Services.Localization.LocalizationService - Resource string (admin.appversions.fields.versionnum.required) is not found. Language ID = 1
2016-01-15 15:47:28,563 [5] Nut.Services.Localization.LocalizationService - Resource string (admin.appversions.fields.version.required) is not found. Language ID = 1
2016-01-15 15:47:28,610 [5] Nut.Services.Localization.LocalizationService - Resource string (admin.appversions.fields.downloadurl.required) is not found. Language ID = 1
2016-01-15 15:47:29,204 [5] Nut.Services.Localization.LocalizationService - Resource string (admin.appversions.fields.versionnum.required) is not found. Language ID = 1
2016-01-15 15:47:29,267 [5] Nut.Services.Localization.LocalizationService - Resource string (admin.appversions.fields.version.required) is not found. Language ID = 1
2016-01-15 15:47:29,314 [5] Nut.Services.Localization.LocalizationService - Resource string (admin.appversions.fields.downloadurl.required) is not found. Language ID = 1
2016-01-15 15:47:30,235 [5] Nut.Services.Localization.LocalizationService - Resource string (admin.newcate) is not found. Language ID = 1
2016-01-15 15:49:11,814 [1] Nut.Web.Framework.Logging.LoggingModule - Application started
2016-01-15 15:49:22,955 [7] Nut.Services.Localization.LocalizationService - Resource string (account.login.unsuccessful) is not found. Language ID = 1
2016-01-15 15:49:23,002 [7] Nut.Services.Localization.LocalizationService - Resource string (account.login.fields.username) is not found. Language ID = 1
2016-01-15 15:49:23,064 [7] Nut.Services.Localization.LocalizationService - Resource string (account.login.fields.username) is not found. Language ID = 1
2016-01-15 15:49:23,096 [7] Nut.Services.Localization.LocalizationService - Resource string (account.login.fields.password) is not found. Language ID = 1
2016-01-15 15:49:23,142 [7] Nut.Services.Localization.LocalizationService - Resource string (account.login.fields.password) is not found. Language ID = 1
2016-01-15 15:49:27,035 [7] Nut.Services.Localization.LocalizationService - Resource string (account.login.fields.username) is not found. Language ID = 1
2016-01-15 15:49:27,051 [7] Nut.Services.Localization.LocalizationService - Resource string (account.login.fields.password) is not found. Language ID = 1
2016-01-15 15:49:27,082 [7] Nut.Services.Localization.LocalizationService - Resource string (account.login.fields.rememberme) is not found. Language ID = 1
2016-01-15 15:49:30,801 [8] Nut.Services.Localization.LocalizationService - Resource string (admin.newcate) is not found. Language ID = 1
2016-01-15 15:49:34,411 [7] Nut.Services.Localization.LocalizationService - Resource string (admin.newcate) is not found. Language ID = 1
2016-01-15 15:49:36,364 [7] Nut.Services.Localization.LocalizationService - Resource string (admin.common.backtolist) is not found. Language ID = 1
2016-01-15 15:49:36,395 [7] Nut.Services.Localization.LocalizationService - Resource string (admin.appversion) is not found. Language ID = 1
2016-01-15 15:49:36,442 [7] Nut.Services.Localization.LocalizationService - Resource string (admin.appversions.fields.versionnum.required) is not found. Language ID = 1
2016-01-15 15:49:36,473 [7] Nut.Services.Localization.LocalizationService - Resource string (admin.appversions.fields.version.required) is not found. Language ID = 1
2016-01-15 15:49:36,504 [7] Nut.Services.Localization.LocalizationService - Resource string (admin.appversions.fields.downloadurl.required) is not found. Language ID = 1
2016-01-15 15:49:36,536 [7] Nut.Services.Localization.LocalizationService - Resource string (admin.appversions.fields.versionnum.required) is not found. Language ID = 1
2016-01-15 15:49:36,567 [7] Nut.Services.Localization.LocalizationService - Resource string (admin.appversions.fields.version.required) is not found. Language ID = 1
2016-01-15 15:49:36,567 [7] Nut.Services.Localization.LocalizationService - Resource string (admin.appversions.fields.downloadurl.required) is not found. Language ID = 1
2016-01-15 15:49:36,958 [7] Nut.Services.Localization.LocalizationService - Resource string (admin.appversions.fields.versionnum.required) is not found. Language ID = 1
2016-01-15 15:49:36,973 [7] Nut.Services.Localization.LocalizationService - Resource string (admin.appversions.fields.version.required) is not found. Language ID = 1
2016-01-15 15:49:36,989 [7] Nut.Services.Localization.LocalizationService - Resource string (admin.appversions.fields.downloadurl.required) is not found. Language ID = 1
2016-01-15 15:49:37,051 [7] Nut.Services.Localization.LocalizationService - Resource string (admin.appversions.fields.versionnum.required) is not found. Language ID = 1
2016-01-15 15:49:37,067 [7] Nut.Services.Localization.LocalizationService - Resource string (admin.appversions.fields.version.required) is not found. Language ID = 1
2016-01-15 15:49:37,083 [7] Nut.Services.Localization.LocalizationService - Resource string (admin.appversions.fields.downloadurl.required) is not found. Language ID = 1
2016-01-15 15:49:37,098 [7] Nut.Services.Localization.LocalizationService - Resource string (admin.appversions.fields.versionnum.required) is not found. Language ID = 1
2016-01-15 15:49:37,098 [7] Nut.Services.Localization.LocalizationService - Resource string (admin.appversions.fields.version.required) is not found. Language ID = 1
2016-01-15 15:49:37,145 [7] Nut.Services.Localization.LocalizationService - Resource string (admin.appversions.fields.downloadurl.required) is not found. Language ID = 1
2016-01-15 15:49:37,161 [7] Nut.Services.Localization.LocalizationService - Resource string (admin.appversions.fields.versionnum.required) is not found. Language ID = 1
2016-01-15 15:49:37,176 [7] Nut.Services.Localization.LocalizationService - Resource string (admin.appversions.fields.version.required) is not found. Language ID = 1
2016-01-15 15:49:37,208 [7] Nut.Services.Localization.LocalizationService - Resource string (admin.appversions.fields.downloadurl.required) is not found. Language ID = 1
2016-01-15 15:49:37,254 [7] Nut.Services.Localization.LocalizationService - Resource string (admin.appversions.fields.versionnum.required) is not found. Language ID = 1
2016-01-15 15:49:37,270 [7] Nut.Services.Localization.LocalizationService - Resource string (admin.appversions.fields.version.required) is not found. Language ID = 1
2016-01-15 15:49:37,301 [7] Nut.Services.Localization.LocalizationService - Resource string (admin.appversions.fields.downloadurl.required) is not found. Language ID = 1
2016-01-15 15:49:37,364 [7] Nut.Services.Localization.LocalizationService - Resource string (admin.appversions.fields.versionnum.required) is not found. Language ID = 1
2016-01-15 15:49:37,379 [7] Nut.Services.Localization.LocalizationService - Resource string (admin.appversions.fields.version.required) is not found. Language ID = 1
2016-01-15 15:49:37,379 [7] Nut.Services.Localization.LocalizationService - Resource string (admin.appversions.fields.downloadurl.required) is not found. Language ID = 1
2016-01-15 15:49:37,473 [7] Nut.Services.Localization.LocalizationService - Resource string (admin.newcate) is not found. Language ID = 1
2016-01-15 15:51:15,996 [10] Nut.Services.Localization.LocalizationService - Resource string (admin.common.backtolist) is not found. Language ID = 1
2016-01-15 15:51:16,011 [10] Nut.Services.Localization.LocalizationService - Resource string (admin.appversion) is not found. Language ID = 1
2016-01-15 15:51:16,042 [10] Nut.Services.Localization.LocalizationService - Resource string (admin.appversions.fields.versionnum.required) is not found. Language ID = 1
2016-01-15 15:51:16,058 [10] Nut.Services.Localization.LocalizationService - Resource string (admin.appversions.fields.version.required) is not found. Language ID = 1
2016-01-15 15:51:16,089 [10] Nut.Services.Localization.LocalizationService - Resource string (admin.appversions.fields.downloadurl.required) is not found. Language ID = 1
2016-01-15 15:51:16,105 [10] Nut.Services.Localization.LocalizationService - Resource string (admin.appversions.fields.versionnum.required) is not found. Language ID = 1
2016-01-15 15:51:16,121 [10] Nut.Services.Localization.LocalizationService - Resource string (admin.appversions.fields.version.required) is not found. Language ID = 1
2016-01-15 15:51:16,136 [10] Nut.Services.Localization.LocalizationService - Resource string (admin.appversions.fields.downloadurl.required) is not found. Language ID = 1
2016-01-15 15:51:17,371 [10] Nut.Services.Localization.LocalizationService - Resource string (admin.appversions.fields.versionnum.required) is not found. Language ID = 1
2016-01-15 15:51:17,386 [10] Nut.Services.Localization.LocalizationService - Resource string (admin.appversions.fields.version.required) is not found. Language ID = 1
2016-01-15 15:51:17,402 [10] Nut.Services.Localization.LocalizationService - Resource string (admin.appversions.fields.downloadurl.required) is not found. Language ID = 1
2016-01-15 15:51:17,433 [10] Nut.Services.Localization.LocalizationService - Resource string (admin.appversions.fields.versionnum.required) is not found. Language ID = 1
2016-01-15 15:51:17,449 [10] Nut.Services.Localization.LocalizationService - Resource string (admin.appversions.fields.version.required) is not found. Language ID = 1
2016-01-15 15:51:17,464 [10] Nut.Services.Localization.LocalizationService - Resource string (admin.appversions.fields.downloadurl.required) is not found. Language ID = 1
2016-01-15 15:51:17,480 [10] Nut.Services.Localization.LocalizationService - Resource string (admin.appversions.fields.versionnum.required) is not found. Language ID = 1
2016-01-15 15:51:17,480 [10] Nut.Services.Localization.LocalizationService - Resource string (admin.appversions.fields.version.required) is not found. Language ID = 1
2016-01-15 15:51:17,496 [10] Nut.Services.Localization.LocalizationService - Resource string (admin.appversions.fields.downloadurl.required) is not found. Language ID = 1
2016-01-15 15:51:17,496 [10] Nut.Services.Localization.LocalizationService - Resource string (admin.appversions.fields.versionnum.required) is not found. Language ID = 1
2016-01-15 15:51:17,511 [10] Nut.Services.Localization.LocalizationService - Resource string (admin.appversions.fields.version.required) is not found. Language ID = 1
2016-01-15 15:51:17,527 [10] Nut.Services.Localization.LocalizationService - Resource string (admin.appversions.fields.downloadurl.required) is not found. Language ID = 1
2016-01-15 15:51:17,542 [10] Nut.Services.Localization.LocalizationService - Resource string (admin.appversions.fields.versionnum.required) is not found. Language ID = 1
2016-01-15 15:51:17,558 [10] Nut.Services.Localization.LocalizationService - Resource string (admin.appversions.fields.version.required) is not found. Language ID = 1
2016-01-15 15:51:17,558 [10] Nut.Services.Localization.LocalizationService - Resource string (admin.appversions.fields.downloadurl.required) is not found. Language ID = 1
2016-01-15 15:51:17,589 [10] Nut.Services.Localization.LocalizationService - Resource string (admin.appversions.fields.versionnum.required) is not found. Language ID = 1
2016-01-15 15:51:17,605 [10] Nut.Services.Localization.LocalizationService - Resource string (admin.appversions.fields.version.required) is not found. Language ID = 1
2016-01-15 15:51:17,621 [10] Nut.Services.Localization.LocalizationService - Resource string (admin.appversions.fields.downloadurl.required) is not found. Language ID = 1
2016-01-15 15:51:17,714 [10] Nut.Services.Localization.LocalizationService - Resource string (admin.newcate) is not found. Language ID = 1
2016-01-15 15:54:44,639 [13] Nut.Web.Framework.Logging.LoggingModule - Application started
2016-01-15 15:54:49,577 [15] Nut.Services.Localization.LocalizationService - Resource string (admin.newcate) is not found. Language ID = 1
2016-01-15 15:57:40,507 [6] Nut.Services.Localization.LocalizationService - Resource string (admin.newcate) is not found. Language ID = 1
2016-01-15 15:57:42,601 [12] Nut.Services.Localization.LocalizationService - Resource string (admin.common.backtolist) is not found. Language ID = 1
2016-01-15 15:57:42,648 [12] Nut.Services.Localization.LocalizationService - Resource string (admin.appversion) is not found. Language ID = 1
2016-01-15 15:57:42,695 [12] Nut.Services.Localization.LocalizationService - Resource string (admin.appversions.fields.versionnum.required) is not found. Language ID = 1
2016-01-15 15:57:42,726 [12] Nut.Services.Localization.LocalizationService - Resource string (admin.appversions.fields.version.required) is not found. Language ID = 1
2016-01-15 15:57:42,742 [12] Nut.Services.Localization.LocalizationService - Resource string (admin.appversions.fields.downloadurl.required) is not found. Language ID = 1
2016-01-15 15:57:42,757 [12] Nut.Services.Localization.LocalizationService - Resource string (admin.appversions.fields.versionnum.required) is not found. Language ID = 1
2016-01-15 15:57:42,773 [12] Nut.Services.Localization.LocalizationService - Resource string (admin.appversions.fields.version.required) is not found. Language ID = 1
2016-01-15 15:57:42,789 [12] Nut.Services.Localization.LocalizationService - Resource string (admin.appversions.fields.downloadurl.required) is not found. Language ID = 1
2016-01-15 15:57:43,226 [12] Nut.Services.Localization.LocalizationService - Resource string (admin.appversions.fields.versionnum.required) is not found. Language ID = 1
2016-01-15 15:57:43,257 [12] Nut.Services.Localization.LocalizationService - Resource string (admin.appversions.fields.version.required) is not found. Language ID = 1
2016-01-15 15:57:43,273 [12] Nut.Services.Localization.LocalizationService - Resource string (admin.appversions.fields.downloadurl.required) is not found. Language ID = 1
2016-01-15 15:57:43,335 [12] Nut.Services.Localization.LocalizationService - Resource string (admin.appversions.fields.versionnum.required) is not found. Language ID = 1
2016-01-15 15:57:43,351 [12] Nut.Services.Localization.LocalizationService - Resource string (admin.appversions.fields.version.required) is not found. Language ID = 1
2016-01-15 15:57:43,351 [12] Nut.Services.Localization.LocalizationService - Resource string (admin.appversions.fields.downloadurl.required) is not found. Language ID = 1
2016-01-15 15:57:43,367 [12] Nut.Services.Localization.LocalizationService - Resource string (admin.appversions.fields.versionnum.required) is not found. Language ID = 1
2016-01-15 15:57:43,382 [12] Nut.Services.Localization.LocalizationService - Resource string (admin.appversions.fields.version.required) is not found. Language ID = 1
2016-01-15 15:57:43,398 [12] Nut.Services.Localization.LocalizationService - Resource string (admin.appversions.fields.downloadurl.required) is not found. Language ID = 1
2016-01-15 15:57:43,414 [12] Nut.Services.Localization.LocalizationService - Resource string (admin.appversions.fields.versionnum.required) is not found. Language ID = 1
2016-01-15 15:57:43,429 [12] Nut.Services.Localization.LocalizationService - Resource string (admin.appversions.fields.version.required) is not found. Language ID = 1
2016-01-15 15:57:43,445 [12] Nut.Services.Localization.LocalizationService - Resource string (admin.appversions.fields.downloadurl.required) is not found. Language ID = 1
2016-01-15 15:57:43,476 [12] Nut.Services.Localization.LocalizationService - Resource string (admin.appversions.fields.versionnum.required) is not found. Language ID = 1
2016-01-15 15:57:43,492 [12] Nut.Services.Localization.LocalizationService - Resource string (admin.appversions.fields.version.required) is not found. Language ID = 1
2016-01-15 15:57:43,492 [12] Nut.Services.Localization.LocalizationService - Resource string (admin.appversions.fields.downloadurl.required) is not found. Language ID = 1
2016-01-15 15:57:43,539 [12] Nut.Services.Localization.LocalizationService - Resource string (admin.appversions.fields.versionnum.required) is not found. Language ID = 1
2016-01-15 15:57:43,554 [12] Nut.Services.Localization.LocalizationService - Resource string (admin.appversions.fields.version.required) is not found. Language ID = 1
2016-01-15 15:57:43,554 [12] Nut.Services.Localization.LocalizationService - Resource string (admin.appversions.fields.downloadurl.required) is not found. Language ID = 1
2016-01-15 15:57:43,617 [12] Nut.Services.Localization.LocalizationService - Resource string (admin.newcate) is not found. Language ID = 1
2016-01-15 16:09:54,244 [28] Nut.Web.Framework.Logging.LoggingModule - Application started
2016-01-15 16:09:58,533 [25] Nut.Services.Localization.LocalizationService - Resource string (account.login.unsuccessful) is not found. Language ID = 1
2016-01-15 16:09:58,596 [25] Nut.Services.Localization.LocalizationService - Resource string (account.login.fields.username) is not found. Language ID = 1
2016-01-15 16:09:58,654 [25] Nut.Services.Localization.LocalizationService - Resource string (account.login.fields.username) is not found. Language ID = 1
2016-01-15 16:09:58,679 [25] Nut.Services.Localization.LocalizationService - Resource string (account.login.fields.password) is not found. Language ID = 1
2016-01-15 16:09:58,729 [25] Nut.Services.Localization.LocalizationService - Resource string (account.login.fields.password) is not found. Language ID = 1
2016-01-15 16:10:02,125 [21] Nut.Services.Localization.LocalizationService - Resource string (account.login.fields.username) is not found. Language ID = 1
2016-01-15 16:10:02,148 [21] Nut.Services.Localization.LocalizationService - Resource string (account.login.fields.password) is not found. Language ID = 1
2016-01-15 16:10:02,171 [21] Nut.Services.Localization.LocalizationService - Resource string (account.login.fields.rememberme) is not found. Language ID = 1
2016-01-15 16:10:05,909 [25] Nut.Services.Localization.LocalizationService - Resource string (admin.newcate) is not found. Language ID = 1
2016-01-15 16:10:09,568 [26] Nut.Services.Localization.LocalizationService - Resource string (admin.newcate) is not found. Language ID = 1
2016-01-15 16:10:12,586 [27] Nut.Services.Localization.LocalizationService - Resource string (admin.newcate) is not found. Language ID = 1
2016-01-15 16:10:15,200 [21] Nut.Services.Localization.LocalizationService - Resource string (admin.department.notparentdepartment) is not found. Language ID = 1
2016-01-15 16:10:15,231 [21] Nut.Services.Localization.LocalizationService - Resource string (admin.common.choose) is not found. Language ID = 1
2016-01-15 16:10:15,250 [21] Nut.Web.Framework.Logging.LoggingModule - The view 'Create' or its master was not found or no view engine supports the searched locations. The following locations were searched:
~/Administration/Views/Shared/Create.cshtml
~/Administration/Views/Department/Create.cshtml
~/Areas/Admin/Themes/DefaultClean/Views/Department/Create.cshtml
~/Areas/Admin/Themes/DefaultClean/Views/Shared/Create.cshtml
~/Areas/Admin/Views/Department/Create.cshtml
~/Areas/Admin/Views/Shared/Create.cshtml
~/Themes/DefaultClean/Views/Department/Create.cshtml
~/Themes/DefaultClean/Views/Shared/Create.cshtml
~/Views/Department/Create.cshtml
~/Views/Shared/Create.cshtml
2016-01-15 16:10:15,272 [21] Nut.Web.Framework.Logging.LoggingModule - The view 'Create' or its master was not found or no view engine supports the searched locations. The following locations were searched:
~/Administration/Views/Shared/Create.cshtml
~/Administration/Views/Department/Create.cshtml
~/Areas/Admin/Themes/DefaultClean/Views/Department/Create.cshtml
~/Areas/Admin/Themes/DefaultClean/Views/Shared/Create.cshtml
~/Areas/Admin/Views/Department/Create.cshtml
~/Areas/Admin/Views/Shared/Create.cshtml
~/Themes/DefaultClean/Views/Department/Create.cshtml
~/Themes/DefaultClean/Views/Shared/Create.cshtml
~/Views/Department/Create.cshtml
~/Views/Shared/Create.cshtml
2016-01-15 16:15:27,685 [1] Nut.Web.Framework.Logging.LoggingModule - Application started
2016-01-15 16:15:28,967 [15] Nut.Services.Localization.LocalizationService - Resource string (admin.department.notparentdepartment) is not found. Language ID = 1
2016-01-15 16:15:28,998 [15] Nut.Services.Localization.LocalizationService - Resource string (admin.common.choose) is not found. Language ID = 1
2016-01-15 16:15:31,264 [15] Nut.Services.Localization.LocalizationService - Resource string (admin.departments.fields.name.required) is not found. Language ID = 1
2016-01-15 16:15:31,295 [15] Nut.Services.Localization.LocalizationService - Resource string (admin.common.lengthvalidation) is not found. Language ID = 1
2016-01-15 16:15:31,310 [15] Nut.Services.Localization.LocalizationService - Resource string (admin.departments.fields.code.required) is not found. Language ID = 1
2016-01-15 16:15:31,310 [15] Nut.Services.Localization.LocalizationService - Resource string (admin.common.lengthvalidation) is not found. Language ID = 1
2016-01-15 16:15:31,326 [15] Nut.Services.Localization.LocalizationService - Resource string (admin.departments.fields.storeid.required) is not found. Language ID = 1
2016-01-15 16:15:31,357 [15] Nut.Services.Localization.LocalizationService - Resource string (admin.departments.fields.name.required) is not found. Language ID = 1
2016-01-15 16:15:31,373 [15] Nut.Services.Localization.LocalizationService - Resource string (admin.common.lengthvalidation) is not found. Language ID = 1
2016-01-15 16:15:31,389 [15] Nut.Services.Localization.LocalizationService - Resource string (admin.departments.fields.code.required) is not found. Language ID = 1
2016-01-15 16:15:31,389 [15] Nut.Services.Localization.LocalizationService - Resource string (admin.common.lengthvalidation) is not found. Language ID = 1
2016-01-15 16:15:31,404 [15] Nut.Services.Localization.LocalizationService - Resource string (admin.departments.fields.storeid.required) is not found. Language ID = 1
2016-01-15 16:15:31,435 [15] Nut.Services.Localization.LocalizationService - Resource string (admin.departments.fields.name.required) is not found. Language ID = 1
2016-01-15 16:15:31,451 [15] Nut.Services.Localization.LocalizationService - Resource string (admin.common.lengthvalidation) is not found. Language ID = 1
2016-01-15 16:15:31,451 [15] Nut.Services.Localization.LocalizationService - Resource string (admin.departments.fields.code.required) is not found. Language ID = 1
2016-01-15 16:15:31,467 [15] Nut.Services.Localization.LocalizationService - Resource string (admin.common.lengthvalidation) is not found. Language ID = 1
2016-01-15 16:15:31,467 [15] Nut.Services.Localization.LocalizationService - Resource string (admin.departments.fields.storeid.required) is not found. Language ID = 1
2016-01-15 16:15:31,498 [15] Nut.Services.Localization.LocalizationService - Resource string (admin.departments.fields.name.required) is not found. Language ID = 1
2016-01-15 16:15:31,514 [15] Nut.Services.Localization.LocalizationService - Resource string (admin.common.lengthvalidation) is not found. Language ID = 1
2016-01-15 16:15:31,514 [15] Nut.Services.Localization.LocalizationService - Resource string (admin.departments.fields.code.required) is not found. Language ID = 1
2016-01-15 16:15:31,529 [15] Nut.Services.Localization.LocalizationService - Resource string (admin.common.lengthvalidation) is not found. Language ID = 1
2016-01-15 16:15:31,529 [15] Nut.Services.Localization.LocalizationService - Resource string (admin.departments.fields.storeid.required) is not found. Language ID = 1
2016-01-15 16:15:31,561 [15] Nut.Services.Localization.LocalizationService - Resource string (admin.departments.fields.name.required) is not found. Language ID = 1
2016-01-15 16:15:31,561 [15] Nut.Services.Localization.LocalizationService - Resource string (admin.common.lengthvalidation) is not found. Language ID = 1
2016-01-15 16:15:31,576 [15] Nut.Services.Localization.LocalizationService - Resource string (admin.departments.fields.code.required) is not found. Language ID = 1
2016-01-15 16:15:31,592 [15] Nut.Services.Localization.LocalizationService - Resource string (admin.common.lengthvalidation) is not found. Language ID = 1
2016-01-15 16:15:31,592 [15] Nut.Services.Localization.LocalizationService - Resource string (admin.departments.fields.storeid.required) is not found. Language ID = 1
2016-01-15 16:15:31,607 [15] Nut.Services.Localization.LocalizationService - Resource string (admin.departments.fields.name.required) is not found. Language ID = 1
2016-01-15 16:15:31,639 [15] Nut.Services.Localization.LocalizationService - Resource string (admin.common.lengthvalidation) is not found. Language ID = 1
2016-01-15 16:15:31,654 [15] Nut.Services.Localization.LocalizationService - Resource string (admin.departments.fields.code.required) is not found. Language ID = 1
2016-01-15 16:15:31,670 [15] Nut.Services.Localization.LocalizationService - Resource string (admin.common.lengthvalidation) is not found. Language ID = 1
2016-01-15 16:15:31,701 [15] Nut.Services.Localization.LocalizationService - Resource string (admin.departments.fields.storeid.required) is not found. Language ID = 1
2016-01-15 16:15:31,717 [15] Nut.Services.Localization.LocalizationService - Resource string (admin.departments.fields.name.required) is not found. Language ID = 1
2016-01-15 16:15:31,732 [15] Nut.Services.Localization.LocalizationService - Resource string (admin.common.lengthvalidation) is not found. Language ID = 1
2016-01-15 16:15:31,764 [15] Nut.Services.Localization.LocalizationService - Resource string (admin.departments.fields.code.required) is not found. Language ID = 1
2016-01-15 16:15:31,779 [15] Nut.Services.Localization.LocalizationService - Resource string (admin.common.lengthvalidation) is not found. Language ID = 1
2016-01-15 16:15:31,795 [15] Nut.Services.Localization.LocalizationService - Resource string (admin.departments.fields.storeid.required) is not found. Language ID = 1
2016-01-15 16:15:32,295 [15] Nut.Services.Localization.LocalizationService - Resource string (admin.departments.fields.name.required) is not found. Language ID = 1
2016-01-15 16:15:32,326 [15] Nut.Services.Localization.LocalizationService - Resource string (admin.common.lengthvalidation) is not found. Language ID = 1
2016-01-15 16:15:32,342 [15] Nut.Services.Localization.LocalizationService - Resource string (admin.departments.fields.code.required) is not found. Language ID = 1
2016-01-15 16:15:32,342 [15] Nut.Services.Localization.LocalizationService - Resource string (admin.common.lengthvalidation) is not found. Language ID = 1
2016-01-15 16:15:32,357 [15] Nut.Services.Localization.LocalizationService - Resource string (admin.departments.fields.storeid.required) is not found. Language ID = 1
2016-01-15 16:15:34,654 [15] Nut.Services.Localization.LocalizationService - Resource string (admin.newcate) is not found. Language ID = 1
2016-01-15 16:16:56,800 [8] Nut.Web.Framework.Logging.LoggingModule - Application started
2016-01-15 16:17:40,068 [9] Nut.Web.Framework.Logging.LoggingModule - Application started
2016-01-15 16:17:53,992 [14] Nut.Services.Localization.LocalizationService - Resource string (account.login.unsuccessful) is not found. Language ID = 1
2016-01-15 16:17:54,038 [14] Nut.Services.Localization.LocalizationService - Resource string (account.login.fields.username) is not found. Language ID = 1
2016-01-15 16:17:54,085 [14] Nut.Services.Localization.LocalizationService - Resource string (account.login.fields.username) is not found. Language ID = 1
2016-01-15 16:17:54,117 [14] Nut.Services.Localization.LocalizationService - Resource string (account.login.fields.password) is not found. Language ID = 1
2016-01-15 16:17:54,148 [14] Nut.Services.Localization.LocalizationService - Resource string (account.login.fields.password) is not found. Language ID = 1
2016-01-15 16:18:04,738 [25] Nut.Services.Localization.LocalizationService - Resource string (account.login.fields.username) is not found. Language ID = 1
2016-01-15 16:18:04,754 [25] Nut.Services.Localization.LocalizationService - Resource string (account.login.fields.password) is not found. Language ID = 1
2016-01-15 16:18:04,770 [25] Nut.Services.Localization.LocalizationService - Resource string (account.login.fields.rememberme) is not found. Language ID = 1
2016-01-15 16:18:09,473 [26] Nut.Services.Localization.LocalizationService - Resource string (admin.newcate) is not found. Language ID = 1
2016-01-15 16:18:14,114 [21] Nut.Services.Localization.LocalizationService - Resource string (admin.newcate) is not found. Language ID = 1
2016-01-15 16:18:16,239 [26] Nut.Services.Localization.LocalizationService - Resource string (admin.department.notparentdepartment) is not found. Language ID = 1
2016-01-15 16:18:16,255 [26] Nut.Services.Localization.LocalizationService - Resource string (admin.common.choose) is not found. Language ID = 1
2016-01-15 16:18:16,348 [26] Nut.Services.Localization.LocalizationService - Resource string (admin.departments.fields.name.required) is not found. Language ID = 1
2016-01-15 16:18:16,380 [26] Nut.Services.Localization.LocalizationService - Resource string (admin.common.lengthvalidation) is not found. Language ID = 1
2016-01-15 16:18:16,395 [26] Nut.Services.Localization.LocalizationService - Resource string (admin.departments.fields.code.required) is not found. Language ID = 1
2016-01-15 16:18:16,395 [26] Nut.Services.Localization.LocalizationService - Resource string (admin.common.lengthvalidation) is not found. Language ID = 1
2016-01-15 16:18:16,426 [26] Nut.Services.Localization.LocalizationService - Resource string (admin.departments.fields.storeid.required) is not found. Language ID = 1
2016-01-15 16:18:16,458 [26] Nut.Services.Localization.LocalizationService - Resource string (admin.departments.fields.name.required) is not found. Language ID = 1
2016-01-15 16:18:16,473 [26] Nut.Services.Localization.LocalizationService - Resource string (admin.common.lengthvalidation) is not found. Language ID = 1
2016-01-15 16:18:16,473 [26] Nut.Services.Localization.LocalizationService - Resource string (admin.departments.fields.code.required) is not found. Language ID = 1
2016-01-15 16:18:16,489 [26] Nut.Services.Localization.LocalizationService - Resource string (admin.common.lengthvalidation) is not found. Language ID = 1
2016-01-15 16:18:16,489 [26] Nut.Services.Localization.LocalizationService - Resource string (admin.departments.fields.storeid.required) is not found. Language ID = 1
2016-01-15 16:18:16,520 [26] Nut.Services.Localization.LocalizationService - Resource string (admin.departments.fields.name.required) is not found. Language ID = 1
2016-01-15 16:18:16,520 [26] Nut.Services.Localization.LocalizationService - Resource string (admin.common.lengthvalidation) is not found. Language ID = 1
2016-01-15 16:18:16,536 [26] Nut.Services.Localization.LocalizationService - Resource string (admin.departments.fields.code.required) is not found. Language ID = 1
2016-01-15 16:18:16,536 [26] Nut.Services.Localization.LocalizationService - Resource string (admin.common.lengthvalidation) is not found. Language ID = 1
2016-01-15 16:18:16,551 [26] Nut.Services.Localization.LocalizationService - Resource string (admin.departments.fields.storeid.required) is not found. Language ID = 1
2016-01-15 16:18:16,614 [26] Nut.Services.Localization.LocalizationService - Resource string (admin.departments.fields.name.required) is not found. Language ID = 1
2016-01-15 16:18:16,614 [26] Nut.Services.Localization.LocalizationService - Resource string (admin.common.lengthvalidation) is not found. Language ID = 1
2016-01-15 16:18:16,645 [26] Nut.Services.Localization.LocalizationService - Resource string (admin.departments.fields.code.required) is not found. Language ID = 1
2016-01-15 16:18:16,661 [26] Nut.Services.Localization.LocalizationService - Resource string (admin.common.lengthvalidation) is not found. Language ID = 1
2016-01-15 16:18:16,676 [26] Nut.Services.Localization.LocalizationService - Resource string (admin.departments.fields.storeid.required) is not found. Language ID = 1
2016-01-15 16:18:16,708 [26] Nut.Services.Localization.LocalizationService - Resource string (admin.departments.fields.name.required) is not found. Language ID = 1
2016-01-15 16:18:16,739 [26] Nut.Services.Localization.LocalizationService - Resource string (admin.common.lengthvalidation) is not found. Language ID = 1
2016-01-15 16:18:16,755 [26] Nut.Services.Localization.LocalizationService - Resource string (admin.departments.fields.code.required) is not found. Language ID = 1
2016-01-15 16:18:16,770 [26] Nut.Services.Localization.LocalizationService - Resource string (admin.common.lengthvalidation) is not found. Language ID = 1
2016-01-15 16:18:16,786 [26] Nut.Services.Localization.LocalizationService - Resource string (admin.departments.fields.storeid.required) is not found. Language ID = 1
2016-01-15 16:18:16,801 [26] Nut.Services.Localization.LocalizationService - Resource string (admin.departments.fields.name.required) is not found. Language ID = 1
2016-01-15 16:18:16,833 [26] Nut.Services.Localization.LocalizationService - Resource string (admin.common.lengthvalidation) is not found. Language ID = 1
2016-01-15 16:18:16,833 [26] Nut.Services.Localization.LocalizationService - Resource string (admin.departments.fields.code.required) is not found. Language ID = 1
2016-01-15 16:18:16,848 [26] Nut.Services.Localization.LocalizationService - Resource string (admin.common.lengthvalidation) is not found. Language ID = 1
2016-01-15 16:18:16,848 [26] Nut.Services.Localization.LocalizationService - Resource string (admin.departments.fields.storeid.required) is not found. Language ID = 1
2016-01-15 16:18:16,880 [26] Nut.Services.Localization.LocalizationService - Resource string (admin.departments.fields.name.required) is not found. Language ID = 1
2016-01-15 16:18:16,911 [26] Nut.Services.Localization.LocalizationService - Resource string (admin.common.lengthvalidation) is not found. Language ID = 1
2016-01-15 16:18:16,958 [26] Nut.Services.Localization.LocalizationService - Resource string (admin.departments.fields.code.required) is not found. Language ID = 1
2016-01-15 16:18:16,973 [26] Nut.Services.Localization.LocalizationService - Resource string (admin.common.lengthvalidation) is not found. Language ID = 1
2016-01-15 16:18:16,989 [26] Nut.Services.Localization.LocalizationService - Resource string (admin.departments.fields.storeid.required) is not found. Language ID = 1
2016-01-15 16:18:17,333 [26] Nut.Services.Localization.LocalizationService - Resource string (admin.departments.fields.name.required) is not found. Language ID = 1
2016-01-15 16:18:17,348 [26] Nut.Services.Localization.LocalizationService - Resource string (admin.common.lengthvalidation) is not found. Language ID = 1
2016-01-15 16:18:17,364 [26] Nut.Services.Localization.LocalizationService - Resource string (admin.departments.fields.code.required) is not found. Language ID = 1
2016-01-15 16:18:17,380 [26] Nut.Services.Localization.LocalizationService - Resource string (admin.common.lengthvalidation) is not found. Language ID = 1
2016-01-15 16:18:17,395 [26] Nut.Services.Localization.LocalizationService - Resource string (admin.departments.fields.storeid.required) is not found. Language ID = 1
2016-01-15 16:18:17,473 [26] Nut.Services.Localization.LocalizationService - Resource string (admin.newcate) is not found. Language ID = 1
