2016-01-06 13:56:04,477 [1] Nut.Web.Framework.Logging.LoggingModule - Application started
2016-01-06 13:56:12,481 [9] Nut.Services.Localization.LocalizationService - Resource string (account.login.unsuccessful) is not found. Language ID = 1
2016-01-06 13:56:12,543 [9] Nut.Services.Localization.LocalizationService - Resource string (account.login.fields.username) is not found. Language ID = 1
2016-01-06 13:56:12,606 [9] Nut.Services.Localization.LocalizationService - Resource string (account.login.fields.username) is not found. Language ID = 1
2016-01-06 13:56:12,637 [9] Nut.Services.Localization.LocalizationService - Resource string (account.login.fields.password) is not found. Language ID = 1
2016-01-06 13:56:12,684 [9] Nut.Services.Localization.LocalizationService - Resource string (account.login.fields.password) is not found. Language ID = 1
2016-01-06 13:56:16,956 [7] Nut.Services.Localization.LocalizationService - Resource string (account.login.fields.username) is not found. Language ID = 1
2016-01-06 13:56:16,972 [7] Nut.Services.Localization.LocalizationService - Resource string (account.login.fields.password) is not found. Language ID = 1
2016-01-06 13:56:16,987 [7] Nut.Services.Localization.LocalizationService - Resource string (account.login.fields.rememberme) is not found. Language ID = 1
2016-01-06 14:04:48,817 [1] Nut.Web.Framework.Logging.LoggingModule - Application started
2016-01-06 14:05:29,472 [9] Nut.Services.Localization.LocalizationService - Resource string (account.login.unsuccessful) is not found. Language ID = 1
2016-01-06 14:05:29,521 [9] Nut.Services.Localization.LocalizationService - Resource string (account.login.fields.username) is not found. Language ID = 1
2016-01-06 14:05:29,586 [9] Nut.Services.Localization.LocalizationService - Resource string (account.login.fields.username) is not found. Language ID = 1
2016-01-06 14:05:29,607 [9] Nut.Services.Localization.LocalizationService - Resource string (account.login.fields.password) is not found. Language ID = 1
2016-01-06 14:05:29,654 [9] Nut.Services.Localization.LocalizationService - Resource string (account.login.fields.password) is not found. Language ID = 1
2016-01-06 14:05:35,409 [9] Nut.Services.Localization.LocalizationService - Resource string (account.login.fields.username) is not found. Language ID = 1
2016-01-06 14:05:35,428 [9] Nut.Services.Localization.LocalizationService - Resource string (account.login.fields.password) is not found. Language ID = 1
2016-01-06 14:05:35,442 [9] Nut.Services.Localization.LocalizationService - Resource string (account.login.fields.rememberme) is not found. Language ID = 1
2016-01-06 14:05:35,536 [9] Nut.Services.Localization.LocalizationService - Resource string (account.login.wrongcredentials.customernotexist) is not found. Language ID = 1
2016-01-06 14:05:35,590 [9] Nut.Services.Localization.LocalizationService - Resource string (account.login.unsuccessful) is not found. Language ID = 1
2016-01-06 14:05:35,603 [9] Nut.Services.Localization.LocalizationService - Resource string (account.login.fields.username) is not found. Language ID = 1
2016-01-06 14:05:35,620 [9] Nut.Services.Localization.LocalizationService - Resource string (account.login.fields.username) is not found. Language ID = 1
2016-01-06 14:05:35,643 [9] Nut.Services.Localization.LocalizationService - Resource string (account.login.fields.password) is not found. Language ID = 1
2016-01-06 14:05:35,661 [9] Nut.Services.Localization.LocalizationService - Resource string (account.login.fields.password) is not found. Language ID = 1
2016-01-06 14:05:38,896 [6] Nut.Services.Localization.LocalizationService - Resource string (account.login.fields.username) is not found. Language ID = 1
2016-01-06 14:05:38,912 [6] Nut.Services.Localization.LocalizationService - Resource string (account.login.fields.password) is not found. Language ID = 1
2016-01-06 14:05:38,940 [6] Nut.Services.Localization.LocalizationService - Resource string (account.login.fields.rememberme) is not found. Language ID = 1
2016-01-06 14:06:45,706 [15] Nut.Web.Framework.Logging.LoggingModule - Application started
2016-01-06 14:06:53,688 [8] Nut.Services.Localization.LocalizationService - Resource string (account.login.unsuccessful) is not found. Language ID = 1
2016-01-06 14:06:53,728 [8] Nut.Services.Localization.LocalizationService - Resource string (account.login.fields.username) is not found. Language ID = 1
2016-01-06 14:06:53,793 [8] Nut.Services.Localization.LocalizationService - Resource string (account.login.fields.username) is not found. Language ID = 1
2016-01-06 14:06:53,817 [8] Nut.Services.Localization.LocalizationService - Resource string (account.login.fields.password) is not found. Language ID = 1
2016-01-06 14:06:53,859 [8] Nut.Services.Localization.LocalizationService - Resource string (account.login.fields.password) is not found. Language ID = 1
2016-01-06 14:07:19,708 [14] Nut.Services.Localization.LocalizationService - Resource string (account.login.fields.username) is not found. Language ID = 1
2016-01-06 14:07:19,728 [14] Nut.Services.Localization.LocalizationService - Resource string (account.login.fields.password) is not found. Language ID = 1
2016-01-06 14:07:19,743 [14] Nut.Services.Localization.LocalizationService - Resource string (account.login.fields.rememberme) is not found. Language ID = 1
2016-01-06 14:08:13,849 [11] Nut.Services.Localization.LocalizationService - Resource string (account.login.unsuccessful) is not found. Language ID = 1
2016-01-06 14:08:13,865 [11] Nut.Services.Localization.LocalizationService - Resource string (account.login.fields.username) is not found. Language ID = 1
2016-01-06 14:08:13,865 [11] Nut.Services.Localization.LocalizationService - Resource string (account.login.fields.username) is not found. Language ID = 1
2016-01-06 14:08:13,880 [11] Nut.Services.Localization.LocalizationService - Resource string (account.login.fields.password) is not found. Language ID = 1
2016-01-06 14:08:13,896 [11] Nut.Services.Localization.LocalizationService - Resource string (account.login.fields.password) is not found. Language ID = 1
2016-01-06 14:08:22,483 [14] Nut.Services.Localization.LocalizationService - Resource string (account.login.fields.username) is not found. Language ID = 1
2016-01-06 14:08:22,499 [14] Nut.Services.Localization.LocalizationService - Resource string (account.login.fields.password) is not found. Language ID = 1
2016-01-06 14:08:22,515 [14] Nut.Services.Localization.LocalizationService - Resource string (account.login.fields.rememberme) is not found. Language ID = 1
