2015-12-27 09:47:49,458 [1] Nut.Web.Framework.Logging.LoggingModule - Application started
2015-12-27 10:05:02,097 [1] Nut.Web.Framework.Logging.LoggingModule - Application started
2015-12-27 10:14:37,164 [1] Nut.Web.Framework.Logging.LoggingModule - Application started
2015-12-27 11:08:46,138 [10] Nut.Web.Framework.Logging.LoggingModule - Application started
2015-12-27 17:26:43,493 [1] Nut.Web.Framework.Logging.LoggingModule - Application started
2015-12-27 17:31:02,118 [10] Nut.Web.Framework.Logging.LoggingModule - Application started
2015-12-27 17:53:24,434 [10] Nut.Web.Framework.Logging.LoggingModule - Application started
2015-12-27 17:56:11,526 [1] Nut.Web.Framework.Logging.LoggingModule - Application started
2015-12-27 17:57:39,526 [10] Nut.Web.Framework.Logging.LoggingModule - Application started
2015-12-27 17:58:31,039 [1] Nut.Web.Framework.Logging.LoggingModule - Application started
2015-12-27 18:02:49,399 [1] Nut.Web.Framework.Logging.LoggingModule - Application started
2015-12-27 18:08:45,233 [1] Nut.Web.Framework.Logging.LoggingModule - Application started
2015-12-27 18:09:08,555 [1] Nut.Web.Framework.Logging.LoggingModule - Application started
2015-12-27 18:09:54,091 [20] Nut.Web.Framework.Logging.LoggingModule - Application started
2015-12-27 18:10:46,029 [1] Nut.Web.Framework.Logging.LoggingModule - Application started
2015-12-27 18:11:42,729 [26] Nut.Web.Framework.Logging.LoggingModule - Application started
2015-12-27 18:14:49,008 [12] Nut.Web.Framework.Logging.LoggingModule - Application started
2015-12-27 18:19:49,906 [15] Nut.Web.Framework.Logging.LoggingModule - Application started
2015-12-27 18:33:27,531 [26] Nut.Web.Framework.Logging.LoggingModule - Application started
2015-12-27 18:34:19,432 [1] Nut.Web.Framework.Logging.LoggingModule - Application started
2015-12-27 18:36:47,420 [17] Nut.Services.Localization.LocalizationService - Resource string (admin.users.onlineusers) is not found. Language ID = 1
2015-12-27 18:36:47,452 [17] Nut.Services.Localization.LocalizationService - Resource string (admin.users) is not found. Language ID = 1
2015-12-27 18:36:47,466 [17] Nut.Services.Localization.LocalizationService - Resource string (admin.customers.onlineusers) is not found. Language ID = 1
2015-12-27 18:36:47,479 [17] Nut.Services.Localization.LocalizationService - Resource string (admin.users.onlineusers.fields.userinfo) is not found. Language ID = 1
2015-12-27 18:36:47,492 [17] Nut.Services.Localization.LocalizationService - Resource string (admin.users.onlineusers.fields.ipaddress) is not found. Language ID = 1
2015-12-27 18:36:47,504 [17] Nut.Services.Localization.LocalizationService - Resource string (admin.users.onlineusers.fields.lastactivitydate) is not found. Language ID = 1
