2016-01-18 11:16:17,556 [5] Nut.Web.Framework.Logging.LoggingModule - Application started
2016-01-18 11:16:24,542 [15] Nut.Services.Localization.LocalizationService - Resource string (account.login.unsuccessful) is not found. Language ID = 1
2016-01-18 11:16:24,651 [15] Nut.Services.Localization.LocalizationService - Resource string (account.login.fields.username) is not found. Language ID = 1
2016-01-18 11:16:24,713 [15] Nut.Services.Localization.LocalizationService - Resource string (account.login.fields.username) is not found. Language ID = 1
2016-01-18 11:16:24,729 [15] Nut.Services.Localization.LocalizationService - Resource string (account.login.fields.password) is not found. Language ID = 1
2016-01-18 11:16:24,776 [15] Nut.Services.Localization.LocalizationService - Resource string (account.login.fields.password) is not found. Language ID = 1
2016-01-18 11:16:28,051 [13] Nut.Services.Localization.LocalizationService - Resource string (account.login.fields.username) is not found. Language ID = 1
2016-01-18 11:16:28,070 [13] Nut.Services.Localization.LocalizationService - Resource string (account.login.fields.password) is not found. Language ID = 1
2016-01-18 11:16:28,090 [13] Nut.Services.Localization.LocalizationService - Resource string (account.login.fields.rememberme) is not found. Language ID = 1
2016-01-18 11:16:32,985 [7] Nut.Services.Localization.LocalizationService - Resource string (admin.app) is not found. Language ID = 1
2016-01-18 11:16:33,017 [7] Nut.Services.Localization.LocalizationService - Resource string (admin.appversions) is not found. Language ID = 1
2016-01-18 11:16:33,064 [7] Nut.Services.Localization.LocalizationService - Resource string (admin.newcate) is not found. Language ID = 1
2016-01-18 11:16:42,017 [13] Nut.Services.Localization.LocalizationService - Resource string (admin.app) is not found. Language ID = 1
2016-01-18 11:16:42,033 [13] Nut.Services.Localization.LocalizationService - Resource string (admin.appversions) is not found. Language ID = 1
2016-01-18 11:16:42,064 [13] Nut.Services.Localization.LocalizationService - Resource string (admin.newcate) is not found. Language ID = 1
2016-01-18 11:16:45,455 [13] Nut.Services.Localization.LocalizationService - Resource string (admin.app) is not found. Language ID = 1
2016-01-18 11:16:45,470 [13] Nut.Services.Localization.LocalizationService - Resource string (admin.appversions) is not found. Language ID = 1
2016-01-18 11:16:45,486 [13] Nut.Services.Localization.LocalizationService - Resource string (admin.newcate) is not found. Language ID = 1
2016-01-18 12:04:06,041 [1] Nut.Web.Framework.Logging.LoggingModule - Application started
2016-01-18 12:04:13,401 [6] Nut.Services.Localization.LocalizationService - Resource string (account.login.unsuccessful) is not found. Language ID = 1
2016-01-18 12:04:13,495 [6] Nut.Services.Localization.LocalizationService - Resource string (account.login.fields.username) is not found. Language ID = 1
2016-01-18 12:04:14,198 [6] Nut.Services.Localization.LocalizationService - Resource string (account.login.fields.username) is not found. Language ID = 1
2016-01-18 12:04:14,276 [6] Nut.Services.Localization.LocalizationService - Resource string (account.login.fields.password) is not found. Language ID = 1
2016-01-18 12:04:14,370 [6] Nut.Services.Localization.LocalizationService - Resource string (account.login.fields.password) is not found. Language ID = 1
2016-01-18 12:04:26,832 [7] Nut.Services.Localization.LocalizationService - Resource string (account.login.fields.username) is not found. Language ID = 1
2016-01-18 12:04:26,922 [7] Nut.Services.Localization.LocalizationService - Resource string (account.login.fields.password) is not found. Language ID = 1
2016-01-18 12:04:26,992 [7] Nut.Services.Localization.LocalizationService - Resource string (account.login.fields.rememberme) is not found. Language ID = 1
2016-01-18 12:04:34,215 [6] Nut.Services.Localization.LocalizationService - Resource string (admin.app) is not found. Language ID = 1
2016-01-18 12:04:34,340 [6] Nut.Services.Localization.LocalizationService - Resource string (admin.appversions) is not found. Language ID = 1
2016-01-18 12:04:34,389 [6] Nut.Services.Localization.LocalizationService - Resource string (admin.newcate) is not found. Language ID = 1
2016-01-18 12:04:41,030 [6] Nut.Services.Localization.LocalizationService - Resource string (admin.users.fields.departmentsname) is not found. Language ID = 1
2016-01-18 12:04:41,421 [6] Nut.Services.Localization.LocalizationService - Resource string (admin.app) is not found. Language ID = 1
2016-01-18 12:04:41,609 [6] Nut.Services.Localization.LocalizationService - Resource string (admin.appversions) is not found. Language ID = 1
2016-01-18 12:04:41,687 [6] Nut.Services.Localization.LocalizationService - Resource string (admin.newcate) is not found. Language ID = 1
2016-01-18 12:04:57,417 [7] Nut.Web.Framework.Logging.LoggingModule - An error occurred while preparing the command definition. See the inner exception for details.
2016-01-18 12:04:57,469 [7] Nut.Web.Framework.Logging.LoggingModule - An error occurred while preparing the command definition. See the inner exception for details.
2016-01-18 12:05:02,906 [10] Nut.Services.Localization.LocalizationService - Resource string (admin.app) is not found. Language ID = 1
2016-01-18 12:05:02,988 [10] Nut.Services.Localization.LocalizationService - Resource string (admin.appversions) is not found. Language ID = 1
2016-01-18 12:05:03,051 [10] Nut.Services.Localization.LocalizationService - Resource string (admin.newcate) is not found. Language ID = 1
2016-01-18 12:05:29,994 [8] Nut.Services.Localization.LocalizationService - Resource string (admin.app) is not found. Language ID = 1
2016-01-18 12:05:30,095 [8] Nut.Services.Localization.LocalizationService - Resource string (admin.appversions) is not found. Language ID = 1
2016-01-18 12:05:30,173 [8] Nut.Services.Localization.LocalizationService - Resource string (admin.newcate) is not found. Language ID = 1
2016-01-18 12:41:18,744 [29] Nut.Services.Localization.LocalizationService - Resource string (admin.users.fields.departmentsname) is not found. Language ID = 1
2016-01-18 12:41:19,026 [29] Nut.Services.Localization.LocalizationService - Resource string (admin.app) is not found. Language ID = 1
2016-01-18 12:41:19,088 [29] Nut.Services.Localization.LocalizationService - Resource string (admin.appversions) is not found. Language ID = 1
2016-01-18 12:41:19,151 [29] Nut.Services.Localization.LocalizationService - Resource string (admin.newcate) is not found. Language ID = 1
2016-01-18 12:41:49,739 [27] Nut.Web.Framework.Logging.LoggingModule - An error occurred while preparing the command definition. See the inner exception for details.
2016-01-18 12:41:49,817 [27] Nut.Web.Framework.Logging.LoggingModule - An error occurred while preparing the command definition. See the inner exception for details.
2016-01-18 12:41:53,885 [23] Nut.Services.Localization.LocalizationService - Resource string (admin.users.fields.departmentsname) is not found. Language ID = 1
2016-01-18 12:41:54,153 [23] Nut.Services.Localization.LocalizationService - Resource string (admin.app) is not found. Language ID = 1
2016-01-18 12:41:54,214 [23] Nut.Services.Localization.LocalizationService - Resource string (admin.appversions) is not found. Language ID = 1
2016-01-18 12:41:54,269 [23] Nut.Services.Localization.LocalizationService - Resource string (admin.newcate) is not found. Language ID = 1
2016-01-18 12:46:09,319 [1] Nut.Web.Framework.Logging.LoggingModule - Application started
2016-01-18 12:48:48,189 [6] Nut.Services.Localization.LocalizationService - Resource string (account.login.unsuccessful) is not found. Language ID = 1
2016-01-18 12:48:48,267 [6] Nut.Services.Localization.LocalizationService - Resource string (account.login.fields.username) is not found. Language ID = 1
2016-01-18 12:48:48,376 [6] Nut.Services.Localization.LocalizationService - Resource string (account.login.fields.username) is not found. Language ID = 1
2016-01-18 12:48:48,423 [6] Nut.Services.Localization.LocalizationService - Resource string (account.login.fields.password) is not found. Language ID = 1
2016-01-18 12:48:48,532 [6] Nut.Services.Localization.LocalizationService - Resource string (account.login.fields.password) is not found. Language ID = 1
2016-01-18 12:48:52,580 [6] Nut.Services.Localization.LocalizationService - Resource string (account.login.fields.username) is not found. Language ID = 1
2016-01-18 12:48:52,627 [6] Nut.Services.Localization.LocalizationService - Resource string (account.login.fields.password) is not found. Language ID = 1
2016-01-18 12:48:52,673 [6] Nut.Services.Localization.LocalizationService - Resource string (account.login.fields.rememberme) is not found. Language ID = 1
2016-01-18 12:48:57,956 [6] Nut.Services.Localization.LocalizationService - Resource string (admin.app) is not found. Language ID = 1
2016-01-18 12:48:58,081 [6] Nut.Services.Localization.LocalizationService - Resource string (admin.appversions) is not found. Language ID = 1
2016-01-18 12:48:58,143 [6] Nut.Services.Localization.LocalizationService - Resource string (admin.newcate) is not found. Language ID = 1
2016-01-18 12:49:03,794 [6] Nut.Services.Localization.LocalizationService - Resource string (admin.app) is not found. Language ID = 1
2016-01-18 12:49:03,900 [6] Nut.Services.Localization.LocalizationService - Resource string (admin.appversions) is not found. Language ID = 1
2016-01-18 12:49:04,009 [6] Nut.Services.Localization.LocalizationService - Resource string (admin.newcate) is not found. Language ID = 1
2016-01-18 12:49:09,765 [7] Nut.Services.Localization.LocalizationService - Resource string (admin.app) is not found. Language ID = 1
2016-01-18 12:49:09,811 [7] Nut.Services.Localization.LocalizationService - Resource string (admin.appversions) is not found. Language ID = 1
2016-01-18 12:49:09,902 [7] Nut.Services.Localization.LocalizationService - Resource string (admin.newcate) is not found. Language ID = 1
2016-01-18 12:49:13,856 [6] Nut.Services.Localization.LocalizationService - Resource string (admin.app) is not found. Language ID = 1
2016-01-18 12:49:13,950 [6] Nut.Services.Localization.LocalizationService - Resource string (admin.appversions) is not found. Language ID = 1
2016-01-18 12:49:14,012 [6] Nut.Services.Localization.LocalizationService - Resource string (admin.newcate) is not found. Language ID = 1
2016-01-18 12:49:19,043 [7] Nut.Services.Localization.LocalizationService - Resource string (admin.app) is not found. Language ID = 1
2016-01-18 12:49:19,106 [7] Nut.Services.Localization.LocalizationService - Resource string (admin.appversions) is not found. Language ID = 1
2016-01-18 12:49:19,216 [7] Nut.Services.Localization.LocalizationService - Resource string (admin.newcate) is not found. Language ID = 1
2016-01-18 12:49:23,526 [7] Nut.Services.Localization.LocalizationService - Resource string (admin.app) is not found. Language ID = 1
2016-01-18 12:49:23,582 [7] Nut.Services.Localization.LocalizationService - Resource string (admin.appversions) is not found. Language ID = 1
2016-01-18 12:49:23,647 [7] Nut.Services.Localization.LocalizationService - Resource string (admin.newcate) is not found. Language ID = 1
2016-01-18 12:49:31,478 [8] Nut.Services.Localization.LocalizationService - Resource string (admin.app) is not found. Language ID = 1
2016-01-18 12:49:31,525 [8] Nut.Services.Localization.LocalizationService - Resource string (admin.appversions) is not found. Language ID = 1
2016-01-18 12:49:31,588 [8] Nut.Services.Localization.LocalizationService - Resource string (admin.newcate) is not found. Language ID = 1
2016-01-18 12:49:34,933 [7] Nut.Services.Localization.LocalizationService - Resource string (admin.app) is not found. Language ID = 1
2016-01-18 12:49:35,001 [7] Nut.Services.Localization.LocalizationService - Resource string (admin.appversions) is not found. Language ID = 1
2016-01-18 12:49:35,138 [7] Nut.Services.Localization.LocalizationService - Resource string (admin.newcate) is not found. Language ID = 1
2016-01-18 12:49:41,057 [7] Nut.Services.Localization.LocalizationService - Resource string (admin.app) is not found. Language ID = 1
2016-01-18 12:49:41,104 [7] Nut.Services.Localization.LocalizationService - Resource string (admin.appversions) is not found. Language ID = 1
2016-01-18 12:49:41,167 [7] Nut.Services.Localization.LocalizationService - Resource string (admin.newcate) is not found. Language ID = 1
2016-01-18 12:49:44,715 [9] Nut.Services.Localization.LocalizationService - Resource string (admin.app) is not found. Language ID = 1
2016-01-18 12:49:44,777 [9] Nut.Services.Localization.LocalizationService - Resource string (admin.appversions) is not found. Language ID = 1
2016-01-18 12:49:44,840 [9] Nut.Services.Localization.LocalizationService - Resource string (admin.newcate) is not found. Language ID = 1
2016-01-18 12:49:54,907 [7] Nut.Services.Localization.LocalizationService - Resource string (admin.users.fields.departmentsname) is not found. Language ID = 1
2016-01-18 12:49:55,267 [7] Nut.Services.Localization.LocalizationService - Resource string (admin.app) is not found. Language ID = 1
2016-01-18 12:49:55,392 [7] Nut.Services.Localization.LocalizationService - Resource string (admin.appversions) is not found. Language ID = 1
2016-01-18 12:49:55,454 [7] Nut.Services.Localization.LocalizationService - Resource string (admin.newcate) is not found. Language ID = 1
2016-01-18 13:09:18,650 [1] Nut.Web.Framework.Logging.LoggingModule - Application started
2016-01-18 13:09:30,784 [7] Nut.Services.Localization.LocalizationService - Resource string (account.login.unsuccessful) is not found. Language ID = 1
2016-01-18 13:09:30,846 [7] Nut.Services.Localization.LocalizationService - Resource string (account.login.fields.username) is not found. Language ID = 1
2016-01-18 13:09:30,987 [7] Nut.Services.Localization.LocalizationService - Resource string (account.login.fields.username) is not found. Language ID = 1
2016-01-18 13:09:31,096 [7] Nut.Services.Localization.LocalizationService - Resource string (account.login.fields.password) is not found. Language ID = 1
2016-01-18 13:09:31,190 [7] Nut.Services.Localization.LocalizationService - Resource string (account.login.fields.password) is not found. Language ID = 1
2016-01-18 13:09:35,114 [6] Nut.Services.Localization.LocalizationService - Resource string (account.login.fields.username) is not found. Language ID = 1
2016-01-18 13:09:35,160 [6] Nut.Services.Localization.LocalizationService - Resource string (account.login.fields.password) is not found. Language ID = 1
2016-01-18 13:09:35,207 [6] Nut.Services.Localization.LocalizationService - Resource string (account.login.fields.rememberme) is not found. Language ID = 1
2016-01-18 13:09:41,043 [6] Nut.Services.Localization.LocalizationService - Resource string (admin.app) is not found. Language ID = 1
2016-01-18 13:09:41,121 [6] Nut.Services.Localization.LocalizationService - Resource string (admin.appversions) is not found. Language ID = 1
2016-01-18 13:09:41,199 [6] Nut.Services.Localization.LocalizationService - Resource string (admin.newcate) is not found. Language ID = 1
2016-01-18 13:09:45,602 [6] Nut.Services.Localization.LocalizationService - Resource string (admin.app) is not found. Language ID = 1
2016-01-18 13:09:45,783 [6] Nut.Services.Localization.LocalizationService - Resource string (admin.appversions) is not found. Language ID = 1
2016-01-18 13:09:45,920 [6] Nut.Services.Localization.LocalizationService - Resource string (admin.newcate) is not found. Language ID = 1
2016-01-18 13:09:52,806 [7] Nut.Services.Localization.LocalizationService - Resource string (admin.users.fields.departmentsname) is not found. Language ID = 1
2016-01-18 13:09:53,149 [7] Nut.Services.Localization.LocalizationService - Resource string (admin.app) is not found. Language ID = 1
2016-01-18 13:09:53,212 [7] Nut.Services.Localization.LocalizationService - Resource string (admin.appversions) is not found. Language ID = 1
2016-01-18 13:09:53,274 [7] Nut.Services.Localization.LocalizationService - Resource string (admin.newcate) is not found. Language ID = 1
2016-01-18 13:10:33,160 [7] Nut.Web.Framework.Logging.LoggingModule - An error occurred while preparing the command definition. See the inner exception for details.
2016-01-18 13:10:33,191 [7] Nut.Web.Framework.Logging.LoggingModule - An error occurred while preparing the command definition. See the inner exception for details.
2016-01-18 13:15:50,674 [1] Nut.Web.Framework.Logging.LoggingModule - Application started
2016-01-18 13:15:57,421 [5] Nut.Services.Localization.LocalizationService - Resource string (account.login.unsuccessful) is not found. Language ID = 1
2016-01-18 13:15:57,517 [5] Nut.Services.Localization.LocalizationService - Resource string (account.login.fields.username) is not found. Language ID = 1
2016-01-18 13:15:57,626 [5] Nut.Services.Localization.LocalizationService - Resource string (account.login.fields.username) is not found. Language ID = 1
2016-01-18 13:15:57,751 [5] Nut.Services.Localization.LocalizationService - Resource string (account.login.fields.password) is not found. Language ID = 1
2016-01-18 13:15:57,829 [5] Nut.Services.Localization.LocalizationService - Resource string (account.login.fields.password) is not found. Language ID = 1
2016-01-18 13:16:03,067 [5] Nut.Services.Localization.LocalizationService - Resource string (account.login.fields.username) is not found. Language ID = 1
2016-01-18 13:16:03,129 [5] Nut.Services.Localization.LocalizationService - Resource string (account.login.fields.password) is not found. Language ID = 1
2016-01-18 13:16:03,176 [5] Nut.Services.Localization.LocalizationService - Resource string (account.login.fields.rememberme) is not found. Language ID = 1
2016-01-18 13:16:08,636 [5] Nut.Services.Localization.LocalizationService - Resource string (admin.app) is not found. Language ID = 1
2016-01-18 13:16:08,730 [5] Nut.Services.Localization.LocalizationService - Resource string (admin.appversions) is not found. Language ID = 1
2016-01-18 13:16:08,823 [5] Nut.Services.Localization.LocalizationService - Resource string (admin.newcate) is not found. Language ID = 1
2016-01-18 13:16:14,610 [5] Nut.Services.Localization.LocalizationService - Resource string (admin.users.fields.departmentsname) is not found. Language ID = 1
2016-01-18 13:16:14,954 [5] Nut.Services.Localization.LocalizationService - Resource string (admin.app) is not found. Language ID = 1
2016-01-18 13:16:15,047 [5] Nut.Services.Localization.LocalizationService - Resource string (admin.appversions) is not found. Language ID = 1
2016-01-18 13:16:15,125 [5] Nut.Services.Localization.LocalizationService - Resource string (admin.newcate) is not found. Language ID = 1
2016-01-18 13:16:54,534 [1] Nut.Web.Framework.Logging.LoggingModule - Application started
2016-01-18 13:16:58,499 [8] Nut.Services.Localization.LocalizationService - Resource string (account.login.unsuccessful) is not found. Language ID = 1
2016-01-18 13:16:58,570 [8] Nut.Services.Localization.LocalizationService - Resource string (account.login.fields.username) is not found. Language ID = 1
2016-01-18 13:16:58,651 [8] Nut.Services.Localization.LocalizationService - Resource string (account.login.fields.username) is not found. Language ID = 1
2016-01-18 13:16:58,714 [8] Nut.Services.Localization.LocalizationService - Resource string (account.login.fields.password) is not found. Language ID = 1
2016-01-18 13:16:58,779 [8] Nut.Services.Localization.LocalizationService - Resource string (account.login.fields.password) is not found. Language ID = 1
2016-01-18 13:17:01,774 [8] Nut.Services.Localization.LocalizationService - Resource string (account.login.fields.username) is not found. Language ID = 1
2016-01-18 13:17:01,827 [8] Nut.Services.Localization.LocalizationService - Resource string (account.login.fields.password) is not found. Language ID = 1
2016-01-18 13:17:01,889 [8] Nut.Services.Localization.LocalizationService - Resource string (account.login.fields.rememberme) is not found. Language ID = 1
2016-01-18 13:17:06,104 [9] Nut.Services.Localization.LocalizationService - Resource string (admin.app) is not found. Language ID = 1
2016-01-18 13:17:06,196 [9] Nut.Services.Localization.LocalizationService - Resource string (admin.appversions) is not found. Language ID = 1
2016-01-18 13:17:06,261 [9] Nut.Services.Localization.LocalizationService - Resource string (admin.newcate) is not found. Language ID = 1
2016-01-18 13:17:11,626 [8] Nut.Services.Localization.LocalizationService - Resource string (admin.users.fields.departmentsname) is not found. Language ID = 1
2016-01-18 13:17:11,928 [8] Nut.Services.Localization.LocalizationService - Resource string (admin.app) is not found. Language ID = 1
2016-01-18 13:17:11,983 [8] Nut.Services.Localization.LocalizationService - Resource string (admin.appversions) is not found. Language ID = 1
2016-01-18 13:17:12,100 [8] Nut.Services.Localization.LocalizationService - Resource string (admin.newcate) is not found. Language ID = 1
2016-01-18 13:17:22,390 [8] Nut.Services.Localization.LocalizationService - Resource string (admin.app) is not found. Language ID = 1
2016-01-18 13:17:22,477 [8] Nut.Services.Localization.LocalizationService - Resource string (admin.appversions) is not found. Language ID = 1
2016-01-18 13:17:22,552 [8] Nut.Services.Localization.LocalizationService - Resource string (admin.newcate) is not found. Language ID = 1
2016-01-18 13:17:26,207 [8] Nut.Services.Localization.LocalizationService - Resource string (admin.users.fields.userguid) is not found. Language ID = 1
2016-01-18 13:17:26,477 [8] Nut.Services.Localization.LocalizationService - Resource string (account.emailusernameerrors.newemailisnotvalid) is not found. Language ID = 1
2016-01-18 13:17:26,927 [8] Nut.Services.Localization.LocalizationService - Resource string (admin.app) is not found. Language ID = 1
2016-01-18 13:17:27,012 [8] Nut.Services.Localization.LocalizationService - Resource string (admin.appversions) is not found. Language ID = 1
2016-01-18 13:17:27,071 [8] Nut.Services.Localization.LocalizationService - Resource string (admin.newcate) is not found. Language ID = 1
2016-01-18 13:17:42,789 [9] Nut.Services.Localization.LocalizationService - Resource string (admin.app) is not found. Language ID = 1
2016-01-18 13:17:42,831 [9] Nut.Services.Localization.LocalizationService - Resource string (admin.appversions) is not found. Language ID = 1
2016-01-18 13:17:42,898 [9] Nut.Services.Localization.LocalizationService - Resource string (admin.newcate) is not found. Language ID = 1
2016-01-18 13:17:45,779 [8] Nut.Services.Localization.LocalizationService - Resource string (admin.department.notparentdepartment) is not found. Language ID = 1
2016-01-18 13:17:45,824 [8] Nut.Services.Localization.LocalizationService - Resource string (admin.common.choose) is not found. Language ID = 1
2016-01-18 13:17:45,953 [8] Nut.Services.Localization.LocalizationService - Resource string (admin.departments.fields.name.required) is not found. Language ID = 1
2016-01-18 13:17:46,060 [8] Nut.Services.Localization.LocalizationService - Resource string (admin.common.lengthvalidation) is not found. Language ID = 1
2016-01-18 13:17:46,132 [8] Nut.Services.Localization.LocalizationService - Resource string (admin.departments.fields.code.required) is not found. Language ID = 1
2016-01-18 13:17:46,245 [8] Nut.Services.Localization.LocalizationService - Resource string (admin.common.lengthvalidation) is not found. Language ID = 1
2016-01-18 13:17:46,313 [8] Nut.Services.Localization.LocalizationService - Resource string (admin.departments.fields.storeid.required) is not found. Language ID = 1
2016-01-18 13:17:46,410 [8] Nut.Services.Localization.LocalizationService - Resource string (admin.departments.fields.name.required) is not found. Language ID = 1
2016-01-18 13:17:46,442 [8] Nut.Services.Localization.LocalizationService - Resource string (admin.common.lengthvalidation) is not found. Language ID = 1
2016-01-18 13:17:46,494 [8] Nut.Services.Localization.LocalizationService - Resource string (admin.departments.fields.code.required) is not found. Language ID = 1
2016-01-18 13:17:46,531 [8] Nut.Services.Localization.LocalizationService - Resource string (admin.common.lengthvalidation) is not found. Language ID = 1
2016-01-18 13:17:46,618 [8] Nut.Services.Localization.LocalizationService - Resource string (admin.departments.fields.storeid.required) is not found. Language ID = 1
2016-01-18 13:17:46,675 [8] Nut.Services.Localization.LocalizationService - Resource string (admin.departments.fields.name.required) is not found. Language ID = 1
2016-01-18 13:17:46,727 [8] Nut.Services.Localization.LocalizationService - Resource string (admin.common.lengthvalidation) is not found. Language ID = 1
2016-01-18 13:17:46,801 [8] Nut.Services.Localization.LocalizationService - Resource string (admin.departments.fields.code.required) is not found. Language ID = 1
2016-01-18 13:17:46,831 [8] Nut.Services.Localization.LocalizationService - Resource string (admin.common.lengthvalidation) is not found. Language ID = 1
2016-01-18 13:17:46,870 [8] Nut.Services.Localization.LocalizationService - Resource string (admin.departments.fields.storeid.required) is not found. Language ID = 1
2016-01-18 13:17:46,937 [8] Nut.Services.Localization.LocalizationService - Resource string (admin.departments.fields.name.required) is not found. Language ID = 1
2016-01-18 13:17:47,025 [8] Nut.Services.Localization.LocalizationService - Resource string (admin.common.lengthvalidation) is not found. Language ID = 1
2016-01-18 13:17:47,074 [8] Nut.Services.Localization.LocalizationService - Resource string (admin.departments.fields.code.required) is not found. Language ID = 1
2016-01-18 13:17:47,123 [8] Nut.Services.Localization.LocalizationService - Resource string (admin.common.lengthvalidation) is not found. Language ID = 1
2016-01-18 13:17:47,159 [8] Nut.Services.Localization.LocalizationService - Resource string (admin.departments.fields.storeid.required) is not found. Language ID = 1
2016-01-18 13:17:47,262 [8] Nut.Services.Localization.LocalizationService - Resource string (admin.departments.fields.name.required) is not found. Language ID = 1
2016-01-18 13:17:47,294 [8] Nut.Services.Localization.LocalizationService - Resource string (admin.common.lengthvalidation) is not found. Language ID = 1
2016-01-18 13:17:47,336 [8] Nut.Services.Localization.LocalizationService - Resource string (admin.departments.fields.code.required) is not found. Language ID = 1
2016-01-18 13:17:47,373 [8] Nut.Services.Localization.LocalizationService - Resource string (admin.common.lengthvalidation) is not found. Language ID = 1
2016-01-18 13:17:47,436 [8] Nut.Services.Localization.LocalizationService - Resource string (admin.departments.fields.storeid.required) is not found. Language ID = 1
2016-01-18 13:17:47,484 [8] Nut.Services.Localization.LocalizationService - Resource string (admin.departments.fields.name.required) is not found. Language ID = 1
2016-01-18 13:17:47,538 [8] Nut.Services.Localization.LocalizationService - Resource string (admin.common.lengthvalidation) is not found. Language ID = 1
2016-01-18 13:17:47,568 [8] Nut.Services.Localization.LocalizationService - Resource string (admin.departments.fields.code.required) is not found. Language ID = 1
2016-01-18 13:17:47,643 [8] Nut.Services.Localization.LocalizationService - Resource string (admin.common.lengthvalidation) is not found. Language ID = 1
2016-01-18 13:17:47,684 [8] Nut.Services.Localization.LocalizationService - Resource string (admin.departments.fields.storeid.required) is not found. Language ID = 1
2016-01-18 13:17:47,744 [8] Nut.Services.Localization.LocalizationService - Resource string (admin.departments.fields.name.required) is not found. Language ID = 1
2016-01-18 13:17:47,805 [8] Nut.Services.Localization.LocalizationService - Resource string (admin.common.lengthvalidation) is not found. Language ID = 1
2016-01-18 13:17:47,914 [8] Nut.Services.Localization.LocalizationService - Resource string (admin.departments.fields.code.required) is not found. Language ID = 1
2016-01-18 13:17:48,021 [8] Nut.Services.Localization.LocalizationService - Resource string (admin.common.lengthvalidation) is not found. Language ID = 1
2016-01-18 13:17:48,115 [8] Nut.Services.Localization.LocalizationService - Resource string (admin.departments.fields.storeid.required) is not found. Language ID = 1
2016-01-18 13:17:48,679 [8] Nut.Services.Localization.LocalizationService - Resource string (admin.departments.fields.name.required) is not found. Language ID = 1
2016-01-18 13:17:48,740 [8] Nut.Services.Localization.LocalizationService - Resource string (admin.common.lengthvalidation) is not found. Language ID = 1
2016-01-18 13:17:48,786 [8] Nut.Services.Localization.LocalizationService - Resource string (admin.departments.fields.code.required) is not found. Language ID = 1
2016-01-18 13:17:48,860 [8] Nut.Services.Localization.LocalizationService - Resource string (admin.common.lengthvalidation) is not found. Language ID = 1
2016-01-18 13:17:48,913 [8] Nut.Services.Localization.LocalizationService - Resource string (admin.departments.fields.storeid.required) is not found. Language ID = 1
2016-01-18 13:17:49,195 [8] Nut.Services.Localization.LocalizationService - Resource string (admin.app) is not found. Language ID = 1
2016-01-18 13:17:49,242 [8] Nut.Services.Localization.LocalizationService - Resource string (admin.appversions) is not found. Language ID = 1
2016-01-18 13:17:49,308 [8] Nut.Services.Localization.LocalizationService - Resource string (admin.newcate) is not found. Language ID = 1
2016-01-18 13:18:16,582 [8] Nut.Web.Framework.Logging.LoggingModule - A potentially dangerous Request.Form value was detected from the client (Description="<!DOCTYPE html>
<ht...").
2016-01-18 13:18:16,627 [8] Nut.Web.Framework.Logging.LoggingModule - A potentially dangerous Request.Form value was detected from the client (Description="<!DOCTYPE html>
<ht...").
2016-01-18 13:19:05,472 [1] Nut.Web.Framework.Logging.LoggingModule - Application started
2016-01-18 13:19:10,723 [7] Nut.Services.Localization.LocalizationService - Resource string (account.login.unsuccessful) is not found. Language ID = 1
2016-01-18 13:19:10,801 [7] Nut.Services.Localization.LocalizationService - Resource string (account.login.fields.username) is not found. Language ID = 1
2016-01-18 13:19:10,910 [7] Nut.Services.Localization.LocalizationService - Resource string (account.login.fields.username) is not found. Language ID = 1
2016-01-18 13:19:10,973 [7] Nut.Services.Localization.LocalizationService - Resource string (account.login.fields.password) is not found. Language ID = 1
2016-01-18 13:19:11,067 [7] Nut.Services.Localization.LocalizationService - Resource string (account.login.fields.password) is not found. Language ID = 1
2016-01-18 13:19:15,097 [6] Nut.Services.Localization.LocalizationService - Resource string (account.login.fields.username) is not found. Language ID = 1
2016-01-18 13:19:15,160 [6] Nut.Services.Localization.LocalizationService - Resource string (account.login.fields.password) is not found. Language ID = 1
2016-01-18 13:19:15,207 [6] Nut.Services.Localization.LocalizationService - Resource string (account.login.fields.rememberme) is not found. Language ID = 1
2016-01-18 13:19:20,861 [6] Nut.Services.Localization.LocalizationService - Resource string (admin.app) is not found. Language ID = 1
2016-01-18 13:19:20,940 [6] Nut.Services.Localization.LocalizationService - Resource string (admin.appversions) is not found. Language ID = 1
2016-01-18 13:19:20,986 [6] Nut.Services.Localization.LocalizationService - Resource string (admin.newcate) is not found. Language ID = 1
2016-01-18 13:19:25,690 [11] Nut.Services.Localization.LocalizationService - Resource string (admin.app) is not found. Language ID = 1
2016-01-18 13:19:25,752 [11] Nut.Services.Localization.LocalizationService - Resource string (admin.appversions) is not found. Language ID = 1
2016-01-18 13:19:25,815 [11] Nut.Services.Localization.LocalizationService - Resource string (admin.newcate) is not found. Language ID = 1
2016-01-18 13:19:28,690 [6] Nut.Services.Localization.LocalizationService - Resource string (admin.department.notparentdepartment) is not found. Language ID = 1
2016-01-18 13:19:28,753 [6] Nut.Services.Localization.LocalizationService - Resource string (admin.common.choose) is not found. Language ID = 1
2016-01-18 13:19:28,893 [6] Nut.Services.Localization.LocalizationService - Resource string (admin.departments.fields.name.required) is not found. Language ID = 1
2016-01-18 13:19:29,051 [6] Nut.Services.Localization.LocalizationService - Resource string (admin.common.lengthvalidation) is not found. Language ID = 1
2016-01-18 13:19:29,144 [6] Nut.Services.Localization.LocalizationService - Resource string (admin.departments.fields.code.required) is not found. Language ID = 1
2016-01-18 13:19:29,175 [6] Nut.Services.Localization.LocalizationService - Resource string (admin.common.lengthvalidation) is not found. Language ID = 1
2016-01-18 13:19:29,222 [6] Nut.Services.Localization.LocalizationService - Resource string (admin.departments.fields.storeid.required) is not found. Language ID = 1
2016-01-18 13:19:29,300 [6] Nut.Services.Localization.LocalizationService - Resource string (admin.departments.fields.name.required) is not found. Language ID = 1
2016-01-18 13:19:29,362 [6] Nut.Services.Localization.LocalizationService - Resource string (admin.common.lengthvalidation) is not found. Language ID = 1
2016-01-18 13:19:29,409 [6] Nut.Services.Localization.LocalizationService - Resource string (admin.departments.fields.code.required) is not found. Language ID = 1
2016-01-18 13:19:29,471 [6] Nut.Services.Localization.LocalizationService - Resource string (admin.common.lengthvalidation) is not found. Language ID = 1
2016-01-18 13:19:29,505 [6] Nut.Services.Localization.LocalizationService - Resource string (admin.departments.fields.storeid.required) is not found. Language ID = 1
2016-01-18 13:19:29,598 [6] Nut.Services.Localization.LocalizationService - Resource string (admin.departments.fields.name.required) is not found. Language ID = 1
2016-01-18 13:19:29,643 [6] Nut.Services.Localization.LocalizationService - Resource string (admin.common.lengthvalidation) is not found. Language ID = 1
2016-01-18 13:19:29,675 [6] Nut.Services.Localization.LocalizationService - Resource string (admin.departments.fields.code.required) is not found. Language ID = 1
2016-01-18 13:19:29,706 [6] Nut.Services.Localization.LocalizationService - Resource string (admin.common.lengthvalidation) is not found. Language ID = 1
2016-01-18 13:19:29,768 [6] Nut.Services.Localization.LocalizationService - Resource string (admin.departments.fields.storeid.required) is not found. Language ID = 1
2016-01-18 13:19:29,862 [6] Nut.Services.Localization.LocalizationService - Resource string (admin.departments.fields.name.required) is not found. Language ID = 1
2016-01-18 13:19:29,893 [6] Nut.Services.Localization.LocalizationService - Resource string (admin.common.lengthvalidation) is not found. Language ID = 1
2016-01-18 13:19:29,925 [6] Nut.Services.Localization.LocalizationService - Resource string (admin.departments.fields.code.required) is not found. Language ID = 1
2016-01-18 13:19:29,972 [6] Nut.Services.Localization.LocalizationService - Resource string (admin.common.lengthvalidation) is not found. Language ID = 1
2016-01-18 13:19:30,035 [6] Nut.Services.Localization.LocalizationService - Resource string (admin.departments.fields.storeid.required) is not found. Language ID = 1
2016-01-18 13:19:30,082 [6] Nut.Services.Localization.LocalizationService - Resource string (admin.departments.fields.name.required) is not found. Language ID = 1
2016-01-18 13:19:30,143 [6] Nut.Services.Localization.LocalizationService - Resource string (admin.common.lengthvalidation) is not found. Language ID = 1
2016-01-18 13:19:30,159 [6] Nut.Services.Localization.LocalizationService - Resource string (admin.departments.fields.code.required) is not found. Language ID = 1
2016-01-18 13:19:30,206 [6] Nut.Services.Localization.LocalizationService - Resource string (admin.common.lengthvalidation) is not found. Language ID = 1
2016-01-18 13:19:30,268 [6] Nut.Services.Localization.LocalizationService - Resource string (admin.departments.fields.storeid.required) is not found. Language ID = 1
2016-01-18 13:19:30,329 [6] Nut.Services.Localization.LocalizationService - Resource string (admin.departments.fields.name.required) is not found. Language ID = 1
2016-01-18 13:19:30,360 [6] Nut.Services.Localization.LocalizationService - Resource string (admin.common.lengthvalidation) is not found. Language ID = 1
2016-01-18 13:19:30,391 [6] Nut.Services.Localization.LocalizationService - Resource string (admin.departments.fields.code.required) is not found. Language ID = 1
2016-01-18 13:19:30,487 [6] Nut.Services.Localization.LocalizationService - Resource string (admin.common.lengthvalidation) is not found. Language ID = 1
2016-01-18 13:19:30,566 [6] Nut.Services.Localization.LocalizationService - Resource string (admin.departments.fields.storeid.required) is not found. Language ID = 1
2016-01-18 13:19:30,644 [6] Nut.Services.Localization.LocalizationService - Resource string (admin.departments.fields.name.required) is not found. Language ID = 1
2016-01-18 13:19:30,675 [6] Nut.Services.Localization.LocalizationService - Resource string (admin.common.lengthvalidation) is not found. Language ID = 1
2016-01-18 13:19:30,706 [6] Nut.Services.Localization.LocalizationService - Resource string (admin.departments.fields.code.required) is not found. Language ID = 1
2016-01-18 13:19:30,738 [6] Nut.Services.Localization.LocalizationService - Resource string (admin.common.lengthvalidation) is not found. Language ID = 1
2016-01-18 13:19:30,785 [6] Nut.Services.Localization.LocalizationService - Resource string (admin.departments.fields.storeid.required) is not found. Language ID = 1
2016-01-18 13:19:30,863 [6] Nut.Services.Localization.LocalizationService - Resource string (admin.departments.fields.name.required) is not found. Language ID = 1
2016-01-18 13:19:30,894 [6] Nut.Services.Localization.LocalizationService - Resource string (admin.common.lengthvalidation) is not found. Language ID = 1
2016-01-18 13:19:30,972 [6] Nut.Services.Localization.LocalizationService - Resource string (admin.departments.fields.code.required) is not found. Language ID = 1
2016-01-18 13:19:31,019 [6] Nut.Services.Localization.LocalizationService - Resource string (admin.common.lengthvalidation) is not found. Language ID = 1
2016-01-18 13:19:31,097 [6] Nut.Services.Localization.LocalizationService - Resource string (admin.departments.fields.storeid.required) is not found. Language ID = 1
2016-01-18 13:19:31,347 [6] Nut.Services.Localization.LocalizationService - Resource string (admin.app) is not found. Language ID = 1
2016-01-18 13:19:31,394 [6] Nut.Services.Localization.LocalizationService - Resource string (admin.appversions) is not found. Language ID = 1
2016-01-18 13:19:31,535 [6] Nut.Services.Localization.LocalizationService - Resource string (admin.newcate) is not found. Language ID = 1
2016-01-18 13:19:34,675 [6] Nut.Services.Localization.LocalizationService - Resource string (admin.departments.fields.name.required) is not found. Language ID = 1
2016-01-18 13:19:34,722 [6] Nut.Services.Localization.LocalizationService - Resource string (admin.common.lengthvalidation) is not found. Language ID = 1
2016-01-18 13:19:34,800 [6] Nut.Services.Localization.LocalizationService - Resource string (admin.departments.fields.code.required) is not found. Language ID = 1
2016-01-18 13:19:34,832 [6] Nut.Services.Localization.LocalizationService - Resource string (admin.common.lengthvalidation) is not found. Language ID = 1
2016-01-18 13:19:34,894 [6] Nut.Services.Localization.LocalizationService - Resource string (admin.departments.fields.storeid.required) is not found. Language ID = 1
2016-01-18 13:19:35,098 [6] Nut.Services.Localization.LocalizationService - Resource string (admin.departments.fields.name.required) is not found. Language ID = 1
2016-01-18 13:19:35,132 [6] Nut.Services.Localization.LocalizationService - Resource string (admin.common.lengthvalidation) is not found. Language ID = 1
2016-01-18 13:19:35,159 [6] Nut.Services.Localization.LocalizationService - Resource string (admin.departments.fields.code.required) is not found. Language ID = 1
2016-01-18 13:19:35,206 [6] Nut.Services.Localization.LocalizationService - Resource string (admin.common.lengthvalidation) is not found. Language ID = 1
2016-01-18 13:19:35,237 [6] Nut.Services.Localization.LocalizationService - Resource string (admin.departments.fields.storeid.required) is not found. Language ID = 1
2016-01-18 13:19:35,253 [6] Nut.Services.Localization.LocalizationService - Resource string (admin.departments.fields.name.required) is not found. Language ID = 1
2016-01-18 13:19:35,300 [6] Nut.Services.Localization.LocalizationService - Resource string (admin.common.lengthvalidation) is not found. Language ID = 1
2016-01-18 13:19:35,316 [6] Nut.Services.Localization.LocalizationService - Resource string (admin.departments.fields.code.required) is not found. Language ID = 1
2016-01-18 13:19:35,347 [6] Nut.Services.Localization.LocalizationService - Resource string (admin.common.lengthvalidation) is not found. Language ID = 1
2016-01-18 13:19:35,378 [6] Nut.Services.Localization.LocalizationService - Resource string (admin.departments.fields.storeid.required) is not found. Language ID = 1
2016-01-18 13:19:35,447 [6] Nut.Services.Localization.LocalizationService - Resource string (admin.departments.fields.name.required) is not found. Language ID = 1
2016-01-18 13:19:35,471 [6] Nut.Services.Localization.LocalizationService - Resource string (admin.common.lengthvalidation) is not found. Language ID = 1
2016-01-18 13:19:35,517 [6] Nut.Services.Localization.LocalizationService - Resource string (admin.departments.fields.code.required) is not found. Language ID = 1
2016-01-18 13:19:35,535 [6] Nut.Services.Localization.LocalizationService - Resource string (admin.common.lengthvalidation) is not found. Language ID = 1
2016-01-18 13:19:35,582 [6] Nut.Services.Localization.LocalizationService - Resource string (admin.departments.fields.storeid.required) is not found. Language ID = 1
2016-01-18 13:19:35,613 [6] Nut.Services.Localization.LocalizationService - Resource string (admin.departments.fields.name.required) is not found. Language ID = 1
2016-01-18 13:19:35,660 [6] Nut.Services.Localization.LocalizationService - Resource string (admin.common.lengthvalidation) is not found. Language ID = 1
2016-01-18 13:19:35,676 [6] Nut.Services.Localization.LocalizationService - Resource string (admin.departments.fields.code.required) is not found. Language ID = 1
2016-01-18 13:19:35,707 [6] Nut.Services.Localization.LocalizationService - Resource string (admin.common.lengthvalidation) is not found. Language ID = 1
2016-01-18 13:19:35,723 [6] Nut.Services.Localization.LocalizationService - Resource string (admin.departments.fields.storeid.required) is not found. Language ID = 1
2016-01-18 13:19:35,754 [6] Nut.Services.Localization.LocalizationService - Resource string (admin.departments.fields.name.required) is not found. Language ID = 1
2016-01-18 13:19:35,785 [6] Nut.Services.Localization.LocalizationService - Resource string (admin.common.lengthvalidation) is not found. Language ID = 1
2016-01-18 13:19:35,816 [6] Nut.Services.Localization.LocalizationService - Resource string (admin.departments.fields.code.required) is not found. Language ID = 1
2016-01-18 13:19:35,863 [6] Nut.Services.Localization.LocalizationService - Resource string (admin.common.lengthvalidation) is not found. Language ID = 1
2016-01-18 13:19:35,895 [6] Nut.Services.Localization.LocalizationService - Resource string (admin.departments.fields.storeid.required) is not found. Language ID = 1
2016-01-18 13:19:35,910 [6] Nut.Services.Localization.LocalizationService - Resource string (admin.departments.fields.name.required) is not found. Language ID = 1
2016-01-18 13:19:35,941 [6] Nut.Services.Localization.LocalizationService - Resource string (admin.common.lengthvalidation) is not found. Language ID = 1
2016-01-18 13:19:35,973 [6] Nut.Services.Localization.LocalizationService - Resource string (admin.departments.fields.code.required) is not found. Language ID = 1
2016-01-18 13:19:35,988 [6] Nut.Services.Localization.LocalizationService - Resource string (admin.common.lengthvalidation) is not found. Language ID = 1
2016-01-18 13:19:36,035 [6] Nut.Services.Localization.LocalizationService - Resource string (admin.departments.fields.storeid.required) is not found. Language ID = 1
2016-01-18 13:19:36,066 [6] Nut.Services.Localization.LocalizationService - Resource string (admin.departments.fields.name.required) is not found. Language ID = 1
2016-01-18 13:19:36,098 [6] Nut.Services.Localization.LocalizationService - Resource string (admin.common.lengthvalidation) is not found. Language ID = 1
2016-01-18 13:19:36,131 [6] Nut.Services.Localization.LocalizationService - Resource string (admin.departments.fields.code.required) is not found. Language ID = 1
2016-01-18 13:19:36,144 [6] Nut.Services.Localization.LocalizationService - Resource string (admin.common.lengthvalidation) is not found. Language ID = 1
2016-01-18 13:19:36,191 [6] Nut.Services.Localization.LocalizationService - Resource string (admin.departments.fields.storeid.required) is not found. Language ID = 1
2016-01-18 13:19:36,207 [6] Nut.Services.Localization.LocalizationService - Resource string (admin.departments.fields.name.required) is not found. Language ID = 1
2016-01-18 13:19:36,285 [6] Nut.Services.Localization.LocalizationService - Resource string (admin.common.lengthvalidation) is not found. Language ID = 1
2016-01-18 13:19:36,348 [6] Nut.Services.Localization.LocalizationService - Resource string (admin.departments.fields.code.required) is not found. Language ID = 1
2016-01-18 13:19:36,410 [6] Nut.Services.Localization.LocalizationService - Resource string (admin.common.lengthvalidation) is not found. Language ID = 1
2016-01-18 13:19:36,472 [6] Nut.Services.Localization.LocalizationService - Resource string (admin.departments.fields.storeid.required) is not found. Language ID = 1
2016-01-18 13:19:36,519 [6] Nut.Services.Localization.LocalizationService - Resource string (admin.departments.fields.name.required) is not found. Language ID = 1
2016-01-18 13:19:36,551 [6] Nut.Services.Localization.LocalizationService - Resource string (admin.common.lengthvalidation) is not found. Language ID = 1
2016-01-18 13:19:36,642 [6] Nut.Services.Localization.LocalizationService - Resource string (admin.departments.fields.code.required) is not found. Language ID = 1
2016-01-18 13:19:36,738 [6] Nut.Services.Localization.LocalizationService - Resource string (admin.common.lengthvalidation) is not found. Language ID = 1
2016-01-18 13:19:36,816 [6] Nut.Services.Localization.LocalizationService - Resource string (admin.departments.fields.storeid.required) is not found. Language ID = 1
2016-01-18 13:19:36,832 [6] Nut.Services.Localization.LocalizationService - Resource string (admin.departments.fields.name.required) is not found. Language ID = 1
2016-01-18 13:19:36,863 [6] Nut.Services.Localization.LocalizationService - Resource string (admin.common.lengthvalidation) is not found. Language ID = 1
2016-01-18 13:19:36,894 [6] Nut.Services.Localization.LocalizationService - Resource string (admin.departments.fields.code.required) is not found. Language ID = 1
2016-01-18 13:19:36,926 [6] Nut.Services.Localization.LocalizationService - Resource string (admin.common.lengthvalidation) is not found. Language ID = 1
2016-01-18 13:19:36,988 [6] Nut.Services.Localization.LocalizationService - Resource string (admin.departments.fields.storeid.required) is not found. Language ID = 1
2016-01-18 13:19:37,015 [6] Nut.Services.Localization.LocalizationService - Resource string (admin.departments.fields.name.required) is not found. Language ID = 1
2016-01-18 13:19:37,051 [6] Nut.Services.Localization.LocalizationService - Resource string (admin.common.lengthvalidation) is not found. Language ID = 1
2016-01-18 13:19:37,083 [6] Nut.Services.Localization.LocalizationService - Resource string (admin.departments.fields.code.required) is not found. Language ID = 1
2016-01-18 13:19:37,131 [6] Nut.Services.Localization.LocalizationService - Resource string (admin.common.lengthvalidation) is not found. Language ID = 1
2016-01-18 13:19:37,175 [6] Nut.Services.Localization.LocalizationService - Resource string (admin.departments.fields.storeid.required) is not found. Language ID = 1
2016-01-18 13:19:37,222 [6] Nut.Services.Localization.LocalizationService - Resource string (admin.departments.fields.name.required) is not found. Language ID = 1
2016-01-18 13:19:37,269 [6] Nut.Services.Localization.LocalizationService - Resource string (admin.common.lengthvalidation) is not found. Language ID = 1
2016-01-18 13:19:37,316 [6] Nut.Services.Localization.LocalizationService - Resource string (admin.departments.fields.code.required) is not found. Language ID = 1
2016-01-18 13:19:37,331 [6] Nut.Services.Localization.LocalizationService - Resource string (admin.common.lengthvalidation) is not found. Language ID = 1
2016-01-18 13:19:37,347 [6] Nut.Services.Localization.LocalizationService - Resource string (admin.departments.fields.storeid.required) is not found. Language ID = 1
2016-01-18 13:19:37,394 [6] Nut.Services.Localization.LocalizationService - Resource string (admin.departments.fields.name.required) is not found. Language ID = 1
2016-01-18 13:19:37,455 [6] Nut.Services.Localization.LocalizationService - Resource string (admin.common.lengthvalidation) is not found. Language ID = 1
2016-01-18 13:19:37,487 [6] Nut.Services.Localization.LocalizationService - Resource string (admin.departments.fields.code.required) is not found. Language ID = 1
2016-01-18 13:19:37,520 [6] Nut.Services.Localization.LocalizationService - Resource string (admin.common.lengthvalidation) is not found. Language ID = 1
2016-01-18 13:19:37,582 [6] Nut.Services.Localization.LocalizationService - Resource string (admin.departments.fields.storeid.required) is not found. Language ID = 1
2016-01-18 13:19:37,645 [6] Nut.Services.Localization.LocalizationService - Resource string (admin.departments.fields.name.required) is not found. Language ID = 1
2016-01-18 13:19:37,692 [6] Nut.Services.Localization.LocalizationService - Resource string (admin.common.lengthvalidation) is not found. Language ID = 1
2016-01-18 13:19:37,723 [6] Nut.Services.Localization.LocalizationService - Resource string (admin.departments.fields.code.required) is not found. Language ID = 1
2016-01-18 13:19:37,754 [6] Nut.Services.Localization.LocalizationService - Resource string (admin.common.lengthvalidation) is not found. Language ID = 1
2016-01-18 13:19:37,770 [6] Nut.Services.Localization.LocalizationService - Resource string (admin.departments.fields.storeid.required) is not found. Language ID = 1
2016-01-18 13:19:37,879 [6] Nut.Services.Localization.LocalizationService - Resource string (admin.departments.updated) is not found. Language ID = 1
2016-01-18 13:19:38,348 [5] Nut.Services.Localization.LocalizationService - Resource string (admin.app) is not found. Language ID = 1
2016-01-18 13:19:38,426 [5] Nut.Services.Localization.LocalizationService - Resource string (admin.appversions) is not found. Language ID = 1
2016-01-18 13:19:38,520 [5] Nut.Services.Localization.LocalizationService - Resource string (admin.newcate) is not found. Language ID = 1
2016-01-18 13:19:44,134 [5] Nut.Services.Localization.LocalizationService - Resource string (admin.users.fields.departmentsname) is not found. Language ID = 1
2016-01-18 13:19:44,509 [5] Nut.Services.Localization.LocalizationService - Resource string (admin.app) is not found. Language ID = 1
2016-01-18 13:19:44,585 [5] Nut.Services.Localization.LocalizationService - Resource string (admin.appversions) is not found. Language ID = 1
2016-01-18 13:19:44,663 [5] Nut.Services.Localization.LocalizationService - Resource string (admin.newcate) is not found. Language ID = 1
2016-01-18 13:21:51,810 [1] Nut.Web.Framework.Logging.LoggingModule - Application started
2016-01-18 13:22:07,299 [8] Nut.Services.Localization.LocalizationService - Resource string (account.login.unsuccessful) is not found. Language ID = 1
2016-01-18 13:22:07,409 [8] Nut.Services.Localization.LocalizationService - Resource string (account.login.fields.username) is not found. Language ID = 1
2016-01-18 13:22:07,487 [8] Nut.Services.Localization.LocalizationService - Resource string (account.login.fields.username) is not found. Language ID = 1
2016-01-18 13:22:07,643 [8] Nut.Services.Localization.LocalizationService - Resource string (account.login.fields.password) is not found. Language ID = 1
2016-01-18 13:22:07,721 [8] Nut.Services.Localization.LocalizationService - Resource string (account.login.fields.password) is not found. Language ID = 1
2016-01-18 13:22:12,702 [8] Nut.Services.Localization.LocalizationService - Resource string (account.login.fields.username) is not found. Language ID = 1
2016-01-18 13:22:12,796 [8] Nut.Services.Localization.LocalizationService - Resource string (account.login.fields.password) is not found. Language ID = 1
2016-01-18 13:22:12,827 [8] Nut.Services.Localization.LocalizationService - Resource string (account.login.fields.rememberme) is not found. Language ID = 1
2016-01-18 13:22:18,312 [8] Nut.Services.Localization.LocalizationService - Resource string (admin.app) is not found. Language ID = 1
2016-01-18 13:22:18,390 [8] Nut.Services.Localization.LocalizationService - Resource string (admin.appversions) is not found. Language ID = 1
2016-01-18 13:22:18,455 [8] Nut.Services.Localization.LocalizationService - Resource string (admin.newcate) is not found. Language ID = 1
2016-01-18 13:22:23,784 [8] Nut.Services.Localization.LocalizationService - Resource string (admin.users.fields.departmentsname) is not found. Language ID = 1
2016-01-18 13:22:24,096 [8] Nut.Services.Localization.LocalizationService - Resource string (admin.app) is not found. Language ID = 1
2016-01-18 13:22:24,252 [8] Nut.Services.Localization.LocalizationService - Resource string (admin.appversions) is not found. Language ID = 1
2016-01-18 13:22:24,331 [8] Nut.Services.Localization.LocalizationService - Resource string (admin.newcate) is not found. Language ID = 1
2016-01-18 15:47:55,551 [1] Nut.Web.Framework.Logging.LoggingModule - Application started
2016-01-18 15:48:01,099 [9] Nut.Services.Localization.LocalizationService - Resource string (account.login.unsuccessful) is not found. Language ID = 1
2016-01-18 15:48:01,224 [9] Nut.Services.Localization.LocalizationService - Resource string (account.login.fields.username) is not found. Language ID = 1
2016-01-18 15:48:01,395 [9] Nut.Services.Localization.LocalizationService - Resource string (account.login.fields.username) is not found. Language ID = 1
2016-01-18 15:48:01,489 [9] Nut.Services.Localization.LocalizationService - Resource string (account.login.fields.password) is not found. Language ID = 1
2016-01-18 15:48:01,567 [9] Nut.Services.Localization.LocalizationService - Resource string (account.login.fields.password) is not found. Language ID = 1
2016-01-18 15:48:05,035 [8] Nut.Services.Localization.LocalizationService - Resource string (account.login.fields.username) is not found. Language ID = 1
2016-01-18 15:48:05,098 [8] Nut.Services.Localization.LocalizationService - Resource string (account.login.fields.password) is not found. Language ID = 1
2016-01-18 15:48:05,145 [8] Nut.Services.Localization.LocalizationService - Resource string (account.login.fields.rememberme) is not found. Language ID = 1
2016-01-18 15:48:09,473 [8] Nut.Services.Localization.LocalizationService - Resource string (admin.app) is not found. Language ID = 1
2016-01-18 15:48:09,551 [8] Nut.Services.Localization.LocalizationService - Resource string (admin.appversions) is not found. Language ID = 1
2016-01-18 15:48:09,629 [8] Nut.Services.Localization.LocalizationService - Resource string (admin.newcate) is not found. Language ID = 1
2016-01-18 15:48:14,223 [8] Nut.Services.Localization.LocalizationService - Resource string (admin.users.fields.departmentsname) is not found. Language ID = 1
2016-01-18 15:48:14,551 [8] Nut.Services.Localization.LocalizationService - Resource string (admin.app) is not found. Language ID = 1
2016-01-18 15:48:14,598 [8] Nut.Services.Localization.LocalizationService - Resource string (admin.appversions) is not found. Language ID = 1
2016-01-18 15:48:14,676 [8] Nut.Services.Localization.LocalizationService - Resource string (admin.newcate) is not found. Language ID = 1
2016-01-18 15:48:24,740 [8] Nut.Services.Localization.LocalizationService - Resource string (admin.app) is not found. Language ID = 1
2016-01-18 15:48:24,818 [8] Nut.Services.Localization.LocalizationService - Resource string (admin.appversions) is not found. Language ID = 1
2016-01-18 15:48:24,896 [8] Nut.Services.Localization.LocalizationService - Resource string (admin.newcate) is not found. Language ID = 1
2016-01-18 15:48:28,662 [8] Nut.Services.Localization.LocalizationService - Resource string (admin.users.fields.userguid) is not found. Language ID = 1
2016-01-18 15:48:28,928 [8] Nut.Services.Localization.LocalizationService - Resource string (account.emailusernameerrors.newemailisnotvalid) is not found. Language ID = 1
2016-01-18 15:48:29,365 [8] Nut.Services.Localization.LocalizationService - Resource string (admin.app) is not found. Language ID = 1
2016-01-18 15:48:29,444 [8] Nut.Services.Localization.LocalizationService - Resource string (admin.appversions) is not found. Language ID = 1
2016-01-18 15:48:29,522 [8] Nut.Services.Localization.LocalizationService - Resource string (admin.newcate) is not found. Language ID = 1
2016-01-18 15:49:25,873 [8] Nut.Services.Localization.LocalizationService - Resource string (admin.users.fields.userguid) is not found. Language ID = 1
2016-01-18 15:49:44,964 [8] Nut.Services.Localization.LocalizationService - Resource string (account.emailusernameerrors.newemailisnotvalid) is not found. Language ID = 1
2016-01-18 15:50:20,318 [8] Nut.Services.Localization.LocalizationService - Resource string (admin.app) is not found. Language ID = 1
2016-01-18 15:50:20,381 [8] Nut.Services.Localization.LocalizationService - Resource string (admin.appversions) is not found. Language ID = 1
2016-01-18 15:50:20,428 [8] Nut.Services.Localization.LocalizationService - Resource string (admin.newcate) is not found. Language ID = 1
2016-01-18 15:50:43,523 [9] Nut.Services.Localization.LocalizationService - Resource string (admin.users.fields.userguid) is not found. Language ID = 1
2016-01-18 15:51:29,396 [9] Nut.Services.Localization.LocalizationService - Resource string (admin.customers.customers.updated) is not found. Language ID = 1
2016-01-18 15:51:32,415 [8] Nut.Services.Localization.LocalizationService - Resource string (admin.users.fields.departmentsname) is not found. Language ID = 1
2016-01-18 15:51:32,681 [8] Nut.Services.Localization.LocalizationService - Resource string (admin.app) is not found. Language ID = 1
2016-01-18 15:51:32,743 [8] Nut.Services.Localization.LocalizationService - Resource string (admin.appversions) is not found. Language ID = 1
2016-01-18 15:51:32,806 [8] Nut.Services.Localization.LocalizationService - Resource string (admin.newcate) is not found. Language ID = 1
2016-01-18 15:51:44,488 [8] Nut.Services.Localization.LocalizationService - Resource string (admin.app) is not found. Language ID = 1
2016-01-18 15:51:44,520 [8] Nut.Services.Localization.LocalizationService - Resource string (admin.appversions) is not found. Language ID = 1
2016-01-18 15:51:44,582 [8] Nut.Services.Localization.LocalizationService - Resource string (admin.newcate) is not found. Language ID = 1
2016-01-18 15:51:47,254 [10] Nut.Services.Localization.LocalizationService - Resource string (admin.users.fields.userguid) is not found. Language ID = 1
2016-01-18 15:51:50,019 [10] Nut.Services.Localization.LocalizationService - Resource string (admin.customers.customers.updated) is not found. Language ID = 1
2016-01-18 15:51:50,301 [8] Nut.Services.Localization.LocalizationService - Resource string (admin.users.fields.departmentsname) is not found. Language ID = 1
2016-01-18 15:51:50,582 [8] Nut.Services.Localization.LocalizationService - Resource string (admin.app) is not found. Language ID = 1
2016-01-18 15:51:50,629 [8] Nut.Services.Localization.LocalizationService - Resource string (admin.appversions) is not found. Language ID = 1
2016-01-18 15:51:50,676 [8] Nut.Services.Localization.LocalizationService - Resource string (admin.newcate) is not found. Language ID = 1
