2015-12-28 09:53:59,866 [1] Nut.Web.Framework.Logging.LoggingModule - Application started
2015-12-28 10:52:31,212 [1] Nut.Web.Framework.Logging.LoggingModule - Application started
2015-12-28 10:54:33,730 [5] Nut.Services.Localization.LocalizationService - Resource string (admin.users.userroles) is not found. Language ID = 1
2015-12-28 10:54:33,930 [5] Nut.Services.Localization.LocalizationService - Resource string (admin.users.userroles) is not found. Language ID = 1
2015-12-28 10:54:34,017 [5] Nut.Services.Localization.LocalizationService - Resource string (admin.users.userroles.fields.name) is not found. Language ID = 1
2015-12-28 10:54:34,091 [5] Nut.Services.Localization.LocalizationService - Resource string (admin.users.userroles.fields.active) is not found. Language ID = 1
2015-12-28 10:54:34,176 [5] Nut.Services.Localization.LocalizationService - Resource string (admin.users.userroles.fields.issystemrole) is not found. Language ID = 1
2015-12-28 11:21:36,157 [1] Nut.Web.Framework.Logging.LoggingModule - Application started
2015-12-28 11:21:56,565 [8] Nut.Services.Localization.LocalizationService - Resource string (admin.users.userroles) is not found. Language ID = 1
2015-12-28 11:21:56,600 [8] Nut.Services.Localization.LocalizationService - Resource string (admin.users.userroles) is not found. Language ID = 1
2015-12-28 11:21:56,620 [8] Nut.Services.Localization.LocalizationService - Resource string (admin.users.userroles.fields.name) is not found. Language ID = 1
2015-12-28 11:21:56,639 [8] Nut.Services.Localization.LocalizationService - Resource string (admin.users.userroles.fields.active) is not found. Language ID = 1
2015-12-28 11:21:56,657 [8] Nut.Services.Localization.LocalizationService - Resource string (admin.users.userroles.fields.issystemrole) is not found. Language ID = 1
2015-12-28 11:23:56,253 [8] Nut.Services.Localization.LocalizationService - Resource string (admin.users.userroles) is not found. Language ID = 1
2015-12-28 11:23:56,274 [8] Nut.Services.Localization.LocalizationService - Resource string (admin.users.userroles) is not found. Language ID = 1
2015-12-28 11:23:56,291 [8] Nut.Services.Localization.LocalizationService - Resource string (admin.users.userroles.fields.name) is not found. Language ID = 1
2015-12-28 11:23:56,304 [8] Nut.Services.Localization.LocalizationService - Resource string (admin.users.userroles.fields.active) is not found. Language ID = 1
2015-12-28 11:23:56,317 [8] Nut.Services.Localization.LocalizationService - Resource string (admin.users.userroles.fields.issystemrole) is not found. Language ID = 1
2015-12-28 11:24:59,615 [7] Nut.Services.Localization.LocalizationService - Resource string (admin.users.userroles) is not found. Language ID = 1
2015-12-28 11:24:59,636 [7] Nut.Services.Localization.LocalizationService - Resource string (admin.users.userroles) is not found. Language ID = 1
2015-12-28 11:24:59,658 [7] Nut.Services.Localization.LocalizationService - Resource string (admin.users.userroles.fields.name) is not found. Language ID = 1
2015-12-28 11:24:59,670 [7] Nut.Services.Localization.LocalizationService - Resource string (admin.users.userroles.fields.active) is not found. Language ID = 1
2015-12-28 11:24:59,682 [7] Nut.Services.Localization.LocalizationService - Resource string (admin.users.userroles.fields.issystemrole) is not found. Language ID = 1
2015-12-28 11:25:23,601 [7] Nut.Services.Localization.LocalizationService - Resource string (admin.users.userroles) is not found. Language ID = 1
2015-12-28 11:25:23,621 [7] Nut.Services.Localization.LocalizationService - Resource string (admin.users.userroles) is not found. Language ID = 1
2015-12-28 11:25:23,636 [7] Nut.Services.Localization.LocalizationService - Resource string (admin.users.userroles.fields.name) is not found. Language ID = 1
2015-12-28 11:25:23,649 [7] Nut.Services.Localization.LocalizationService - Resource string (admin.users.userroles.fields.active) is not found. Language ID = 1
2015-12-28 11:25:23,662 [7] Nut.Services.Localization.LocalizationService - Resource string (admin.users.userroles.fields.issystemrole) is not found. Language ID = 1
2015-12-28 11:25:53,780 [11] Nut.Services.Localization.LocalizationService - Resource string (admin.users.userroles) is not found. Language ID = 1
2015-12-28 11:25:53,803 [11] Nut.Services.Localization.LocalizationService - Resource string (admin.users.userroles) is not found. Language ID = 1
2015-12-28 11:25:53,832 [11] Nut.Services.Localization.LocalizationService - Resource string (admin.users.userroles.fields.name) is not found. Language ID = 1
2015-12-28 11:25:53,854 [11] Nut.Services.Localization.LocalizationService - Resource string (admin.users.userroles.fields.active) is not found. Language ID = 1
2015-12-28 11:25:53,875 [11] Nut.Services.Localization.LocalizationService - Resource string (admin.users.userroles.fields.issystemrole) is not found. Language ID = 1
2015-12-28 11:25:53,899 [11] Nut.Services.Localization.LocalizationService - Resource string (admin.users.userroles) is not found. Language ID = 1
2015-12-28 11:33:36,672 [21] Nut.Web.Framework.Logging.LoggingModule - The view 'Create' or its master was not found or no view engine supports the searched locations. The following locations were searched:
~/Administration/Views/Shared/Create.cshtml
~/Administration/Views/UserRole/Create.cshtml
~/Areas/Admin/Themes/DefaultClean/Views/UserRole/Create.cshtml
~/Areas/Admin/Themes/DefaultClean/Views/Shared/Create.cshtml
~/Areas/Admin/Views/UserRole/Create.cshtml
~/Areas/Admin/Views/Shared/Create.cshtml
~/Themes/DefaultClean/Views/UserRole/Create.cshtml
~/Themes/DefaultClean/Views/Shared/Create.cshtml
~/Views/UserRole/Create.cshtml
~/Views/Shared/Create.cshtml
2015-12-28 11:33:36,691 [21] Nut.Web.Framework.Logging.LoggingModule - The view 'Create' or its master was not found or no view engine supports the searched locations. The following locations were searched:
~/Administration/Views/Shared/Create.cshtml
~/Administration/Views/UserRole/Create.cshtml
~/Areas/Admin/Themes/DefaultClean/Views/UserRole/Create.cshtml
~/Areas/Admin/Themes/DefaultClean/Views/Shared/Create.cshtml
~/Areas/Admin/Views/UserRole/Create.cshtml
~/Areas/Admin/Views/Shared/Create.cshtml
~/Themes/DefaultClean/Views/UserRole/Create.cshtml
~/Themes/DefaultClean/Views/Shared/Create.cshtml
~/Views/UserRole/Create.cshtml
~/Views/Shared/Create.cshtml
2015-12-28 11:46:00,416 [42] Nut.Web.Framework.Logging.LoggingModule - Application started
2015-12-28 11:46:04,051 [43] Nut.Web.Framework.Logging.LoggingModule - D:\Users\lanfengqi\AppData\Local\Temp\Temporary ASP.NET Files\vs\4657eeb9\a14329f3\App_Web_create.cshtml.b8679816.obhhlkuf.0.cs(33): error CS0246: The type or namespace name 'Angle' could not be found (are you missing a using directive or an assembly reference?)
2015-12-28 11:46:04,068 [43] Nut.Web.Framework.Logging.LoggingModule - D:\Users\lanfengqi\AppData\Local\Temp\Temporary ASP.NET Files\vs\4657eeb9\a14329f3\App_Web_create.cshtml.b8679816.obhhlkuf.0.cs(33): error CS0246: The type or namespace name 'Angle' could not be found (are you missing a using directive or an assembly reference?)
2015-12-28 11:54:10,082 [26] Nut.Web.Framework.Logging.LoggingModule - Application started
2015-12-28 11:54:25,969 [25] Nut.Services.Localization.LocalizationService - Resource string (admin.users.userroles) is not found. Language ID = 1
2015-12-28 11:54:29,346 [23] Nut.Services.Localization.LocalizationService - Resource string (admin.users.userroles) is not found. Language ID = 1
2015-12-28 11:54:29,373 [23] Nut.Services.Localization.LocalizationService - Resource string (admin.users.userroles) is not found. Language ID = 1
2015-12-28 11:54:29,395 [23] Nut.Services.Localization.LocalizationService - Resource string (admin.users.userroles.fields.name) is not found. Language ID = 1
2015-12-28 11:54:29,416 [23] Nut.Services.Localization.LocalizationService - Resource string (admin.users.userroles.fields.active) is not found. Language ID = 1
2015-12-28 11:54:29,433 [23] Nut.Services.Localization.LocalizationService - Resource string (admin.users.userroles.fields.issystemrole) is not found. Language ID = 1
2015-12-28 11:54:29,471 [23] Nut.Services.Localization.LocalizationService - Resource string (admin.users.userroles) is not found. Language ID = 1
2015-12-28 11:54:32,017 [23] Nut.Services.Localization.LocalizationService - Resource string (admin.users.userroles.addnew) is not found. Language ID = 1
2015-12-28 11:54:32,044 [23] Nut.Services.Localization.LocalizationService - Resource string (admin.users.userroles) is not found. Language ID = 1
2015-12-28 11:54:32,065 [23] Nut.Services.Localization.LocalizationService - Resource string (admin.users.userroles.fields.name) is not found. Language ID = 1
2015-12-28 11:54:32,077 [23] Nut.Services.Localization.LocalizationService - Resource string (admin.users.userroles.fields.name) is not found. Language ID = 1
2015-12-28 11:54:32,099 [23] Nut.Services.Localization.LocalizationService - Resource string (admin.users.userroles.fields.name.required) is not found. Language ID = 1
2015-12-28 11:54:32,140 [23] Nut.Services.Localization.LocalizationService - Resource string (admin.users.userroles.fields.name) is not found. Language ID = 1
2015-12-28 11:54:32,154 [23] Nut.Services.Localization.LocalizationService - Resource string (admin.users.userroles.fields.systemname) is not found. Language ID = 1
2015-12-28 11:54:32,162 [23] Nut.Services.Localization.LocalizationService - Resource string (admin.users.userroles.fields.systemname) is not found. Language ID = 1
2015-12-28 11:54:32,170 [23] Nut.Services.Localization.LocalizationService - Resource string (admin.users.userroles.fields.name.required) is not found. Language ID = 1
2015-12-28 11:54:32,178 [23] Nut.Services.Localization.LocalizationService - Resource string (admin.users.userroles.fields.systemname) is not found. Language ID = 1
2015-12-28 11:54:32,194 [23] Nut.Services.Localization.LocalizationService - Resource string (admin.users.userroles.fields.active) is not found. Language ID = 1
2015-12-28 11:54:32,203 [23] Nut.Services.Localization.LocalizationService - Resource string (admin.users.userroles.fields.active) is not found. Language ID = 1
2015-12-28 11:54:32,219 [23] Nut.Services.Localization.LocalizationService - Resource string (admin.users.userroles.fields.name.required) is not found. Language ID = 1
2015-12-28 11:54:32,230 [23] Nut.Services.Localization.LocalizationService - Resource string (admin.users.userroles.fields.active) is not found. Language ID = 1
2015-12-28 11:54:32,243 [23] Nut.Services.Localization.LocalizationService - Resource string (admin.users.userroles.fields.issystemrole) is not found. Language ID = 1
2015-12-28 11:54:32,253 [23] Nut.Services.Localization.LocalizationService - Resource string (admin.users.userroles.fields.issystemrole) is not found. Language ID = 1
2015-12-28 11:54:32,265 [23] Nut.Services.Localization.LocalizationService - Resource string (admin.users.userroles.fields.name.required) is not found. Language ID = 1
2015-12-28 11:54:32,274 [23] Nut.Services.Localization.LocalizationService - Resource string (admin.users.userroles.fields.issystemrole) is not found. Language ID = 1
2015-12-28 11:54:32,290 [23] Nut.Services.Localization.LocalizationService - Resource string (admin.users.userroles.backtolist) is not found. Language ID = 1
2015-12-28 11:54:32,313 [23] Nut.Services.Localization.LocalizationService - Resource string (admin.users.userroles) is not found. Language ID = 1
2015-12-28 11:56:23,870 [24] Nut.Services.Localization.LocalizationService - Resource string (admin.users.userroles.addnew) is not found. Language ID = 1
2015-12-28 11:56:23,895 [24] Nut.Services.Localization.LocalizationService - Resource string (admin.users.userroles) is not found. Language ID = 1
2015-12-28 11:56:23,915 [24] Nut.Services.Localization.LocalizationService - Resource string (admin.users.userroles.fields.name) is not found. Language ID = 1
2015-12-28 11:56:23,924 [24] Nut.Services.Localization.LocalizationService - Resource string (admin.users.userroles.fields.name) is not found. Language ID = 1
2015-12-28 11:56:23,941 [24] Nut.Services.Localization.LocalizationService - Resource string (admin.users.userroles.fields.name.required) is not found. Language ID = 1
2015-12-28 11:56:23,949 [24] Nut.Services.Localization.LocalizationService - Resource string (admin.users.userroles.fields.name) is not found. Language ID = 1
2015-12-28 11:56:23,963 [24] Nut.Services.Localization.LocalizationService - Resource string (admin.users.userroles.fields.systemname) is not found. Language ID = 1
2015-12-28 11:56:23,971 [24] Nut.Services.Localization.LocalizationService - Resource string (admin.users.userroles.fields.systemname) is not found. Language ID = 1
2015-12-28 11:56:23,980 [24] Nut.Services.Localization.LocalizationService - Resource string (admin.users.userroles.fields.name.required) is not found. Language ID = 1
2015-12-28 11:56:23,989 [24] Nut.Services.Localization.LocalizationService - Resource string (admin.users.userroles.fields.systemname) is not found. Language ID = 1
2015-12-28 11:56:24,006 [24] Nut.Services.Localization.LocalizationService - Resource string (admin.users.userroles.fields.active) is not found. Language ID = 1
2015-12-28 11:56:24,015 [24] Nut.Services.Localization.LocalizationService - Resource string (admin.users.userroles.fields.active) is not found. Language ID = 1
2015-12-28 11:56:24,026 [24] Nut.Services.Localization.LocalizationService - Resource string (admin.users.userroles.fields.name.required) is not found. Language ID = 1
2015-12-28 11:56:24,036 [24] Nut.Services.Localization.LocalizationService - Resource string (admin.users.userroles.fields.active) is not found. Language ID = 1
2015-12-28 11:56:24,055 [24] Nut.Services.Localization.LocalizationService - Resource string (admin.users.userroles.fields.issystemrole) is not found. Language ID = 1
2015-12-28 11:56:24,064 [24] Nut.Services.Localization.LocalizationService - Resource string (admin.users.userroles.fields.issystemrole) is not found. Language ID = 1
2015-12-28 11:56:24,073 [24] Nut.Services.Localization.LocalizationService - Resource string (admin.users.userroles.fields.name.required) is not found. Language ID = 1
2015-12-28 11:56:24,084 [24] Nut.Services.Localization.LocalizationService - Resource string (admin.users.userroles.fields.issystemrole) is not found. Language ID = 1
2015-12-28 11:56:24,111 [24] Nut.Services.Localization.LocalizationService - Resource string (admin.users.userroles.backtolist) is not found. Language ID = 1
2015-12-28 11:56:24,147 [24] Nut.Services.Localization.LocalizationService - Resource string (admin.users.userroles) is not found. Language ID = 1
2015-12-28 11:57:54,622 [37] Nut.Services.Localization.LocalizationService - Resource string (admin.users.userroles.addnew) is not found. Language ID = 1
2015-12-28 11:57:54,638 [37] Nut.Services.Localization.LocalizationService - Resource string (admin.users.userroles.backtolist) is not found. Language ID = 1
2015-12-28 11:57:54,652 [37] Nut.Services.Localization.LocalizationService - Resource string (admin.users.userroles) is not found. Language ID = 1
2015-12-28 11:57:54,671 [37] Nut.Services.Localization.LocalizationService - Resource string (admin.users.userroles.fields.name) is not found. Language ID = 1
2015-12-28 11:57:54,680 [37] Nut.Services.Localization.LocalizationService - Resource string (admin.users.userroles.fields.name) is not found. Language ID = 1
2015-12-28 11:57:54,696 [37] Nut.Services.Localization.LocalizationService - Resource string (admin.users.userroles.fields.name.required) is not found. Language ID = 1
2015-12-28 11:57:54,704 [37] Nut.Services.Localization.LocalizationService - Resource string (admin.users.userroles.fields.name) is not found. Language ID = 1
2015-12-28 11:57:54,735 [37] Nut.Services.Localization.LocalizationService - Resource string (admin.users.userroles.fields.systemname) is not found. Language ID = 1
2015-12-28 11:57:54,753 [37] Nut.Services.Localization.LocalizationService - Resource string (admin.users.userroles.fields.systemname) is not found. Language ID = 1
2015-12-28 11:57:54,772 [37] Nut.Services.Localization.LocalizationService - Resource string (admin.users.userroles.fields.name.required) is not found. Language ID = 1
2015-12-28 11:57:54,798 [37] Nut.Services.Localization.LocalizationService - Resource string (admin.users.userroles.fields.systemname) is not found. Language ID = 1
2015-12-28 11:57:54,824 [37] Nut.Services.Localization.LocalizationService - Resource string (admin.users.userroles.fields.active) is not found. Language ID = 1
2015-12-28 11:57:54,848 [37] Nut.Services.Localization.LocalizationService - Resource string (admin.users.userroles.fields.active) is not found. Language ID = 1
2015-12-28 11:57:54,860 [37] Nut.Services.Localization.LocalizationService - Resource string (admin.users.userroles.fields.name.required) is not found. Language ID = 1
2015-12-28 11:57:54,868 [37] Nut.Services.Localization.LocalizationService - Resource string (admin.users.userroles.fields.active) is not found. Language ID = 1
2015-12-28 11:57:54,887 [37] Nut.Services.Localization.LocalizationService - Resource string (admin.users.userroles.fields.issystemrole) is not found. Language ID = 1
2015-12-28 11:57:54,895 [37] Nut.Services.Localization.LocalizationService - Resource string (admin.users.userroles.fields.issystemrole) is not found. Language ID = 1
2015-12-28 11:57:54,903 [37] Nut.Services.Localization.LocalizationService - Resource string (admin.users.userroles.fields.name.required) is not found. Language ID = 1
2015-12-28 11:57:54,911 [37] Nut.Services.Localization.LocalizationService - Resource string (admin.users.userroles.fields.issystemrole) is not found. Language ID = 1
2015-12-28 11:57:54,955 [37] Nut.Services.Localization.LocalizationService - Resource string (admin.users.userroles) is not found. Language ID = 1
2015-12-28 11:58:11,143 [29] Nut.Services.Localization.LocalizationService - Resource string (admin.users.userroles.addnew) is not found. Language ID = 1
2015-12-28 11:58:11,162 [29] Nut.Services.Localization.LocalizationService - Resource string (admin.users.userroles.backtolist) is not found. Language ID = 1
2015-12-28 11:58:11,178 [29] Nut.Services.Localization.LocalizationService - Resource string (admin.users.userroles) is not found. Language ID = 1
2015-12-28 11:58:11,203 [29] Nut.Services.Localization.LocalizationService - Resource string (admin.users.userroles.fields.name) is not found. Language ID = 1
2015-12-28 11:58:11,214 [29] Nut.Services.Localization.LocalizationService - Resource string (admin.users.userroles.fields.name) is not found. Language ID = 1
2015-12-28 11:58:11,235 [29] Nut.Services.Localization.LocalizationService - Resource string (admin.users.userroles.fields.name.required) is not found. Language ID = 1
2015-12-28 11:58:11,245 [29] Nut.Services.Localization.LocalizationService - Resource string (admin.users.userroles.fields.name) is not found. Language ID = 1
2015-12-28 11:58:11,266 [29] Nut.Services.Localization.LocalizationService - Resource string (admin.users.userroles.fields.systemname) is not found. Language ID = 1
2015-12-28 11:58:11,273 [29] Nut.Services.Localization.LocalizationService - Resource string (admin.users.userroles.fields.systemname) is not found. Language ID = 1
2015-12-28 11:58:11,281 [29] Nut.Services.Localization.LocalizationService - Resource string (admin.users.userroles.fields.name.required) is not found. Language ID = 1
2015-12-28 11:58:11,289 [29] Nut.Services.Localization.LocalizationService - Resource string (admin.users.userroles.fields.systemname) is not found. Language ID = 1
2015-12-28 11:58:11,305 [29] Nut.Services.Localization.LocalizationService - Resource string (admin.users.userroles.fields.active) is not found. Language ID = 1
2015-12-28 11:58:11,313 [29] Nut.Services.Localization.LocalizationService - Resource string (admin.users.userroles.fields.active) is not found. Language ID = 1
2015-12-28 11:58:11,321 [29] Nut.Services.Localization.LocalizationService - Resource string (admin.users.userroles.fields.name.required) is not found. Language ID = 1
2015-12-28 11:58:11,329 [29] Nut.Services.Localization.LocalizationService - Resource string (admin.users.userroles.fields.active) is not found. Language ID = 1
2015-12-28 11:58:11,344 [29] Nut.Services.Localization.LocalizationService - Resource string (admin.users.userroles.fields.issystemrole) is not found. Language ID = 1
2015-12-28 11:58:11,352 [29] Nut.Services.Localization.LocalizationService - Resource string (admin.users.userroles.fields.issystemrole) is not found. Language ID = 1
2015-12-28 11:58:11,360 [29] Nut.Services.Localization.LocalizationService - Resource string (admin.users.userroles.fields.name.required) is not found. Language ID = 1
2015-12-28 11:58:11,368 [29] Nut.Services.Localization.LocalizationService - Resource string (admin.users.userroles.fields.issystemrole) is not found. Language ID = 1
2015-12-28 11:58:11,396 [29] Nut.Services.Localization.LocalizationService - Resource string (admin.users.userroles) is not found. Language ID = 1
2015-12-28 11:59:19,341 [32] Nut.Services.Localization.LocalizationService - Resource string (admin.users.userroles.addnew) is not found. Language ID = 1
2015-12-28 11:59:19,362 [32] Nut.Services.Localization.LocalizationService - Resource string (admin.users.userroles.backtolist) is not found. Language ID = 1
2015-12-28 11:59:19,381 [32] Nut.Services.Localization.LocalizationService - Resource string (admin.users.userroles) is not found. Language ID = 1
2015-12-28 11:59:19,403 [32] Nut.Services.Localization.LocalizationService - Resource string (admin.users.userroles.fields.name) is not found. Language ID = 1
2015-12-28 11:59:19,412 [32] Nut.Services.Localization.LocalizationService - Resource string (admin.users.userroles.fields.name) is not found. Language ID = 1
2015-12-28 11:59:19,427 [32] Nut.Services.Localization.LocalizationService - Resource string (admin.users.userroles.fields.name.required) is not found. Language ID = 1
2015-12-28 11:59:19,437 [32] Nut.Services.Localization.LocalizationService - Resource string (admin.users.userroles.fields.name) is not found. Language ID = 1
2015-12-28 11:59:19,451 [32] Nut.Services.Localization.LocalizationService - Resource string (admin.users.userroles.fields.systemname) is not found. Language ID = 1
2015-12-28 11:59:19,459 [32] Nut.Services.Localization.LocalizationService - Resource string (admin.users.userroles.fields.systemname) is not found. Language ID = 1
2015-12-28 11:59:19,467 [32] Nut.Services.Localization.LocalizationService - Resource string (admin.users.userroles.fields.name.required) is not found. Language ID = 1
2015-12-28 11:59:19,476 [32] Nut.Services.Localization.LocalizationService - Resource string (admin.users.userroles.fields.systemname) is not found. Language ID = 1
2015-12-28 11:59:19,495 [32] Nut.Services.Localization.LocalizationService - Resource string (admin.users.userroles.fields.active) is not found. Language ID = 1
2015-12-28 11:59:19,505 [32] Nut.Services.Localization.LocalizationService - Resource string (admin.users.userroles.fields.active) is not found. Language ID = 1
2015-12-28 11:59:19,517 [32] Nut.Services.Localization.LocalizationService - Resource string (admin.users.userroles.fields.name.required) is not found. Language ID = 1
2015-12-28 11:59:19,525 [32] Nut.Services.Localization.LocalizationService - Resource string (admin.users.userroles.fields.active) is not found. Language ID = 1
2015-12-28 11:59:19,543 [32] Nut.Services.Localization.LocalizationService - Resource string (admin.users.userroles.fields.issystemrole) is not found. Language ID = 1
2015-12-28 11:59:19,552 [32] Nut.Services.Localization.LocalizationService - Resource string (admin.users.userroles.fields.issystemrole) is not found. Language ID = 1
2015-12-28 11:59:19,560 [32] Nut.Services.Localization.LocalizationService - Resource string (admin.users.userroles.fields.name.required) is not found. Language ID = 1
2015-12-28 11:59:19,569 [32] Nut.Services.Localization.LocalizationService - Resource string (admin.users.userroles.fields.issystemrole) is not found. Language ID = 1
2015-12-28 11:59:19,616 [32] Nut.Services.Localization.LocalizationService - Resource string (admin.users.userroles) is not found. Language ID = 1
2015-12-28 12:00:35,643 [45] Nut.Services.Localization.LocalizationService - Resource string (admin.users.userroles.addnew) is not found. Language ID = 1
2015-12-28 12:00:35,667 [45] Nut.Services.Localization.LocalizationService - Resource string (admin.users.userroles.backtolist) is not found. Language ID = 1
2015-12-28 12:00:35,684 [45] Nut.Services.Localization.LocalizationService - Resource string (admin.users.userroles) is not found. Language ID = 1
2015-12-28 12:00:35,713 [45] Nut.Services.Localization.LocalizationService - Resource string (admin.users.userroles.fields.name) is not found. Language ID = 1
2015-12-28 12:00:35,742 [45] Nut.Services.Localization.LocalizationService - Resource string (admin.users.userroles.fields.name) is not found. Language ID = 1
2015-12-28 12:00:35,772 [45] Nut.Services.Localization.LocalizationService - Resource string (admin.users.userroles.fields.name.required) is not found. Language ID = 1
2015-12-28 12:00:35,792 [45] Nut.Services.Localization.LocalizationService - Resource string (admin.users.userroles.fields.name) is not found. Language ID = 1
2015-12-28 12:00:35,825 [45] Nut.Services.Localization.LocalizationService - Resource string (admin.users.userroles.fields.systemname) is not found. Language ID = 1
2015-12-28 12:00:35,846 [45] Nut.Services.Localization.LocalizationService - Resource string (admin.users.userroles.fields.systemname) is not found. Language ID = 1
2015-12-28 12:00:35,866 [45] Nut.Services.Localization.LocalizationService - Resource string (admin.users.userroles.fields.name.required) is not found. Language ID = 1
2015-12-28 12:00:35,874 [45] Nut.Services.Localization.LocalizationService - Resource string (admin.users.userroles.fields.systemname) is not found. Language ID = 1
2015-12-28 12:00:35,894 [45] Nut.Services.Localization.LocalizationService - Resource string (admin.users.userroles.fields.active) is not found. Language ID = 1
2015-12-28 12:00:35,902 [45] Nut.Services.Localization.LocalizationService - Resource string (admin.users.userroles.fields.active) is not found. Language ID = 1
2015-12-28 12:00:35,914 [45] Nut.Services.Localization.LocalizationService - Resource string (admin.users.userroles.fields.name.required) is not found. Language ID = 1
2015-12-28 12:00:35,922 [45] Nut.Services.Localization.LocalizationService - Resource string (admin.users.userroles.fields.active) is not found. Language ID = 1
2015-12-28 12:00:35,940 [45] Nut.Services.Localization.LocalizationService - Resource string (admin.users.userroles.fields.issystemrole) is not found. Language ID = 1
2015-12-28 12:00:35,949 [45] Nut.Services.Localization.LocalizationService - Resource string (admin.users.userroles.fields.issystemrole) is not found. Language ID = 1
2015-12-28 12:00:35,958 [45] Nut.Services.Localization.LocalizationService - Resource string (admin.users.userroles.fields.name.required) is not found. Language ID = 1
2015-12-28 12:00:35,967 [45] Nut.Services.Localization.LocalizationService - Resource string (admin.users.userroles.fields.issystemrole) is not found. Language ID = 1
2015-12-28 12:00:36,009 [45] Nut.Services.Localization.LocalizationService - Resource string (admin.users.userroles) is not found. Language ID = 1
2015-12-28 13:46:04,706 [32] Nut.Services.Localization.LocalizationService - Resource string (admin.users.userroles) is not found. Language ID = 1
2015-12-28 13:46:09,245 [44] Nut.Services.Localization.LocalizationService - Resource string (admin.users.userroles) is not found. Language ID = 1
2015-12-28 13:46:09,267 [44] Nut.Services.Localization.LocalizationService - Resource string (admin.users.userroles) is not found. Language ID = 1
2015-12-28 13:46:09,289 [44] Nut.Services.Localization.LocalizationService - Resource string (admin.users.userroles.fields.name) is not found. Language ID = 1
2015-12-28 13:46:09,306 [44] Nut.Services.Localization.LocalizationService - Resource string (admin.users.userroles.fields.active) is not found. Language ID = 1
2015-12-28 13:46:09,325 [44] Nut.Services.Localization.LocalizationService - Resource string (admin.users.userroles.fields.issystemrole) is not found. Language ID = 1
2015-12-28 13:46:09,359 [44] Nut.Services.Localization.LocalizationService - Resource string (admin.users.userroles) is not found. Language ID = 1
2015-12-28 13:46:12,695 [45] Nut.Services.Localization.LocalizationService - Resource string (admin.users.userroles.addnew) is not found. Language ID = 1
2015-12-28 13:46:12,727 [45] Nut.Services.Localization.LocalizationService - Resource string (admin.users.userroles.backtolist) is not found. Language ID = 1
2015-12-28 13:46:12,750 [45] Nut.Services.Localization.LocalizationService - Resource string (admin.users.userroles) is not found. Language ID = 1
2015-12-28 13:46:12,770 [45] Nut.Services.Localization.LocalizationService - Resource string (admin.users.userroles.fields.name) is not found. Language ID = 1
2015-12-28 13:46:12,780 [45] Nut.Services.Localization.LocalizationService - Resource string (admin.users.userroles.fields.name) is not found. Language ID = 1
2015-12-28 13:46:12,801 [45] Nut.Services.Localization.LocalizationService - Resource string (admin.users.userroles.fields.name.required) is not found. Language ID = 1
2015-12-28 13:46:12,810 [45] Nut.Services.Localization.LocalizationService - Resource string (admin.users.userroles.fields.name) is not found. Language ID = 1
2015-12-28 13:46:12,823 [45] Nut.Services.Localization.LocalizationService - Resource string (admin.users.userroles.fields.systemname) is not found. Language ID = 1
2015-12-28 13:46:12,831 [45] Nut.Services.Localization.LocalizationService - Resource string (admin.users.userroles.fields.systemname) is not found. Language ID = 1
2015-12-28 13:46:12,839 [45] Nut.Services.Localization.LocalizationService - Resource string (admin.users.userroles.fields.name.required) is not found. Language ID = 1
2015-12-28 13:46:12,848 [45] Nut.Services.Localization.LocalizationService - Resource string (admin.users.userroles.fields.systemname) is not found. Language ID = 1
2015-12-28 13:46:12,861 [45] Nut.Services.Localization.LocalizationService - Resource string (admin.users.userroles.fields.active) is not found. Language ID = 1
2015-12-28 13:46:12,870 [45] Nut.Services.Localization.LocalizationService - Resource string (admin.users.userroles.fields.active) is not found. Language ID = 1
2015-12-28 13:46:12,880 [45] Nut.Services.Localization.LocalizationService - Resource string (admin.users.userroles.fields.name.required) is not found. Language ID = 1
2015-12-28 13:46:12,888 [45] Nut.Services.Localization.LocalizationService - Resource string (admin.users.userroles.fields.active) is not found. Language ID = 1
2015-12-28 13:46:12,901 [45] Nut.Services.Localization.LocalizationService - Resource string (admin.users.userroles.fields.issystemrole) is not found. Language ID = 1
2015-12-28 13:46:12,909 [45] Nut.Services.Localization.LocalizationService - Resource string (admin.users.userroles.fields.issystemrole) is not found. Language ID = 1
2015-12-28 13:46:12,917 [45] Nut.Services.Localization.LocalizationService - Resource string (admin.users.userroles.fields.name.required) is not found. Language ID = 1
2015-12-28 13:46:12,925 [45] Nut.Services.Localization.LocalizationService - Resource string (admin.users.userroles.fields.issystemrole) is not found. Language ID = 1
2015-12-28 13:46:12,952 [45] Nut.Services.Localization.LocalizationService - Resource string (admin.users.userroles) is not found. Language ID = 1
2015-12-28 13:46:24,107 [45] Nut.Services.Localization.LocalizationService - Resource string (admin.users.userroles.fields.name) is not found. Language ID = 1
2015-12-28 13:46:24,124 [45] Nut.Services.Localization.LocalizationService - Resource string (admin.users.userroles.fields.active) is not found. Language ID = 1
2015-12-28 13:46:24,139 [45] Nut.Services.Localization.LocalizationService - Resource string (admin.users.userroles.fields.issystemrole) is not found. Language ID = 1
2015-12-28 13:46:24,153 [45] Nut.Services.Localization.LocalizationService - Resource string (admin.users.userroles.fields.systemname) is not found. Language ID = 1
2015-12-28 13:46:24,161 [45] Nut.Services.Localization.LocalizationService - Resource string (admin.users.userroles.fields.issystemrole) is not found. Language ID = 1
2015-12-28 13:46:24,188 [45] Nut.Services.Localization.LocalizationService - Resource string (admin.users.userroles.fields.name.required) is not found. Language ID = 1
2015-12-28 13:46:24,237 [45] Nut.Services.Localization.LocalizationService - Resource string (admin.users.userroles.fields.name.required) is not found. Language ID = 1
2015-12-28 13:46:24,245 [45] Nut.Services.Localization.LocalizationService - Resource string (admin.users.userroles.fields.name.required) is not found. Language ID = 1
2015-12-28 13:46:24,254 [45] Nut.Services.Localization.LocalizationService - Resource string (admin.users.userroles.fields.name.required) is not found. Language ID = 1
2015-12-28 13:46:24,262 [45] Nut.Services.Localization.LocalizationService - Resource string (admin.users.userroles.fields.name.required) is not found. Language ID = 1
2015-12-28 13:46:24,272 [45] Nut.Services.Localization.LocalizationService - Resource string (admin.users.userroles.fields.name.required) is not found. Language ID = 1
2015-12-28 13:46:24,280 [45] Nut.Services.Localization.LocalizationService - Resource string (admin.users.userroles.fields.name.required) is not found. Language ID = 1
2015-12-28 13:46:24,290 [45] Nut.Services.Localization.LocalizationService - Resource string (admin.users.userroles.fields.name.required) is not found. Language ID = 1
2015-12-28 13:46:24,310 [45] Nut.Services.Localization.LocalizationService - Resource string (admin.users.userroles.addnew) is not found. Language ID = 1
2015-12-28 13:46:24,327 [45] Nut.Services.Localization.LocalizationService - Resource string (admin.users.userroles.backtolist) is not found. Language ID = 1
2015-12-28 13:46:24,342 [45] Nut.Services.Localization.LocalizationService - Resource string (admin.users.userroles) is not found. Language ID = 1
2015-12-28 13:46:24,356 [45] Nut.Services.Localization.LocalizationService - Resource string (admin.users.userroles.fields.name) is not found. Language ID = 1
2015-12-28 13:46:24,365 [45] Nut.Services.Localization.LocalizationService - Resource string (admin.users.userroles.fields.name) is not found. Language ID = 1
2015-12-28 13:46:24,375 [45] Nut.Services.Localization.LocalizationService - Resource string (admin.users.userroles.fields.name.required) is not found. Language ID = 1
2015-12-28 13:46:24,384 [45] Nut.Services.Localization.LocalizationService - Resource string (admin.users.userroles.fields.name) is not found. Language ID = 1
2015-12-28 13:46:24,393 [45] Nut.Services.Localization.LocalizationService - Resource string (admin.users.userroles.fields.systemname) is not found. Language ID = 1
2015-12-28 13:46:24,402 [45] Nut.Services.Localization.LocalizationService - Resource string (admin.users.userroles.fields.systemname) is not found. Language ID = 1
2015-12-28 13:46:24,412 [45] Nut.Services.Localization.LocalizationService - Resource string (admin.users.userroles.fields.name.required) is not found. Language ID = 1
2015-12-28 13:46:24,422 [45] Nut.Services.Localization.LocalizationService - Resource string (admin.users.userroles.fields.systemname) is not found. Language ID = 1
2015-12-28 13:46:24,432 [45] Nut.Services.Localization.LocalizationService - Resource string (admin.users.userroles.fields.active) is not found. Language ID = 1
2015-12-28 13:46:24,441 [45] Nut.Services.Localization.LocalizationService - Resource string (admin.users.userroles.fields.active) is not found. Language ID = 1
2015-12-28 13:46:24,451 [45] Nut.Services.Localization.LocalizationService - Resource string (admin.users.userroles.fields.name.required) is not found. Language ID = 1
2015-12-28 13:46:24,459 [45] Nut.Services.Localization.LocalizationService - Resource string (admin.users.userroles.fields.active) is not found. Language ID = 1
2015-12-28 13:46:24,468 [45] Nut.Services.Localization.LocalizationService - Resource string (admin.users.userroles.fields.issystemrole) is not found. Language ID = 1
2015-12-28 13:46:24,477 [45] Nut.Services.Localization.LocalizationService - Resource string (admin.users.userroles.fields.issystemrole) is not found. Language ID = 1
2015-12-28 13:46:24,486 [45] Nut.Services.Localization.LocalizationService - Resource string (admin.users.userroles.fields.name.required) is not found. Language ID = 1
2015-12-28 13:46:24,495 [45] Nut.Services.Localization.LocalizationService - Resource string (admin.users.userroles.fields.issystemrole) is not found. Language ID = 1
2015-12-28 13:46:24,535 [45] Nut.Services.Localization.LocalizationService - Resource string (admin.users.userroles) is not found. Language ID = 1
2015-12-28 13:46:30,208 [46] Nut.Services.Localization.LocalizationService - Resource string (admin.users.userroles) is not found. Language ID = 1
2015-12-28 13:46:30,226 [46] Nut.Services.Localization.LocalizationService - Resource string (admin.users.userroles) is not found. Language ID = 1
2015-12-28 13:46:30,241 [46] Nut.Services.Localization.LocalizationService - Resource string (admin.users.userroles.fields.name) is not found. Language ID = 1
2015-12-28 13:46:30,254 [46] Nut.Services.Localization.LocalizationService - Resource string (admin.users.userroles.fields.active) is not found. Language ID = 1
2015-12-28 13:46:30,267 [46] Nut.Services.Localization.LocalizationService - Resource string (admin.users.userroles.fields.issystemrole) is not found. Language ID = 1
2015-12-28 13:46:30,291 [46] Nut.Services.Localization.LocalizationService - Resource string (admin.users.userroles) is not found. Language ID = 1
2015-12-28 13:46:38,914 [37] Nut.Services.Localization.LocalizationService - Resource string (admin.users.userroles.addnew) is not found. Language ID = 1
2015-12-28 13:46:38,930 [37] Nut.Services.Localization.LocalizationService - Resource string (admin.users.userroles.backtolist) is not found. Language ID = 1
2015-12-28 13:46:38,946 [37] Nut.Services.Localization.LocalizationService - Resource string (admin.users.userroles) is not found. Language ID = 1
2015-12-28 13:46:38,959 [37] Nut.Services.Localization.LocalizationService - Resource string (admin.users.userroles.fields.name) is not found. Language ID = 1
2015-12-28 13:46:38,968 [37] Nut.Services.Localization.LocalizationService - Resource string (admin.users.userroles.fields.name) is not found. Language ID = 1
2015-12-28 13:46:38,981 [37] Nut.Services.Localization.LocalizationService - Resource string (admin.users.userroles.fields.name.required) is not found. Language ID = 1
2015-12-28 13:46:38,990 [37] Nut.Services.Localization.LocalizationService - Resource string (admin.users.userroles.fields.name) is not found. Language ID = 1
2015-12-28 13:46:39,003 [37] Nut.Services.Localization.LocalizationService - Resource string (admin.users.userroles.fields.systemname) is not found. Language ID = 1
2015-12-28 13:46:39,011 [37] Nut.Services.Localization.LocalizationService - Resource string (admin.users.userroles.fields.systemname) is not found. Language ID = 1
2015-12-28 13:46:39,019 [37] Nut.Services.Localization.LocalizationService - Resource string (admin.users.userroles.fields.name.required) is not found. Language ID = 1
2015-12-28 13:46:39,027 [37] Nut.Services.Localization.LocalizationService - Resource string (admin.users.userroles.fields.systemname) is not found. Language ID = 1
2015-12-28 13:46:39,040 [37] Nut.Services.Localization.LocalizationService - Resource string (admin.users.userroles.fields.active) is not found. Language ID = 1
2015-12-28 13:46:39,048 [37] Nut.Services.Localization.LocalizationService - Resource string (admin.users.userroles.fields.active) is not found. Language ID = 1
2015-12-28 13:46:39,056 [37] Nut.Services.Localization.LocalizationService - Resource string (admin.users.userroles.fields.name.required) is not found. Language ID = 1
2015-12-28 13:46:39,064 [37] Nut.Services.Localization.LocalizationService - Resource string (admin.users.userroles.fields.active) is not found. Language ID = 1
2015-12-28 13:46:39,077 [37] Nut.Services.Localization.LocalizationService - Resource string (admin.users.userroles.fields.issystemrole) is not found. Language ID = 1
2015-12-28 13:46:39,085 [37] Nut.Services.Localization.LocalizationService - Resource string (admin.users.userroles.fields.issystemrole) is not found. Language ID = 1
2015-12-28 13:46:39,094 [37] Nut.Services.Localization.LocalizationService - Resource string (admin.users.userroles.fields.name.required) is not found. Language ID = 1
2015-12-28 13:46:39,102 [37] Nut.Services.Localization.LocalizationService - Resource string (admin.users.userroles.fields.issystemrole) is not found. Language ID = 1
2015-12-28 13:46:39,129 [37] Nut.Services.Localization.LocalizationService - Resource string (admin.users.userroles) is not found. Language ID = 1
2015-12-28 13:50:53,013 [1] Nut.Web.Framework.Logging.LoggingModule - Application started
2015-12-28 13:51:38,922 [6] Nut.Services.Localization.LocalizationService - Resource string (admin.users.userroles.fields.name.required) is not found. Language ID = 1
2015-12-28 13:51:39,018 [6] Nut.Services.Localization.LocalizationService - Resource string (admin.users.userroles.fields.systemname) is not found. Language ID = 1
2015-12-28 13:51:39,054 [6] Nut.Services.Localization.LocalizationService - Resource string (admin.users.userroles.fields.systemname) is not found. Language ID = 1
2015-12-28 13:51:39,104 [6] Nut.Services.Localization.LocalizationService - Resource string (admin.users.userroles.fields.name.required) is not found. Language ID = 1
2015-12-28 13:51:39,131 [6] Nut.Services.Localization.LocalizationService - Resource string (admin.users.userroles.fields.systemname) is not found. Language ID = 1
2015-12-28 13:51:39,207 [6] Nut.Services.Localization.LocalizationService - Resource string (admin.users.userroles.fields.name.required) is not found. Language ID = 1
2015-12-28 13:51:39,284 [6] Nut.Services.Localization.LocalizationService - Resource string (admin.users.userroles.fields.name.required) is not found. Language ID = 1
2015-12-28 13:52:17,211 [7] Nut.Services.Localization.LocalizationService - Resource string (admin.users.userroles.fields.name.required) is not found. Language ID = 1
2015-12-28 13:52:17,281 [7] Nut.Services.Localization.LocalizationService - Resource string (admin.users.userroles.fields.name.required) is not found. Language ID = 1
2015-12-28 13:52:17,379 [7] Nut.Services.Localization.LocalizationService - Resource string (admin.users.userroles.fields.name.required) is not found. Language ID = 1
2015-12-28 13:52:17,454 [7] Nut.Services.Localization.LocalizationService - Resource string (admin.users.userroles.fields.name.required) is not found. Language ID = 1
2015-12-28 13:52:36,392 [7] Nut.Services.Localization.LocalizationService - Resource string (admin.users.userroles.fields.name.required) is not found. Language ID = 1
2015-12-28 13:52:36,418 [7] Nut.Services.Localization.LocalizationService - Resource string (admin.users.userroles.fields.name.required) is not found. Language ID = 1
2015-12-28 13:52:36,441 [7] Nut.Services.Localization.LocalizationService - Resource string (admin.users.userroles.fields.name.required) is not found. Language ID = 1
2015-12-28 13:52:36,477 [7] Nut.Services.Localization.LocalizationService - Resource string (admin.users.userroles.fields.name.required) is not found. Language ID = 1
2015-12-28 13:52:36,500 [7] Nut.Services.Localization.LocalizationService - Resource string (admin.users.userroles.fields.name.required) is not found. Language ID = 1
2015-12-28 13:52:36,535 [7] Nut.Services.Localization.LocalizationService - Resource string (admin.users.userroles.fields.name.required) is not found. Language ID = 1
2015-12-28 13:52:36,570 [7] Nut.Services.Localization.LocalizationService - Resource string (admin.users.userroles.fields.name.required) is not found. Language ID = 1
2015-12-28 13:52:36,600 [7] Nut.Services.Localization.LocalizationService - Resource string (admin.users.userroles.fields.name.required) is not found. Language ID = 1
2015-12-28 13:52:51,030 [7] Nut.Services.Localization.LocalizationService - Resource string (admin.users.userroles.fields.name.required) is not found. Language ID = 1
2015-12-28 13:52:51,060 [7] Nut.Services.Localization.LocalizationService - Resource string (admin.users.userroles.fields.name.required) is not found. Language ID = 1
2015-12-28 13:52:51,086 [7] Nut.Services.Localization.LocalizationService - Resource string (admin.users.userroles.fields.name.required) is not found. Language ID = 1
2015-12-28 13:52:51,150 [7] Nut.Services.Localization.LocalizationService - Resource string (admin.users.userroles.fields.name.required) is not found. Language ID = 1
2015-12-28 13:53:18,314 [7] Nut.Services.Localization.LocalizationService - Resource string (admin.users.userroles.fields.name.required) is not found. Language ID = 1
2015-12-28 13:53:30,462 [7] Nut.Services.Localization.LocalizationService - Resource string (admin.users.userroles.fields.name.required) is not found. Language ID = 1
2015-12-28 13:53:40,552 [7] Nut.Services.Localization.LocalizationService - Resource string (admin.users.userroles.fields.name.required) is not found. Language ID = 1
2015-12-28 13:53:49,256 [7] Nut.Services.Localization.LocalizationService - Resource string (admin.users.userroles.fields.name.required) is not found. Language ID = 1
2015-12-28 13:53:51,666 [7] Nut.Services.Localization.LocalizationService - Resource string (admin.users.userroles.fields.name.required) is not found. Language ID = 1
2015-12-28 13:53:54,932 [7] Nut.Services.Localization.LocalizationService - Resource string (admin.users.userroles.fields.name.required) is not found. Language ID = 1
2015-12-28 13:53:54,990 [7] Nut.Services.Localization.LocalizationService - Resource string (admin.users.userroles.fields.name.required) is not found. Language ID = 1
2015-12-28 13:53:55,017 [7] Nut.Services.Localization.LocalizationService - Resource string (admin.users.userroles.fields.name.required) is not found. Language ID = 1
2015-12-28 13:55:33,100 [1] Nut.Web.Framework.Logging.LoggingModule - Application started
2015-12-28 13:56:00,608 [7] Nut.Services.Localization.LocalizationService - Resource string (admin.users.userroles.fields.name.required) is not found. Language ID = 1
2015-12-28 13:56:00,790 [7] Nut.Services.Localization.LocalizationService - Resource string (admin.users.userroles.fields.name.required) is not found. Language ID = 1
2015-12-28 13:56:00,870 [7] Nut.Services.Localization.LocalizationService - Resource string (admin.users.userroles.fields.name.required) is not found. Language ID = 1
2015-12-28 13:56:00,960 [7] Nut.Services.Localization.LocalizationService - Resource string (admin.users.userroles.fields.name.required) is not found. Language ID = 1
2015-12-28 13:56:08,610 [6] Nut.Services.Localization.LocalizationService - Resource string (admin.users.userroles.fields.name.required) is not found. Language ID = 1
2015-12-28 13:56:08,662 [6] Nut.Services.Localization.LocalizationService - Resource string (admin.users.userroles.fields.name.required) is not found. Language ID = 1
2015-12-28 13:56:08,737 [6] Nut.Services.Localization.LocalizationService - Resource string (admin.users.userroles.fields.name.required) is not found. Language ID = 1
2015-12-28 13:56:08,768 [6] Nut.Services.Localization.LocalizationService - Resource string (admin.users.userroles.fields.name.required) is not found. Language ID = 1
2015-12-28 13:56:08,791 [6] Nut.Services.Localization.LocalizationService - Resource string (admin.users.userroles.fields.name.required) is not found. Language ID = 1
2015-12-28 13:56:08,814 [6] Nut.Services.Localization.LocalizationService - Resource string (admin.users.userroles.fields.name.required) is not found. Language ID = 1
2015-12-28 13:56:08,837 [6] Nut.Services.Localization.LocalizationService - Resource string (admin.users.userroles.fields.name.required) is not found. Language ID = 1
2015-12-28 13:56:08,859 [6] Nut.Services.Localization.LocalizationService - Resource string (admin.users.userroles.fields.name.required) is not found. Language ID = 1
2015-12-28 13:57:58,267 [1] Nut.Web.Framework.Logging.LoggingModule - Application started
2015-12-28 13:58:29,212 [6] Nut.Services.Localization.LocalizationService - Resource string (admin.users.userroles.fields.name.required) is not found. Language ID = 1
2015-12-28 13:58:29,302 [6] Nut.Services.Localization.LocalizationService - Resource string (admin.users.userroles.fields.name.required) is not found. Language ID = 1
2015-12-28 13:58:29,385 [6] Nut.Services.Localization.LocalizationService - Resource string (admin.users.userroles.fields.name.required) is not found. Language ID = 1
2015-12-28 13:58:29,491 [6] Nut.Services.Localization.LocalizationService - Resource string (admin.users.userroles.fields.name.required) is not found. Language ID = 1
2015-12-28 13:58:29,547 [6] Nut.Services.Localization.LocalizationService - Resource string (admin.users.userroles.fields.name.required) is not found. Language ID = 1
2015-12-28 13:58:33,923 [6] Nut.Services.Localization.LocalizationService - Resource string (admin.users.userroles.fields.name.required) is not found. Language ID = 1
2015-12-28 13:58:33,962 [6] Nut.Services.Localization.LocalizationService - Resource string (admin.users.userroles.fields.name.required) is not found. Language ID = 1
2015-12-28 13:58:34,008 [6] Nut.Services.Localization.LocalizationService - Resource string (admin.users.userroles.fields.name.required) is not found. Language ID = 1
2015-12-28 13:58:34,032 [6] Nut.Services.Localization.LocalizationService - Resource string (admin.users.userroles.fields.name.required) is not found. Language ID = 1
2015-12-28 13:58:34,053 [6] Nut.Services.Localization.LocalizationService - Resource string (admin.users.userroles.fields.name.required) is not found. Language ID = 1
2015-12-28 13:58:34,078 [6] Nut.Services.Localization.LocalizationService - Resource string (admin.users.userroles.fields.name.required) is not found. Language ID = 1
2015-12-28 13:58:34,104 [6] Nut.Services.Localization.LocalizationService - Resource string (admin.users.userroles.fields.name.required) is not found. Language ID = 1
2015-12-28 13:58:34,133 [6] Nut.Services.Localization.LocalizationService - Resource string (admin.users.userroles.fields.name.required) is not found. Language ID = 1
2015-12-28 13:58:38,334 [6] Nut.Services.Localization.LocalizationService - Resource string (admin.users.userroles.added) is not found. Language ID = 1
2015-12-28 13:58:43,348 [6] Nut.Services.Localization.LocalizationService - Resource string (admin.users.userroles.fields.name.required) is not found. Language ID = 1
2015-12-28 13:58:43,428 [6] Nut.Services.Localization.LocalizationService - Resource string (admin.users.userroles.fields.name.required) is not found. Language ID = 1
2015-12-28 13:58:43,532 [6] Nut.Services.Localization.LocalizationService - Resource string (admin.users.userroles.fields.name.required) is not found. Language ID = 1
2015-12-28 13:58:43,602 [6] Nut.Services.Localization.LocalizationService - Resource string (admin.users.userroles.fields.name.required) is not found. Language ID = 1
2015-12-28 13:58:43,713 [6] Nut.Services.Localization.LocalizationService - Resource string (admin.users.userroles.fields.name.required) is not found. Language ID = 1
2015-12-28 14:01:07,248 [1] Nut.Web.Framework.Logging.LoggingModule - Application started
2015-12-28 14:01:27,424 [8] Nut.Services.Localization.LocalizationService - Resource string (admin.users.userroles.fields.name.required) is not found. Language ID = 1
2015-12-28 14:01:27,471 [8] Nut.Services.Localization.LocalizationService - Resource string (admin.users.userroles.fields.name.required) is not found. Language ID = 1
2015-12-28 14:01:27,494 [8] Nut.Services.Localization.LocalizationService - Resource string (admin.users.userroles.fields.name.required) is not found. Language ID = 1
2015-12-28 14:01:27,519 [8] Nut.Services.Localization.LocalizationService - Resource string (admin.users.userroles.fields.name.required) is not found. Language ID = 1
2015-12-28 14:01:27,536 [8] Nut.Services.Localization.LocalizationService - Resource string (admin.users.userroles.fields.name.required) is not found. Language ID = 1
2015-12-28 14:01:31,865 [6] Nut.Services.Localization.LocalizationService - Resource string (admin.users.userroles.fields.name.required) is not found. Language ID = 1
2015-12-28 14:01:31,989 [6] Nut.Services.Localization.LocalizationService - Resource string (admin.users.userroles.fields.name.required) is not found. Language ID = 1
2015-12-28 14:01:31,997 [6] Nut.Services.Localization.LocalizationService - Resource string (admin.users.userroles.fields.name.required) is not found. Language ID = 1
2015-12-28 14:01:32,005 [6] Nut.Services.Localization.LocalizationService - Resource string (admin.users.userroles.fields.name.required) is not found. Language ID = 1
2015-12-28 14:01:32,013 [6] Nut.Services.Localization.LocalizationService - Resource string (admin.users.userroles.fields.name.required) is not found. Language ID = 1
2015-12-28 14:01:32,022 [6] Nut.Services.Localization.LocalizationService - Resource string (admin.users.userroles.fields.name.required) is not found. Language ID = 1
2015-12-28 14:01:32,030 [6] Nut.Services.Localization.LocalizationService - Resource string (admin.users.userroles.fields.name.required) is not found. Language ID = 1
2015-12-28 14:01:32,039 [6] Nut.Services.Localization.LocalizationService - Resource string (admin.users.userroles.fields.name.required) is not found. Language ID = 1
2015-12-28 14:01:34,607 [8] Nut.Services.Localization.LocalizationService - Resource string (admin.users.userroles.fields.name.required) is not found. Language ID = 1
2015-12-28 14:01:34,671 [8] Nut.Services.Localization.LocalizationService - Resource string (admin.users.userroles.fields.name.required) is not found. Language ID = 1
2015-12-28 14:01:34,702 [8] Nut.Services.Localization.LocalizationService - Resource string (admin.users.userroles.fields.name.required) is not found. Language ID = 1
2015-12-28 14:01:34,735 [8] Nut.Services.Localization.LocalizationService - Resource string (admin.users.userroles.fields.name.required) is not found. Language ID = 1
2015-12-28 14:01:34,751 [8] Nut.Services.Localization.LocalizationService - Resource string (admin.users.userroles.fields.name.required) is not found. Language ID = 1
2015-12-28 14:01:37,337 [8] Nut.Services.Localization.LocalizationService - Resource string (admin.users.userroles.fields.name.required) is not found. Language ID = 1
2015-12-28 14:01:37,346 [8] Nut.Services.Localization.LocalizationService - Resource string (admin.users.userroles.fields.name.required) is not found. Language ID = 1
2015-12-28 14:01:37,355 [8] Nut.Services.Localization.LocalizationService - Resource string (admin.users.userroles.fields.name.required) is not found. Language ID = 1
2015-12-28 14:01:37,364 [8] Nut.Services.Localization.LocalizationService - Resource string (admin.users.userroles.fields.name.required) is not found. Language ID = 1
2015-12-28 14:01:37,373 [8] Nut.Services.Localization.LocalizationService - Resource string (admin.users.userroles.fields.name.required) is not found. Language ID = 1
2015-12-28 14:01:37,381 [8] Nut.Services.Localization.LocalizationService - Resource string (admin.users.userroles.fields.name.required) is not found. Language ID = 1
2015-12-28 14:01:37,390 [8] Nut.Services.Localization.LocalizationService - Resource string (admin.users.userroles.fields.name.required) is not found. Language ID = 1
2015-12-28 14:01:37,398 [8] Nut.Services.Localization.LocalizationService - Resource string (admin.users.userroles.fields.name.required) is not found. Language ID = 1
2015-12-28 14:01:39,788 [9] Nut.Services.Localization.LocalizationService - Resource string (admin.users.userroles.fields.name.required) is not found. Language ID = 1
2015-12-28 14:01:39,803 [9] Nut.Services.Localization.LocalizationService - Resource string (admin.users.userroles.fields.name.required) is not found. Language ID = 1
2015-12-28 14:01:39,817 [9] Nut.Services.Localization.LocalizationService - Resource string (admin.users.userroles.fields.name.required) is not found. Language ID = 1
2015-12-28 14:01:39,832 [9] Nut.Services.Localization.LocalizationService - Resource string (admin.users.userroles.fields.name.required) is not found. Language ID = 1
2015-12-28 14:01:39,846 [9] Nut.Services.Localization.LocalizationService - Resource string (admin.users.userroles.fields.name.required) is not found. Language ID = 1
2015-12-28 14:01:47,690 [9] Nut.Services.Localization.LocalizationService - Resource string (admin.users.userroles.fields.name.required) is not found. Language ID = 1
2015-12-28 14:01:47,717 [9] Nut.Services.Localization.LocalizationService - Resource string (admin.users.userroles.fields.name.required) is not found. Language ID = 1
2015-12-28 14:01:47,740 [9] Nut.Services.Localization.LocalizationService - Resource string (admin.users.userroles.fields.name.required) is not found. Language ID = 1
2015-12-28 14:01:47,754 [9] Nut.Services.Localization.LocalizationService - Resource string (admin.users.userroles.fields.name.required) is not found. Language ID = 1
2015-12-28 14:01:47,768 [9] Nut.Services.Localization.LocalizationService - Resource string (admin.users.userroles.fields.name.required) is not found. Language ID = 1
2015-12-28 14:12:09,417 [20] Nut.Web.Framework.Logging.LoggingModule - Application started
2015-12-28 14:17:30,539 [7] Nut.Services.Localization.LocalizationService - Resource string (admin.users.userroles.fields.name.required) is not found. Language ID = 1
2015-12-28 14:17:30,600 [7] Nut.Services.Localization.LocalizationService - Resource string (admin.users.userroles.fields.name.required) is not found. Language ID = 1
2015-12-28 14:17:30,640 [7] Nut.Services.Localization.LocalizationService - Resource string (admin.users.userroles.fields.name.required) is not found. Language ID = 1
2015-12-28 14:17:30,695 [7] Nut.Services.Localization.LocalizationService - Resource string (admin.users.userroles.fields.name.required) is not found. Language ID = 1
2015-12-28 14:17:30,732 [7] Nut.Services.Localization.LocalizationService - Resource string (admin.users.userroles.fields.name.required) is not found. Language ID = 1
2015-12-28 14:27:03,059 [33] Nut.Services.Localization.LocalizationService - Resource string (admin.users.userroles.fields.name.required) is not found. Language ID = 1
2015-12-28 14:27:03,084 [33] Nut.Services.Localization.LocalizationService - Resource string (admin.users.userroles.fields.name.required) is not found. Language ID = 1
2015-12-28 14:27:03,101 [33] Nut.Services.Localization.LocalizationService - Resource string (admin.users.userroles.fields.name.required) is not found. Language ID = 1
2015-12-28 14:27:03,265 [33] Nut.Services.Localization.LocalizationService - Resource string (admin.users.userroles.fields.name.required) is not found. Language ID = 1
2015-12-28 14:27:03,283 [33] Nut.Services.Localization.LocalizationService - Resource string (admin.users.userroles.fields.name.required) is not found. Language ID = 1
2015-12-28 14:27:06,394 [33] Nut.Services.Localization.LocalizationService - Resource string (admin.users.userroles.fields.name.required) is not found. Language ID = 1
2015-12-28 14:27:06,406 [33] Nut.Services.Localization.LocalizationService - Resource string (admin.users.userroles.fields.name.required) is not found. Language ID = 1
2015-12-28 14:27:06,414 [33] Nut.Services.Localization.LocalizationService - Resource string (admin.users.userroles.fields.name.required) is not found. Language ID = 1
2015-12-28 14:27:06,422 [33] Nut.Services.Localization.LocalizationService - Resource string (admin.users.userroles.fields.name.required) is not found. Language ID = 1
2015-12-28 14:27:06,430 [33] Nut.Services.Localization.LocalizationService - Resource string (admin.users.userroles.fields.name.required) is not found. Language ID = 1
2015-12-28 14:27:06,439 [33] Nut.Services.Localization.LocalizationService - Resource string (admin.users.userroles.fields.name.required) is not found. Language ID = 1
2015-12-28 14:27:06,448 [33] Nut.Services.Localization.LocalizationService - Resource string (admin.users.userroles.fields.name.required) is not found. Language ID = 1
2015-12-28 14:27:06,456 [33] Nut.Services.Localization.LocalizationService - Resource string (admin.users.userroles.fields.name.required) is not found. Language ID = 1
2015-12-28 14:27:06,494 [33] Nut.Services.Localization.LocalizationService - Resource string (admin.users.userroles.added) is not found. Language ID = 1
