2016-01-15 10:40:37,461 [9] Nut.Web.Framework.Logging.LoggingModule - E:\Nut.NET\src\Presentation\Nut.Web\Administration\Views\AppVersion\_CreateOrUpdate.cshtml(36): error CS1061: 'AppVersionModel' does not contain a definition for 'DownloadURL' and no extension method 'DownloadURL' accepting a first argument of type 'AppVersionModel' could be found (are you missing a using directive or an assembly reference?)
2016-01-15 10:40:37,492 [9] Nut.Web.Framework.Logging.LoggingModule - E:\Nut.NET\src\Presentation\Nut.Web\Administration\Views\AppVersion\_CreateOrUpdate.cshtml(36): error CS1061: 'AppVersionModel' does not contain a definition for 'DownloadURL' and no extension method 'DownloadURL' accepting a first argument of type 'AppVersionModel' could be found (are you missing a using directive or an assembly reference?)
2016-01-15 10:41:02,253 [10] Nut.Web.Framework.Logging.LoggingModule - The requested service 'Nut.Services.Media.IDownloadService' has not been registered. To avoid this exception, either register a component to provide the service, check for service registration using IsRegistered(), or use the ResolveOptional() method to resolve an optional dependency.
2016-01-15 10:41:02,268 [10] Nut.Web.Framework.Logging.LoggingModule - The requested service 'Nut.Services.Media.IDownloadService' has not been registered. To avoid this exception, either register a component to provide the service, check for service registration using IsRegistered(), or use the ResolveOptional() method to resolve an optional dependency.
2016-01-15 15:22:57,952 [8] Nut.Web.Framework.Logging.LoggingModule - The requested service 'Nut.Services.Media.IPictureService' has not been registered. To avoid this exception, either register a component to provide the service, check for service registration using IsRegistered(), or use the ResolveOptional() method to resolve an optional dependency.
2016-01-15 15:22:57,968 [8] Nut.Web.Framework.Logging.LoggingModule - The requested service 'Nut.Services.Media.IPictureService' has not been registered. To avoid this exception, either register a component to provide the service, check for service registration using IsRegistered(), or use the ResolveOptional() method to resolve an optional dependency.
2016-01-15 15:24:12,216 [10] Nut.Web.Framework.Logging.LoggingModule - An error occurred while updating the entries. See the inner exception for details.
2016-01-15 15:24:12,231 [10] Nut.Web.Framework.Logging.LoggingModule - An error occurred while updating the entries. See the inner exception for details.
2016-01-15 16:10:15,250 [21] Nut.Web.Framework.Logging.LoggingModule - The view 'Create' or its master was not found or no view engine supports the searched locations. The following locations were searched:
~/Administration/Views/Shared/Create.cshtml
~/Administration/Views/Department/Create.cshtml
~/Areas/Admin/Themes/DefaultClean/Views/Department/Create.cshtml
~/Areas/Admin/Themes/DefaultClean/Views/Shared/Create.cshtml
~/Areas/Admin/Views/Department/Create.cshtml
~/Areas/Admin/Views/Shared/Create.cshtml
~/Themes/DefaultClean/Views/Department/Create.cshtml
~/Themes/DefaultClean/Views/Shared/Create.cshtml
~/Views/Department/Create.cshtml
~/Views/Shared/Create.cshtml
2016-01-15 16:10:15,272 [21] Nut.Web.Framework.Logging.LoggingModule - The view 'Create' or its master was not found or no view engine supports the searched locations. The following locations were searched:
~/Administration/Views/Shared/Create.cshtml
~/Administration/Views/Department/Create.cshtml
~/Areas/Admin/Themes/DefaultClean/Views/Department/Create.cshtml
~/Areas/Admin/Themes/DefaultClean/Views/Shared/Create.cshtml
~/Areas/Admin/Views/Department/Create.cshtml
~/Areas/Admin/Views/Shared/Create.cshtml
~/Themes/DefaultClean/Views/Department/Create.cshtml
~/Themes/DefaultClean/Views/Shared/Create.cshtml
~/Views/Department/Create.cshtml
~/Views/Shared/Create.cshtml
